# JRE version: OpenJDK Runtime Environment Temurin-21.0.10+7 (21.0.10+7) (build 21.0.10+7-LTS)
# Java VM: OpenJDK 64-Bit Server VM Temurin-21.0.10+7 (21.0.10+7-LTS, mixed mode, sharing, tiered, compressed oops, compressed class ptrs, parallel gc, windows-amd64)
GC Precious Log:
 CardTable entry size: 512
 CPUs: 12 total, 12 available
 Memory: 7518M
 Large Page Support: Disabled
 NUMA Support: Disabled
 Compressed Oops: Enabled (32-bit)
 Alignments: Space 512K, Generation 512K, Heap 2M
 Heap Min Capacity: 100M
 Heap Initial Capacity: 100M
 Heap Max Capacity: 2G
 Pre-touch: Disabled
 Parallel Workers: 10
Heap:
 PSYoungGen      total 11264K, used 7546K [0x00000000d5580000, 0x00000000d6800000, 0x0000000100000000)
  eden space 10752K, 67% used [0x00000000d5580000,0x00000000d5c96840,0x00000000d6000000)
  from space 512K, 56% used [0x00000000d6780000,0x00000000d67c8000,0x00000000d6800000)
  to   space 1024K, 0% used [0x00000000d6600000,0x00000000d6600000,0x00000000d6700000)
 ParOldGen       total 1036800K, used 1036584K [0x0000000080000000, 0x00000000bf480000, 0x00000000d5580000)
  object space 1036800K, 99% used [0x0000000080000000,0x00000000bf44a1c8,0x00000000bf480000)
 Metaspace       used 50549K, committed 52032K, reserved 1114112K
  class space    used 4968K, committed 5632K, reserved 1048576K
GC Heap History (20 events):
Event: 2030.528 GC heap before
{Heap before GC invocations=1105 (full 2):
 PSYoungGen      total 15872K, used 15344K [0x00000000d5580000, 0x00000000d6e80000, 0x0000000100000000)
  eden space 10752K, 99% used [0x00000000d5580000,0x00000000d5ffac28,0x00000000d6000000)
  from space 5120K, 90% used [0x00000000d6980000,0x00000000d6e01530,0x00000000d6e80000)
  to   space 6144K, 0% used [0x00000000d6280000,0x00000000d6280000,0x00000000d6880000)
 ParOldGen       total 989184K, used 988931K [0x0000000080000000, 0x00000000bc600000, 0x00000000d5580000)
  object space 989184K, 99% used [0x0000000080000000,0x00000000bc5c0e10,0x00000000bc600000)
 Metaspace       used 50292K, committed 51776K, reserved 1114112K
  class space    used 4966K, committed 5632K, reserved 1048576K
}
Event: 2030.537 GC heap after
{Heap after GC invocations=1105 (full 2):
 PSYoungGen      total 16896K, used 6125K [0x00000000d5580000, 0x00000000d7d00000, 0x0000000100000000)
  eden space 10752K, 0% used [0x00000000d5580000,0x00000000d5580000,0x00000000d6000000)
  from space 6144K, 99% used [0x00000000d6280000,0x00000000d687b4d0,0x00000000d6880000)
  to   space 14848K, 0% used [0x00000000d6e80000,0x00000000d6e80000,0x00000000d7d00000)
 ParOldGen       total 996352K, used 996040K [0x0000000080000000, 0x00000000bcd00000, 0x00000000d5580000)
  object space 996352K, 99% used [0x0000000080000000,0x00000000bccb2340,0x00000000bcd00000)
 Metaspace       used 50292K, committed 51776K, reserved 1114112K
  class space    used 4966K, committed 5632K, reserved 1048576K
}
Event: 2030.588 GC heap before
{Heap before GC invocations=1106 (full 2):
 PSYoungGen      total 16896K, used 16877K [0x00000000d5580000, 0x00000000d7d00000, 0x0000000100000000)
  eden space 10752K, 99% used [0x00000000d5580000,0x00000000d5fffff8,0x00000000d6000000)
  from space 6144K, 99% used [0x00000000d6280000,0x00000000d687b4d0,0x00000000d6880000)
  to   space 14848K, 0% used [0x00000000d6e80000,0x00000000d6e80000,0x00000000d7d00000)
 ParOldGen       total 996352K, used 996040K [0x0000000080000000, 0x00000000bcd00000, 0x00000000d5580000)
  object space 996352K, 99% used [0x0000000080000000,0x00000000bccb2340,0x00000000bcd00000)
 Metaspace       used 50298K, committed 51776K, reserved 1114112K
  class space    used 4967K, committed 5632K, reserved 1048576K
}
Event: 2030.598 GC heap after
{Heap after GC invocations=1106 (full 2):
 PSYoungGen      total 16896K, used 5646K [0x00000000d5580000, 0x00000000d7480000, 0x0000000100000000)
  eden space 10752K, 0% used [0x00000000d5580000,0x00000000d5580000,0x00000000d6000000)
  from space 6144K, 91% used [0x00000000d6e80000,0x00000000d7403970,0x00000000d7480000)
  to   space 8704K, 0% used [0x00000000d6380000,0x00000000d6380000,0x00000000d6c00000)
 ParOldGen       total 1001984K, used 1001729K [0x0000000080000000, 0x00000000bd280000, 0x00000000d5580000)
  object space 1001984K, 99% used [0x0000000080000000,0x00000000bd240450,0x00000000bd280000)
 Metaspace       used 50298K, committed 51776K, reserved 1114112K
  class space    used 4967K, committed 5632K, reserved 1048576K
}
Event: 2030.682 GC heap before
{Heap before GC invocations=1107 (full 2):
 PSYoungGen      total 16896K, used 16398K [0x00000000d5580000, 0x00000000d7480000, 0x0000000100000000)
  eden space 10752K, 100% used [0x00000000d5580000,0x00000000d6000000,0x00000000d6000000)
  from space 6144K, 91% used [0x00000000d6e80000,0x00000000d7403970,0x00000000d7480000)
  to   space 8704K, 0% used [0x00000000d6380000,0x00000000d6380000,0x00000000d6c00000)
 ParOldGen       total 1001984K, used 1001729K [0x0000000080000000, 0x00000000bd280000, 0x00000000d5580000)
  object space 1001984K, 99% used [0x0000000080000000,0x00000000bd240450,0x00000000bd280000)
 Metaspace       used 50332K, committed 51840K, reserved 1114112K
  class space    used 4967K, committed 5632K, reserved 1048576K
}
Event: 2030.688 GC heap after
{Heap after GC invocations=1107 (full 2):
 PSYoungGen      total 14848K, used 3762K [0x00000000d5580000, 0x00000000d6f00000, 0x0000000100000000)
  eden space 10752K, 0% used [0x00000000d5580000,0x00000000d5580000,0x00000000d6000000)
  from space 4096K, 91% used [0x00000000d6380000,0x00000000d672c9c8,0x00000000d6780000)
  to   space 5120K, 0% used [0x00000000d6a00000,0x00000000d6a00000,0x00000000d6f00000)
 ParOldGen       total 1007616K, used 1007170K [0x0000000080000000, 0x00000000bd800000, 0x00000000d5580000)
  object space 1007616K, 99% used [0x0000000080000000,0x00000000bd790a40,0x00000000bd800000)
 Metaspace       used 50332K, committed 51840K, reserved 1114112K
  class space    used 4967K, committed 5632K, reserved 1048576K
}
Event: 2030.754 GC heap before
{Heap before GC invocations=1108 (full 2):
 PSYoungGen      total 14848K, used 14514K [0x00000000d5580000, 0x00000000d6f00000, 0x0000000100000000)
  eden space 10752K, 100% used [0x00000000d5580000,0x00000000d6000000,0x00000000d6000000)
  from space 4096K, 91% used [0x00000000d6380000,0x00000000d672c9c8,0x00000000d6780000)
  to   space 5120K, 0% used [0x00000000d6a00000,0x00000000d6a00000,0x00000000d6f00000)
 ParOldGen       total 1031168K, used 1030210K [0x0000000080000000, 0x00000000bef00000, 0x00000000d5580000)
  object space 1031168K, 99% used [0x0000000080000000,0x00000000bee10a60,0x00000000bef00000)
 Metaspace       used 50335K, committed 51840K, reserved 1114112K
  class space    used 4967K, committed 5632K, reserved 1048576K
}
Event: 2030.759 GC heap after
{Heap after GC invocations=1108 (full 2):
 PSYoungGen      total 11264K, used 416K [0x00000000d5580000, 0x00000000d6a80000, 0x0000000100000000)
  eden space 10752K, 0% used [0x00000000d5580000,0x00000000d5580000,0x00000000d6000000)
  from space 512K, 81% used [0x00000000d6a00000,0x00000000d6a68000,0x00000000d6a80000)
  to   space 2048K, 0% used [0x00000000d6680000,0x00000000d6680000,0x00000000d6880000)
 ParOldGen       total 1032704K, used 1032536K [0x0000000080000000, 0x00000000bf080000, 0x00000000d5580000)
  object space 1032704K, 99% used [0x0000000080000000,0x00000000bf056330,0x00000000bf080000)
 Metaspace       used 50335K, committed 51840K, reserved 1114112K
  class space    used 4967K, committed 5632K, reserved 1048576K
}
Event: 2031.338 GC heap before
{Heap before GC invocations=1109 (full 2):
 PSYoungGen      total 11264K, used 11168K [0x00000000d5580000, 0x00000000d6a80000, 0x0000000100000000)
  eden space 10752K, 100% used [0x00000000d5580000,0x00000000d6000000,0x00000000d6000000)
  from space 512K, 81% used [0x00000000d6a00000,0x00000000d6a68000,0x00000000d6a80000)
  to   space 2048K, 0% used [0x00000000d6680000,0x00000000d6680000,0x00000000d6880000)
 ParOldGen       total 1032704K, used 1032536K [0x0000000080000000, 0x00000000bf080000, 0x00000000d5580000)
  object space 1032704K, 99% used [0x0000000080000000,0x00000000bf056330,0x00000000bf080000)
 Metaspace       used 50350K, committed 51840K, reserved 1114112K
  class space    used 4967K, committed 5632K, reserved 1048576K
}
Event: 2031.341 GC heap after
{Heap after GC invocations=1109 (full 2):
 PSYoungGen      total 12800K, used 346K [0x00000000d5580000, 0x00000000d6a80000, 0x0000000100000000)
  eden space 10752K, 0% used [0x00000000d5580000,0x00000000d5580000,0x00000000d6000000)
  from space 2048K, 16% used [0x00000000d6680000,0x00000000d66d6900,0x00000000d6880000)
  to   space 1024K, 0% used [0x00000000d6980000,0x00000000d6980000,0x00000000d6a80000)
 ParOldGen       total 1033216K, used 1032756K [0x0000000080000000, 0x00000000bf100000, 0x00000000d5580000)
  object space 1033216K, 99% used [0x0000000080000000,0x00000000bf08d340,0x00000000bf100000)
 Metaspace       used 50350K, committed 51840K, reserved 1114112K
  class space    used 4967K, committed 5632K, reserved 1048576K
}
Event: 2032.259 GC heap before
{Heap before GC invocations=1110 (full 2):
 PSYoungGen      total 12800K, used 11098K [0x00000000d5580000, 0x00000000d6a80000, 0x0000000100000000)
  eden space 10752K, 99% used [0x00000000d5580000,0x00000000d5fffff8,0x00000000d6000000)
  from space 2048K, 16% used [0x00000000d6680000,0x00000000d66d6900,0x00000000d6880000)
  to   space 1024K, 0% used [0x00000000d6980000,0x00000000d6980000,0x00000000d6a80000)
 ParOldGen       total 1033216K, used 1032756K [0x0000000080000000, 0x00000000bf100000, 0x00000000d5580000)
  object space 1033216K, 99% used [0x0000000080000000,0x00000000bf08d340,0x00000000bf100000)
 Metaspace       used 50402K, committed 51904K, reserved 1114112K
  class space    used 4967K, committed 5632K, reserved 1048576K
}
Event: 2032.263 GC heap after
{Heap after GC invocations=1110 (full 2):
 PSYoungGen      total 11264K, used 490K [0x00000000d5580000, 0x00000000d6a00000, 0x0000000100000000)
  eden space 10752K, 0% used [0x00000000d5580000,0x00000000d5580000,0x00000000d6000000)
  from space 512K, 95% used [0x00000000d6980000,0x00000000d69fa910,0x00000000d6a00000)
  to   space 1024K, 0% used [0x00000000d6800000,0x00000000d6800000,0x00000000d6900000)
 ParOldGen       total 1033216K, used 1032820K [0x0000000080000000, 0x00000000bf100000, 0x00000000d5580000)
  object space 1033216K, 99% used [0x0000000080000000,0x00000000bf09d340,0x00000000bf100000)
 Metaspace       used 50402K, committed 51904K, reserved 1114112K
  class space    used 4967K, committed 5632K, reserved 1048576K
}
Event: 2032.655 GC heap before
{Heap before GC invocations=1111 (full 2):
 PSYoungGen      total 11264K, used 11242K [0x00000000d5580000, 0x00000000d6a00000, 0x0000000100000000)
  eden space 10752K, 100% used [0x00000000d5580000,0x00000000d6000000,0x00000000d6000000)
  from space 512K, 95% used [0x00000000d6980000,0x00000000d69fa910,0x00000000d6a00000)
  to   space 1024K, 0% used [0x00000000d6800000,0x00000000d6800000,0x00000000d6900000)
 ParOldGen       total 1033216K, used 1032820K [0x0000000080000000, 0x00000000bf100000, 0x00000000d5580000)
  object space 1033216K, 99% used [0x0000000080000000,0x00000000bf09d340,0x00000000bf100000)
 Metaspace       used 50443K, committed 51968K, reserved 1114112K
  class space    used 4967K, committed 5632K, reserved 1048576K
}
Event: 2032.660 GC heap after
{Heap after GC invocations=1111 (full 2):
 PSYoungGen      total 11776K, used 1018K [0x00000000d5580000, 0x00000000d6a00000, 0x0000000100000000)
  eden space 10752K, 0% used [0x00000000d5580000,0x00000000d5580000,0x00000000d6000000)
  from space 1024K, 99% used [0x00000000d6800000,0x00000000d68fe900,0x00000000d6900000)
  to   space 1024K, 0% used [0x00000000d6900000,0x00000000d6900000,0x00000000d6a00000)
 ParOldGen       total 1033728K, used 1033387K [0x0000000080000000, 0x00000000bf180000, 0x00000000d5580000)
  object space 1033728K, 99% used [0x0000000080000000,0x00000000bf12ae60,0x00000000bf180000)
 Metaspace       used 50443K, committed 51968K, reserved 1114112K
  class space    used 4967K, committed 5632K, reserved 1048576K
}
Event: 2032.712 GC heap before
{Heap before GC invocations=1112 (full 2):
 PSYoungGen      total 11776K, used 11770K [0x00000000d5580000, 0x00000000d6a00000, 0x0000000100000000)
  eden space 10752K, 100% used [0x00000000d5580000,0x00000000d6000000,0x00000000d6000000)
  from space 1024K, 99% used [0x00000000d6800000,0x00000000d68fe900,0x00000000d6900000)
  to   space 1024K, 0% used [0x00000000d6900000,0x00000000d6900000,0x00000000d6a00000)
 ParOldGen       total 1033728K, used 1033387K [0x0000000080000000, 0x00000000bf180000, 0x00000000d5580000)
  object space 1033728K, 99% used [0x0000000080000000,0x00000000bf12ae60,0x00000000bf180000)
 Metaspace       used 50460K, committed 51968K, reserved 1114112K
  class space    used 4968K, committed 5632K, reserved 1048576K
}
Event: 2032.719 GC heap after
{Heap after GC invocations=1112 (full 2):
 PSYoungGen      total 11776K, used 996K [0x00000000d5580000, 0x00000000d6a00000, 0x0000000100000000)
  eden space 10752K, 0% used [0x00000000d5580000,0x00000000d5580000,0x00000000d6000000)
  from space 1024K, 97% used [0x00000000d6900000,0x00000000d69f9210,0x00000000d6a00000)
  to   space 2560K, 0% used [0x00000000d6500000,0x00000000d6500000,0x00000000d6780000)
 ParOldGen       total 1034752K, used 1034508K [0x0000000080000000, 0x00000000bf280000, 0x00000000d5580000)
  object space 1034752K, 99% used [0x0000000080000000,0x00000000bf2431a0,0x00000000bf280000)
 Metaspace       used 50460K, committed 51968K, reserved 1114112K
  class space    used 4968K, committed 5632K, reserved 1048576K
}
Event: 2033.104 GC heap before
{Heap before GC invocations=1113 (full 2):
 PSYoungGen      total 11776K, used 11742K [0x00000000d5580000, 0x00000000d6a00000, 0x0000000100000000)
  eden space 10752K, 99% used [0x00000000d5580000,0x00000000d5ffe7f0,0x00000000d6000000)
  from space 1024K, 97% used [0x00000000d6900000,0x00000000d69f9210,0x00000000d6a00000)
  to   space 2560K, 0% used [0x00000000d6500000,0x00000000d6500000,0x00000000d6780000)
 ParOldGen       total 1034752K, used 1034508K [0x0000000080000000, 0x00000000bf280000, 0x00000000d5580000)
  object space 1034752K, 99% used [0x0000000080000000,0x00000000bf2431a0,0x00000000bf280000)
 Metaspace       used 50476K, committed 51968K, reserved 1114112K
  class space    used 4968K, committed 5632K, reserved 1048576K
}
Event: 2033.108 GC heap after
{Heap after GC invocations=1113 (full 2):
 PSYoungGen      total 13312K, used 1235K [0x00000000d5580000, 0x00000000d6980000, 0x0000000100000000)
  eden space 10752K, 0% used [0x00000000d5580000,0x00000000d5580000,0x00000000d6000000)
  from space 2560K, 48% used [0x00000000d6500000,0x00000000d6634fd8,0x00000000d6780000)
  to   space 2048K, 0% used [0x00000000d6780000,0x00000000d6780000,0x00000000d6980000)
 ParOldGen       total 1035776K, used 1035460K [0x0000000080000000, 0x00000000bf380000, 0x00000000d5580000)
  object space 1035776K, 99% used [0x0000000080000000,0x00000000bf3312b0,0x00000000bf380000)
 Metaspace       used 50476K, committed 51968K, reserved 1114112K
  class space    used 4968K, committed 5632K, reserved 1048576K
}
Event: 2033.874 GC heap before
{Heap before GC invocations=1114 (full 2):
 PSYoungGen      total 13312K, used 11987K [0x00000000d5580000, 0x00000000d6980000, 0x0000000100000000)
  eden space 10752K, 100% used [0x00000000d5580000,0x00000000d6000000,0x00000000d6000000)
  from space 2560K, 48% used [0x00000000d6500000,0x00000000d6634fd8,0x00000000d6780000)
  to   space 2048K, 0% used [0x00000000d6780000,0x00000000d6780000,0x00000000d6980000)
 ParOldGen       total 1035776K, used 1035460K [0x0000000080000000, 0x00000000bf380000, 0x00000000d5580000)
  object space 1035776K, 99% used [0x0000000080000000,0x00000000bf3312b0,0x00000000bf380000)
 Metaspace       used 50481K, committed 51968K, reserved 1114112K
  class space    used 4968K, committed 5632K, reserved 1048576K
}
Event: 2033.878 GC heap after
{Heap after GC invocations=1114 (full 2):
 PSYoungGen      total 11264K, used 288K [0x00000000d5580000, 0x00000000d6800000, 0x0000000100000000)
  eden space 10752K, 0% used [0x00000000d5580000,0x00000000d5580000,0x00000000d6000000)
  from space 512K, 56% used [0x00000000d6780000,0x00000000d67c8000,0x00000000d6800000)
  to   space 1024K, 0% used [0x00000000d6600000,0x00000000d6600000,0x00000000d6700000)
 ParOldGen       total 1036800K, used 1036584K [0x0000000080000000, 0x00000000bf480000, 0x00000000d5580000)
  object space 1036800K, 99% used [0x0000000080000000,0x00000000bf44a1c8,0x00000000bf480000)
 Metaspace       used 50481K, committed 51968K, reserved 1114112K
  class space    used 4968K, committed 5632K, reserved 1048576K
}

