# JRE version: OpenJDK Runtime Environment Temurin-21.0.10+7 (21.0.10+7) (build 21.0.10+7-LTS)
# Java VM: OpenJDK 64-Bit Server VM Temurin-21.0.10+7 (21.0.10+7-LTS, mixed mode, sharing, tiered, compressed oops, compressed class ptrs, parallel gc, windows-amd64)
GC Precious Log:
 CardTable entry size: 512
 CPUs: 12 total, 12 available
 Memory: 7518M
 Large Page Support: Disabled
 NUMA Support: Disabled
 Compressed Oops: Enabled (32-bit)
 Alignments: Space 512K, Generation 512K, Heap 2M
 Heap Min Capacity: 100M
 Heap Initial Capacity: 100M
 Heap Max Capacity: 2G
 Pre-touch: Disabled
 Parallel Workers: 10
Heap:
 PSYoungGen      total 2048K, used 1096K [0x00000000d5580000, 0x00000000d5900000, 0x0000000100000000)
  eden space 1536K, 46% used [0x00000000d5580000,0x00000000d5632180,0x00000000d5700000)
  from space 512K, 75% used [0x00000000d5880000,0x00000000d58e0000,0x00000000d5900000)
  to   space 512K, 0% used [0x00000000d5800000,0x00000000d5800000,0x00000000d5880000)
 ParOldGen       total 655360K, used 654894K [0x0000000080000000, 0x00000000a8000000, 0x00000000d5580000)
  object space 655360K, 99% used [0x0000000080000000,0x00000000a7f8bbe8,0x00000000a8000000)
 Metaspace       used 46944K, committed 48512K, reserved 1114112K
  class space    used 4307K, committed 5056K, reserved 1048576K
GC Heap History (20 events):
Event: 2775.588 GC heap before
{Heap before GC invocations=1319 (full 3):
 PSYoungGen      total 3072K, used 2944K [0x00000000d5580000, 0x00000000d5a00000, 0x0000000100000000)
  eden space 2560K, 100% used [0x00000000d5580000,0x00000000d5800000,0x00000000d5800000)
  from space 512K, 75% used [0x00000000d5980000,0x00000000d59e0000,0x00000000d5a00000)
  to   space 512K, 0% used [0x00000000d5800000,0x00000000d5800000,0x00000000d5880000)
 ParOldGen       total 648704K, used 647531K [0x0000000080000000, 0x00000000a7980000, 0x00000000d5580000)
  object space 648704K, 99% used [0x0000000080000000,0x00000000a785af50,0x00000000a7980000)
 Metaspace       used 46941K, committed 48512K, reserved 1114112K
  class space    used 4307K, committed 5056K, reserved 1048576K
}
Event: 2775.592 GC heap after
{Heap after GC invocations=1319 (full 3):
 PSYoungGen      total 3072K, used 512K [0x00000000d5580000, 0x00000000d5a00000, 0x0000000100000000)
  eden space 2560K, 0% used [0x00000000d5580000,0x00000000d5580000,0x00000000d5800000)
  from space 512K, 100% used [0x00000000d5800000,0x00000000d5880000,0x00000000d5880000)
  to   space 1024K, 0% used [0x00000000d5900000,0x00000000d5900000,0x00000000d5a00000)
 ParOldGen       total 648704K, used 647743K [0x0000000080000000, 0x00000000a7980000, 0x00000000d5580000)
  object space 648704K, 99% used [0x0000000080000000,0x00000000a788fe40,0x00000000a7980000)
 Metaspace       used 46941K, committed 48512K, reserved 1114112K
  class space    used 4307K, committed 5056K, reserved 1048576K
}
Event: 2775.626 GC heap before
{Heap before GC invocations=1320 (full 3):
 PSYoungGen      total 3072K, used 3065K [0x00000000d5580000, 0x00000000d5a00000, 0x0000000100000000)
  eden space 2560K, 99% used [0x00000000d5580000,0x00000000d57fe760,0x00000000d5800000)
  from space 512K, 100% used [0x00000000d5800000,0x00000000d5880000,0x00000000d5880000)
  to   space 1024K, 0% used [0x00000000d5900000,0x00000000d5900000,0x00000000d5a00000)
 ParOldGen       total 648704K, used 647743K [0x0000000080000000, 0x00000000a7980000, 0x00000000d5580000)
  object space 648704K, 99% used [0x0000000080000000,0x00000000a788fe40,0x00000000a7980000)
 Metaspace       used 46941K, committed 48512K, reserved 1114112K
  class space    used 4307K, committed 5056K, reserved 1048576K
}
Event: 2775.629 GC heap after
{Heap after GC invocations=1320 (full 3):
 PSYoungGen      total 1536K, used 1019K [0x00000000d5580000, 0x00000000d5e00000, 0x0000000100000000)
  eden space 512K, 0% used [0x00000000d5580000,0x00000000d5580000,0x00000000d5600000)
  from space 1024K, 99% used [0x00000000d5900000,0x00000000d59fec58,0x00000000d5a00000)
  to   space 3072K, 0% used [0x00000000d5600000,0x00000000d5600000,0x00000000d5900000)
 ParOldGen       total 649216K, used 649094K [0x0000000080000000, 0x00000000a7a00000, 0x00000000d5580000)
  object space 649216K, 99% used [0x0000000080000000,0x00000000a79e19d0,0x00000000a7a00000)
 Metaspace       used 46941K, committed 48512K, reserved 1114112K
  class space    used 4307K, committed 5056K, reserved 1048576K
}
Event: 2775.634 GC heap before
{Heap before GC invocations=1321 (full 3):
 PSYoungGen      total 1536K, used 1531K [0x00000000d5580000, 0x00000000d5e00000, 0x0000000100000000)
  eden space 512K, 99% used [0x00000000d5580000,0x00000000d55ffff8,0x00000000d5600000)
  from space 1024K, 99% used [0x00000000d5900000,0x00000000d59fec58,0x00000000d5a00000)
  to   space 3072K, 0% used [0x00000000d5600000,0x00000000d5600000,0x00000000d5900000)
 ParOldGen       total 650240K, used 649840K [0x0000000080000000, 0x00000000a7b00000, 0x00000000d5580000)
  object space 650240K, 99% used [0x0000000080000000,0x00000000a7a9c3e8,0x00000000a7b00000)
 Metaspace       used 46941K, committed 48512K, reserved 1114112K
  class space    used 4307K, committed 5056K, reserved 1048576K
}
Event: 2775.638 GC heap after
{Heap after GC invocations=1321 (full 3):
 PSYoungGen      total 1536K, used 567K [0x00000000d5580000, 0x00000000d5980000, 0x0000000100000000)
  eden space 512K, 0% used [0x00000000d5580000,0x00000000d5580000,0x00000000d5600000)
  from space 1024K, 55% used [0x00000000d5600000,0x00000000d568dfe8,0x00000000d5700000)
  to   space 1536K, 0% used [0x00000000d5800000,0x00000000d5800000,0x00000000d5980000)
 ParOldGen       total 651264K, used 650859K [0x0000000080000000, 0x00000000a7c00000, 0x00000000d5580000)
  object space 651264K, 99% used [0x0000000080000000,0x00000000a7b9ac98,0x00000000a7c00000)
 Metaspace       used 46941K, committed 48512K, reserved 1114112K
  class space    used 4307K, committed 5056K, reserved 1048576K
}
Event: 2775.642 GC heap before
{Heap before GC invocations=1322 (full 3):
 PSYoungGen      total 1536K, used 1052K [0x00000000d5580000, 0x00000000d5980000, 0x0000000100000000)
  eden space 512K, 94% used [0x00000000d5580000,0x00000000d55f9190,0x00000000d5600000)
  from space 1024K, 55% used [0x00000000d5600000,0x00000000d568dfe8,0x00000000d5700000)
  to   space 1536K, 0% used [0x00000000d5800000,0x00000000d5800000,0x00000000d5980000)
 ParOldGen       total 651264K, used 650859K [0x0000000080000000, 0x00000000a7c00000, 0x00000000d5580000)
  object space 651264K, 99% used [0x0000000080000000,0x00000000a7b9ac98,0x00000000a7c00000)
 Metaspace       used 46941K, committed 48512K, reserved 1114112K
  class space    used 4307K, committed 5056K, reserved 1048576K
}
Event: 2775.645 GC heap after
{Heap after GC invocations=1322 (full 3):
 PSYoungGen      total 2048K, used 666K [0x00000000d5580000, 0x00000000d5900000, 0x0000000100000000)
  eden space 1024K, 0% used [0x00000000d5580000,0x00000000d5580000,0x00000000d5680000)
  from space 1024K, 65% used [0x00000000d5800000,0x00000000d58a6b50,0x00000000d5900000)
  to   space 1024K, 0% used [0x00000000d5700000,0x00000000d5700000,0x00000000d5800000)
 ParOldGen       total 651264K, used 651185K [0x0000000080000000, 0x00000000a7c00000, 0x00000000d5580000)
  object space 651264K, 99% used [0x0000000080000000,0x00000000a7bec7a0,0x00000000a7c00000)
 Metaspace       used 46941K, committed 48512K, reserved 1114112K
  class space    used 4307K, committed 5056K, reserved 1048576K
}
Event: 2775.663 GC heap before
{Heap before GC invocations=1323 (full 3):
 PSYoungGen      total 2048K, used 1661K [0x00000000d5580000, 0x00000000d5900000, 0x0000000100000000)
  eden space 1024K, 97% used [0x00000000d5580000,0x00000000d5678a58,0x00000000d5680000)
  from space 1024K, 65% used [0x00000000d5800000,0x00000000d58a6b50,0x00000000d5900000)
  to   space 1024K, 0% used [0x00000000d5700000,0x00000000d5700000,0x00000000d5800000)
 ParOldGen       total 651264K, used 651185K [0x0000000080000000, 0x00000000a7c00000, 0x00000000d5580000)
  object space 651264K, 99% used [0x0000000080000000,0x00000000a7bec7a0,0x00000000a7c00000)
 Metaspace       used 46941K, committed 48512K, reserved 1114112K
  class space    used 4307K, committed 5056K, reserved 1048576K
}
Event: 2775.666 GC heap after
{Heap after GC invocations=1323 (full 3):
 PSYoungGen      total 2560K, used 978K [0x00000000d5580000, 0x00000000d5a00000, 0x0000000100000000)
  eden space 1536K, 0% used [0x00000000d5580000,0x00000000d5580000,0x00000000d5700000)
  from space 1024K, 95% used [0x00000000d5700000,0x00000000d57f4838,0x00000000d5800000)
  to   space 1536K, 0% used [0x00000000d5880000,0x00000000d5880000,0x00000000d5a00000)
 ParOldGen       total 651776K, used 651669K [0x0000000080000000, 0x00000000a7c80000, 0x00000000d5580000)
  object space 651776K, 99% used [0x0000000080000000,0x00000000a7c65470,0x00000000a7c80000)
 Metaspace       used 46941K, committed 48512K, reserved 1114112K
  class space    used 4307K, committed 5056K, reserved 1048576K
}
Event: 2775.701 GC heap before
{Heap before GC invocations=1324 (full 3):
 PSYoungGen      total 2560K, used 2506K [0x00000000d5580000, 0x00000000d5a00000, 0x0000000100000000)
  eden space 1536K, 99% used [0x00000000d5580000,0x00000000d56fdfd8,0x00000000d5700000)
  from space 1024K, 95% used [0x00000000d5700000,0x00000000d57f4838,0x00000000d5800000)
  to   space 1536K, 0% used [0x00000000d5880000,0x00000000d5880000,0x00000000d5a00000)
 ParOldGen       total 651776K, used 651669K [0x0000000080000000, 0x00000000a7c80000, 0x00000000d5580000)
  object space 651776K, 99% used [0x0000000080000000,0x00000000a7c65470,0x00000000a7c80000)
 Metaspace       used 46941K, committed 48512K, reserved 1114112K
  class space    used 4307K, committed 5056K, reserved 1048576K
}
Event: 2775.705 GC heap after
{Heap after GC invocations=1324 (full 3):
 PSYoungGen      total 3072K, used 1365K [0x00000000d5580000, 0x00000000d5a00000, 0x0000000100000000)
  eden space 1536K, 0% used [0x00000000d5580000,0x00000000d5580000,0x00000000d5700000)
  from space 1536K, 88% used [0x00000000d5880000,0x00000000d59d56c0,0x00000000d5a00000)
  to   space 1536K, 0% used [0x00000000d5700000,0x00000000d5700000,0x00000000d5880000)
 ParOldGen       total 652800K, used 652475K [0x0000000080000000, 0x00000000a7d80000, 0x00000000d5580000)
  object space 652800K, 99% used [0x0000000080000000,0x00000000a7d2ed68,0x00000000a7d80000)
 Metaspace       used 46941K, committed 48512K, reserved 1114112K
  class space    used 4307K, committed 5056K, reserved 1048576K
}
Event: 2775.716 GC heap before
{Heap before GC invocations=1325 (full 3):
 PSYoungGen      total 3072K, used 2901K [0x00000000d5580000, 0x00000000d5a00000, 0x0000000100000000)
  eden space 1536K, 100% used [0x00000000d5580000,0x00000000d5700000,0x00000000d5700000)
  from space 1536K, 88% used [0x00000000d5880000,0x00000000d59d56c0,0x00000000d5a00000)
  to   space 1536K, 0% used [0x00000000d5700000,0x00000000d5700000,0x00000000d5880000)
 ParOldGen       total 652800K, used 652475K [0x0000000080000000, 0x00000000a7d80000, 0x00000000d5580000)
  object space 652800K, 99% used [0x0000000080000000,0x00000000a7d2ed68,0x00000000a7d80000)
 Metaspace       used 46941K, committed 48512K, reserved 1114112K
  class space    used 4307K, committed 5056K, reserved 1048576K
}
Event: 2775.720 GC heap after
{Heap after GC invocations=1325 (full 3):
 PSYoungGen      total 3072K, used 895K [0x00000000d5580000, 0x00000000d5a00000, 0x0000000100000000)
  eden space 1536K, 0% used [0x00000000d5580000,0x00000000d5580000,0x00000000d5700000)
  from space 1536K, 58% used [0x00000000d5700000,0x00000000d57dff70,0x00000000d5880000)
  to   space 1536K, 0% used [0x00000000d5880000,0x00000000d5880000,0x00000000d5a00000)
 ParOldGen       total 653824K, used 653693K [0x0000000080000000, 0x00000000a7e80000, 0x00000000d5580000)
  object space 653824K, 99% used [0x0000000080000000,0x00000000a7e5f6c8,0x00000000a7e80000)
 Metaspace       used 46941K, committed 48512K, reserved 1114112K
  class space    used 4307K, committed 5056K, reserved 1048576K
}
Event: 2775.734 GC heap before
{Heap before GC invocations=1326 (full 3):
 PSYoungGen      total 3072K, used 2431K [0x00000000d5580000, 0x00000000d5a00000, 0x0000000100000000)
  eden space 1536K, 100% used [0x00000000d5580000,0x00000000d5700000,0x00000000d5700000)
  from space 1536K, 58% used [0x00000000d5700000,0x00000000d57dff70,0x00000000d5880000)
  to   space 1536K, 0% used [0x00000000d5880000,0x00000000d5880000,0x00000000d5a00000)
 ParOldGen       total 653824K, used 653693K [0x0000000080000000, 0x00000000a7e80000, 0x00000000d5580000)
  object space 653824K, 99% used [0x0000000080000000,0x00000000a7e5f6c8,0x00000000a7e80000)
 Metaspace       used 46941K, committed 48512K, reserved 1114112K
  class space    used 4307K, committed 5056K, reserved 1048576K
}
Event: 2775.738 GC heap after
{Heap after GC invocations=1326 (full 3):
 PSYoungGen      total 2048K, used 384K [0x00000000d5580000, 0x00000000d5900000, 0x0000000100000000)
  eden space 1536K, 0% used [0x00000000d5580000,0x00000000d5580000,0x00000000d5700000)
  from space 512K, 75% used [0x00000000d5880000,0x00000000d58e0000,0x00000000d5900000)
  to   space 1024K, 0% used [0x00000000d5700000,0x00000000d5700000,0x00000000d5800000)
 ParOldGen       total 654848K, used 654482K [0x0000000080000000, 0x00000000a7f80000, 0x00000000d5580000)
  object space 654848K, 99% used [0x0000000080000000,0x00000000a7f24938,0x00000000a7f80000)
 Metaspace       used 46941K, committed 48512K, reserved 1114112K
  class space    used 4307K, committed 5056K, reserved 1048576K
}
Event: 2775.756 GC heap before
{Heap before GC invocations=1327 (full 3):
 PSYoungGen      total 2048K, used 1920K [0x00000000d5580000, 0x00000000d5900000, 0x0000000100000000)
  eden space 1536K, 100% used [0x00000000d5580000,0x00000000d5700000,0x00000000d5700000)
  from space 512K, 75% used [0x00000000d5880000,0x00000000d58e0000,0x00000000d5900000)
  to   space 1024K, 0% used [0x00000000d5700000,0x00000000d5700000,0x00000000d5800000)
 ParOldGen       total 654848K, used 654482K [0x0000000080000000, 0x00000000a7f80000, 0x00000000d5580000)
  object space 654848K, 99% used [0x0000000080000000,0x00000000a7f24938,0x00000000a7f80000)
 Metaspace       used 46941K, committed 48512K, reserved 1114112K
  class space    used 4307K, committed 5056K, reserved 1048576K
}
Event: 2775.759 GC heap after
{Heap after GC invocations=1327 (full 3):
 PSYoungGen      total 2560K, used 335K [0x00000000d5580000, 0x00000000d5900000, 0x0000000100000000)
  eden space 1536K, 0% used [0x00000000d5580000,0x00000000d5580000,0x00000000d5700000)
  from space 1024K, 32% used [0x00000000d5700000,0x00000000d5753ca0,0x00000000d5800000)
  to   space 512K, 0% used [0x00000000d5880000,0x00000000d5880000,0x00000000d5900000)
 ParOldGen       total 654848K, used 654714K [0x0000000080000000, 0x00000000a7f80000, 0x00000000d5580000)
  object space 654848K, 99% used [0x0000000080000000,0x00000000a7f5e938,0x00000000a7f80000)
 Metaspace       used 46941K, committed 48512K, reserved 1114112K
  class space    used 4307K, committed 5056K, reserved 1048576K
}
Event: 2775.910 GC heap before
{Heap before GC invocations=1328 (full 3):
 PSYoungGen      total 2560K, used 1871K [0x00000000d5580000, 0x00000000d5900000, 0x0000000100000000)
  eden space 1536K, 99% used [0x00000000d5580000,0x00000000d56fff90,0x00000000d5700000)
  from space 1024K, 32% used [0x00000000d5700000,0x00000000d5753ca0,0x00000000d5800000)
  to   space 512K, 0% used [0x00000000d5880000,0x00000000d5880000,0x00000000d5900000)
 ParOldGen       total 654848K, used 654714K [0x0000000080000000, 0x00000000a7f80000, 0x00000000d5580000)
  object space 654848K, 99% used [0x0000000080000000,0x00000000a7f5e938,0x00000000a7f80000)
 Metaspace       used 46941K, committed 48512K, reserved 1114112K
  class space    used 4307K, committed 5056K, reserved 1048576K
}
Event: 2775.913 GC heap after
{Heap after GC invocations=1328 (full 3):
 PSYoungGen      total 2048K, used 384K [0x00000000d5580000, 0x00000000d5900000, 0x0000000100000000)
  eden space 1536K, 0% used [0x00000000d5580000,0x00000000d5580000,0x00000000d5700000)
  from space 512K, 75% used [0x00000000d5880000,0x00000000d58e0000,0x00000000d5900000)
  to   space 512K, 0% used [0x00000000d5800000,0x00000000d5800000,0x00000000d5880000)
 ParOldGen       total 655360K, used 654894K [0x0000000080000000, 0x00000000a8000000, 0x00000000d5580000)
  object space 655360K, 99% used [0x0000000080000000,0x00000000a7f8bbe8,0x00000000a8000000)
 Metaspace       used 46941K, committed 48512K, reserved 1114112K
  class space    used 4307K, committed 5056K, reserved 1048576K
}

