# JRE version: OpenJDK Runtime Environment Temurin-21.0.10+7 (21.0.10+7) (build 21.0.10+7-LTS)
# Java VM: OpenJDK 64-Bit Server VM Temurin-21.0.10+7 (21.0.10+7-LTS, mixed mode, sharing, tiered, compressed oops, compressed class ptrs, parallel gc, windows-amd64)
GC Precious Log:
 CardTable entry size: 512
 CPUs: 12 total, 12 available
 Memory: 7518M
 Large Page Support: Disabled
 NUMA Support: Disabled
 Compressed Oops: Enabled (32-bit)
 Alignments: Space 512K, Generation 512K, Heap 2M
 Heap Min Capacity: 100M
 Heap Initial Capacity: 100M
 Heap Max Capacity: 2G
 Pre-touch: Disabled
 Parallel Workers: 10
Heap:
 PSYoungGen      total 3072K, used 1116K [0x00000000d5580000, 0x00000000d5900000, 0x0000000100000000)
  eden space 2048K, 38% used [0x00000000d5580000,0x00000000d5647200,0x00000000d5780000)
  from space 1024K, 31% used [0x00000000d5780000,0x00000000d57d0000,0x00000000d5880000)
  to   space 512K, 0% used [0x00000000d5880000,0x00000000d5880000,0x00000000d5900000)
 ParOldGen       total 175616K, used 175393K [0x0000000080000000, 0x000000008ab80000, 0x00000000d5580000)
  object space 175616K, 99% used [0x0000000080000000,0x000000008ab48578,0x000000008ab80000)
 Metaspace       used 30103K, committed 31360K, reserved 1114112K
  class space    used 2671K, committed 3200K, reserved 1048576K
GC Heap History (20 events):
Event: 87.470 GC heap before
{Heap before GC invocations=429 (full 1):
 PSYoungGen      total 3072K, used 2660K [0x00000000d5580000, 0x00000000d5980000, 0x0000000100000000)
  eden space 2048K, 100% used [0x00000000d5580000,0x00000000d5780000,0x00000000d5780000)
  from space 1024K, 59% used [0x00000000d5780000,0x00000000d5819210,0x00000000d5880000)
  to   space 1024K, 0% used [0x00000000d5880000,0x00000000d5880000,0x00000000d5980000)
 ParOldGen       total 171520K, used 171236K [0x0000000080000000, 0x000000008a780000, 0x00000000d5580000)
  object space 171520K, 99% used [0x0000000080000000,0x000000008a739250,0x000000008a780000)
 Metaspace       used 30056K, committed 31296K, reserved 1114112K
  class space    used 2671K, committed 3200K, reserved 1048576K
}
Event: 87.472 GC heap after
{Heap after GC invocations=429 (full 1):
 PSYoungGen      total 3072K, used 453K [0x00000000d5580000, 0x00000000d5980000, 0x0000000100000000)
  eden space 2048K, 0% used [0x00000000d5580000,0x00000000d5580000,0x00000000d5780000)
  from space 1024K, 44% used [0x00000000d5880000,0x00000000d58f16c0,0x00000000d5980000)
  to   space 1024K, 0% used [0x00000000d5780000,0x00000000d5780000,0x00000000d5880000)
 ParOldGen       total 172032K, used 171773K [0x0000000080000000, 0x000000008a800000, 0x00000000d5580000)
  object space 172032K, 99% used [0x0000000080000000,0x000000008a7bf710,0x000000008a800000)
 Metaspace       used 30056K, committed 31296K, reserved 1114112K
  class space    used 2671K, committed 3200K, reserved 1048576K
}
Event: 87.488 GC heap before
{Heap before GC invocations=430 (full 1):
 PSYoungGen      total 3072K, used 2501K [0x00000000d5580000, 0x00000000d5980000, 0x0000000100000000)
  eden space 2048K, 100% used [0x00000000d5580000,0x00000000d5780000,0x00000000d5780000)
  from space 1024K, 44% used [0x00000000d5880000,0x00000000d58f16c0,0x00000000d5980000)
  to   space 1024K, 0% used [0x00000000d5780000,0x00000000d5780000,0x00000000d5880000)
 ParOldGen       total 172032K, used 171773K [0x0000000080000000, 0x000000008a800000, 0x00000000d5580000)
  object space 172032K, 99% used [0x0000000080000000,0x000000008a7bf710,0x000000008a800000)
 Metaspace       used 30057K, committed 31296K, reserved 1114112K
  class space    used 2671K, committed 3200K, reserved 1048576K
}
Event: 87.489 GC heap after
{Heap after GC invocations=430 (full 1):
 PSYoungGen      total 3072K, used 779K [0x00000000d5580000, 0x00000000d5980000, 0x0000000100000000)
  eden space 2048K, 0% used [0x00000000d5580000,0x00000000d5580000,0x00000000d5780000)
  from space 1024K, 76% used [0x00000000d5780000,0x00000000d5842e58,0x00000000d5880000)
  to   space 1024K, 0% used [0x00000000d5880000,0x00000000d5880000,0x00000000d5980000)
 ParOldGen       total 172544K, used 172057K [0x0000000080000000, 0x000000008a880000, 0x00000000d5580000)
  object space 172544K, 99% used [0x0000000080000000,0x000000008a8065f0,0x000000008a880000)
 Metaspace       used 30057K, committed 31296K, reserved 1114112K
  class space    used 2671K, committed 3200K, reserved 1048576K
}
Event: 87.528 GC heap before
{Heap before GC invocations=431 (full 1):
 PSYoungGen      total 3072K, used 2827K [0x00000000d5580000, 0x00000000d5980000, 0x0000000100000000)
  eden space 2048K, 100% used [0x00000000d5580000,0x00000000d5780000,0x00000000d5780000)
  from space 1024K, 76% used [0x00000000d5780000,0x00000000d5842e58,0x00000000d5880000)
  to   space 1024K, 0% used [0x00000000d5880000,0x00000000d5880000,0x00000000d5980000)
 ParOldGen       total 172544K, used 172057K [0x0000000080000000, 0x000000008a880000, 0x00000000d5580000)
  object space 172544K, 99% used [0x0000000080000000,0x000000008a8065f0,0x000000008a880000)
 Metaspace       used 30083K, committed 31360K, reserved 1114112K
  class space    used 2671K, committed 3200K, reserved 1048576K
}
Event: 87.530 GC heap after
{Heap after GC invocations=431 (full 1):
 PSYoungGen      total 3072K, used 512K [0x00000000d5580000, 0x00000000d5980000, 0x0000000100000000)
  eden space 2048K, 0% used [0x00000000d5580000,0x00000000d5580000,0x00000000d5780000)
  from space 1024K, 50% used [0x00000000d5880000,0x00000000d5900000,0x00000000d5980000)
  to   space 1024K, 0% used [0x00000000d5780000,0x00000000d5780000,0x00000000d5880000)
 ParOldGen       total 173056K, used 172707K [0x0000000080000000, 0x000000008a900000, 0x00000000d5580000)
  object space 173056K, 99% used [0x0000000080000000,0x000000008a8a8f68,0x000000008a900000)
 Metaspace       used 30083K, committed 31360K, reserved 1114112K
  class space    used 2671K, committed 3200K, reserved 1048576K
}
Event: 87.547 GC heap before
{Heap before GC invocations=432 (full 1):
 PSYoungGen      total 3072K, used 2560K [0x00000000d5580000, 0x00000000d5980000, 0x0000000100000000)
  eden space 2048K, 100% used [0x00000000d5580000,0x00000000d5780000,0x00000000d5780000)
  from space 1024K, 50% used [0x00000000d5880000,0x00000000d5900000,0x00000000d5980000)
  to   space 1024K, 0% used [0x00000000d5780000,0x00000000d5780000,0x00000000d5880000)
 ParOldGen       total 173056K, used 172707K [0x0000000080000000, 0x000000008a900000, 0x00000000d5580000)
  object space 173056K, 99% used [0x0000000080000000,0x000000008a8a8f68,0x000000008a900000)
 Metaspace       used 30085K, committed 31360K, reserved 1114112K
  class space    used 2671K, committed 3200K, reserved 1048576K
}
Event: 87.550 GC heap after
{Heap after GC invocations=432 (full 1):
 PSYoungGen      total 3072K, used 682K [0x00000000d5580000, 0x00000000d5980000, 0x0000000100000000)
  eden space 2048K, 0% used [0x00000000d5580000,0x00000000d5580000,0x00000000d5780000)
  from space 1024K, 66% used [0x00000000d5780000,0x00000000d582a910,0x00000000d5880000)
  to   space 1024K, 0% used [0x00000000d5880000,0x00000000d5880000,0x00000000d5980000)
 ParOldGen       total 173568K, used 173138K [0x0000000080000000, 0x000000008a980000, 0x00000000d5580000)
  object space 173568K, 99% used [0x0000000080000000,0x000000008a914900,0x000000008a980000)
 Metaspace       used 30085K, committed 31360K, reserved 1114112K
  class space    used 2671K, committed 3200K, reserved 1048576K
}
Event: 87.563 GC heap before
{Heap before GC invocations=433 (full 1):
 PSYoungGen      total 3072K, used 2730K [0x00000000d5580000, 0x00000000d5980000, 0x0000000100000000)
  eden space 2048K, 100% used [0x00000000d5580000,0x00000000d5780000,0x00000000d5780000)
  from space 1024K, 66% used [0x00000000d5780000,0x00000000d582a910,0x00000000d5880000)
  to   space 1024K, 0% used [0x00000000d5880000,0x00000000d5880000,0x00000000d5980000)
 ParOldGen       total 173568K, used 173138K [0x0000000080000000, 0x000000008a980000, 0x00000000d5580000)
  object space 173568K, 99% used [0x0000000080000000,0x000000008a914900,0x000000008a980000)
 Metaspace       used 30085K, committed 31360K, reserved 1114112K
  class space    used 2671K, committed 3200K, reserved 1048576K
}
Event: 87.566 GC heap after
{Heap after GC invocations=433 (full 1):
 PSYoungGen      total 2560K, used 256K [0x00000000d5580000, 0x00000000d5900000, 0x0000000100000000)
  eden space 2048K, 0% used [0x00000000d5580000,0x00000000d5580000,0x00000000d5780000)
  from space 512K, 50% used [0x00000000d5880000,0x00000000d58c0000,0x00000000d5900000)
  to   space 512K, 0% used [0x00000000d5800000,0x00000000d5800000,0x00000000d5880000)
 ParOldGen       total 174080K, used 173638K [0x0000000080000000, 0x000000008aa00000, 0x00000000d5580000)
  object space 174080K, 99% used [0x0000000080000000,0x000000008a991b10,0x000000008aa00000)
 Metaspace       used 30085K, committed 31360K, reserved 1114112K
  class space    used 2671K, committed 3200K, reserved 1048576K
}
Event: 87.641 GC heap before
{Heap before GC invocations=434 (full 1):
 PSYoungGen      total 2560K, used 2296K [0x00000000d5580000, 0x00000000d5900000, 0x0000000100000000)
  eden space 2048K, 99% used [0x00000000d5580000,0x00000000d577e1f8,0x00000000d5780000)
  from space 512K, 50% used [0x00000000d5880000,0x00000000d58c0000,0x00000000d5900000)
  to   space 512K, 0% used [0x00000000d5800000,0x00000000d5800000,0x00000000d5880000)
 ParOldGen       total 174080K, used 173638K [0x0000000080000000, 0x000000008aa00000, 0x00000000d5580000)
  object space 174080K, 99% used [0x0000000080000000,0x000000008a991b10,0x000000008aa00000)
 Metaspace       used 30089K, committed 31360K, reserved 1114112K
  class space    used 2671K, committed 3200K, reserved 1048576K
}
Event: 87.653 GC heap after
{Heap after GC invocations=434 (full 1):
 PSYoungGen      total 2560K, used 512K [0x00000000d5580000, 0x00000000d5980000, 0x0000000100000000)
  eden space 2048K, 0% used [0x00000000d5580000,0x00000000d5580000,0x00000000d5780000)
  from space 512K, 100% used [0x00000000d5800000,0x00000000d5880000,0x00000000d5880000)
  to   space 1024K, 0% used [0x00000000d5880000,0x00000000d5880000,0x00000000d5980000)
 ParOldGen       total 174080K, used 173814K [0x0000000080000000, 0x000000008aa00000, 0x00000000d5580000)
  object space 174080K, 99% used [0x0000000080000000,0x000000008a9bdb10,0x000000008aa00000)
 Metaspace       used 30089K, committed 31360K, reserved 1114112K
  class space    used 2671K, committed 3200K, reserved 1048576K
}
Event: 87.673 GC heap before
{Heap before GC invocations=435 (full 1):
 PSYoungGen      total 2560K, used 2560K [0x00000000d5580000, 0x00000000d5980000, 0x0000000100000000)
  eden space 2048K, 100% used [0x00000000d5580000,0x00000000d5780000,0x00000000d5780000)
  from space 512K, 100% used [0x00000000d5800000,0x00000000d5880000,0x00000000d5880000)
  to   space 1024K, 0% used [0x00000000d5880000,0x00000000d5880000,0x00000000d5980000)
 ParOldGen       total 174080K, used 173814K [0x0000000080000000, 0x000000008aa00000, 0x00000000d5580000)
  object space 174080K, 99% used [0x0000000080000000,0x000000008a9bdb10,0x000000008aa00000)
 Metaspace       used 30089K, committed 31360K, reserved 1114112K
  class space    used 2671K, committed 3200K, reserved 1048576K
}
Event: 87.676 GC heap after
{Heap after GC invocations=435 (full 1):
 PSYoungGen      total 3072K, used 715K [0x00000000d5580000, 0x00000000d5980000, 0x0000000100000000)
  eden space 2048K, 0% used [0x00000000d5580000,0x00000000d5580000,0x00000000d5780000)
  from space 1024K, 69% used [0x00000000d5880000,0x00000000d5932cc8,0x00000000d5980000)
  to   space 1024K, 0% used [0x00000000d5780000,0x00000000d5780000,0x00000000d5880000)
 ParOldGen       total 174592K, used 174150K [0x0000000080000000, 0x000000008aa80000, 0x00000000d5580000)
  object space 174592K, 99% used [0x0000000080000000,0x000000008aa11b10,0x000000008aa80000)
 Metaspace       used 30089K, committed 31360K, reserved 1114112K
  class space    used 2671K, committed 3200K, reserved 1048576K
}
Event: 87.695 GC heap before
{Heap before GC invocations=436 (full 1):
 PSYoungGen      total 3072K, used 2763K [0x00000000d5580000, 0x00000000d5980000, 0x0000000100000000)
  eden space 2048K, 100% used [0x00000000d5580000,0x00000000d5780000,0x00000000d5780000)
  from space 1024K, 69% used [0x00000000d5880000,0x00000000d5932cc8,0x00000000d5980000)
  to   space 1024K, 0% used [0x00000000d5780000,0x00000000d5780000,0x00000000d5880000)
 ParOldGen       total 174592K, used 174150K [0x0000000080000000, 0x000000008aa80000, 0x00000000d5580000)
  object space 174592K, 99% used [0x0000000080000000,0x000000008aa11b10,0x000000008aa80000)
 Metaspace       used 30089K, committed 31360K, reserved 1114112K
  class space    used 2671K, committed 3200K, reserved 1048576K
}
Event: 87.697 GC heap after
{Heap after GC invocations=436 (full 1):
 PSYoungGen      total 3072K, used 256K [0x00000000d5580000, 0x00000000d5900000, 0x0000000100000000)
  eden space 2048K, 0% used [0x00000000d5580000,0x00000000d5580000,0x00000000d5780000)
  from space 1024K, 25% used [0x00000000d5780000,0x00000000d57c0000,0x00000000d5880000)
  to   space 512K, 0% used [0x00000000d5880000,0x00000000d5880000,0x00000000d5900000)
 ParOldGen       total 175104K, used 174684K [0x0000000080000000, 0x000000008ab00000, 0x00000000d5580000)
  object space 175104K, 99% used [0x0000000080000000,0x000000008aa97368,0x000000008ab00000)
 Metaspace       used 30089K, committed 31360K, reserved 1114112K
  class space    used 2671K, committed 3200K, reserved 1048576K
}
Event: 87.737 GC heap before
{Heap before GC invocations=437 (full 1):
 PSYoungGen      total 3072K, used 2304K [0x00000000d5580000, 0x00000000d5900000, 0x0000000100000000)
  eden space 2048K, 100% used [0x00000000d5580000,0x00000000d5780000,0x00000000d5780000)
  from space 1024K, 25% used [0x00000000d5780000,0x00000000d57c0000,0x00000000d5880000)
  to   space 512K, 0% used [0x00000000d5880000,0x00000000d5880000,0x00000000d5900000)
 ParOldGen       total 175104K, used 174684K [0x0000000080000000, 0x000000008ab00000, 0x00000000d5580000)
  object space 175104K, 99% used [0x0000000080000000,0x000000008aa97368,0x000000008ab00000)
 Metaspace       used 30096K, committed 31360K, reserved 1114112K
  class space    used 2671K, committed 3200K, reserved 1048576K
}
Event: 87.740 GC heap after
{Heap after GC invocations=437 (full 1):
 PSYoungGen      total 2560K, used 500K [0x00000000d5580000, 0x00000000d5980000, 0x0000000100000000)
  eden space 2048K, 0% used [0x00000000d5580000,0x00000000d5580000,0x00000000d5780000)
  from space 512K, 97% used [0x00000000d5880000,0x00000000d58fd200,0x00000000d5900000)
  to   space 1024K, 0% used [0x00000000d5780000,0x00000000d5780000,0x00000000d5880000)
 ParOldGen       total 175104K, used 174884K [0x0000000080000000, 0x000000008ab00000, 0x00000000d5580000)
  object space 175104K, 99% used [0x0000000080000000,0x000000008aac9368,0x000000008ab00000)
 Metaspace       used 30096K, committed 31360K, reserved 1114112K
  class space    used 2671K, committed 3200K, reserved 1048576K
}
Event: 87.758 GC heap before
{Heap before GC invocations=438 (full 1):
 PSYoungGen      total 2560K, used 2548K [0x00000000d5580000, 0x00000000d5980000, 0x0000000100000000)
  eden space 2048K, 100% used [0x00000000d5580000,0x00000000d5780000,0x00000000d5780000)
  from space 512K, 97% used [0x00000000d5880000,0x00000000d58fd200,0x00000000d5900000)
  to   space 1024K, 0% used [0x00000000d5780000,0x00000000d5780000,0x00000000d5880000)
 ParOldGen       total 175104K, used 174884K [0x0000000080000000, 0x000000008ab00000, 0x00000000d5580000)
  object space 175104K, 99% used [0x0000000080000000,0x000000008aac9368,0x000000008ab00000)
 Metaspace       used 30096K, committed 31360K, reserved 1114112K
  class space    used 2671K, committed 3200K, reserved 1048576K
}
Event: 87.760 GC heap after
{Heap after GC invocations=438 (full 1):
 PSYoungGen      total 3072K, used 320K [0x00000000d5580000, 0x00000000d5900000, 0x0000000100000000)
  eden space 2048K, 0% used [0x00000000d5580000,0x00000000d5580000,0x00000000d5780000)
  from space 1024K, 31% used [0x00000000d5780000,0x00000000d57d0000,0x00000000d5880000)
  to   space 512K, 0% used [0x00000000d5880000,0x00000000d5880000,0x00000000d5900000)
 ParOldGen       total 175616K, used 175393K [0x0000000080000000, 0x000000008ab80000, 0x00000000d5580000)
  object space 175616K, 99% used [0x0000000080000000,0x000000008ab48578,0x000000008ab80000)
 Metaspace       used 30096K, committed 31360K, reserved 1114112K
  class space    used 2671K, committed 3200K, reserved 1048576K
}

