# JRE version: OpenJDK Runtime Environment Temurin-21.0.10+7 (21.0.10+7) (build 21.0.10+7-LTS)
# Java VM: OpenJDK 64-Bit Server VM Temurin-21.0.10+7 (21.0.10+7-LTS, mixed mode, sharing, tiered, compressed oops, compressed class ptrs, parallel gc, windows-amd64)
GC Precious Log:
 CardTable entry size: 512
 CPUs: 12 total, 12 available
 Memory: 7518M
 Large Page Support: Disabled
 NUMA Support: Disabled
 Compressed Oops: Enabled (32-bit)
 Alignments: Space 512K, Generation 512K, Heap 2M
 Heap Min Capacity: 100M
 Heap Initial Capacity: 100M
 Heap Max Capacity: 2G
 Pre-touch: Disabled
 Parallel Workers: 10
Heap:
 PSYoungGen      total 22528K, used 8972K [0x00000000d5580000, 0x00000000d6f00000, 0x0000000100000000)
  eden space 20992K, 35% used [0x00000000d5580000,0x00000000d5cc5ce0,0x00000000d6a00000)
  from space 1536K, 99% used [0x00000000d6a00000,0x00000000d6b7d368,0x00000000d6b80000)
  to   space 2560K, 0% used [0x00000000d6c80000,0x00000000d6c80000,0x00000000d6f00000)
 ParOldGen       total 77312K, used 77235K [0x0000000080000000, 0x0000000084b80000, 0x00000000d5580000)
  object space 77312K, 99% used [0x0000000080000000,0x0000000084b6cf48,0x0000000084b80000)
 Metaspace       used 76966K, committed 78400K, reserved 1179648K
  class space    used 7372K, committed 8000K, reserved 1048576K
GC Heap History (20 events):
Event: 58.320 GC heap before
{Heap before GC invocations=67 (full 3):
 PSYoungGen      total 22528K, used 21888K [0x00000000d5580000, 0x00000000d6c00000, 0x0000000100000000)
  eden space 21504K, 100% used [0x00000000d5580000,0x00000000d6a80000,0x00000000d6a80000)
  from space 1024K, 37% used [0x00000000d6a80000,0x00000000d6ae0000,0x00000000d6b80000)
  to   space 512K, 0% used [0x00000000d6b80000,0x00000000d6b80000,0x00000000d6c00000)
 ParOldGen       total 71680K, used 71588K [0x0000000080000000, 0x0000000084600000, 0x00000000d5580000)
  object space 71680K, 99% used [0x0000000080000000,0x00000000845e9110,0x0000000084600000)
 Metaspace       used 70568K, committed 71936K, reserved 1114112K
  class space    used 6856K, committed 7488K, reserved 1048576K
}
Event: 58.322 GC heap after
{Heap after GC invocations=67 (full 3):
 PSYoungGen      total 22016K, used 384K [0x00000000d5580000, 0x00000000d6c00000, 0x0000000100000000)
  eden space 21504K, 0% used [0x00000000d5580000,0x00000000d5580000,0x00000000d6a80000)
  from space 512K, 75% used [0x00000000d6b80000,0x00000000d6be0000,0x00000000d6c00000)
  to   space 512K, 0% used [0x00000000d6b00000,0x00000000d6b00000,0x00000000d6b80000)
 ParOldGen       total 72192K, used 71844K [0x0000000080000000, 0x0000000084680000, 0x00000000d5580000)
  object space 72192K, 99% used [0x0000000080000000,0x0000000084629110,0x0000000084680000)
 Metaspace       used 70568K, committed 71936K, reserved 1114112K
  class space    used 6856K, committed 7488K, reserved 1048576K
}
Event: 58.347 GC heap before
{Heap before GC invocations=68 (full 3):
 PSYoungGen      total 22016K, used 21888K [0x00000000d5580000, 0x00000000d6c00000, 0x0000000100000000)
  eden space 21504K, 100% used [0x00000000d5580000,0x00000000d6a80000,0x00000000d6a80000)
  from space 512K, 75% used [0x00000000d6b80000,0x00000000d6be0000,0x00000000d6c00000)
  to   space 512K, 0% used [0x00000000d6b00000,0x00000000d6b00000,0x00000000d6b80000)
 ParOldGen       total 72192K, used 71844K [0x0000000080000000, 0x0000000084680000, 0x00000000d5580000)
  object space 72192K, 99% used [0x0000000080000000,0x0000000084629110,0x0000000084680000)
 Metaspace       used 70575K, committed 71936K, reserved 1114112K
  class space    used 6856K, committed 7488K, reserved 1048576K
}
Event: 58.348 GC heap after
{Heap after GC invocations=68 (full 3):
 PSYoungGen      total 22016K, used 416K [0x00000000d5580000, 0x00000000d6c00000, 0x0000000100000000)
  eden space 21504K, 0% used [0x00000000d5580000,0x00000000d5580000,0x00000000d6a80000)
  from space 512K, 81% used [0x00000000d6b00000,0x00000000d6b68000,0x00000000d6b80000)
  to   space 512K, 0% used [0x00000000d6b80000,0x00000000d6b80000,0x00000000d6c00000)
 ParOldGen       total 72192K, used 72092K [0x0000000080000000, 0x0000000084680000, 0x00000000d5580000)
  object space 72192K, 99% used [0x0000000080000000,0x0000000084667110,0x0000000084680000)
 Metaspace       used 70575K, committed 71936K, reserved 1114112K
  class space    used 6856K, committed 7488K, reserved 1048576K
}
Event: 58.381 GC heap before
{Heap before GC invocations=69 (full 3):
 PSYoungGen      total 22016K, used 21920K [0x00000000d5580000, 0x00000000d6c00000, 0x0000000100000000)
  eden space 21504K, 100% used [0x00000000d5580000,0x00000000d6a80000,0x00000000d6a80000)
  from space 512K, 81% used [0x00000000d6b00000,0x00000000d6b68000,0x00000000d6b80000)
  to   space 512K, 0% used [0x00000000d6b80000,0x00000000d6b80000,0x00000000d6c00000)
 ParOldGen       total 72192K, used 72092K [0x0000000080000000, 0x0000000084680000, 0x00000000d5580000)
  object space 72192K, 99% used [0x0000000080000000,0x0000000084667110,0x0000000084680000)
 Metaspace       used 70586K, committed 71936K, reserved 1114112K
  class space    used 6856K, committed 7488K, reserved 1048576K
}
Event: 58.383 GC heap after
{Heap after GC invocations=69 (full 3):
 PSYoungGen      total 22016K, used 512K [0x00000000d5580000, 0x00000000d6c80000, 0x0000000100000000)
  eden space 21504K, 0% used [0x00000000d5580000,0x00000000d5580000,0x00000000d6a80000)
  from space 512K, 100% used [0x00000000d6b80000,0x00000000d6c00000,0x00000000d6c00000)
  to   space 1024K, 0% used [0x00000000d6a80000,0x00000000d6a80000,0x00000000d6b80000)
 ParOldGen       total 72704K, used 72356K [0x0000000080000000, 0x0000000084700000, 0x00000000d5580000)
  object space 72704K, 99% used [0x0000000080000000,0x00000000846a9110,0x0000000084700000)
 Metaspace       used 70586K, committed 71936K, reserved 1114112K
  class space    used 6856K, committed 7488K, reserved 1048576K
}
Event: 58.436 GC heap before
{Heap before GC invocations=70 (full 3):
 PSYoungGen      total 22016K, used 22016K [0x00000000d5580000, 0x00000000d6c80000, 0x0000000100000000)
  eden space 21504K, 100% used [0x00000000d5580000,0x00000000d6a80000,0x00000000d6a80000)
  from space 512K, 100% used [0x00000000d6b80000,0x00000000d6c00000,0x00000000d6c00000)
  to   space 1024K, 0% used [0x00000000d6a80000,0x00000000d6a80000,0x00000000d6b80000)
 ParOldGen       total 72704K, used 72356K [0x0000000080000000, 0x0000000084700000, 0x00000000d5580000)
  object space 72704K, 99% used [0x0000000080000000,0x00000000846a9110,0x0000000084700000)
 Metaspace       used 70598K, committed 71936K, reserved 1114112K
  class space    used 6856K, committed 7488K, reserved 1048576K
}
Event: 58.439 GC heap after
{Heap after GC invocations=70 (full 3):
 PSYoungGen      total 22528K, used 448K [0x00000000d5580000, 0x00000000d6c80000, 0x0000000100000000)
  eden space 21504K, 0% used [0x00000000d5580000,0x00000000d5580000,0x00000000d6a80000)
  from space 1024K, 43% used [0x00000000d6a80000,0x00000000d6af0000,0x00000000d6b80000)
  to   space 1024K, 0% used [0x00000000d6b80000,0x00000000d6b80000,0x00000000d6c80000)
 ParOldGen       total 73728K, used 73524K [0x0000000080000000, 0x0000000084800000, 0x00000000d5580000)
  object space 73728K, 99% used [0x0000000080000000,0x00000000847cd110,0x0000000084800000)
 Metaspace       used 70598K, committed 71936K, reserved 1114112K
  class space    used 6856K, committed 7488K, reserved 1048576K
}
Event: 58.476 GC heap before
{Heap before GC invocations=71 (full 3):
 PSYoungGen      total 22528K, used 21952K [0x00000000d5580000, 0x00000000d6c80000, 0x0000000100000000)
  eden space 21504K, 100% used [0x00000000d5580000,0x00000000d6a80000,0x00000000d6a80000)
  from space 1024K, 43% used [0x00000000d6a80000,0x00000000d6af0000,0x00000000d6b80000)
  to   space 1024K, 0% used [0x00000000d6b80000,0x00000000d6b80000,0x00000000d6c80000)
 ParOldGen       total 73728K, used 73524K [0x0000000080000000, 0x0000000084800000, 0x00000000d5580000)
  object space 73728K, 99% used [0x0000000080000000,0x00000000847cd110,0x0000000084800000)
 Metaspace       used 70600K, committed 71936K, reserved 1114112K
  class space    used 6856K, committed 7488K, reserved 1048576K
}
Event: 58.479 GC heap after
{Heap after GC invocations=71 (full 3):
 PSYoungGen      total 22016K, used 480K [0x00000000d5580000, 0x00000000d6c00000, 0x0000000100000000)
  eden space 21504K, 0% used [0x00000000d5580000,0x00000000d5580000,0x00000000d6a80000)
  from space 512K, 93% used [0x00000000d6b80000,0x00000000d6bf8000,0x00000000d6c00000)
  to   space 512K, 0% used [0x00000000d6b00000,0x00000000d6b00000,0x00000000d6b80000)
 ParOldGen       total 74240K, used 73844K [0x0000000080000000, 0x0000000084880000, 0x00000000d5580000)
  object space 74240K, 99% used [0x0000000080000000,0x000000008481d110,0x0000000084880000)
 Metaspace       used 70600K, committed 71936K, reserved 1114112K
  class space    used 6856K, committed 7488K, reserved 1048576K
}
Event: 58.689 GC heap before
{Heap before GC invocations=72 (full 3):
 PSYoungGen      total 22016K, used 21984K [0x00000000d5580000, 0x00000000d6c00000, 0x0000000100000000)
  eden space 21504K, 100% used [0x00000000d5580000,0x00000000d6a80000,0x00000000d6a80000)
  from space 512K, 93% used [0x00000000d6b80000,0x00000000d6bf8000,0x00000000d6c00000)
  to   space 512K, 0% used [0x00000000d6b00000,0x00000000d6b00000,0x00000000d6b80000)
 ParOldGen       total 74240K, used 73844K [0x0000000080000000, 0x0000000084880000, 0x00000000d5580000)
  object space 74240K, 99% used [0x0000000080000000,0x000000008481d110,0x0000000084880000)
 Metaspace       used 71515K, committed 72896K, reserved 1114112K
  class space    used 6943K, committed 7552K, reserved 1048576K
}
Event: 58.693 GC heap after
{Heap after GC invocations=72 (full 3):
 PSYoungGen      total 22016K, used 480K [0x00000000d5580000, 0x00000000d6e80000, 0x0000000100000000)
  eden space 21504K, 0% used [0x00000000d5580000,0x00000000d5580000,0x00000000d6a80000)
  from space 512K, 93% used [0x00000000d6b00000,0x00000000d6b78010,0x00000000d6b80000)
  to   space 2048K, 0% used [0x00000000d6c80000,0x00000000d6c80000,0x00000000d6e80000)
 ParOldGen       total 75264K, used 74892K [0x0000000080000000, 0x0000000084980000, 0x00000000d5580000)
  object space 75264K, 99% used [0x0000000080000000,0x0000000084923140,0x0000000084980000)
 Metaspace       used 71515K, committed 72896K, reserved 1114112K
  class space    used 6943K, committed 7552K, reserved 1048576K
}
Event: 59.085 GC heap before
{Heap before GC invocations=73 (full 3):
 PSYoungGen      total 22016K, used 21870K [0x00000000d5580000, 0x00000000d6e80000, 0x0000000100000000)
  eden space 21504K, 99% used [0x00000000d5580000,0x00000000d6a63880,0x00000000d6a80000)
  from space 512K, 93% used [0x00000000d6b00000,0x00000000d6b78010,0x00000000d6b80000)
  to   space 2048K, 0% used [0x00000000d6c80000,0x00000000d6c80000,0x00000000d6e80000)
 ParOldGen       total 75264K, used 74892K [0x0000000080000000, 0x0000000084980000, 0x00000000d5580000)
  object space 75264K, 99% used [0x0000000080000000,0x0000000084923140,0x0000000084980000)
 Metaspace       used 72436K, committed 73856K, reserved 1179648K
  class space    used 7018K, committed 7616K, reserved 1048576K
}
Event: 59.089 GC heap after
{Heap after GC invocations=73 (full 3):
 PSYoungGen      total 23040K, used 1973K [0x00000000d5580000, 0x00000000d6f80000, 0x0000000100000000)
  eden space 20992K, 0% used [0x00000000d5580000,0x00000000d5580000,0x00000000d6a00000)
  from space 2048K, 96% used [0x00000000d6c80000,0x00000000d6e6d770,0x00000000d6e80000)
  to   space 2560K, 0% used [0x00000000d6a00000,0x00000000d6a00000,0x00000000d6c80000)
 ParOldGen       total 75776K, used 75531K [0x0000000080000000, 0x0000000084a00000, 0x00000000d5580000)
  object space 75776K, 99% used [0x0000000080000000,0x00000000849c2c78,0x0000000084a00000)
 Metaspace       used 72436K, committed 73856K, reserved 1179648K
  class space    used 7018K, committed 7616K, reserved 1048576K
}
Event: 59.191 GC heap before
{Heap before GC invocations=74 (full 3):
 PSYoungGen      total 23040K, used 22962K [0x00000000d5580000, 0x00000000d6f80000, 0x0000000100000000)
  eden space 20992K, 99% used [0x00000000d5580000,0x00000000d69ff3b0,0x00000000d6a00000)
  from space 2048K, 96% used [0x00000000d6c80000,0x00000000d6e6d770,0x00000000d6e80000)
  to   space 2560K, 0% used [0x00000000d6a00000,0x00000000d6a00000,0x00000000d6c80000)
 ParOldGen       total 75776K, used 75531K [0x0000000080000000, 0x0000000084a00000, 0x00000000d5580000)
  object space 75776K, 99% used [0x0000000080000000,0x00000000849c2c78,0x0000000084a00000)
 Metaspace       used 72674K, committed 74048K, reserved 1179648K
  class space    used 7034K, committed 7616K, reserved 1048576K
}
Event: 59.193 GC heap after
{Heap after GC invocations=74 (full 3):
 PSYoungGen      total 22528K, used 1065K [0x00000000d5580000, 0x00000000d6d00000, 0x0000000100000000)
  eden space 20992K, 0% used [0x00000000d5580000,0x00000000d5580000,0x00000000d6a00000)
  from space 1536K, 69% used [0x00000000d6a00000,0x00000000d6b0a738,0x00000000d6b80000)
  to   space 1536K, 0% used [0x00000000d6b80000,0x00000000d6b80000,0x00000000d6d00000)
 ParOldGen       total 76800K, used 76751K [0x0000000080000000, 0x0000000084b00000, 0x00000000d5580000)
  object space 76800K, 99% used [0x0000000080000000,0x0000000084af3c98,0x0000000084b00000)
 Metaspace       used 72674K, committed 74048K, reserved 1179648K
  class space    used 7034K, committed 7616K, reserved 1048576K
}
Event: 59.534 GC heap before
{Heap before GC invocations=75 (full 3):
 PSYoungGen      total 22528K, used 22057K [0x00000000d5580000, 0x00000000d6d00000, 0x0000000100000000)
  eden space 20992K, 100% used [0x00000000d5580000,0x00000000d6a00000,0x00000000d6a00000)
  from space 1536K, 69% used [0x00000000d6a00000,0x00000000d6b0a738,0x00000000d6b80000)
  to   space 1536K, 0% used [0x00000000d6b80000,0x00000000d6b80000,0x00000000d6d00000)
 ParOldGen       total 76800K, used 76751K [0x0000000080000000, 0x0000000084b00000, 0x00000000d5580000)
  object space 76800K, 99% used [0x0000000080000000,0x0000000084af3c98,0x0000000084b00000)
 Metaspace       used 74825K, committed 76224K, reserved 1179648K
  class space    used 7202K, committed 7808K, reserved 1048576K
}
Event: 59.539 GC heap after
{Heap after GC invocations=75 (full 3):
 PSYoungGen      total 22528K, used 1066K [0x00000000d5580000, 0x00000000d6d00000, 0x0000000100000000)
  eden space 20992K, 0% used [0x00000000d5580000,0x00000000d5580000,0x00000000d6a00000)
  from space 1536K, 69% used [0x00000000d6b80000,0x00000000d6c8a910,0x00000000d6d00000)
  to   space 1536K, 0% used [0x00000000d6a00000,0x00000000d6a00000,0x00000000d6b80000)
 ParOldGen       total 77312K, used 76831K [0x0000000080000000, 0x0000000084b80000, 0x00000000d5580000)
  object space 77312K, 99% used [0x0000000080000000,0x0000000084b07c98,0x0000000084b80000)
 Metaspace       used 74825K, committed 76224K, reserved 1179648K
  class space    used 7202K, committed 7808K, reserved 1048576K
}
Event: 59.976 GC heap before
{Heap before GC invocations=76 (full 3):
 PSYoungGen      total 22528K, used 22058K [0x00000000d5580000, 0x00000000d6d00000, 0x0000000100000000)
  eden space 20992K, 100% used [0x00000000d5580000,0x00000000d6a00000,0x00000000d6a00000)
  from space 1536K, 69% used [0x00000000d6b80000,0x00000000d6c8a910,0x00000000d6d00000)
  to   space 1536K, 0% used [0x00000000d6a00000,0x00000000d6a00000,0x00000000d6b80000)
 ParOldGen       total 77312K, used 76831K [0x0000000080000000, 0x0000000084b80000, 0x00000000d5580000)
  object space 77312K, 99% used [0x0000000080000000,0x0000000084b07c98,0x0000000084b80000)
 Metaspace       used 76442K, committed 77888K, reserved 1179648K
  class space    used 7316K, committed 7936K, reserved 1048576K
}
Event: 59.979 GC heap after
{Heap after GC invocations=76 (full 3):
 PSYoungGen      total 22528K, used 1524K [0x00000000d5580000, 0x00000000d6f00000, 0x0000000100000000)
  eden space 20992K, 0% used [0x00000000d5580000,0x00000000d5580000,0x00000000d6a00000)
  from space 1536K, 99% used [0x00000000d6a00000,0x00000000d6b7d368,0x00000000d6b80000)
  to   space 2560K, 0% used [0x00000000d6c80000,0x00000000d6c80000,0x00000000d6f00000)
 ParOldGen       total 77312K, used 77235K [0x0000000080000000, 0x0000000084b80000, 0x00000000d5580000)
  object space 77312K, 99% used [0x0000000080000000,0x0000000084b6cf48,0x0000000084b80000)
 Metaspace       used 76442K, committed 77888K, reserved 1179648K
  class space    used 7316K, committed 7936K, reserved 1048576K
}

