# JRE version: OpenJDK Runtime Environment Temurin-21.0.10+7 (21.0.10+7) (build 21.0.10+7-LTS)
# Java VM: OpenJDK 64-Bit Server VM Temurin-21.0.10+7 (21.0.10+7-LTS, mixed mode, sharing, tiered, compressed oops, compressed class ptrs, parallel gc, windows-amd64)
GC Precious Log:
 CardTable entry size: 512
 CPUs: 12 total, 12 available
 Memory: 7518M
 Large Page Support: Disabled
 NUMA Support: Disabled
 Compressed Oops: Enabled (32-bit)
 Alignments: Space 512K, Generation 512K, Heap 2M
 Heap Min Capacity: 100M
 Heap Initial Capacity: 100M
 Heap Max Capacity: 2G
 Pre-touch: Disabled
 Parallel Workers: 10
Heap:
 PSYoungGen      total 5120K, used 4547K [0x00000000d5580000, 0x00000000d5c80000, 0x0000000100000000)
  eden space 4608K, 88% used [0x00000000d5580000,0x00000000d5978e00,0x00000000d5a00000)
  from space 512K, 93% used [0x00000000d5b80000,0x00000000d5bf8020,0x00000000d5c00000)
  to   space 512K, 0% used [0x00000000d5c00000,0x00000000d5c00000,0x00000000d5c80000)
 ParOldGen       total 200704K, used 200292K [0x0000000080000000, 0x000000008c400000, 0x00000000d5580000)
  object space 200704K, 99% used [0x0000000080000000,0x000000008c3992c8,0x000000008c400000)
 Metaspace       used 74438K, committed 75904K, reserved 1179648K
  class space    used 7062K, committed 7744K, reserved 1048576K
GC Heap History (20 events):
Event: 57.407 GC heap before
{Heap before GC invocations=247 (full 3):
 PSYoungGen      total 5120K, used 5012K [0x00000000d5580000, 0x00000000d5b80000, 0x0000000100000000)
  eden space 4608K, 99% used [0x00000000d5580000,0x00000000d59fffa0,0x00000000d5a00000)
  from space 512K, 79% used [0x00000000d5a80000,0x00000000d5ae5200,0x00000000d5b00000)
  to   space 512K, 0% used [0x00000000d5b00000,0x00000000d5b00000,0x00000000d5b80000)
 ParOldGen       total 198144K, used 197641K [0x0000000080000000, 0x000000008c180000, 0x00000000d5580000)
  object space 198144K, 99% used [0x0000000080000000,0x000000008c1024a0,0x000000008c180000)
 Metaspace       used 73464K, committed 74880K, reserved 1179648K
  class space    used 6997K, committed 7616K, reserved 1048576K
}
Event: 57.410 GC heap after
{Heap after GC invocations=247 (full 3):
 PSYoungGen      total 5120K, used 416K [0x00000000d5580000, 0x00000000d5b80000, 0x0000000100000000)
  eden space 4608K, 0% used [0x00000000d5580000,0x00000000d5580000,0x00000000d5a00000)
  from space 512K, 81% used [0x00000000d5b00000,0x00000000d5b68020,0x00000000d5b80000)
  to   space 512K, 0% used [0x00000000d5a80000,0x00000000d5a80000,0x00000000d5b00000)
 ParOldGen       total 198144K, used 197901K [0x0000000080000000, 0x000000008c180000, 0x00000000d5580000)
  object space 198144K, 99% used [0x0000000080000000,0x000000008c1436a0,0x000000008c180000)
 Metaspace       used 73464K, committed 74880K, reserved 1179648K
  class space    used 6997K, committed 7616K, reserved 1048576K
}
Event: 57.441 GC heap before
{Heap before GC invocations=248 (full 3):
 PSYoungGen      total 5120K, used 5020K [0x00000000d5580000, 0x00000000d5b80000, 0x0000000100000000)
  eden space 4608K, 99% used [0x00000000d5580000,0x00000000d59ff1a8,0x00000000d5a00000)
  from space 512K, 81% used [0x00000000d5b00000,0x00000000d5b68020,0x00000000d5b80000)
  to   space 512K, 0% used [0x00000000d5a80000,0x00000000d5a80000,0x00000000d5b00000)
 ParOldGen       total 198144K, used 197901K [0x0000000080000000, 0x000000008c180000, 0x00000000d5580000)
  object space 198144K, 99% used [0x0000000080000000,0x000000008c1436a0,0x000000008c180000)
 Metaspace       used 73471K, committed 74880K, reserved 1179648K
  class space    used 6997K, committed 7616K, reserved 1048576K
}
Event: 57.443 GC heap after
{Heap after GC invocations=248 (full 3):
 PSYoungGen      total 5120K, used 510K [0x00000000d5580000, 0x00000000d5e00000, 0x0000000100000000)
  eden space 4608K, 0% used [0x00000000d5580000,0x00000000d5580000,0x00000000d5a00000)
  from space 512K, 99% used [0x00000000d5a80000,0x00000000d5affab8,0x00000000d5b00000)
  to   space 2048K, 0% used [0x00000000d5c00000,0x00000000d5c00000,0x00000000d5e00000)
 ParOldGen       total 199680K, used 199187K [0x0000000080000000, 0x000000008c300000, 0x00000000d5580000)
  object space 199680K, 99% used [0x0000000080000000,0x000000008c284df8,0x000000008c300000)
 Metaspace       used 73471K, committed 74880K, reserved 1179648K
  class space    used 6997K, committed 7616K, reserved 1048576K
}
Event: 57.477 GC heap before
{Heap before GC invocations=249 (full 3):
 PSYoungGen      total 5120K, used 5106K [0x00000000d5580000, 0x00000000d5e00000, 0x0000000100000000)
  eden space 4608K, 99% used [0x00000000d5580000,0x00000000d59fcd70,0x00000000d5a00000)
  from space 512K, 99% used [0x00000000d5a80000,0x00000000d5affab8,0x00000000d5b00000)
  to   space 2048K, 0% used [0x00000000d5c00000,0x00000000d5c00000,0x00000000d5e00000)
 ParOldGen       total 199680K, used 199187K [0x0000000080000000, 0x000000008c300000, 0x00000000d5580000)
  object space 199680K, 99% used [0x0000000080000000,0x000000008c284df8,0x000000008c300000)
 Metaspace       used 73473K, committed 74880K, reserved 1179648K
  class space    used 6997K, committed 7616K, reserved 1048576K
}
Event: 57.479 GC heap after
{Heap after GC invocations=249 (full 3):
 PSYoungGen      total 5120K, used 224K [0x00000000d5580000, 0x00000000d5c80000, 0x0000000100000000)
  eden space 4608K, 0% used [0x00000000d5580000,0x00000000d5580000,0x00000000d5a00000)
  from space 512K, 43% used [0x00000000d5c00000,0x00000000d5c38000,0x00000000d5c80000)
  to   space 1024K, 0% used [0x00000000d5a80000,0x00000000d5a80000,0x00000000d5b80000)
 ParOldGen       total 199680K, used 199287K [0x0000000080000000, 0x000000008c300000, 0x00000000d5580000)
  object space 199680K, 99% used [0x0000000080000000,0x000000008c29dff8,0x000000008c300000)
 Metaspace       used 73473K, committed 74880K, reserved 1179648K
  class space    used 6997K, committed 7616K, reserved 1048576K
}
Event: 57.531 GC heap before
{Heap before GC invocations=250 (full 3):
 PSYoungGen      total 5120K, used 4769K [0x00000000d5580000, 0x00000000d5c80000, 0x0000000100000000)
  eden space 4608K, 98% used [0x00000000d5580000,0x00000000d59f0460,0x00000000d5a00000)
  from space 512K, 43% used [0x00000000d5c00000,0x00000000d5c38000,0x00000000d5c80000)
  to   space 1024K, 0% used [0x00000000d5a80000,0x00000000d5a80000,0x00000000d5b80000)
 ParOldGen       total 199680K, used 199287K [0x0000000080000000, 0x000000008c300000, 0x00000000d5580000)
  object space 199680K, 99% used [0x0000000080000000,0x000000008c29dff8,0x000000008c300000)
 Metaspace       used 73505K, committed 74944K, reserved 1179648K
  class space    used 6999K, committed 7616K, reserved 1048576K
}
Event: 57.533 GC heap after
{Heap after GC invocations=250 (full 3):
 PSYoungGen      total 5632K, used 256K [0x00000000d5580000, 0x00000000d5c80000, 0x0000000100000000)
  eden space 4608K, 0% used [0x00000000d5580000,0x00000000d5580000,0x00000000d5a00000)
  from space 1024K, 25% used [0x00000000d5a80000,0x00000000d5ac0000,0x00000000d5b80000)
  to   space 512K, 0% used [0x00000000d5c00000,0x00000000d5c00000,0x00000000d5c80000)
 ParOldGen       total 199680K, used 199335K [0x0000000080000000, 0x000000008c300000, 0x00000000d5580000)
  object space 199680K, 99% used [0x0000000080000000,0x000000008c2a9ff8,0x000000008c300000)
 Metaspace       used 73505K, committed 74944K, reserved 1179648K
  class space    used 6999K, committed 7616K, reserved 1048576K
}
Event: 58.205 GC heap before
{Heap before GC invocations=251 (full 3):
 PSYoungGen      total 5632K, used 4862K [0x00000000d5580000, 0x00000000d5c80000, 0x0000000100000000)
  eden space 4608K, 99% used [0x00000000d5580000,0x00000000d59ffbc8,0x00000000d5a00000)
  from space 1024K, 25% used [0x00000000d5a80000,0x00000000d5ac0000,0x00000000d5b80000)
  to   space 512K, 0% used [0x00000000d5c00000,0x00000000d5c00000,0x00000000d5c80000)
 ParOldGen       total 199680K, used 199335K [0x0000000080000000, 0x000000008c300000, 0x00000000d5580000)
  object space 199680K, 99% used [0x0000000080000000,0x000000008c2a9ff8,0x000000008c300000)
 Metaspace       used 73567K, committed 74944K, reserved 1179648K
  class space    used 6999K, committed 7616K, reserved 1048576K
}
Event: 58.210 GC heap after
{Heap after GC invocations=251 (full 3):
 PSYoungGen      total 5120K, used 480K [0x00000000d5580000, 0x00000000d5c80000, 0x0000000100000000)
  eden space 4608K, 0% used [0x00000000d5580000,0x00000000d5580000,0x00000000d5a00000)
  from space 512K, 93% used [0x00000000d5c00000,0x00000000d5c78020,0x00000000d5c80000)
  to   space 1024K, 0% used [0x00000000d5a80000,0x00000000d5a80000,0x00000000d5b80000)
 ParOldGen       total 199680K, used 199415K [0x0000000080000000, 0x000000008c300000, 0x00000000d5580000)
  object space 199680K, 99% used [0x0000000080000000,0x000000008c2bdff8,0x000000008c300000)
 Metaspace       used 73567K, committed 74944K, reserved 1179648K
  class space    used 6999K, committed 7616K, reserved 1048576K
}
Event: 58.268 GC heap before
{Heap before GC invocations=252 (full 3):
 PSYoungGen      total 5120K, used 5064K [0x00000000d5580000, 0x00000000d5c80000, 0x0000000100000000)
  eden space 4608K, 99% used [0x00000000d5580000,0x00000000d59fa390,0x00000000d5a00000)
  from space 512K, 93% used [0x00000000d5c00000,0x00000000d5c78020,0x00000000d5c80000)
  to   space 1024K, 0% used [0x00000000d5a80000,0x00000000d5a80000,0x00000000d5b80000)
 ParOldGen       total 199680K, used 199415K [0x0000000080000000, 0x000000008c300000, 0x00000000d5580000)
  object space 199680K, 99% used [0x0000000080000000,0x000000008c2bdff8,0x000000008c300000)
 Metaspace       used 73567K, committed 74944K, reserved 1179648K
  class space    used 6999K, committed 7616K, reserved 1048576K
}
Event: 58.270 GC heap after
{Heap after GC invocations=252 (full 3):
 PSYoungGen      total 5632K, used 160K [0x00000000d5580000, 0x00000000d5c80000, 0x0000000100000000)
  eden space 4608K, 0% used [0x00000000d5580000,0x00000000d5580000,0x00000000d5a00000)
  from space 1024K, 15% used [0x00000000d5a80000,0x00000000d5aa8000,0x00000000d5b80000)
  to   space 512K, 0% used [0x00000000d5c00000,0x00000000d5c00000,0x00000000d5c80000)
 ParOldGen       total 200192K, used 199792K [0x0000000080000000, 0x000000008c380000, 0x00000000d5580000)
  object space 200192K, 99% used [0x0000000080000000,0x000000008c31c018,0x000000008c380000)
 Metaspace       used 73567K, committed 74944K, reserved 1179648K
  class space    used 6999K, committed 7616K, reserved 1048576K
}
Event: 58.571 GC heap before
{Heap before GC invocations=253 (full 3):
 PSYoungGen      total 5632K, used 4766K [0x00000000d5580000, 0x00000000d5c80000, 0x0000000100000000)
  eden space 4608K, 99% used [0x00000000d5580000,0x00000000d59ff9d8,0x00000000d5a00000)
  from space 1024K, 15% used [0x00000000d5a80000,0x00000000d5aa8000,0x00000000d5b80000)
  to   space 512K, 0% used [0x00000000d5c00000,0x00000000d5c00000,0x00000000d5c80000)
 ParOldGen       total 200192K, used 199792K [0x0000000080000000, 0x000000008c380000, 0x00000000d5580000)
  object space 200192K, 99% used [0x0000000080000000,0x000000008c31c018,0x000000008c380000)
 Metaspace       used 73580K, committed 75008K, reserved 1179648K
  class space    used 6999K, committed 7616K, reserved 1048576K
}
Event: 58.573 GC heap after
{Heap after GC invocations=253 (full 3):
 PSYoungGen      total 5120K, used 288K [0x00000000d5580000, 0x00000000d5c80000, 0x0000000100000000)
  eden space 4608K, 0% used [0x00000000d5580000,0x00000000d5580000,0x00000000d5a00000)
  from space 512K, 56% used [0x00000000d5c00000,0x00000000d5c48000,0x00000000d5c80000)
  to   space 512K, 0% used [0x00000000d5b80000,0x00000000d5b80000,0x00000000d5c00000)
 ParOldGen       total 200192K, used 199832K [0x0000000080000000, 0x000000008c380000, 0x00000000d5580000)
  object space 200192K, 99% used [0x0000000080000000,0x000000008c326018,0x000000008c380000)
 Metaspace       used 73580K, committed 75008K, reserved 1179648K
  class space    used 6999K, committed 7616K, reserved 1048576K
}
Event: 59.175 GC heap before
{Heap before GC invocations=254 (full 3):
 PSYoungGen      total 5120K, used 4895K [0x00000000d5580000, 0x00000000d5c80000, 0x0000000100000000)
  eden space 4608K, 99% used [0x00000000d5580000,0x00000000d59fffc8,0x00000000d5a00000)
  from space 512K, 56% used [0x00000000d5c00000,0x00000000d5c48000,0x00000000d5c80000)
  to   space 512K, 0% used [0x00000000d5b80000,0x00000000d5b80000,0x00000000d5c00000)
 ParOldGen       total 200192K, used 199832K [0x0000000080000000, 0x000000008c380000, 0x00000000d5580000)
  object space 200192K, 99% used [0x0000000080000000,0x000000008c326018,0x000000008c380000)
 Metaspace       used 73743K, committed 75136K, reserved 1179648K
  class space    used 7013K, committed 7616K, reserved 1048576K
}
Event: 59.177 GC heap after
{Heap after GC invocations=254 (full 3):
 PSYoungGen      total 5120K, used 352K [0x00000000d5580000, 0x00000000d5c80000, 0x0000000100000000)
  eden space 4608K, 0% used [0x00000000d5580000,0x00000000d5580000,0x00000000d5a00000)
  from space 512K, 68% used [0x00000000d5b80000,0x00000000d5bd8000,0x00000000d5c00000)
  to   space 512K, 0% used [0x00000000d5c00000,0x00000000d5c00000,0x00000000d5c80000)
 ParOldGen       total 200192K, used 199912K [0x0000000080000000, 0x000000008c380000, 0x00000000d5580000)
  object space 200192K, 99% used [0x0000000080000000,0x000000008c33a018,0x000000008c380000)
 Metaspace       used 73743K, committed 75136K, reserved 1179648K
  class space    used 7013K, committed 7616K, reserved 1048576K
}
Event: 62.964 GC heap before
{Heap before GC invocations=255 (full 3):
 PSYoungGen      total 5120K, used 4960K [0x00000000d5580000, 0x00000000d5c80000, 0x0000000100000000)
  eden space 4608K, 100% used [0x00000000d5580000,0x00000000d5a00000,0x00000000d5a00000)
  from space 512K, 68% used [0x00000000d5b80000,0x00000000d5bd8000,0x00000000d5c00000)
  to   space 512K, 0% used [0x00000000d5c00000,0x00000000d5c00000,0x00000000d5c80000)
 ParOldGen       total 200192K, used 199912K [0x0000000080000000, 0x000000008c380000, 0x00000000d5580000)
  object space 200192K, 99% used [0x0000000080000000,0x000000008c33a018,0x000000008c380000)
 Metaspace       used 74063K, committed 75584K, reserved 1179648K
  class space    used 7039K, committed 7744K, reserved 1048576K
}
Event: 62.966 GC heap after
{Heap after GC invocations=255 (full 3):
 PSYoungGen      total 5120K, used 352K [0x00000000d5580000, 0x00000000d5c80000, 0x0000000100000000)
  eden space 4608K, 0% used [0x00000000d5580000,0x00000000d5580000,0x00000000d5a00000)
  from space 512K, 68% used [0x00000000d5c00000,0x00000000d5c58000,0x00000000d5c80000)
  to   space 512K, 0% used [0x00000000d5b80000,0x00000000d5b80000,0x00000000d5c00000)
 ParOldGen       total 200192K, used 200080K [0x0000000080000000, 0x000000008c380000, 0x00000000d5580000)
  object space 200192K, 99% used [0x0000000080000000,0x000000008c364018,0x000000008c380000)
 Metaspace       used 74063K, committed 75584K, reserved 1179648K
  class space    used 7039K, committed 7744K, reserved 1048576K
}
Event: 63.432 GC heap before
{Heap before GC invocations=256 (full 3):
 PSYoungGen      total 5120K, used 4951K [0x00000000d5580000, 0x00000000d5c80000, 0x0000000100000000)
  eden space 4608K, 99% used [0x00000000d5580000,0x00000000d59fdd40,0x00000000d5a00000)
  from space 512K, 68% used [0x00000000d5c00000,0x00000000d5c58000,0x00000000d5c80000)
  to   space 512K, 0% used [0x00000000d5b80000,0x00000000d5b80000,0x00000000d5c00000)
 ParOldGen       total 200192K, used 200080K [0x0000000080000000, 0x000000008c380000, 0x00000000d5580000)
  object space 200192K, 99% used [0x0000000080000000,0x000000008c364018,0x000000008c380000)
 Metaspace       used 74286K, committed 75776K, reserved 1179648K
  class space    used 7059K, committed 7744K, reserved 1048576K
}
Event: 63.435 GC heap after
{Heap after GC invocations=256 (full 3):
 PSYoungGen      total 5120K, used 480K [0x00000000d5580000, 0x00000000d5c80000, 0x0000000100000000)
  eden space 4608K, 0% used [0x00000000d5580000,0x00000000d5580000,0x00000000d5a00000)
  from space 512K, 93% used [0x00000000d5b80000,0x00000000d5bf8020,0x00000000d5c00000)
  to   space 512K, 0% used [0x00000000d5c00000,0x00000000d5c00000,0x00000000d5c80000)
 ParOldGen       total 200704K, used 200292K [0x0000000080000000, 0x000000008c400000, 0x00000000d5580000)
  object space 200704K, 99% used [0x0000000080000000,0x000000008c3992c8,0x000000008c400000)
 Metaspace       used 74286K, committed 75776K, reserved 1179648K
  class space    used 7059K, committed 7744K, reserved 1048576K
}

