# JRE version: OpenJDK Runtime Environment Temurin-21.0.10+7 (21.0.10+7) (build 21.0.10+7-LTS)
# Java VM: OpenJDK 64-Bit Server VM Temurin-21.0.10+7 (21.0.10+7-LTS, mixed mode, sharing, tiered, compressed oops, compressed class ptrs, parallel gc, windows-amd64)
GC Precious Log:
 CardTable entry size: 512
 CPUs: 12 total, 12 available
 Memory: 7518M
 Large Page Support: Disabled
 NUMA Support: Disabled
 Compressed Oops: Enabled (32-bit)
 Alignments: Space 512K, Generation 512K, Heap 2M
 Heap Min Capacity: 100M
 Heap Initial Capacity: 100M
 Heap Max Capacity: 2G
 Pre-touch: Disabled
 Parallel Workers: 10
Heap:
 PSYoungGen      total 9216K, used 8193K [0x00000000d5580000, 0x00000000d6200000, 0x0000000100000000)
  eden space 6656K, 90% used [0x00000000d5580000,0x00000000d5b5f420,0x00000000d5c00000)
  from space 2560K, 85% used [0x00000000d5f80000,0x00000000d61a1228,0x00000000d6200000)
  to   space 2560K, 0% used [0x00000000d5d00000,0x00000000d5d00000,0x00000000d5f80000)
 ParOldGen       total 157696K, used 110533K [0x0000000080000000, 0x0000000089a00000, 0x00000000d5580000)
  object space 157696K, 70% used [0x0000000080000000,0x0000000086bf1478,0x0000000089a00000)
 Metaspace       used 23156K, committed 24128K, reserved 1114112K
  class space    used 2094K, committed 2496K, reserved 1048576K
GC Heap History (20 events):
Event: 97.652 GC heap before
{Heap before GC invocations=110 (full 1):
 PSYoungGen      total 7680K, used 7680K [0x00000000d5580000, 0x00000000d5f80000, 0x0000000100000000)
  eden space 7168K, 100% used [0x00000000d5580000,0x00000000d5c80000,0x00000000d5c80000)
  from space 512K, 100% used [0x00000000d5e00000,0x00000000d5e80000,0x00000000d5e80000)
  to   space 1536K, 0% used [0x00000000d5c80000,0x00000000d5c80000,0x00000000d5e00000)
 ParOldGen       total 157696K, used 105207K [0x0000000080000000, 0x0000000089a00000, 0x00000000d5580000)
  object space 157696K, 66% used [0x0000000080000000,0x00000000866bdca0,0x0000000089a00000)
 Metaspace       used 22396K, committed 23424K, reserved 1114112K
  class space    used 2027K, committed 2432K, reserved 1048576K
}
Event: 97.654 GC heap after
{Heap after GC invocations=110 (full 1):
 PSYoungGen      total 8704K, used 1152K [0x00000000d5580000, 0x00000000d5f80000, 0x0000000100000000)
  eden space 7168K, 0% used [0x00000000d5580000,0x00000000d5580000,0x00000000d5c80000)
  from space 1536K, 75% used [0x00000000d5c80000,0x00000000d5da0000,0x00000000d5e00000)
  to   space 1536K, 0% used [0x00000000d5e00000,0x00000000d5e00000,0x00000000d5f80000)
 ParOldGen       total 157696K, used 105575K [0x0000000080000000, 0x0000000089a00000, 0x00000000d5580000)
  object space 157696K, 66% used [0x0000000080000000,0x0000000086719ca0,0x0000000089a00000)
 Metaspace       used 22396K, committed 23424K, reserved 1114112K
  class space    used 2027K, committed 2432K, reserved 1048576K
}
Event: 98.544 GC heap before
{Heap before GC invocations=111 (full 1):
 PSYoungGen      total 8704K, used 8320K [0x00000000d5580000, 0x00000000d5f80000, 0x0000000100000000)
  eden space 7168K, 100% used [0x00000000d5580000,0x00000000d5c80000,0x00000000d5c80000)
  from space 1536K, 75% used [0x00000000d5c80000,0x00000000d5da0000,0x00000000d5e00000)
  to   space 1536K, 0% used [0x00000000d5e00000,0x00000000d5e00000,0x00000000d5f80000)
 ParOldGen       total 157696K, used 105575K [0x0000000080000000, 0x0000000089a00000, 0x00000000d5580000)
  object space 157696K, 66% used [0x0000000080000000,0x0000000086719ca0,0x0000000089a00000)
 Metaspace       used 22503K, committed 23488K, reserved 1114112K
  class space    used 2036K, committed 2432K, reserved 1048576K
}
Event: 98.547 GC heap after
{Heap after GC invocations=111 (full 1):
 PSYoungGen      total 8192K, used 544K [0x00000000d5580000, 0x00000000d5f00000, 0x0000000100000000)
  eden space 7168K, 0% used [0x00000000d5580000,0x00000000d5580000,0x00000000d5c80000)
  from space 1024K, 53% used [0x00000000d5e00000,0x00000000d5e88020,0x00000000d5f00000)
  to   space 1024K, 0% used [0x00000000d5d00000,0x00000000d5d00000,0x00000000d5e00000)
 ParOldGen       total 157696K, used 106207K [0x0000000080000000, 0x0000000089a00000, 0x00000000d5580000)
  object space 157696K, 67% used [0x0000000080000000,0x00000000867b7ca0,0x0000000089a00000)
 Metaspace       used 22503K, committed 23488K, reserved 1114112K
  class space    used 2036K, committed 2432K, reserved 1048576K
}
Event: 99.547 GC heap before
{Heap before GC invocations=112 (full 1):
 PSYoungGen      total 8192K, used 7604K [0x00000000d5580000, 0x00000000d5f00000, 0x0000000100000000)
  eden space 7168K, 98% used [0x00000000d5580000,0x00000000d5c651c8,0x00000000d5c80000)
  from space 1024K, 53% used [0x00000000d5e00000,0x00000000d5e88020,0x00000000d5f00000)
  to   space 1024K, 0% used [0x00000000d5d00000,0x00000000d5d00000,0x00000000d5e00000)
 ParOldGen       total 157696K, used 106207K [0x0000000080000000, 0x0000000089a00000, 0x00000000d5580000)
  object space 157696K, 67% used [0x0000000080000000,0x00000000867b7ca0,0x0000000089a00000)
 Metaspace       used 22551K, committed 23552K, reserved 1114112K
  class space    used 2040K, committed 2432K, reserved 1048576K
}
Event: 99.552 GC heap after
{Heap after GC invocations=112 (full 1):
 PSYoungGen      total 7680K, used 436K [0x00000000d5580000, 0x00000000d5e80000, 0x0000000100000000)
  eden space 7168K, 0% used [0x00000000d5580000,0x00000000d5580000,0x00000000d5c80000)
  from space 512K, 85% used [0x00000000d5d00000,0x00000000d5d6d200,0x00000000d5d80000)
  to   space 1024K, 0% used [0x00000000d5d80000,0x00000000d5d80000,0x00000000d5e80000)
 ParOldGen       total 157696K, used 106515K [0x0000000080000000, 0x0000000089a00000, 0x00000000d5580000)
  object space 157696K, 67% used [0x0000000080000000,0x0000000086804f30,0x0000000089a00000)
 Metaspace       used 22551K, committed 23552K, reserved 1114112K
  class space    used 2040K, committed 2432K, reserved 1048576K
}
Event: 99.856 GC heap before
{Heap before GC invocations=113 (full 1):
 PSYoungGen      total 7680K, used 7604K [0x00000000d5580000, 0x00000000d5e80000, 0x0000000100000000)
  eden space 7168K, 100% used [0x00000000d5580000,0x00000000d5c80000,0x00000000d5c80000)
  from space 512K, 85% used [0x00000000d5d00000,0x00000000d5d6d200,0x00000000d5d80000)
  to   space 1024K, 0% used [0x00000000d5d80000,0x00000000d5d80000,0x00000000d5e80000)
 ParOldGen       total 157696K, used 106515K [0x0000000080000000, 0x0000000089a00000, 0x00000000d5580000)
  object space 157696K, 67% used [0x0000000080000000,0x0000000086804f30,0x0000000089a00000)
 Metaspace       used 22579K, committed 23552K, reserved 1114112K
  class space    used 2040K, committed 2432K, reserved 1048576K
}
Event: 99.871 GC heap after
{Heap after GC invocations=113 (full 1):
 PSYoungGen      total 7680K, used 436K [0x00000000d5580000, 0x00000000d5e00000, 0x0000000100000000)
  eden space 7168K, 0% used [0x00000000d5580000,0x00000000d5580000,0x00000000d5c80000)
  from space 512K, 85% used [0x00000000d5d80000,0x00000000d5ded220,0x00000000d5e00000)
  to   space 512K, 0% used [0x00000000d5d00000,0x00000000d5d00000,0x00000000d5d80000)
 ParOldGen       total 157696K, used 106719K [0x0000000080000000, 0x0000000089a00000, 0x00000000d5580000)
  object space 157696K, 67% used [0x0000000080000000,0x0000000086837f40,0x0000000089a00000)
 Metaspace       used 22579K, committed 23552K, reserved 1114112K
  class space    used 2040K, committed 2432K, reserved 1048576K
}
Event: 101.034 GC heap before
{Heap before GC invocations=114 (full 1):
 PSYoungGen      total 7680K, used 7604K [0x00000000d5580000, 0x00000000d5e00000, 0x0000000100000000)
  eden space 7168K, 100% used [0x00000000d5580000,0x00000000d5c80000,0x00000000d5c80000)
  from space 512K, 85% used [0x00000000d5d80000,0x00000000d5ded220,0x00000000d5e00000)
  to   space 512K, 0% used [0x00000000d5d00000,0x00000000d5d00000,0x00000000d5d80000)
 ParOldGen       total 157696K, used 106719K [0x0000000080000000, 0x0000000089a00000, 0x00000000d5580000)
  object space 157696K, 67% used [0x0000000080000000,0x0000000086837f40,0x0000000089a00000)
 Metaspace       used 22647K, committed 23616K, reserved 1114112K
  class space    used 2040K, committed 2432K, reserved 1048576K
}
Event: 101.038 GC heap after
{Heap after GC invocations=114 (full 1):
 PSYoungGen      total 7680K, used 224K [0x00000000d5580000, 0x00000000d5e00000, 0x0000000100000000)
  eden space 7168K, 0% used [0x00000000d5580000,0x00000000d5580000,0x00000000d5c80000)
  from space 512K, 43% used [0x00000000d5d00000,0x00000000d5d38000,0x00000000d5d80000)
  to   space 512K, 0% used [0x00000000d5d80000,0x00000000d5d80000,0x00000000d5e00000)
 ParOldGen       total 157696K, used 106863K [0x0000000080000000, 0x0000000089a00000, 0x00000000d5580000)
  object space 157696K, 67% used [0x0000000080000000,0x000000008685bf60,0x0000000089a00000)
 Metaspace       used 22647K, committed 23616K, reserved 1114112K
  class space    used 2040K, committed 2432K, reserved 1048576K
}
Event: 101.340 GC heap before
{Heap before GC invocations=115 (full 1):
 PSYoungGen      total 7680K, used 7391K [0x00000000d5580000, 0x00000000d5e00000, 0x0000000100000000)
  eden space 7168K, 99% used [0x00000000d5580000,0x00000000d5c7ff00,0x00000000d5c80000)
  from space 512K, 43% used [0x00000000d5d00000,0x00000000d5d38000,0x00000000d5d80000)
  to   space 512K, 0% used [0x00000000d5d80000,0x00000000d5d80000,0x00000000d5e00000)
 ParOldGen       total 157696K, used 106863K [0x0000000080000000, 0x0000000089a00000, 0x00000000d5580000)
  object space 157696K, 67% used [0x0000000080000000,0x000000008685bf60,0x0000000089a00000)
 Metaspace       used 22662K, committed 23616K, reserved 1114112K
  class space    used 2040K, committed 2432K, reserved 1048576K
}
Event: 101.343 GC heap after
{Heap after GC invocations=115 (full 1):
 PSYoungGen      total 7680K, used 480K [0x00000000d5580000, 0x00000000d5e80000, 0x0000000100000000)
  eden space 7168K, 0% used [0x00000000d5580000,0x00000000d5580000,0x00000000d5c80000)
  from space 512K, 93% used [0x00000000d5d80000,0x00000000d5df8020,0x00000000d5e00000)
  to   space 1024K, 0% used [0x00000000d5c80000,0x00000000d5c80000,0x00000000d5d80000)
 ParOldGen       total 157696K, used 106967K [0x0000000080000000, 0x0000000089a00000, 0x00000000d5580000)
  object space 157696K, 67% used [0x0000000080000000,0x0000000086875f60,0x0000000089a00000)
 Metaspace       used 22662K, committed 23616K, reserved 1114112K
  class space    used 2040K, committed 2432K, reserved 1048576K
}
Event: 105.099 GC heap before
{Heap before GC invocations=116 (full 1):
 PSYoungGen      total 7680K, used 7648K [0x00000000d5580000, 0x00000000d5e80000, 0x0000000100000000)
  eden space 7168K, 99% used [0x00000000d5580000,0x00000000d5c7ffe8,0x00000000d5c80000)
  from space 512K, 93% used [0x00000000d5d80000,0x00000000d5df8020,0x00000000d5e00000)
  to   space 1024K, 0% used [0x00000000d5c80000,0x00000000d5c80000,0x00000000d5d80000)
 ParOldGen       total 157696K, used 106967K [0x0000000080000000, 0x0000000089a00000, 0x00000000d5580000)
  object space 157696K, 67% used [0x0000000080000000,0x0000000086875f60,0x0000000089a00000)
 Metaspace       used 22777K, committed 23744K, reserved 1114112K
  class space    used 2053K, committed 2432K, reserved 1048576K
}
Event: 105.103 GC heap after
{Heap after GC invocations=116 (full 1):
 PSYoungGen      total 8192K, used 512K [0x00000000d5580000, 0x00000000d5e80000, 0x0000000100000000)
  eden space 7168K, 0% used [0x00000000d5580000,0x00000000d5580000,0x00000000d5c80000)
  from space 1024K, 50% used [0x00000000d5c80000,0x00000000d5d00020,0x00000000d5d80000)
  to   space 1024K, 0% used [0x00000000d5d80000,0x00000000d5d80000,0x00000000d5e80000)
 ParOldGen       total 157696K, used 107111K [0x0000000080000000, 0x0000000089a00000, 0x00000000d5580000)
  object space 157696K, 67% used [0x0000000080000000,0x0000000086899f80,0x0000000089a00000)
 Metaspace       used 22777K, committed 23744K, reserved 1114112K
  class space    used 2053K, committed 2432K, reserved 1048576K
}
Event: 105.901 GC heap before
{Heap before GC invocations=117 (full 1):
 PSYoungGen      total 8192K, used 7680K [0x00000000d5580000, 0x00000000d5e80000, 0x0000000100000000)
  eden space 7168K, 100% used [0x00000000d5580000,0x00000000d5c80000,0x00000000d5c80000)
  from space 1024K, 50% used [0x00000000d5c80000,0x00000000d5d00020,0x00000000d5d80000)
  to   space 1024K, 0% used [0x00000000d5d80000,0x00000000d5d80000,0x00000000d5e80000)
 ParOldGen       total 157696K, used 107111K [0x0000000080000000, 0x0000000089a00000, 0x00000000d5580000)
  object space 157696K, 67% used [0x0000000080000000,0x0000000086899f80,0x0000000089a00000)
 Metaspace       used 22860K, committed 23808K, reserved 1114112K
  class space    used 2062K, committed 2432K, reserved 1048576K
}
Event: 105.906 GC heap after
{Heap after GC invocations=117 (full 1):
 PSYoungGen      total 7680K, used 1022K [0x00000000d5580000, 0x00000000d5f80000, 0x0000000100000000)
  eden space 6656K, 0% used [0x00000000d5580000,0x00000000d5580000,0x00000000d5c00000)
  from space 1024K, 99% used [0x00000000d5d80000,0x00000000d5e7fae8,0x00000000d5e80000)
  to   space 1536K, 0% used [0x00000000d5c00000,0x00000000d5c00000,0x00000000d5d80000)
 ParOldGen       total 157696K, used 107455K [0x0000000080000000, 0x0000000089a00000, 0x00000000d5580000)
  object space 157696K, 68% used [0x0000000080000000,0x00000000868efef0,0x0000000089a00000)
 Metaspace       used 22860K, committed 23808K, reserved 1114112K
  class space    used 2062K, committed 2432K, reserved 1048576K
}
Event: 106.011 GC heap before
{Heap before GC invocations=118 (full 1):
 PSYoungGen      total 7680K, used 7678K [0x00000000d5580000, 0x00000000d5f80000, 0x0000000100000000)
  eden space 6656K, 100% used [0x00000000d5580000,0x00000000d5c00000,0x00000000d5c00000)
  from space 1024K, 99% used [0x00000000d5d80000,0x00000000d5e7fae8,0x00000000d5e80000)
  to   space 1536K, 0% used [0x00000000d5c00000,0x00000000d5c00000,0x00000000d5d80000)
 ParOldGen       total 157696K, used 107455K [0x0000000080000000, 0x0000000089a00000, 0x00000000d5580000)
  object space 157696K, 68% used [0x0000000080000000,0x00000000868efef0,0x0000000089a00000)
 Metaspace       used 22862K, committed 23808K, reserved 1114112K
  class space    used 2062K, committed 2432K, reserved 1048576K
}
Event: 106.014 GC heap after
{Heap after GC invocations=118 (full 1):
 PSYoungGen      total 8192K, used 1515K [0x00000000d5580000, 0x00000000d6300000, 0x0000000100000000)
  eden space 6656K, 0% used [0x00000000d5580000,0x00000000d5580000,0x00000000d5c00000)
  from space 1536K, 98% used [0x00000000d5c00000,0x00000000d5d7af30,0x00000000d5d80000)
  to   space 3584K, 0% used [0x00000000d5f80000,0x00000000d5f80000,0x00000000d6300000)
 ParOldGen       total 157696K, used 109027K [0x0000000080000000, 0x0000000089a00000, 0x00000000d5580000)
  object space 157696K, 69% used [0x0000000080000000,0x0000000086a78c58,0x0000000089a00000)
 Metaspace       used 22862K, committed 23808K, reserved 1114112K
  class space    used 2062K, committed 2432K, reserved 1048576K
}
Event: 108.524 GC heap before
{Heap before GC invocations=119 (full 1):
 PSYoungGen      total 8192K, used 8171K [0x00000000d5580000, 0x00000000d6300000, 0x0000000100000000)
  eden space 6656K, 100% used [0x00000000d5580000,0x00000000d5c00000,0x00000000d5c00000)
  from space 1536K, 98% used [0x00000000d5c00000,0x00000000d5d7af30,0x00000000d5d80000)
  to   space 3584K, 0% used [0x00000000d5f80000,0x00000000d5f80000,0x00000000d6300000)
 ParOldGen       total 157696K, used 109027K [0x0000000080000000, 0x0000000089a00000, 0x00000000d5580000)
  object space 157696K, 69% used [0x0000000080000000,0x0000000086a78c58,0x0000000089a00000)
 Metaspace       used 22951K, committed 23936K, reserved 1114112K
  class space    used 2079K, committed 2432K, reserved 1048576K
}
Event: 108.531 GC heap after
{Heap after GC invocations=119 (full 1):
 PSYoungGen      total 9216K, used 2180K [0x00000000d5580000, 0x00000000d6200000, 0x0000000100000000)
  eden space 6656K, 0% used [0x00000000d5580000,0x00000000d5580000,0x00000000d5c00000)
  from space 2560K, 85% used [0x00000000d5f80000,0x00000000d61a1228,0x00000000d6200000)
  to   space 2560K, 0% used [0x00000000d5d00000,0x00000000d5d00000,0x00000000d5f80000)
 ParOldGen       total 157696K, used 110533K [0x0000000080000000, 0x0000000089a00000, 0x00000000d5580000)
  object space 157696K, 70% used [0x0000000080000000,0x0000000086bf1478,0x0000000089a00000)
 Metaspace       used 22951K, committed 23936K, reserved 1114112K
  class space    used 2079K, committed 2432K, reserved 1048576K
}

