# JRE version: OpenJDK Runtime Environment Temurin-21.0.10+7 (21.0.10+7) (build 21.0.10+7-LTS)
# Java VM: OpenJDK 64-Bit Server VM Temurin-21.0.10+7 (21.0.10+7-LTS, mixed mode, sharing, tiered, compressed oops, compressed class ptrs, parallel gc, windows-amd64)
GC Precious Log:
 CardTable entry size: 512
 CPUs: 12 total, 12 available
 Memory: 7518M
 Large Page Support: Disabled
 NUMA Support: Disabled
 Compressed Oops: Enabled (32-bit)
 Alignments: Space 512K, Generation 512K, Heap 2M
 Heap Min Capacity: 100M
 Heap Initial Capacity: 100M
 Heap Max Capacity: 2G
 Pre-touch: Disabled
 Parallel Workers: 10
Heap:
 PSYoungGen      total 11264K, used 8897K [0x00000000d5580000, 0x00000000d6600000, 0x0000000100000000)
  eden space 10240K, 77% used [0x00000000d5580000,0x00000000d5d38690,0x00000000d5f80000)
  from space 1024K, 96% used [0x00000000d6500000,0x00000000d65f8020,0x00000000d6600000)
  to   space 2560K, 0% used [0x00000000d6100000,0x00000000d6100000,0x00000000d6380000)
 ParOldGen       total 184320K, used 184190K [0x0000000080000000, 0x000000008b400000, 0x00000000d5580000)
  object space 184320K, 99% used [0x0000000080000000,0x000000008b3dfb18,0x000000008b400000)
 Metaspace       used 31549K, committed 32832K, reserved 1114112K
  class space    used 2963K, committed 3520K, reserved 1048576K
GC Heap History (20 events):
Event: 1056.988 GC heap before
{Heap before GC invocations=102 (full 1):
 PSYoungGen      total 16896K, used 16692K [0x00000000d5580000, 0x00000000d6800000, 0x0000000100000000)
  eden space 15872K, 100% used [0x00000000d5580000,0x00000000d6500000,0x00000000d6500000)
  from space 1024K, 80% used [0x00000000d6700000,0x00000000d67cd220,0x00000000d6800000)
  to   space 1024K, 0% used [0x00000000d6580000,0x00000000d6580000,0x00000000d6680000)
 ParOldGen       total 168960K, used 168511K [0x0000000080000000, 0x000000008a500000, 0x00000000d5580000)
  object space 168960K, 99% used [0x0000000080000000,0x000000008a48fd98,0x000000008a500000)
 Metaspace       used 29952K, committed 31168K, reserved 1114112K
  class space    used 2830K, committed 3328K, reserved 1048576K
}
Event: 1056.994 GC heap after
{Heap after GC invocations=102 (full 1):
 PSYoungGen      total 16896K, used 992K [0x00000000d5580000, 0x00000000d6c00000, 0x0000000100000000)
  eden space 15872K, 0% used [0x00000000d5580000,0x00000000d5580000,0x00000000d6500000)
  from space 1024K, 96% used [0x00000000d6580000,0x00000000d6678020,0x00000000d6680000)
  to   space 3584K, 0% used [0x00000000d6880000,0x00000000d6880000,0x00000000d6c00000)
 ParOldGen       total 170496K, used 170338K [0x0000000080000000, 0x000000008a680000, 0x00000000d5580000)
  object space 170496K, 99% used [0x0000000080000000,0x000000008a658ba0,0x000000008a680000)
 Metaspace       used 29952K, committed 31168K, reserved 1114112K
  class space    used 2830K, committed 3328K, reserved 1048576K
}
Event: 1448.816 GC heap before
{Heap before GC invocations=103 (full 1):
 PSYoungGen      total 16896K, used 16864K [0x00000000d5580000, 0x00000000d6c00000, 0x0000000100000000)
  eden space 15872K, 100% used [0x00000000d5580000,0x00000000d6500000,0x00000000d6500000)
  from space 1024K, 96% used [0x00000000d6580000,0x00000000d6678020,0x00000000d6680000)
  to   space 3584K, 0% used [0x00000000d6880000,0x00000000d6880000,0x00000000d6c00000)
 ParOldGen       total 170496K, used 170338K [0x0000000080000000, 0x000000008a680000, 0x00000000d5580000)
  object space 170496K, 99% used [0x0000000080000000,0x000000008a658ba0,0x000000008a680000)
 Metaspace       used 30237K, committed 31424K, reserved 1114112K
  class space    used 2838K, committed 3328K, reserved 1048576K
}
Event: 1448.892 GC heap after
{Heap after GC invocations=103 (full 1):
 PSYoungGen      total 16896K, used 674K [0x00000000d5580000, 0x00000000d6980000, 0x0000000100000000)
  eden space 15872K, 0% used [0x00000000d5580000,0x00000000d5580000,0x00000000d6500000)
  from space 1024K, 65% used [0x00000000d6880000,0x00000000d6928820,0x00000000d6980000)
  to   space 1536K, 0% used [0x00000000d6680000,0x00000000d6680000,0x00000000d6800000)
 ParOldGen       total 171520K, used 171328K [0x0000000080000000, 0x000000008a780000, 0x00000000d5580000)
  object space 171520K, 99% used [0x0000000080000000,0x000000008a750360,0x000000008a780000)
 Metaspace       used 30237K, committed 31424K, reserved 1114112K
  class space    used 2838K, committed 3328K, reserved 1048576K
}
Event: 2396.577 GC heap before
{Heap before GC invocations=104 (full 1):
 PSYoungGen      total 16896K, used 16546K [0x00000000d5580000, 0x00000000d6980000, 0x0000000100000000)
  eden space 15872K, 100% used [0x00000000d5580000,0x00000000d6500000,0x00000000d6500000)
  from space 1024K, 65% used [0x00000000d6880000,0x00000000d6928820,0x00000000d6980000)
  to   space 1536K, 0% used [0x00000000d6680000,0x00000000d6680000,0x00000000d6800000)
 ParOldGen       total 171520K, used 171328K [0x0000000080000000, 0x000000008a780000, 0x00000000d5580000)
  object space 171520K, 99% used [0x0000000080000000,0x000000008a750360,0x000000008a780000)
 Metaspace       used 30850K, committed 32064K, reserved 1114112K
  class space    used 2921K, committed 3456K, reserved 1048576K
}
Event: 2396.621 GC heap after
{Heap after GC invocations=104 (full 1):
 PSYoungGen      total 17408K, used 692K [0x00000000d5580000, 0x00000000d6900000, 0x0000000100000000)
  eden space 15872K, 0% used [0x00000000d5580000,0x00000000d5580000,0x00000000d6500000)
  from space 1536K, 45% used [0x00000000d6680000,0x00000000d672d260,0x00000000d6800000)
  to   space 1024K, 0% used [0x00000000d6800000,0x00000000d6800000,0x00000000d6900000)
 ParOldGen       total 172032K, used 171760K [0x0000000080000000, 0x000000008a800000, 0x00000000d5580000)
  object space 172032K, 99% used [0x0000000080000000,0x000000008a7bc280,0x000000008a800000)
 Metaspace       used 30850K, committed 32064K, reserved 1114112K
  class space    used 2921K, committed 3456K, reserved 1048576K
}
Event: 2397.246 GC heap before
{Heap before GC invocations=105 (full 1):
 PSYoungGen      total 17408K, used 16564K [0x00000000d5580000, 0x00000000d6900000, 0x0000000100000000)
  eden space 15872K, 100% used [0x00000000d5580000,0x00000000d6500000,0x00000000d6500000)
  from space 1536K, 45% used [0x00000000d6680000,0x00000000d672d260,0x00000000d6800000)
  to   space 1024K, 0% used [0x00000000d6800000,0x00000000d6800000,0x00000000d6900000)
 ParOldGen       total 172032K, used 171760K [0x0000000080000000, 0x000000008a800000, 0x00000000d5580000)
  object space 172032K, 99% used [0x0000000080000000,0x000000008a7bc280,0x000000008a800000)
 Metaspace       used 30929K, committed 32128K, reserved 1114112K
  class space    used 2930K, committed 3456K, reserved 1048576K
}
Event: 2397.250 GC heap after
{Heap after GC invocations=105 (full 1):
 PSYoungGen      total 16384K, used 352K [0x00000000d5580000, 0x00000000d6880000, 0x0000000100000000)
  eden space 15872K, 0% used [0x00000000d5580000,0x00000000d5580000,0x00000000d6500000)
  from space 512K, 68% used [0x00000000d6800000,0x00000000d6858000,0x00000000d6880000)
  to   space 512K, 0% used [0x00000000d6780000,0x00000000d6780000,0x00000000d6800000)
 ParOldGen       total 172544K, used 172202K [0x0000000080000000, 0x000000008a880000, 0x00000000d5580000)
  object space 172544K, 99% used [0x0000000080000000,0x000000008a82abf8,0x000000008a880000)
 Metaspace       used 30929K, committed 32128K, reserved 1114112K
  class space    used 2930K, committed 3456K, reserved 1048576K
}
Event: 2443.060 GC heap before
{Heap before GC invocations=106 (full 1):
 PSYoungGen      total 16384K, used 16224K [0x00000000d5580000, 0x00000000d6880000, 0x0000000100000000)
  eden space 15872K, 100% used [0x00000000d5580000,0x00000000d6500000,0x00000000d6500000)
  from space 512K, 68% used [0x00000000d6800000,0x00000000d6858000,0x00000000d6880000)
  to   space 512K, 0% used [0x00000000d6780000,0x00000000d6780000,0x00000000d6800000)
 ParOldGen       total 172544K, used 172202K [0x0000000080000000, 0x000000008a880000, 0x00000000d5580000)
  object space 172544K, 99% used [0x0000000080000000,0x000000008a82abf8,0x000000008a880000)
 Metaspace       used 31064K, committed 32256K, reserved 1114112K
  class space    used 2940K, committed 3456K, reserved 1048576K
}
Event: 2443.071 GC heap after
{Heap after GC invocations=106 (full 1):
 PSYoungGen      total 16384K, used 491K [0x00000000d5580000, 0x00000000d6a00000, 0x0000000100000000)
  eden space 15872K, 0% used [0x00000000d5580000,0x00000000d5580000,0x00000000d6500000)
  from space 512K, 95% used [0x00000000d6780000,0x00000000d67facc8,0x00000000d6800000)
  to   space 2048K, 0% used [0x00000000d6800000,0x00000000d6800000,0x00000000d6a00000)
 ParOldGen       total 174080K, used 173667K [0x0000000080000000, 0x000000008aa00000, 0x00000000d5580000)
  object space 174080K, 99% used [0x0000000080000000,0x000000008a998d48,0x000000008aa00000)
 Metaspace       used 31064K, committed 32256K, reserved 1114112K
  class space    used 2940K, committed 3456K, reserved 1048576K
}
Event: 2443.789 GC heap before
{Heap before GC invocations=107 (full 1):
 PSYoungGen      total 16384K, used 16363K [0x00000000d5580000, 0x00000000d6a00000, 0x0000000100000000)
  eden space 15872K, 100% used [0x00000000d5580000,0x00000000d6500000,0x00000000d6500000)
  from space 512K, 95% used [0x00000000d6780000,0x00000000d67facc8,0x00000000d6800000)
  to   space 2048K, 0% used [0x00000000d6800000,0x00000000d6800000,0x00000000d6a00000)
 ParOldGen       total 174080K, used 173667K [0x0000000080000000, 0x000000008aa00000, 0x00000000d5580000)
  object space 174080K, 99% used [0x0000000080000000,0x000000008a998d48,0x000000008aa00000)
 Metaspace       used 31140K, committed 32384K, reserved 1114112K
  class space    used 2944K, committed 3520K, reserved 1048576K
}
Event: 2443.799 GC heap after
{Heap after GC invocations=107 (full 1):
 PSYoungGen      total 12288K, used 2034K [0x00000000d5580000, 0x00000000d7600000, 0x0000000100000000)
  eden space 10240K, 0% used [0x00000000d5580000,0x00000000d5580000,0x00000000d5f80000)
  from space 2048K, 99% used [0x00000000d6800000,0x00000000d69fcb00,0x00000000d6a00000)
  to   space 8704K, 0% used [0x00000000d5f80000,0x00000000d5f80000,0x00000000d6800000)
 ParOldGen       total 179200K, used 179031K [0x0000000080000000, 0x000000008af00000, 0x00000000d5580000)
  object space 179200K, 99% used [0x0000000080000000,0x000000008aed5fe8,0x000000008af00000)
 Metaspace       used 31140K, committed 32384K, reserved 1114112K
  class space    used 2944K, committed 3520K, reserved 1048576K
}
Event: 2444.512 GC heap before
{Heap before GC invocations=108 (full 1):
 PSYoungGen      total 12288K, used 12274K [0x00000000d5580000, 0x00000000d7600000, 0x0000000100000000)
  eden space 10240K, 100% used [0x00000000d5580000,0x00000000d5f80000,0x00000000d5f80000)
  from space 2048K, 99% used [0x00000000d6800000,0x00000000d69fcb00,0x00000000d6a00000)
  to   space 8704K, 0% used [0x00000000d5f80000,0x00000000d5f80000,0x00000000d6800000)
 ParOldGen       total 179200K, used 179031K [0x0000000080000000, 0x000000008af00000, 0x00000000d5580000)
  object space 179200K, 99% used [0x0000000080000000,0x000000008aed5fe8,0x000000008af00000)
 Metaspace       used 31282K, committed 32576K, reserved 1114112K
  class space    used 2962K, committed 3520K, reserved 1048576K
}
Event: 2444.516 GC heap after
{Heap after GC invocations=108 (full 1):
 PSYoungGen      total 11264K, used 608K [0x00000000d5580000, 0x00000000d6880000, 0x0000000100000000)
  eden space 10240K, 0% used [0x00000000d5580000,0x00000000d5580000,0x00000000d5f80000)
  from space 1024K, 59% used [0x00000000d5f80000,0x00000000d6018000,0x00000000d6080000)
  to   space 3072K, 0% used [0x00000000d6580000,0x00000000d6580000,0x00000000d6880000)
 ParOldGen       total 181248K, used 181106K [0x0000000080000000, 0x000000008b100000, 0x00000000d5580000)
  object space 181248K, 99% used [0x0000000080000000,0x000000008b0dcae8,0x000000008b100000)
 Metaspace       used 31282K, committed 32576K, reserved 1114112K
  class space    used 2962K, committed 3520K, reserved 1048576K
}
Event: 2444.635 GC heap before
{Heap before GC invocations=109 (full 1):
 PSYoungGen      total 11264K, used 10848K [0x00000000d5580000, 0x00000000d6880000, 0x0000000100000000)
  eden space 10240K, 100% used [0x00000000d5580000,0x00000000d5f80000,0x00000000d5f80000)
  from space 1024K, 59% used [0x00000000d5f80000,0x00000000d6018000,0x00000000d6080000)
  to   space 3072K, 0% used [0x00000000d6580000,0x00000000d6580000,0x00000000d6880000)
 ParOldGen       total 181248K, used 181106K [0x0000000080000000, 0x000000008b100000, 0x00000000d5580000)
  object space 181248K, 99% used [0x0000000080000000,0x000000008b0dcae8,0x000000008b100000)
 Metaspace       used 31327K, committed 32640K, reserved 1114112K
  class space    used 2962K, committed 3520K, reserved 1048576K
}
Event: 2444.648 GC heap after
{Heap after GC invocations=109 (full 1):
 PSYoungGen      total 12288K, used 1657K [0x00000000d5580000, 0x00000000d6780000, 0x0000000100000000)
  eden space 10240K, 0% used [0x00000000d5580000,0x00000000d5580000,0x00000000d5f80000)
  from space 2048K, 80% used [0x00000000d6580000,0x00000000d671e410,0x00000000d6780000)
  to   space 2048K, 0% used [0x00000000d6380000,0x00000000d6380000,0x00000000d6580000)
 ParOldGen       total 181760K, used 181596K [0x0000000080000000, 0x000000008b180000, 0x00000000d5580000)
  object space 181760K, 99% used [0x0000000080000000,0x000000008b1571c8,0x000000008b180000)
 Metaspace       used 31327K, committed 32640K, reserved 1114112K
  class space    used 2962K, committed 3520K, reserved 1048576K
}
Event: 2462.213 GC heap before
{Heap before GC invocations=110 (full 1):
 PSYoungGen      total 12288K, used 11897K [0x00000000d5580000, 0x00000000d6780000, 0x0000000100000000)
  eden space 10240K, 100% used [0x00000000d5580000,0x00000000d5f80000,0x00000000d5f80000)
  from space 2048K, 80% used [0x00000000d6580000,0x00000000d671e410,0x00000000d6780000)
  to   space 2048K, 0% used [0x00000000d6380000,0x00000000d6380000,0x00000000d6580000)
 ParOldGen       total 181760K, used 181596K [0x0000000080000000, 0x000000008b180000, 0x00000000d5580000)
  object space 181760K, 99% used [0x0000000080000000,0x000000008b1571c8,0x000000008b180000)
 Metaspace       used 31434K, committed 32704K, reserved 1114112K
  class space    used 2962K, committed 3520K, reserved 1048576K
}
Event: 2462.221 GC heap after
{Heap after GC invocations=110 (full 1):
 PSYoungGen      total 11776K, used 1194K [0x00000000d5580000, 0x00000000d6600000, 0x0000000100000000)
  eden space 10240K, 0% used [0x00000000d5580000,0x00000000d5580000,0x00000000d5f80000)
  from space 1536K, 77% used [0x00000000d6380000,0x00000000d64aa910,0x00000000d6500000)
  to   space 1024K, 0% used [0x00000000d6500000,0x00000000d6500000,0x00000000d6600000)
 ParOldGen       total 183296K, used 183049K [0x0000000080000000, 0x000000008b300000, 0x00000000d5580000)
  object space 183296K, 99% used [0x0000000080000000,0x000000008b2c2618,0x000000008b300000)
 Metaspace       used 31434K, committed 32704K, reserved 1114112K
  class space    used 2962K, committed 3520K, reserved 1048576K
}
Event: 2462.341 GC heap before
{Heap before GC invocations=111 (full 1):
 PSYoungGen      total 11776K, used 11434K [0x00000000d5580000, 0x00000000d6600000, 0x0000000100000000)
  eden space 10240K, 100% used [0x00000000d5580000,0x00000000d5f80000,0x00000000d5f80000)
  from space 1536K, 77% used [0x00000000d6380000,0x00000000d64aa910,0x00000000d6500000)
  to   space 1024K, 0% used [0x00000000d6500000,0x00000000d6500000,0x00000000d6600000)
 ParOldGen       total 183296K, used 183049K [0x0000000080000000, 0x000000008b300000, 0x00000000d5580000)
  object space 183296K, 99% used [0x0000000080000000,0x000000008b2c2618,0x000000008b300000)
 Metaspace       used 31492K, committed 32768K, reserved 1114112K
  class space    used 2962K, committed 3520K, reserved 1048576K
}
Event: 2462.350 GC heap after
{Heap after GC invocations=111 (full 1):
 PSYoungGen      total 11264K, used 992K [0x00000000d5580000, 0x00000000d6600000, 0x0000000100000000)
  eden space 10240K, 0% used [0x00000000d5580000,0x00000000d5580000,0x00000000d5f80000)
  from space 1024K, 96% used [0x00000000d6500000,0x00000000d65f8020,0x00000000d6600000)
  to   space 2560K, 0% used [0x00000000d6100000,0x00000000d6100000,0x00000000d6380000)
 ParOldGen       total 184320K, used 184190K [0x0000000080000000, 0x000000008b400000, 0x00000000d5580000)
  object space 184320K, 99% used [0x0000000080000000,0x000000008b3dfb18,0x000000008b400000)
 Metaspace       used 31492K, committed 32768K, reserved 1114112K
  class space    used 2962K, committed 3520K, reserved 1048576K
}

