# JRE version: OpenJDK Runtime Environment Temurin-21.0.10+7 (21.0.10+7) (build 21.0.10+7-LTS)
# Java VM: OpenJDK 64-Bit Server VM Temurin-21.0.10+7 (21.0.10+7-LTS, mixed mode, sharing, tiered, compressed oops, compressed class ptrs, parallel gc, windows-amd64)
GC Precious Log:
 CardTable entry size: 512
 CPUs: 12 total, 12 available
 Memory: 7518M
 Large Page Support: Disabled
 NUMA Support: Disabled
 Compressed Oops: Enabled (32-bit)
 Alignments: Space 512K, Generation 512K, Heap 2M
 Heap Min Capacity: 100M
 Heap Initial Capacity: 100M
 Heap Max Capacity: 2G
 Pre-touch: Disabled
 Parallel Workers: 10
Heap:
 PSYoungGen      total 23040K, used 6015K [0x00000000d5580000, 0x00000000d7080000, 0x0000000100000000)
  eden space 21504K, 21% used [0x00000000d5580000,0x00000000d5a11038,0x00000000d6a80000)
  from space 1536K, 87% used [0x00000000d6f00000,0x00000000d704ee98,0x00000000d7080000)
  to   space 1536K, 0% used [0x00000000d6d80000,0x00000000d6d80000,0x00000000d6f00000)
 ParOldGen       total 68608K, used 30095K [0x0000000080000000, 0x0000000084300000, 0x00000000d5580000)
  object space 68608K, 43% used [0x0000000080000000,0x0000000081d63fa0,0x0000000084300000)
 Metaspace       used 15429K, committed 16320K, reserved 1114112K
  class space    used 1406K, committed 1728K, reserved 1048576K
GC Heap History (20 events):
Event: 7.628 GC heap before
{Heap before GC invocations=9 (full 0):
 PSYoungGen      total 27648K, used 27620K [0x00000000d5580000, 0x00000000d7780000, 0x0000000100000000)
  eden space 23552K, 100% used [0x00000000d5580000,0x00000000d6c80000,0x00000000d6c80000)
  from space 4096K, 99% used [0x00000000d7300000,0x00000000d76f9130,0x00000000d7700000)
  to   space 5632K, 0% used [0x00000000d6c80000,0x00000000d6c80000,0x00000000d7200000)
 ParOldGen       total 68608K, used 11031K [0x0000000080000000, 0x0000000084300000, 0x00000000d5580000)
  object space 68608K, 16% used [0x0000000080000000,0x0000000080ac5f50,0x0000000084300000)
 Metaspace       used 11398K, committed 11968K, reserved 1114112K
  class space    used 1024K, committed 1280K, reserved 1048576K
}
Event: 7.633 GC heap after
{Heap after GC invocations=9 (full 0):
 PSYoungGen      total 27648K, used 4360K [0x00000000d5580000, 0x00000000d7600000, 0x0000000100000000)
  eden space 23040K, 0% used [0x00000000d5580000,0x00000000d5580000,0x00000000d6c00000)
  from space 4608K, 94% used [0x00000000d6c80000,0x00000000d70c2288,0x00000000d7100000)
  to   space 5120K, 0% used [0x00000000d7100000,0x00000000d7100000,0x00000000d7600000)
 ParOldGen       total 68608K, used 12718K [0x0000000080000000, 0x0000000084300000, 0x00000000d5580000)
  object space 68608K, 18% used [0x0000000080000000,0x0000000080c6b950,0x0000000084300000)
 Metaspace       used 11398K, committed 11968K, reserved 1114112K
  class space    used 1024K, committed 1280K, reserved 1048576K
}
Event: 7.922 GC heap before
{Heap before GC invocations=10 (full 0):
 PSYoungGen      total 27648K, used 27400K [0x00000000d5580000, 0x00000000d7600000, 0x0000000100000000)
  eden space 23040K, 100% used [0x00000000d5580000,0x00000000d6c00000,0x00000000d6c00000)
  from space 4608K, 94% used [0x00000000d6c80000,0x00000000d70c2288,0x00000000d7100000)
  to   space 5120K, 0% used [0x00000000d7100000,0x00000000d7100000,0x00000000d7600000)
 ParOldGen       total 68608K, used 12718K [0x0000000080000000, 0x0000000084300000, 0x00000000d5580000)
  object space 68608K, 18% used [0x0000000080000000,0x0000000080c6b950,0x0000000084300000)
 Metaspace       used 11847K, committed 12544K, reserved 1114112K
  class space    used 1056K, committed 1344K, reserved 1048576K
}
Event: 7.927 GC heap after
{Heap after GC invocations=10 (full 0):
 PSYoungGen      total 26112K, used 3115K [0x00000000d5580000, 0x00000000d7480000, 0x0000000100000000)
  eden space 22528K, 0% used [0x00000000d5580000,0x00000000d5580000,0x00000000d6b80000)
  from space 3584K, 86% used [0x00000000d7100000,0x00000000d740ae50,0x00000000d7480000)
  to   space 4096K, 0% used [0x00000000d6c80000,0x00000000d6c80000,0x00000000d7080000)
 ParOldGen       total 68608K, used 14983K [0x0000000080000000, 0x0000000084300000, 0x00000000d5580000)
  object space 68608K, 21% used [0x0000000080000000,0x0000000080ea1e10,0x0000000084300000)
 Metaspace       used 11847K, committed 12544K, reserved 1114112K
  class space    used 1056K, committed 1344K, reserved 1048576K
}
Event: 8.193 GC heap before
{Heap before GC invocations=11 (full 0):
 PSYoungGen      total 26112K, used 25634K [0x00000000d5580000, 0x00000000d7480000, 0x0000000100000000)
  eden space 22528K, 99% used [0x00000000d5580000,0x00000000d6b7dbf0,0x00000000d6b80000)
  from space 3584K, 86% used [0x00000000d7100000,0x00000000d740ae50,0x00000000d7480000)
  to   space 4096K, 0% used [0x00000000d6c80000,0x00000000d6c80000,0x00000000d7080000)
 ParOldGen       total 68608K, used 14983K [0x0000000080000000, 0x0000000084300000, 0x00000000d5580000)
  object space 68608K, 21% used [0x0000000080000000,0x0000000080ea1e10,0x0000000084300000)
 Metaspace       used 12227K, committed 12928K, reserved 1114112K
  class space    used 1089K, committed 1408K, reserved 1048576K
}
Event: 8.197 GC heap after
{Heap after GC invocations=11 (full 0):
 PSYoungGen      total 24576K, used 2155K [0x00000000d5580000, 0x00000000d7180000, 0x0000000100000000)
  eden space 22016K, 0% used [0x00000000d5580000,0x00000000d5580000,0x00000000d6b00000)
  from space 2560K, 84% used [0x00000000d6c80000,0x00000000d6e9ac30,0x00000000d6f00000)
  to   space 2560K, 0% used [0x00000000d6f00000,0x00000000d6f00000,0x00000000d7180000)
 ParOldGen       total 68608K, used 17970K [0x0000000080000000, 0x0000000084300000, 0x00000000d5580000)
  object space 68608K, 26% used [0x0000000080000000,0x000000008118ca10,0x0000000084300000)
 Metaspace       used 12227K, committed 12928K, reserved 1114112K
  class space    used 1089K, committed 1408K, reserved 1048576K
}
Event: 8.325 GC heap before
{Heap before GC invocations=12 (full 0):
 PSYoungGen      total 24576K, used 24171K [0x00000000d5580000, 0x00000000d7180000, 0x0000000100000000)
  eden space 22016K, 100% used [0x00000000d5580000,0x00000000d6b00000,0x00000000d6b00000)
  from space 2560K, 84% used [0x00000000d6c80000,0x00000000d6e9ac30,0x00000000d6f00000)
  to   space 2560K, 0% used [0x00000000d6f00000,0x00000000d6f00000,0x00000000d7180000)
 ParOldGen       total 68608K, used 17970K [0x0000000080000000, 0x0000000084300000, 0x00000000d5580000)
  object space 68608K, 26% used [0x0000000080000000,0x000000008118ca10,0x0000000084300000)
 Metaspace       used 12506K, committed 13184K, reserved 1114112K
  class space    used 1129K, committed 1408K, reserved 1048576K
}
Event: 8.329 GC heap after
{Heap after GC invocations=12 (full 0):
 PSYoungGen      total 24576K, used 2080K [0x00000000d5580000, 0x00000000d7180000, 0x0000000100000000)
  eden space 22016K, 0% used [0x00000000d5580000,0x00000000d5580000,0x00000000d6b00000)
  from space 2560K, 81% used [0x00000000d6f00000,0x00000000d7108000,0x00000000d7180000)
  to   space 2560K, 0% used [0x00000000d6c80000,0x00000000d6c80000,0x00000000d6f00000)
 ParOldGen       total 68608K, used 19547K [0x0000000080000000, 0x0000000084300000, 0x00000000d5580000)
  object space 68608K, 28% used [0x0000000080000000,0x0000000081316d40,0x0000000084300000)
 Metaspace       used 12506K, committed 13184K, reserved 1114112K
  class space    used 1129K, committed 1408K, reserved 1048576K
}
Event: 8.461 GC heap before
{Heap before GC invocations=13 (full 0):
 PSYoungGen      total 24576K, used 24096K [0x00000000d5580000, 0x00000000d7180000, 0x0000000100000000)
  eden space 22016K, 100% used [0x00000000d5580000,0x00000000d6b00000,0x00000000d6b00000)
  from space 2560K, 81% used [0x00000000d6f00000,0x00000000d7108000,0x00000000d7180000)
  to   space 2560K, 0% used [0x00000000d6c80000,0x00000000d6c80000,0x00000000d6f00000)
 ParOldGen       total 68608K, used 19547K [0x0000000080000000, 0x0000000084300000, 0x00000000d5580000)
  object space 68608K, 28% used [0x0000000080000000,0x0000000081316d40,0x0000000084300000)
 Metaspace       used 12873K, committed 13632K, reserved 1114112K
  class space    used 1171K, committed 1472K, reserved 1048576K
}
Event: 8.464 GC heap after
{Heap after GC invocations=13 (full 0):
 PSYoungGen      total 23552K, used 1328K [0x00000000d5580000, 0x00000000d6f80000, 0x0000000100000000)
  eden space 22016K, 0% used [0x00000000d5580000,0x00000000d5580000,0x00000000d6b00000)
  from space 1536K, 86% used [0x00000000d6c80000,0x00000000d6dcc210,0x00000000d6e00000)
  to   space 1536K, 0% used [0x00000000d6e00000,0x00000000d6e00000,0x00000000d6f80000)
 ParOldGen       total 68608K, used 21420K [0x0000000080000000, 0x0000000084300000, 0x00000000d5580000)
  object space 68608K, 31% used [0x0000000080000000,0x00000000814eb040,0x0000000084300000)
 Metaspace       used 12873K, committed 13632K, reserved 1114112K
  class space    used 1171K, committed 1472K, reserved 1048576K
}
Event: 8.647 GC heap before
{Heap before GC invocations=14 (full 0):
 PSYoungGen      total 23552K, used 23344K [0x00000000d5580000, 0x00000000d6f80000, 0x0000000100000000)
  eden space 22016K, 100% used [0x00000000d5580000,0x00000000d6b00000,0x00000000d6b00000)
  from space 1536K, 86% used [0x00000000d6c80000,0x00000000d6dcc210,0x00000000d6e00000)
  to   space 1536K, 0% used [0x00000000d6e00000,0x00000000d6e00000,0x00000000d6f80000)
 ParOldGen       total 68608K, used 21420K [0x0000000080000000, 0x0000000084300000, 0x00000000d5580000)
  object space 68608K, 31% used [0x0000000080000000,0x00000000814eb040,0x0000000084300000)
 Metaspace       used 13304K, committed 14080K, reserved 1114112K
  class space    used 1203K, committed 1536K, reserved 1048576K
}
Event: 8.650 GC heap after
{Heap after GC invocations=14 (full 0):
 PSYoungGen      total 23040K, used 1533K [0x00000000d5580000, 0x00000000d7200000, 0x0000000100000000)
  eden space 21504K, 0% used [0x00000000d5580000,0x00000000d5580000,0x00000000d6a80000)
  from space 1536K, 99% used [0x00000000d6e00000,0x00000000d6f7f620,0x00000000d6f80000)
  to   space 3584K, 0% used [0x00000000d6a80000,0x00000000d6a80000,0x00000000d6e00000)
 ParOldGen       total 68608K, used 22714K [0x0000000080000000, 0x0000000084300000, 0x00000000d5580000)
  object space 68608K, 33% used [0x0000000080000000,0x000000008162e960,0x0000000084300000)
 Metaspace       used 13304K, committed 14080K, reserved 1114112K
  class space    used 1203K, committed 1536K, reserved 1048576K
}
Event: 8.829 GC heap before
{Heap before GC invocations=15 (full 0):
 PSYoungGen      total 23040K, used 23020K [0x00000000d5580000, 0x00000000d7200000, 0x0000000100000000)
  eden space 21504K, 99% used [0x00000000d5580000,0x00000000d6a7bca8,0x00000000d6a80000)
  from space 1536K, 99% used [0x00000000d6e00000,0x00000000d6f7f620,0x00000000d6f80000)
  to   space 3584K, 0% used [0x00000000d6a80000,0x00000000d6a80000,0x00000000d6e00000)
 ParOldGen       total 68608K, used 22714K [0x0000000080000000, 0x0000000084300000, 0x00000000d5580000)
  object space 68608K, 33% used [0x0000000080000000,0x000000008162e960,0x0000000084300000)
 Metaspace       used 13571K, committed 14400K, reserved 1114112K
  class space    used 1212K, committed 1536K, reserved 1048576K
}
Event: 8.832 GC heap after
{Heap after GC invocations=15 (full 0):
 PSYoungGen      total 25088K, used 3570K [0x00000000d5580000, 0x00000000d7680000, 0x0000000100000000)
  eden space 21504K, 0% used [0x00000000d5580000,0x00000000d5580000,0x00000000d6a80000)
  from space 3584K, 99% used [0x00000000d6a80000,0x00000000d6dfc8b8,0x00000000d6e00000)
  to   space 6144K, 0% used [0x00000000d7080000,0x00000000d7080000,0x00000000d7680000)
 ParOldGen       total 68608K, used 24717K [0x0000000080000000, 0x0000000084300000, 0x00000000d5580000)
  object space 68608K, 36% used [0x0000000080000000,0x00000000818234e0,0x0000000084300000)
 Metaspace       used 13571K, committed 14400K, reserved 1114112K
  class space    used 1212K, committed 1536K, reserved 1048576K
}
Event: 9.065 GC heap before
{Heap before GC invocations=16 (full 0):
 PSYoungGen      total 25088K, used 25074K [0x00000000d5580000, 0x00000000d7680000, 0x0000000100000000)
  eden space 21504K, 100% used [0x00000000d5580000,0x00000000d6a80000,0x00000000d6a80000)
  from space 3584K, 99% used [0x00000000d6a80000,0x00000000d6dfc8b8,0x00000000d6e00000)
  to   space 6144K, 0% used [0x00000000d7080000,0x00000000d7080000,0x00000000d7680000)
 ParOldGen       total 68608K, used 24717K [0x0000000080000000, 0x0000000084300000, 0x00000000d5580000)
  object space 68608K, 36% used [0x0000000080000000,0x00000000818234e0,0x0000000084300000)
 Metaspace       used 13954K, committed 14720K, reserved 1114112K
  class space    used 1238K, committed 1536K, reserved 1048576K
}
Event: 9.068 GC heap after
{Heap after GC invocations=16 (full 0):
 PSYoungGen      total 22528K, used 864K [0x00000000d5580000, 0x00000000d7180000, 0x0000000100000000)
  eden space 21504K, 0% used [0x00000000d5580000,0x00000000d5580000,0x00000000d6a80000)
  from space 1024K, 84% used [0x00000000d7080000,0x00000000d7158000,0x00000000d7180000)
  to   space 3072K, 0% used [0x00000000d6b80000,0x00000000d6b80000,0x00000000d6e80000)
 ParOldGen       total 68608K, used 28255K [0x0000000080000000, 0x0000000084300000, 0x00000000d5580000)
  object space 68608K, 41% used [0x0000000080000000,0x0000000081b97d80,0x0000000084300000)
 Metaspace       used 13954K, committed 14720K, reserved 1114112K
  class space    used 1238K, committed 1536K, reserved 1048576K
}
Event: 9.429 GC heap before
{Heap before GC invocations=17 (full 0):
 PSYoungGen      total 22528K, used 22368K [0x00000000d5580000, 0x00000000d7180000, 0x0000000100000000)
  eden space 21504K, 100% used [0x00000000d5580000,0x00000000d6a80000,0x00000000d6a80000)
  from space 1024K, 84% used [0x00000000d7080000,0x00000000d7158000,0x00000000d7180000)
  to   space 3072K, 0% used [0x00000000d6b80000,0x00000000d6b80000,0x00000000d6e80000)
 ParOldGen       total 68608K, used 28255K [0x0000000080000000, 0x0000000084300000, 0x00000000d5580000)
  object space 68608K, 41% used [0x0000000080000000,0x0000000081b97d80,0x0000000084300000)
 Metaspace       used 14380K, committed 15168K, reserved 1114112K
  class space    used 1284K, committed 1600K, reserved 1048576K
}
Event: 9.431 GC heap after
{Heap after GC invocations=17 (full 0):
 PSYoungGen      total 24576K, used 1408K [0x00000000d5580000, 0x00000000d7100000, 0x0000000100000000)
  eden space 21504K, 0% used [0x00000000d5580000,0x00000000d5580000,0x00000000d6a80000)
  from space 3072K, 45% used [0x00000000d6b80000,0x00000000d6ce0000,0x00000000d6e80000)
  to   space 2048K, 0% used [0x00000000d6f00000,0x00000000d6f00000,0x00000000d7100000)
 ParOldGen       total 68608K, used 28891K [0x0000000080000000, 0x0000000084300000, 0x00000000d5580000)
  object space 68608K, 42% used [0x0000000080000000,0x0000000081c36f90,0x0000000084300000)
 Metaspace       used 14380K, committed 15168K, reserved 1114112K
  class space    used 1284K, committed 1600K, reserved 1048576K
}
Event: 9.785 GC heap before
{Heap before GC invocations=18 (full 0):
 PSYoungGen      total 24576K, used 22912K [0x00000000d5580000, 0x00000000d7100000, 0x0000000100000000)
  eden space 21504K, 100% used [0x00000000d5580000,0x00000000d6a80000,0x00000000d6a80000)
  from space 3072K, 45% used [0x00000000d6b80000,0x00000000d6ce0000,0x00000000d6e80000)
  to   space 2048K, 0% used [0x00000000d6f00000,0x00000000d6f00000,0x00000000d7100000)
 ParOldGen       total 68608K, used 28891K [0x0000000080000000, 0x0000000084300000, 0x00000000d5580000)
  object space 68608K, 42% used [0x0000000080000000,0x0000000081c36f90,0x0000000084300000)
 Metaspace       used 15293K, committed 16064K, reserved 1114112K
  class space    used 1395K, committed 1728K, reserved 1048576K
}
Event: 9.789 GC heap after
{Heap after GC invocations=18 (full 0):
 PSYoungGen      total 23040K, used 1339K [0x00000000d5580000, 0x00000000d7080000, 0x0000000100000000)
  eden space 21504K, 0% used [0x00000000d5580000,0x00000000d5580000,0x00000000d6a80000)
  from space 1536K, 87% used [0x00000000d6f00000,0x00000000d704ee98,0x00000000d7080000)
  to   space 1536K, 0% used [0x00000000d6d80000,0x00000000d6d80000,0x00000000d6f00000)
 ParOldGen       total 68608K, used 30095K [0x0000000080000000, 0x0000000084300000, 0x00000000d5580000)
  object space 68608K, 43% used [0x0000000080000000,0x0000000081d63fa0,0x0000000084300000)
 Metaspace       used 15293K, committed 16064K, reserved 1114112K
  class space    used 1395K, committed 1728K, reserved 1048576K
}

