# JRE version: OpenJDK Runtime Environment Temurin-21.0.10+7 (21.0.10+7) (build 21.0.10+7-LTS)
# Java VM: OpenJDK 64-Bit Server VM Temurin-21.0.10+7 (21.0.10+7-LTS, mixed mode, sharing, tiered, compressed oops, compressed class ptrs, parallel gc, windows-amd64)
GC Precious Log:
 CardTable entry size: 512
 CPUs: 12 total, 12 available
 Memory: 7518M
 Large Page Support: Disabled
 NUMA Support: Disabled
 Compressed Oops: Enabled (32-bit)
 Alignments: Space 512K, Generation 512K, Heap 2M
 Heap Min Capacity: 100M
 Heap Initial Capacity: 100M
 Heap Max Capacity: 2G
 Pre-touch: Disabled
 Parallel Workers: 10
Heap:
 PSYoungGen      total 15360K, used 8033K [0x00000000d5580000, 0x00000000d6600000, 0x0000000100000000)
  eden space 14848K, 50% used [0x00000000d5580000,0x00000000d5cd8998,0x00000000d6400000)
  from space 512K, 99% used [0x00000000d6500000,0x00000000d657faa8,0x00000000d6580000)
  to   space 512K, 0% used [0x00000000d6580000,0x00000000d6580000,0x00000000d6600000)
 ParOldGen       total 139776K, used 116596K [0x0000000080000000, 0x0000000088880000, 0x00000000d5580000)
  object space 139776K, 83% used [0x0000000080000000,0x00000000871dd3f8,0x0000000088880000)
 Metaspace       used 25952K, committed 27200K, reserved 1114112K
  class space    used 2319K, committed 2880K, reserved 1048576K
GC Heap History (20 events):
Event: 34.811 GC heap before
{Heap before GC invocations=87 (full 1):
 PSYoungGen      total 17408K, used 17127K [0x00000000d5580000, 0x00000000d6880000, 0x0000000100000000)
  eden space 15360K, 100% used [0x00000000d5580000,0x00000000d6480000,0x00000000d6480000)
  from space 2048K, 86% used [0x00000000d6480000,0x00000000d6639e70,0x00000000d6680000)
  to   space 2048K, 0% used [0x00000000d6680000,0x00000000d6680000,0x00000000d6880000)
 ParOldGen       total 139776K, used 111193K [0x0000000080000000, 0x0000000088880000, 0x00000000d5580000)
  object space 139776K, 79% used [0x0000000080000000,0x0000000086c965c0,0x0000000088880000)
 Metaspace       used 22174K, committed 23232K, reserved 1114112K
  class space    used 2042K, committed 2496K, reserved 1048576K
}
Event: 34.814 GC heap after
{Heap after GC invocations=87 (full 1):
 PSYoungGen      total 16896K, used 1293K [0x00000000d5580000, 0x00000000d6800000, 0x0000000100000000)
  eden space 15360K, 0% used [0x00000000d5580000,0x00000000d5580000,0x00000000d6480000)
  from space 1536K, 84% used [0x00000000d6680000,0x00000000d67c3530,0x00000000d6800000)
  to   space 1536K, 0% used [0x00000000d6500000,0x00000000d6500000,0x00000000d6680000)
 ParOldGen       total 139776K, used 112654K [0x0000000080000000, 0x0000000088880000, 0x00000000d5580000)
  object space 139776K, 80% used [0x0000000080000000,0x0000000086e03ba0,0x0000000088880000)
 Metaspace       used 22174K, committed 23232K, reserved 1114112K
  class space    used 2042K, committed 2496K, reserved 1048576K
}
Event: 34.965 GC heap before
{Heap before GC invocations=88 (full 1):
 PSYoungGen      total 16896K, used 16653K [0x00000000d5580000, 0x00000000d6800000, 0x0000000100000000)
  eden space 15360K, 100% used [0x00000000d5580000,0x00000000d6480000,0x00000000d6480000)
  from space 1536K, 84% used [0x00000000d6680000,0x00000000d67c3530,0x00000000d6800000)
  to   space 1536K, 0% used [0x00000000d6500000,0x00000000d6500000,0x00000000d6680000)
 ParOldGen       total 139776K, used 112654K [0x0000000080000000, 0x0000000088880000, 0x00000000d5580000)
  object space 139776K, 80% used [0x0000000080000000,0x0000000086e03ba0,0x0000000088880000)
 Metaspace       used 22218K, committed 23296K, reserved 1114112K
  class space    used 2048K, committed 2496K, reserved 1048576K
}
Event: 34.970 GC heap after
{Heap after GC invocations=88 (full 1):
 PSYoungGen      total 16896K, used 1251K [0x00000000d5580000, 0x00000000d6780000, 0x0000000100000000)
  eden space 15360K, 0% used [0x00000000d5580000,0x00000000d5580000,0x00000000d6480000)
  from space 1536K, 81% used [0x00000000d6500000,0x00000000d6638d50,0x00000000d6680000)
  to   space 1024K, 0% used [0x00000000d6680000,0x00000000d6680000,0x00000000d6780000)
 ParOldGen       total 139776K, used 113339K [0x0000000080000000, 0x0000000088880000, 0x00000000d5580000)
  object space 139776K, 81% used [0x0000000080000000,0x0000000086eaed18,0x0000000088880000)
 Metaspace       used 22218K, committed 23296K, reserved 1114112K
  class space    used 2048K, committed 2496K, reserved 1048576K
}
Event: 35.054 GC heap before
{Heap before GC invocations=89 (full 1):
 PSYoungGen      total 16896K, used 16611K [0x00000000d5580000, 0x00000000d6780000, 0x0000000100000000)
  eden space 15360K, 100% used [0x00000000d5580000,0x00000000d6480000,0x00000000d6480000)
  from space 1536K, 81% used [0x00000000d6500000,0x00000000d6638d50,0x00000000d6680000)
  to   space 1024K, 0% used [0x00000000d6680000,0x00000000d6680000,0x00000000d6780000)
 ParOldGen       total 139776K, used 113339K [0x0000000080000000, 0x0000000088880000, 0x00000000d5580000)
  object space 139776K, 81% used [0x0000000080000000,0x0000000086eaed18,0x0000000088880000)
 Metaspace       used 22632K, committed 23744K, reserved 1114112K
  class space    used 2077K, committed 2560K, reserved 1048576K
}
Event: 35.056 GC heap after
{Heap after GC invocations=89 (full 1):
 PSYoungGen      total 15872K, used 416K [0x00000000d5580000, 0x00000000d6700000, 0x0000000100000000)
  eden space 15360K, 0% used [0x00000000d5580000,0x00000000d5580000,0x00000000d6480000)
  from space 512K, 81% used [0x00000000d6680000,0x00000000d66e8000,0x00000000d6700000)
  to   space 1024K, 0% used [0x00000000d6500000,0x00000000d6500000,0x00000000d6600000)
 ParOldGen       total 139776K, used 113679K [0x0000000080000000, 0x0000000088880000, 0x00000000d5580000)
  object space 139776K, 81% used [0x0000000080000000,0x0000000086f03d48,0x0000000088880000)
 Metaspace       used 22632K, committed 23744K, reserved 1114112K
  class space    used 2077K, committed 2560K, reserved 1048576K
}
Event: 35.315 GC heap before
{Heap before GC invocations=90 (full 1):
 PSYoungGen      total 15872K, used 15776K [0x00000000d5580000, 0x00000000d6700000, 0x0000000100000000)
  eden space 15360K, 100% used [0x00000000d5580000,0x00000000d6480000,0x00000000d6480000)
  from space 512K, 81% used [0x00000000d6680000,0x00000000d66e8000,0x00000000d6700000)
  to   space 1024K, 0% used [0x00000000d6500000,0x00000000d6500000,0x00000000d6600000)
 ParOldGen       total 139776K, used 113679K [0x0000000080000000, 0x0000000088880000, 0x00000000d5580000)
  object space 139776K, 81% used [0x0000000080000000,0x0000000086f03d48,0x0000000088880000)
 Metaspace       used 23651K, committed 24768K, reserved 1114112K
  class space    used 2167K, committed 2624K, reserved 1048576K
}
Event: 35.317 GC heap after
{Heap after GC invocations=90 (full 1):
 PSYoungGen      total 16384K, used 596K [0x00000000d5580000, 0x00000000d6700000, 0x0000000100000000)
  eden space 15360K, 0% used [0x00000000d5580000,0x00000000d5580000,0x00000000d6480000)
  from space 1024K, 58% used [0x00000000d6500000,0x00000000d6595278,0x00000000d6600000)
  to   space 1024K, 0% used [0x00000000d6600000,0x00000000d6600000,0x00000000d6700000)
 ParOldGen       total 139776K, used 113896K [0x0000000080000000, 0x0000000088880000, 0x00000000d5580000)
  object space 139776K, 81% used [0x0000000080000000,0x0000000086f3a1b8,0x0000000088880000)
 Metaspace       used 23651K, committed 24768K, reserved 1114112K
  class space    used 2167K, committed 2624K, reserved 1048576K
}
Event: 35.695 GC heap before
{Heap before GC invocations=91 (full 1):
 PSYoungGen      total 16384K, used 15956K [0x00000000d5580000, 0x00000000d6700000, 0x0000000100000000)
  eden space 15360K, 100% used [0x00000000d5580000,0x00000000d6480000,0x00000000d6480000)
  from space 1024K, 58% used [0x00000000d6500000,0x00000000d6595278,0x00000000d6600000)
  to   space 1024K, 0% used [0x00000000d6600000,0x00000000d6600000,0x00000000d6700000)
 ParOldGen       total 139776K, used 113896K [0x0000000080000000, 0x0000000088880000, 0x00000000d5580000)
  object space 139776K, 81% used [0x0000000080000000,0x0000000086f3a1b8,0x0000000088880000)
 Metaspace       used 24696K, committed 25792K, reserved 1114112K
  class space    used 2253K, committed 2752K, reserved 1048576K
}
Event: 35.698 GC heap after
{Heap after GC invocations=91 (full 1):
 PSYoungGen      total 15872K, used 1010K [0x00000000d5580000, 0x00000000d6880000, 0x0000000100000000)
  eden space 14848K, 0% used [0x00000000d5580000,0x00000000d5580000,0x00000000d6400000)
  from space 1024K, 98% used [0x00000000d6600000,0x00000000d66fc810,0x00000000d6700000)
  to   space 2048K, 0% used [0x00000000d6400000,0x00000000d6400000,0x00000000d6600000)
 ParOldGen       total 139776K, used 114693K [0x0000000080000000, 0x0000000088880000, 0x00000000d5580000)
  object space 139776K, 82% used [0x0000000080000000,0x0000000087001458,0x0000000088880000)
 Metaspace       used 24696K, committed 25792K, reserved 1114112K
  class space    used 2253K, committed 2752K, reserved 1048576K
}
Event: 1669.265 GC heap before
{Heap before GC invocations=92 (full 1):
 PSYoungGen      total 15872K, used 15858K [0x00000000d5580000, 0x00000000d6880000, 0x0000000100000000)
  eden space 14848K, 100% used [0x00000000d5580000,0x00000000d6400000,0x00000000d6400000)
  from space 1024K, 98% used [0x00000000d6600000,0x00000000d66fc810,0x00000000d6700000)
  to   space 2048K, 0% used [0x00000000d6400000,0x00000000d6400000,0x00000000d6600000)
 ParOldGen       total 139776K, used 114693K [0x0000000080000000, 0x0000000088880000, 0x00000000d5580000)
  object space 139776K, 82% used [0x0000000080000000,0x0000000087001458,0x0000000088880000)
 Metaspace       used 25235K, committed 26432K, reserved 1114112K
  class space    used 2298K, committed 2816K, reserved 1048576K
}
Event: 1669.385 GC heap after
{Heap after GC invocations=92 (full 1):
 PSYoungGen      total 15872K, used 512K [0x00000000d5580000, 0x00000000d6680000, 0x0000000100000000)
  eden space 14848K, 0% used [0x00000000d5580000,0x00000000d5580000,0x00000000d6400000)
  from space 1024K, 50% used [0x00000000d6400000,0x00000000d6480040,0x00000000d6500000)
  to   space 1024K, 0% used [0x00000000d6580000,0x00000000d6580000,0x00000000d6680000)
 ParOldGen       total 139776K, used 115552K [0x0000000080000000, 0x0000000088880000, 0x00000000d5580000)
  object space 139776K, 82% used [0x0000000080000000,0x00000000870d8118,0x0000000088880000)
 Metaspace       used 25235K, committed 26432K, reserved 1114112K
  class space    used 2298K, committed 2816K, reserved 1048576K
}
Event: 2029.854 GC heap before
{Heap before GC invocations=93 (full 1):
 PSYoungGen      total 15872K, used 15360K [0x00000000d5580000, 0x00000000d6680000, 0x0000000100000000)
  eden space 14848K, 100% used [0x00000000d5580000,0x00000000d6400000,0x00000000d6400000)
  from space 1024K, 50% used [0x00000000d6400000,0x00000000d6480040,0x00000000d6500000)
  to   space 1024K, 0% used [0x00000000d6580000,0x00000000d6580000,0x00000000d6680000)
 ParOldGen       total 139776K, used 115552K [0x0000000080000000, 0x0000000088880000, 0x00000000d5580000)
  object space 139776K, 82% used [0x0000000080000000,0x00000000870d8118,0x0000000088880000)
 Metaspace       used 25456K, committed 26560K, reserved 1114112K
  class space    used 2304K, committed 2816K, reserved 1048576K
}
Event: 2029.954 GC heap after
{Heap after GC invocations=93 (full 1):
 PSYoungGen      total 15872K, used 512K [0x00000000d5580000, 0x00000000d6680000, 0x0000000100000000)
  eden space 14848K, 0% used [0x00000000d5580000,0x00000000d5580000,0x00000000d6400000)
  from space 1024K, 50% used [0x00000000d6580000,0x00000000d6600060,0x00000000d6680000)
  to   space 1024K, 0% used [0x00000000d6400000,0x00000000d6400000,0x00000000d6500000)
 ParOldGen       total 139776K, used 115888K [0x0000000080000000, 0x0000000088880000, 0x00000000d5580000)
  object space 139776K, 82% used [0x0000000080000000,0x000000008712c158,0x0000000088880000)
 Metaspace       used 25456K, committed 26560K, reserved 1114112K
  class space    used 2304K, committed 2816K, reserved 1048576K
}
Event: 2381.877 GC heap before
{Heap before GC invocations=94 (full 1):
 PSYoungGen      total 15872K, used 15360K [0x00000000d5580000, 0x00000000d6680000, 0x0000000100000000)
  eden space 14848K, 100% used [0x00000000d5580000,0x00000000d6400000,0x00000000d6400000)
  from space 1024K, 50% used [0x00000000d6580000,0x00000000d6600060,0x00000000d6680000)
  to   space 1024K, 0% used [0x00000000d6400000,0x00000000d6400000,0x00000000d6500000)
 ParOldGen       total 139776K, used 115888K [0x0000000080000000, 0x0000000088880000, 0x00000000d5580000)
  object space 139776K, 82% used [0x0000000080000000,0x000000008712c158,0x0000000088880000)
 Metaspace       used 25607K, committed 26816K, reserved 1114112K
  class space    used 2311K, committed 2816K, reserved 1048576K
}
Event: 2381.968 GC heap after
{Heap after GC invocations=94 (full 1):
 PSYoungGen      total 15872K, used 384K [0x00000000d5580000, 0x00000000d6600000, 0x0000000100000000)
  eden space 14848K, 0% used [0x00000000d5580000,0x00000000d5580000,0x00000000d6400000)
  from space 1024K, 37% used [0x00000000d6400000,0x00000000d6460020,0x00000000d6500000)
  to   space 512K, 0% used [0x00000000d6580000,0x00000000d6580000,0x00000000d6600000)
 ParOldGen       total 139776K, used 116144K [0x0000000080000000, 0x0000000088880000, 0x00000000d5580000)
  object space 139776K, 83% used [0x0000000080000000,0x000000008716c1b8,0x0000000088880000)
 Metaspace       used 25607K, committed 26816K, reserved 1114112K
  class space    used 2311K, committed 2816K, reserved 1048576K
}
Event: 2734.965 GC heap before
{Heap before GC invocations=95 (full 1):
 PSYoungGen      total 15872K, used 15232K [0x00000000d5580000, 0x00000000d6600000, 0x0000000100000000)
  eden space 14848K, 100% used [0x00000000d5580000,0x00000000d6400000,0x00000000d6400000)
  from space 1024K, 37% used [0x00000000d6400000,0x00000000d6460020,0x00000000d6500000)
  to   space 512K, 0% used [0x00000000d6580000,0x00000000d6580000,0x00000000d6600000)
 ParOldGen       total 139776K, used 116144K [0x0000000080000000, 0x0000000088880000, 0x00000000d5580000)
  object space 139776K, 83% used [0x0000000080000000,0x000000008716c1b8,0x0000000088880000)
 Metaspace       used 25766K, committed 26880K, reserved 1114112K
  class space    used 2311K, committed 2816K, reserved 1048576K
}
Event: 2735.063 GC heap after
{Heap after GC invocations=95 (full 1):
 PSYoungGen      total 15360K, used 384K [0x00000000d5580000, 0x00000000d6600000, 0x0000000100000000)
  eden space 14848K, 0% used [0x00000000d5580000,0x00000000d5580000,0x00000000d6400000)
  from space 512K, 75% used [0x00000000d6580000,0x00000000d65e0020,0x00000000d6600000)
  to   space 512K, 0% used [0x00000000d6500000,0x00000000d6500000,0x00000000d6580000)
 ParOldGen       total 139776K, used 116280K [0x0000000080000000, 0x0000000088880000, 0x00000000d5580000)
  object space 139776K, 83% used [0x0000000080000000,0x000000008718e1d8,0x0000000088880000)
 Metaspace       used 25766K, committed 26880K, reserved 1114112K
  class space    used 2311K, committed 2816K, reserved 1048576K
}
Event: 3043.066 GC heap before
{Heap before GC invocations=96 (full 1):
 PSYoungGen      total 15360K, used 15073K [0x00000000d5580000, 0x00000000d6600000, 0x0000000100000000)
  eden space 14848K, 98% used [0x00000000d5580000,0x00000000d63d87a8,0x00000000d6400000)
  from space 512K, 75% used [0x00000000d6580000,0x00000000d65e0020,0x00000000d6600000)
  to   space 512K, 0% used [0x00000000d6500000,0x00000000d6500000,0x00000000d6580000)
 ParOldGen       total 139776K, used 116280K [0x0000000080000000, 0x0000000088880000, 0x00000000d5580000)
  object space 139776K, 83% used [0x0000000080000000,0x000000008718e1d8,0x0000000088880000)
 Metaspace       used 25903K, committed 27136K, reserved 1114112K
  class space    used 2318K, committed 2880K, reserved 1048576K
}
Event: 3043.162 GC heap after
{Heap after GC invocations=96 (full 1):
 PSYoungGen      total 15360K, used 510K [0x00000000d5580000, 0x00000000d6600000, 0x0000000100000000)
  eden space 14848K, 0% used [0x00000000d5580000,0x00000000d5580000,0x00000000d6400000)
  from space 512K, 99% used [0x00000000d6500000,0x00000000d657faa8,0x00000000d6580000)
  to   space 512K, 0% used [0x00000000d6580000,0x00000000d6580000,0x00000000d6600000)
 ParOldGen       total 139776K, used 116596K [0x0000000080000000, 0x0000000088880000, 0x00000000d5580000)
  object space 139776K, 83% used [0x0000000080000000,0x00000000871dd3f8,0x0000000088880000)
 Metaspace       used 25903K, committed 27136K, reserved 1114112K
  class space    used 2318K, committed 2880K, reserved 1048576K
}

