# JRE version: OpenJDK Runtime Environment Temurin-21.0.10+7 (21.0.10+7) (build 21.0.10+7-LTS)
# Java VM: OpenJDK 64-Bit Server VM Temurin-21.0.10+7 (21.0.10+7-LTS, mixed mode, sharing, tiered, compressed oops, compressed class ptrs, parallel gc, windows-amd64)
GC Precious Log:
 CardTable entry size: 512
 CPUs: 12 total, 12 available
 Memory: 7518M
 Large Page Support: Disabled
 NUMA Support: Disabled
 Compressed Oops: Enabled (32-bit)
 Alignments: Space 512K, Generation 512K, Heap 2M
 Heap Min Capacity: 100M
 Heap Initial Capacity: 100M
 Heap Max Capacity: 2G
 Pre-touch: Disabled
 Parallel Workers: 10
Heap:
 PSYoungGen      total 18432K, used 1024K [0x00000000d5580000, 0x00000000d6880000, 0x0000000100000000)
  eden space 17408K, 0% used [0x00000000d5580000,0x00000000d5580000,0x00000000d6680000)
  from space 1024K, 100% used [0x00000000d6780000,0x00000000d6880000,0x00000000d6880000)
  to   space 1024K, 0% used [0x00000000d6680000,0x00000000d6680000,0x00000000d6780000)
 ParOldGen       total 68608K, used 58904K [0x0000000080000000, 0x0000000084300000, 0x00000000d5580000)
  object space 68608K, 85% used [0x0000000080000000,0x0000000083986298,0x0000000084300000)
 Metaspace       used 19745K, committed 20672K, reserved 1114112K
  class space    used 1828K, committed 2240K, reserved 1048576K
GC Heap History (20 events):
Event: 18.646 GC heap before
{Heap before GC invocations=38 (full 0):
 PSYoungGen      total 18432K, used 18013K [0x00000000d5580000, 0x00000000d6980000, 0x0000000100000000)
  eden space 17408K, 100% used [0x00000000d5580000,0x00000000d6680000,0x00000000d6680000)
  from space 1024K, 59% used [0x00000000d6780000,0x00000000d68175e0,0x00000000d6880000)
  to   space 1024K, 0% used [0x00000000d6880000,0x00000000d6880000,0x00000000d6980000)
 ParOldGen       total 68608K, used 52909K [0x0000000080000000, 0x0000000084300000, 0x00000000d5580000)
  object space 68608K, 77% used [0x0000000080000000,0x00000000833ab578,0x0000000084300000)
 Metaspace       used 19628K, committed 20608K, reserved 1114112K
  class space    used 1826K, committed 2240K, reserved 1048576K
}
Event: 19.659 GC heap after
{Heap after GC invocations=38 (full 0):
 PSYoungGen      total 18432K, used 998K [0x00000000d5580000, 0x00000000d6f00000, 0x0000000100000000)
  eden space 17408K, 0% used [0x00000000d5580000,0x00000000d5580000,0x00000000d6680000)
  from space 1024K, 97% used [0x00000000d6880000,0x00000000d6979868,0x00000000d6980000)
  to   space 2048K, 0% used [0x00000000d6680000,0x00000000d6680000,0x00000000d6880000)
 ParOldGen       total 68608K, used 53367K [0x0000000080000000, 0x0000000084300000, 0x00000000d5580000)
  object space 68608K, 77% used [0x0000000080000000,0x000000008341de08,0x0000000084300000)
 Metaspace       used 19628K, committed 20608K, reserved 1114112K
  class space    used 1826K, committed 2240K, reserved 1048576K
}
Event: 19.802 GC heap before
{Heap before GC invocations=39 (full 0):
 PSYoungGen      total 18432K, used 18406K [0x00000000d5580000, 0x00000000d6f00000, 0x0000000100000000)
  eden space 17408K, 100% used [0x00000000d5580000,0x00000000d6680000,0x00000000d6680000)
  from space 1024K, 97% used [0x00000000d6880000,0x00000000d6979868,0x00000000d6980000)
  to   space 2048K, 0% used [0x00000000d6680000,0x00000000d6680000,0x00000000d6880000)
 ParOldGen       total 68608K, used 53367K [0x0000000080000000, 0x0000000084300000, 0x00000000d5580000)
  object space 68608K, 77% used [0x0000000080000000,0x000000008341de08,0x0000000084300000)
 Metaspace       used 19647K, committed 20608K, reserved 1114112K
  class space    used 1827K, committed 2240K, reserved 1048576K
}
Event: 19.806 GC heap after
{Heap after GC invocations=39 (full 0):
 PSYoungGen      total 18944K, used 1032K [0x00000000d5580000, 0x00000000d6980000, 0x0000000100000000)
  eden space 17408K, 0% used [0x00000000d5580000,0x00000000d5580000,0x00000000d6680000)
  from space 1536K, 67% used [0x00000000d6680000,0x00000000d6782078,0x00000000d6800000)
  to   space 1536K, 0% used [0x00000000d6800000,0x00000000d6800000,0x00000000d6980000)
 ParOldGen       total 68608K, used 54206K [0x0000000080000000, 0x0000000084300000, 0x00000000d5580000)
  object space 68608K, 79% used [0x0000000080000000,0x00000000834ef908,0x0000000084300000)
 Metaspace       used 19647K, committed 20608K, reserved 1114112K
  class space    used 1827K, committed 2240K, reserved 1048576K
}
Event: 19.914 GC heap before
{Heap before GC invocations=40 (full 0):
 PSYoungGen      total 18944K, used 18440K [0x00000000d5580000, 0x00000000d6980000, 0x0000000100000000)
  eden space 17408K, 100% used [0x00000000d5580000,0x00000000d6680000,0x00000000d6680000)
  from space 1536K, 67% used [0x00000000d6680000,0x00000000d6782078,0x00000000d6800000)
  to   space 1536K, 0% used [0x00000000d6800000,0x00000000d6800000,0x00000000d6980000)
 ParOldGen       total 68608K, used 54206K [0x0000000080000000, 0x0000000084300000, 0x00000000d5580000)
  object space 68608K, 79% used [0x0000000080000000,0x00000000834ef908,0x0000000084300000)
 Metaspace       used 19673K, committed 20672K, reserved 1114112K
  class space    used 1827K, committed 2240K, reserved 1048576K
}
Event: 19.917 GC heap after
{Heap after GC invocations=40 (full 0):
 PSYoungGen      total 18432K, used 757K [0x00000000d5580000, 0x00000000d6900000, 0x0000000100000000)
  eden space 17408K, 0% used [0x00000000d5580000,0x00000000d5580000,0x00000000d6680000)
  from space 1024K, 74% used [0x00000000d6800000,0x00000000d68bd710,0x00000000d6900000)
  to   space 1024K, 0% used [0x00000000d6700000,0x00000000d6700000,0x00000000d6800000)
 ParOldGen       total 68608K, used 54747K [0x0000000080000000, 0x0000000084300000, 0x00000000d5580000)
  object space 68608K, 79% used [0x0000000080000000,0x0000000083576c88,0x0000000084300000)
 Metaspace       used 19673K, committed 20672K, reserved 1114112K
  class space    used 1827K, committed 2240K, reserved 1048576K
}
Event: 20.965 GC heap before
{Heap before GC invocations=41 (full 0):
 PSYoungGen      total 18432K, used 18165K [0x00000000d5580000, 0x00000000d6900000, 0x0000000100000000)
  eden space 17408K, 100% used [0x00000000d5580000,0x00000000d6680000,0x00000000d6680000)
  from space 1024K, 74% used [0x00000000d6800000,0x00000000d68bd710,0x00000000d6900000)
  to   space 1024K, 0% used [0x00000000d6700000,0x00000000d6700000,0x00000000d6800000)
 ParOldGen       total 68608K, used 54747K [0x0000000080000000, 0x0000000084300000, 0x00000000d5580000)
  object space 68608K, 79% used [0x0000000080000000,0x0000000083576c88,0x0000000084300000)
 Metaspace       used 19680K, committed 20672K, reserved 1114112K
  class space    used 1827K, committed 2240K, reserved 1048576K
}
Event: 20.967 GC heap after
{Heap after GC invocations=41 (full 0):
 PSYoungGen      total 18432K, used 576K [0x00000000d5580000, 0x00000000d6880000, 0x0000000100000000)
  eden space 17408K, 0% used [0x00000000d5580000,0x00000000d5580000,0x00000000d6680000)
  from space 1024K, 56% used [0x00000000d6700000,0x00000000d6790000,0x00000000d6800000)
  to   space 512K, 0% used [0x00000000d6800000,0x00000000d6800000,0x00000000d6880000)
 ParOldGen       total 68608K, used 55239K [0x0000000080000000, 0x0000000084300000, 0x00000000d5580000)
  object space 68608K, 80% used [0x0000000080000000,0x00000000835f1c68,0x0000000084300000)
 Metaspace       used 19680K, committed 20672K, reserved 1114112K
  class space    used 1827K, committed 2240K, reserved 1048576K
}
Event: 22.014 GC heap before
{Heap before GC invocations=42 (full 0):
 PSYoungGen      total 18432K, used 17984K [0x00000000d5580000, 0x00000000d6880000, 0x0000000100000000)
  eden space 17408K, 100% used [0x00000000d5580000,0x00000000d6680000,0x00000000d6680000)
  from space 1024K, 56% used [0x00000000d6700000,0x00000000d6790000,0x00000000d6800000)
  to   space 512K, 0% used [0x00000000d6800000,0x00000000d6800000,0x00000000d6880000)
 ParOldGen       total 68608K, used 55239K [0x0000000080000000, 0x0000000084300000, 0x00000000d5580000)
  object space 68608K, 80% used [0x0000000080000000,0x00000000835f1c68,0x0000000084300000)
 Metaspace       used 19685K, committed 20672K, reserved 1114112K
  class space    used 1827K, committed 2240K, reserved 1048576K
}
Event: 22.016 GC heap after
{Heap after GC invocations=42 (full 0):
 PSYoungGen      total 17920K, used 495K [0x00000000d5580000, 0x00000000d6880000, 0x0000000100000000)
  eden space 17408K, 0% used [0x00000000d5580000,0x00000000d5580000,0x00000000d6680000)
  from space 512K, 96% used [0x00000000d6800000,0x00000000d687bd70,0x00000000d6880000)
  to   space 1024K, 0% used [0x00000000d6680000,0x00000000d6680000,0x00000000d6780000)
 ParOldGen       total 68608K, used 55649K [0x0000000080000000, 0x0000000084300000, 0x00000000d5580000)
  object space 68608K, 81% used [0x0000000080000000,0x00000000836587d0,0x0000000084300000)
 Metaspace       used 19685K, committed 20672K, reserved 1114112K
  class space    used 1827K, committed 2240K, reserved 1048576K
}
Event: 22.049 GC heap before
{Heap before GC invocations=43 (full 0):
 PSYoungGen      total 17920K, used 17903K [0x00000000d5580000, 0x00000000d6880000, 0x0000000100000000)
  eden space 17408K, 100% used [0x00000000d5580000,0x00000000d6680000,0x00000000d6680000)
  from space 512K, 96% used [0x00000000d6800000,0x00000000d687bd70,0x00000000d6880000)
  to   space 1024K, 0% used [0x00000000d6680000,0x00000000d6680000,0x00000000d6780000)
 ParOldGen       total 68608K, used 55649K [0x0000000080000000, 0x0000000084300000, 0x00000000d5580000)
  object space 68608K, 81% used [0x0000000080000000,0x00000000836587d0,0x0000000084300000)
 Metaspace       used 19700K, committed 20672K, reserved 1114112K
  class space    used 1827K, committed 2240K, reserved 1048576K
}
Event: 22.050 GC heap after
{Heap after GC invocations=43 (full 0):
 PSYoungGen      total 18432K, used 471K [0x00000000d5580000, 0x00000000d6880000, 0x0000000100000000)
  eden space 17408K, 0% used [0x00000000d5580000,0x00000000d5580000,0x00000000d6680000)
  from space 1024K, 46% used [0x00000000d6680000,0x00000000d66f5ce0,0x00000000d6780000)
  to   space 1024K, 0% used [0x00000000d6780000,0x00000000d6780000,0x00000000d6880000)
 ParOldGen       total 68608K, used 56048K [0x0000000080000000, 0x0000000084300000, 0x00000000d5580000)
  object space 68608K, 81% used [0x0000000080000000,0x00000000836bc050,0x0000000084300000)
 Metaspace       used 19700K, committed 20672K, reserved 1114112K
  class space    used 1827K, committed 2240K, reserved 1048576K
}
Event: 22.080 GC heap before
{Heap before GC invocations=44 (full 0):
 PSYoungGen      total 18432K, used 17879K [0x00000000d5580000, 0x00000000d6880000, 0x0000000100000000)
  eden space 17408K, 100% used [0x00000000d5580000,0x00000000d6680000,0x00000000d6680000)
  from space 1024K, 46% used [0x00000000d6680000,0x00000000d66f5ce0,0x00000000d6780000)
  to   space 1024K, 0% used [0x00000000d6780000,0x00000000d6780000,0x00000000d6880000)
 ParOldGen       total 68608K, used 56048K [0x0000000080000000, 0x0000000084300000, 0x00000000d5580000)
  object space 68608K, 81% used [0x0000000080000000,0x00000000836bc050,0x0000000084300000)
 Metaspace       used 19706K, committed 20672K, reserved 1114112K
  class space    used 1827K, committed 2240K, reserved 1048576K
}
Event: 22.082 GC heap after
{Heap after GC invocations=44 (full 0):
 PSYoungGen      total 18432K, used 589K [0x00000000d5580000, 0x00000000d6880000, 0x0000000100000000)
  eden space 17408K, 0% used [0x00000000d5580000,0x00000000d5580000,0x00000000d6680000)
  from space 1024K, 57% used [0x00000000d6780000,0x00000000d6813518,0x00000000d6880000)
  to   space 1024K, 0% used [0x00000000d6680000,0x00000000d6680000,0x00000000d6780000)
 ParOldGen       total 68608K, used 56338K [0x0000000080000000, 0x0000000084300000, 0x00000000d5580000)
  object space 68608K, 82% used [0x0000000080000000,0x0000000083704978,0x0000000084300000)
 Metaspace       used 19706K, committed 20672K, reserved 1114112K
  class space    used 1827K, committed 2240K, reserved 1048576K
}
Event: 23.105 GC heap before
{Heap before GC invocations=45 (full 0):
 PSYoungGen      total 18432K, used 17997K [0x00000000d5580000, 0x00000000d6880000, 0x0000000100000000)
  eden space 17408K, 100% used [0x00000000d5580000,0x00000000d6680000,0x00000000d6680000)
  from space 1024K, 57% used [0x00000000d6780000,0x00000000d6813518,0x00000000d6880000)
  to   space 1024K, 0% used [0x00000000d6680000,0x00000000d6680000,0x00000000d6780000)
 ParOldGen       total 68608K, used 56338K [0x0000000080000000, 0x0000000084300000, 0x00000000d5580000)
  object space 68608K, 82% used [0x0000000080000000,0x0000000083704978,0x0000000084300000)
 Metaspace       used 19719K, committed 20672K, reserved 1114112K
  class space    used 1827K, committed 2240K, reserved 1048576K
}
Event: 23.106 GC heap after
{Heap after GC invocations=45 (full 0):
 PSYoungGen      total 18432K, used 550K [0x00000000d5580000, 0x00000000d6880000, 0x0000000100000000)
  eden space 17408K, 0% used [0x00000000d5580000,0x00000000d5580000,0x00000000d6680000)
  from space 1024K, 53% used [0x00000000d6680000,0x00000000d6709948,0x00000000d6780000)
  to   space 1024K, 0% used [0x00000000d6780000,0x00000000d6780000,0x00000000d6880000)
 ParOldGen       total 68608K, used 56612K [0x0000000080000000, 0x0000000084300000, 0x00000000d5580000)
  object space 68608K, 82% used [0x0000000080000000,0x0000000083749090,0x0000000084300000)
 Metaspace       used 19719K, committed 20672K, reserved 1114112K
  class space    used 1827K, committed 2240K, reserved 1048576K
}
Event: 23.159 GC heap before
{Heap before GC invocations=46 (full 0):
 PSYoungGen      total 18432K, used 17958K [0x00000000d5580000, 0x00000000d6880000, 0x0000000100000000)
  eden space 17408K, 100% used [0x00000000d5580000,0x00000000d6680000,0x00000000d6680000)
  from space 1024K, 53% used [0x00000000d6680000,0x00000000d6709948,0x00000000d6780000)
  to   space 1024K, 0% used [0x00000000d6780000,0x00000000d6780000,0x00000000d6880000)
 ParOldGen       total 68608K, used 56612K [0x0000000080000000, 0x0000000084300000, 0x00000000d5580000)
  object space 68608K, 82% used [0x0000000080000000,0x0000000083749090,0x0000000084300000)
 Metaspace       used 19729K, committed 20672K, reserved 1114112K
  class space    used 1828K, committed 2240K, reserved 1048576K
}
Event: 23.160 GC heap after
{Heap after GC invocations=46 (full 0):
 PSYoungGen      total 18432K, used 776K [0x00000000d5580000, 0x00000000d6880000, 0x0000000100000000)
  eden space 17408K, 0% used [0x00000000d5580000,0x00000000d5580000,0x00000000d6680000)
  from space 1024K, 75% used [0x00000000d6780000,0x00000000d68422a0,0x00000000d6880000)
  to   space 1024K, 0% used [0x00000000d6680000,0x00000000d6680000,0x00000000d6780000)
 ParOldGen       total 68608K, used 56905K [0x0000000080000000, 0x0000000084300000, 0x00000000d5580000)
  object space 68608K, 82% used [0x0000000080000000,0x0000000083792718,0x0000000084300000)
 Metaspace       used 19729K, committed 20672K, reserved 1114112K
  class space    used 1828K, committed 2240K, reserved 1048576K
}
Event: 23.187 GC heap before
{Heap before GC invocations=47 (full 0):
 PSYoungGen      total 18432K, used 18184K [0x00000000d5580000, 0x00000000d6880000, 0x0000000100000000)
  eden space 17408K, 100% used [0x00000000d5580000,0x00000000d6680000,0x00000000d6680000)
  from space 1024K, 75% used [0x00000000d6780000,0x00000000d68422a0,0x00000000d6880000)
  to   space 1024K, 0% used [0x00000000d6680000,0x00000000d6680000,0x00000000d6780000)
 ParOldGen       total 68608K, used 56905K [0x0000000080000000, 0x0000000084300000, 0x00000000d5580000)
  object space 68608K, 82% used [0x0000000080000000,0x0000000083792718,0x0000000084300000)
 Metaspace       used 19738K, committed 20672K, reserved 1114112K
  class space    used 1828K, committed 2240K, reserved 1048576K
}
Event: 25.218 GC heap after
{Heap after GC invocations=47 (full 0):
 PSYoungGen      total 18432K, used 1000K [0x00000000d5580000, 0x00000000d6880000, 0x0000000100000000)
  eden space 17408K, 0% used [0x00000000d5580000,0x00000000d5580000,0x00000000d6680000)
  from space 1024K, 97% used [0x00000000d6680000,0x00000000d677a108,0x00000000d6780000)
  to   space 1024K, 0% used [0x00000000d6780000,0x00000000d6780000,0x00000000d6880000)
 ParOldGen       total 68608K, used 57764K [0x0000000080000000, 0x0000000084300000, 0x00000000d5580000)
  object space 68608K, 84% used [0x0000000080000000,0x0000000083869218,0x0000000084300000)
 Metaspace       used 19738K, committed 20672K, reserved 1114112K
  class space    used 1828K, committed 2240K, reserved 1048576K
}

