# JRE version: OpenJDK Runtime Environment Temurin-21.0.10+7 (21.0.10+7) (build 21.0.10+7-LTS)
# Java VM: OpenJDK 64-Bit Server VM Temurin-21.0.10+7 (21.0.10+7-LTS, mixed mode, sharing, tiered, compressed oops, compressed class ptrs, parallel gc, windows-amd64)
GC Precious Log:
 CardTable entry size: 512
 CPUs: 12 total, 12 available
 Memory: 7518M
 Large Page Support: Disabled
 NUMA Support: Disabled
 Compressed Oops: Enabled (32-bit)
 Alignments: Space 512K, Generation 512K, Heap 2M
 Heap Min Capacity: 100M
 Heap Initial Capacity: 100M
 Heap Max Capacity: 2G
 Pre-touch: Disabled
 Parallel Workers: 10
Heap:
 PSYoungGen      total 12800K, used 2407K [0x00000000d5580000, 0x00000000d6400000, 0x0000000100000000)
  eden space 12288K, 17% used [0x00000000d5580000,0x00000000d5791eb8,0x00000000d6180000)
  from space 512K, 56% used [0x00000000d6300000,0x00000000d6348000,0x00000000d6380000)
  to   space 512K, 0% used [0x00000000d6380000,0x00000000d6380000,0x00000000d6400000)
 ParOldGen       total 70656K, used 70389K [0x0000000080000000, 0x0000000084500000, 0x00000000d5580000)
  object space 70656K, 99% used [0x0000000080000000,0x00000000844bd7a0,0x0000000084500000)
 Metaspace       used 25213K, committed 26240K, reserved 1114112K
  class space    used 2257K, committed 2688K, reserved 1048576K
GC Heap History (20 events):
Event: 26.946 GC heap before
{Heap before GC invocations=81 (full 1):
 PSYoungGen      total 14336K, used 14334K [0x00000000d5580000, 0x00000000d6800000, 0x0000000100000000)
  eden space 12800K, 100% used [0x00000000d5580000,0x00000000d6200000,0x00000000d6200000)
  from space 1536K, 99% used [0x00000000d6200000,0x00000000d637f958,0x00000000d6380000)
  to   space 3072K, 0% used [0x00000000d6500000,0x00000000d6500000,0x00000000d6800000)
 ParOldGen       total 68608K, used 66092K [0x0000000080000000, 0x0000000084300000, 0x00000000d5580000)
  object space 68608K, 96% used [0x0000000080000000,0x000000008408b360,0x0000000084300000)
 Metaspace       used 21714K, committed 22656K, reserved 1114112K
  class space    used 1997K, committed 2368K, reserved 1048576K
}
Event: 26.948 GC heap after
{Heap after GC invocations=81 (full 1):
 PSYoungGen      total 14336K, used 1313K [0x00000000d5580000, 0x00000000d6680000, 0x0000000100000000)
  eden space 12800K, 0% used [0x00000000d5580000,0x00000000d5580000,0x00000000d6200000)
  from space 1536K, 85% used [0x00000000d6500000,0x00000000d6648478,0x00000000d6680000)
  to   space 2048K, 0% used [0x00000000d6280000,0x00000000d6280000,0x00000000d6480000)
 ParOldGen       total 68608K, used 67437K [0x0000000080000000, 0x0000000084300000, 0x00000000d5580000)
  object space 68608K, 98% used [0x0000000080000000,0x00000000841db450,0x0000000084300000)
 Metaspace       used 21714K, committed 22656K, reserved 1114112K
  class space    used 1997K, committed 2368K, reserved 1048576K
}
Event: 27.000 GC heap before
{Heap before GC invocations=82 (full 1):
 PSYoungGen      total 14336K, used 14113K [0x00000000d5580000, 0x00000000d6680000, 0x0000000100000000)
  eden space 12800K, 100% used [0x00000000d5580000,0x00000000d6200000,0x00000000d6200000)
  from space 1536K, 85% used [0x00000000d6500000,0x00000000d6648478,0x00000000d6680000)
  to   space 2048K, 0% used [0x00000000d6280000,0x00000000d6280000,0x00000000d6480000)
 ParOldGen       total 68608K, used 67437K [0x0000000080000000, 0x0000000084300000, 0x00000000d5580000)
  object space 68608K, 98% used [0x0000000080000000,0x00000000841db450,0x0000000084300000)
 Metaspace       used 21734K, committed 22656K, reserved 1114112K
  class space    used 1999K, committed 2368K, reserved 1048576K
}
Event: 27.003 GC heap after
{Heap after GC invocations=82 (full 1):
 PSYoungGen      total 14336K, used 1110K [0x00000000d5580000, 0x00000000d6580000, 0x0000000100000000)
  eden space 12800K, 0% used [0x00000000d5580000,0x00000000d5580000,0x00000000d6200000)
  from space 1536K, 72% used [0x00000000d6280000,0x00000000d63959b8,0x00000000d6400000)
  to   space 1536K, 0% used [0x00000000d6400000,0x00000000d6400000,0x00000000d6580000)
 ParOldGen       total 68608K, used 67542K [0x0000000080000000, 0x0000000084300000, 0x00000000d5580000)
  object space 68608K, 98% used [0x0000000080000000,0x00000000841f58c0,0x0000000084300000)
 Metaspace       used 21734K, committed 22656K, reserved 1114112K
  class space    used 1999K, committed 2368K, reserved 1048576K
}
Event: 27.055 GC heap before
{Heap before GC invocations=83 (full 1):
 PSYoungGen      total 14336K, used 13910K [0x00000000d5580000, 0x00000000d6580000, 0x0000000100000000)
  eden space 12800K, 100% used [0x00000000d5580000,0x00000000d6200000,0x00000000d6200000)
  from space 1536K, 72% used [0x00000000d6280000,0x00000000d63959b8,0x00000000d6400000)
  to   space 1536K, 0% used [0x00000000d6400000,0x00000000d6400000,0x00000000d6580000)
 ParOldGen       total 68608K, used 67542K [0x0000000080000000, 0x0000000084300000, 0x00000000d5580000)
  object space 68608K, 98% used [0x0000000080000000,0x00000000841f58c0,0x0000000084300000)
 Metaspace       used 21737K, committed 22656K, reserved 1114112K
  class space    used 2000K, committed 2368K, reserved 1048576K
}
Event: 27.056 GC heap after
{Heap after GC invocations=83 (full 1):
 PSYoungGen      total 13824K, used 1009K [0x00000000d5580000, 0x00000000d6500000, 0x0000000100000000)
  eden space 12800K, 0% used [0x00000000d5580000,0x00000000d5580000,0x00000000d6200000)
  from space 1024K, 98% used [0x00000000d6400000,0x00000000d64fc740,0x00000000d6500000)
  to   space 1536K, 0% used [0x00000000d6200000,0x00000000d6200000,0x00000000d6380000)
 ParOldGen       total 68608K, used 67590K [0x0000000080000000, 0x0000000084300000, 0x00000000d5580000)
  object space 68608K, 98% used [0x0000000080000000,0x00000000842018c0,0x0000000084300000)
 Metaspace       used 21737K, committed 22656K, reserved 1114112K
  class space    used 2000K, committed 2368K, reserved 1048576K
}
Event: 27.157 GC heap before
{Heap before GC invocations=84 (full 1):
 PSYoungGen      total 13824K, used 13809K [0x00000000d5580000, 0x00000000d6500000, 0x0000000100000000)
  eden space 12800K, 100% used [0x00000000d5580000,0x00000000d6200000,0x00000000d6200000)
  from space 1024K, 98% used [0x00000000d6400000,0x00000000d64fc740,0x00000000d6500000)
  to   space 1536K, 0% used [0x00000000d6200000,0x00000000d6200000,0x00000000d6380000)
 ParOldGen       total 68608K, used 67590K [0x0000000080000000, 0x0000000084300000, 0x00000000d5580000)
  object space 68608K, 98% used [0x0000000080000000,0x00000000842018c0,0x0000000084300000)
 Metaspace       used 22633K, committed 23680K, reserved 1114112K
  class space    used 2079K, committed 2496K, reserved 1048576K
}
Event: 27.159 GC heap after
{Heap after GC invocations=84 (full 1):
 PSYoungGen      total 14336K, used 512K [0x00000000d5580000, 0x00000000d6480000, 0x0000000100000000)
  eden space 12800K, 0% used [0x00000000d5580000,0x00000000d5580000,0x00000000d6200000)
  from space 1536K, 33% used [0x00000000d6200000,0x00000000d6280020,0x00000000d6380000)
  to   space 1024K, 0% used [0x00000000d6380000,0x00000000d6380000,0x00000000d6480000)
 ParOldGen       total 68608K, used 67662K [0x0000000080000000, 0x0000000084300000, 0x00000000d5580000)
  object space 68608K, 98% used [0x0000000080000000,0x00000000842138c0,0x0000000084300000)
 Metaspace       used 22633K, committed 23680K, reserved 1114112K
  class space    used 2079K, committed 2496K, reserved 1048576K
}
Event: 27.480 GC heap before
{Heap before GC invocations=85 (full 1):
 PSYoungGen      total 14336K, used 13312K [0x00000000d5580000, 0x00000000d6480000, 0x0000000100000000)
  eden space 12800K, 100% used [0x00000000d5580000,0x00000000d6200000,0x00000000d6200000)
  from space 1536K, 33% used [0x00000000d6200000,0x00000000d6280020,0x00000000d6380000)
  to   space 1024K, 0% used [0x00000000d6380000,0x00000000d6380000,0x00000000d6480000)
 ParOldGen       total 68608K, used 67662K [0x0000000080000000, 0x0000000084300000, 0x00000000d5580000)
  object space 68608K, 98% used [0x0000000080000000,0x00000000842138c0,0x0000000084300000)
 Metaspace       used 23478K, committed 24512K, reserved 1114112K
  class space    used 2141K, committed 2560K, reserved 1048576K
}
Event: 27.483 GC heap after
{Heap after GC invocations=85 (full 1):
 PSYoungGen      total 13312K, used 1024K [0x00000000d5580000, 0x00000000d6600000, 0x0000000100000000)
  eden space 12288K, 0% used [0x00000000d5580000,0x00000000d5580000,0x00000000d6180000)
  from space 1024K, 100% used [0x00000000d6380000,0x00000000d6480000,0x00000000d6480000)
  to   space 2048K, 0% used [0x00000000d6180000,0x00000000d6180000,0x00000000d6380000)
 ParOldGen       total 68608K, used 68338K [0x0000000080000000, 0x0000000084300000, 0x00000000d5580000)
  object space 68608K, 99% used [0x0000000080000000,0x00000000842bc8f0,0x0000000084300000)
 Metaspace       used 23478K, committed 24512K, reserved 1114112K
  class space    used 2141K, committed 2560K, reserved 1048576K
}
Event: 27.707 GC heap before
{Heap before GC invocations=86 (full 1):
 PSYoungGen      total 13312K, used 13312K [0x00000000d5580000, 0x00000000d6600000, 0x0000000100000000)
  eden space 12288K, 100% used [0x00000000d5580000,0x00000000d6180000,0x00000000d6180000)
  from space 1024K, 100% used [0x00000000d6380000,0x00000000d6480000,0x00000000d6480000)
  to   space 2048K, 0% used [0x00000000d6180000,0x00000000d6180000,0x00000000d6380000)
 ParOldGen       total 68608K, used 68338K [0x0000000080000000, 0x0000000084300000, 0x00000000d5580000)
  object space 68608K, 99% used [0x0000000080000000,0x00000000842bc8f0,0x0000000084300000)
 Metaspace       used 24289K, committed 25280K, reserved 1114112K
  class space    used 2225K, committed 2624K, reserved 1048576K
}
Event: 27.709 GC heap after
{Heap after GC invocations=86 (full 1):
 PSYoungGen      total 14336K, used 1662K [0x00000000d5580000, 0x00000000d6580000, 0x0000000100000000)
  eden space 12288K, 0% used [0x00000000d5580000,0x00000000d5580000,0x00000000d6180000)
  from space 2048K, 81% used [0x00000000d6180000,0x00000000d631f9f8,0x00000000d6380000)
  to   space 2048K, 0% used [0x00000000d6380000,0x00000000d6380000,0x00000000d6580000)
 ParOldGen       total 69120K, used 69101K [0x0000000080000000, 0x0000000084380000, 0x00000000d5580000)
  object space 69120K, 99% used [0x0000000080000000,0x000000008437b5f0,0x0000000084380000)
 Metaspace       used 24289K, committed 25280K, reserved 1114112K
  class space    used 2225K, committed 2624K, reserved 1048576K
}
Event: 143.248 GC heap before
{Heap before GC invocations=87 (full 1):
 PSYoungGen      total 14336K, used 13950K [0x00000000d5580000, 0x00000000d6580000, 0x0000000100000000)
  eden space 12288K, 100% used [0x00000000d5580000,0x00000000d6180000,0x00000000d6180000)
  from space 2048K, 81% used [0x00000000d6180000,0x00000000d631f9f8,0x00000000d6380000)
  to   space 2048K, 0% used [0x00000000d6380000,0x00000000d6380000,0x00000000d6580000)
 ParOldGen       total 69120K, used 69101K [0x0000000080000000, 0x0000000084380000, 0x00000000d5580000)
  object space 69120K, 99% used [0x0000000080000000,0x000000008437b5f0,0x0000000084380000)
 Metaspace       used 24684K, committed 25664K, reserved 1114112K
  class space    used 2244K, committed 2624K, reserved 1048576K
}
Event: 143.307 GC heap after
{Heap after GC invocations=87 (full 1):
 PSYoungGen      total 12800K, used 416K [0x00000000d5580000, 0x00000000d6400000, 0x0000000100000000)
  eden space 12288K, 0% used [0x00000000d5580000,0x00000000d5580000,0x00000000d6180000)
  from space 512K, 81% used [0x00000000d6380000,0x00000000d63e8000,0x00000000d6400000)
  to   space 1024K, 0% used [0x00000000d6200000,0x00000000d6200000,0x00000000d6300000)
 ParOldGen       total 70144K, used 69965K [0x0000000080000000, 0x0000000084480000, 0x00000000d5580000)
  object space 70144K, 99% used [0x0000000080000000,0x00000000844537a0,0x0000000084480000)
 Metaspace       used 24684K, committed 25664K, reserved 1114112K
  class space    used 2244K, committed 2624K, reserved 1048576K
}
Event: 421.364 GC heap before
{Heap before GC invocations=88 (full 1):
 PSYoungGen      total 12800K, used 12703K [0x00000000d5580000, 0x00000000d6400000, 0x0000000100000000)
  eden space 12288K, 99% used [0x00000000d5580000,0x00000000d617ffe8,0x00000000d6180000)
  from space 512K, 81% used [0x00000000d6380000,0x00000000d63e8000,0x00000000d6400000)
  to   space 1024K, 0% used [0x00000000d6200000,0x00000000d6200000,0x00000000d6300000)
 ParOldGen       total 70144K, used 69965K [0x0000000080000000, 0x0000000084480000, 0x00000000d5580000)
  object space 70144K, 99% used [0x0000000080000000,0x00000000844537a0,0x0000000084480000)
 Metaspace       used 24925K, committed 25984K, reserved 1114112K
  class space    used 2251K, committed 2688K, reserved 1048576K
}
Event: 421.410 GC heap after
{Heap after GC invocations=88 (full 1):
 PSYoungGen      total 13312K, used 320K [0x00000000d5580000, 0x00000000d6400000, 0x0000000100000000)
  eden space 12288K, 0% used [0x00000000d5580000,0x00000000d5580000,0x00000000d6180000)
  from space 1024K, 31% used [0x00000000d6200000,0x00000000d6250000,0x00000000d6300000)
  to   space 512K, 0% used [0x00000000d6380000,0x00000000d6380000,0x00000000d6400000)
 ParOldGen       total 70656K, used 70285K [0x0000000080000000, 0x0000000084500000, 0x00000000d5580000)
  object space 70656K, 99% used [0x0000000080000000,0x00000000844a37a0,0x0000000084500000)
 Metaspace       used 24925K, committed 25984K, reserved 1114112K
  class space    used 2251K, committed 2688K, reserved 1048576K
}
Event: 750.078 GC heap before
{Heap before GC invocations=89 (full 1):
 PSYoungGen      total 13312K, used 12608K [0x00000000d5580000, 0x00000000d6400000, 0x0000000100000000)
  eden space 12288K, 100% used [0x00000000d5580000,0x00000000d6180000,0x00000000d6180000)
  from space 1024K, 31% used [0x00000000d6200000,0x00000000d6250000,0x00000000d6300000)
  to   space 512K, 0% used [0x00000000d6380000,0x00000000d6380000,0x00000000d6400000)
 ParOldGen       total 70656K, used 70285K [0x0000000080000000, 0x0000000084500000, 0x00000000d5580000)
  object space 70656K, 99% used [0x0000000080000000,0x00000000844a37a0,0x0000000084500000)
 Metaspace       used 25080K, committed 26176K, reserved 1114112K
  class space    used 2256K, committed 2688K, reserved 1048576K
}
Event: 750.150 GC heap after
{Heap after GC invocations=89 (full 1):
 PSYoungGen      total 12800K, used 320K [0x00000000d5580000, 0x00000000d6400000, 0x0000000100000000)
  eden space 12288K, 0% used [0x00000000d5580000,0x00000000d5580000,0x00000000d6180000)
  from space 512K, 62% used [0x00000000d6380000,0x00000000d63d0000,0x00000000d6400000)
  to   space 512K, 0% used [0x00000000d6300000,0x00000000d6300000,0x00000000d6380000)
 ParOldGen       total 70656K, used 70349K [0x0000000080000000, 0x0000000084500000, 0x00000000d5580000)
  object space 70656K, 99% used [0x0000000080000000,0x00000000844b37a0,0x0000000084500000)
 Metaspace       used 25080K, committed 26176K, reserved 1114112K
  class space    used 2256K, committed 2688K, reserved 1048576K
}
Event: 1030.996 GC heap before
{Heap before GC invocations=90 (full 1):
 PSYoungGen      total 12800K, used 12608K [0x00000000d5580000, 0x00000000d6400000, 0x0000000100000000)
  eden space 12288K, 100% used [0x00000000d5580000,0x00000000d6180000,0x00000000d6180000)
  from space 512K, 62% used [0x00000000d6380000,0x00000000d63d0000,0x00000000d6400000)
  to   space 512K, 0% used [0x00000000d6300000,0x00000000d6300000,0x00000000d6380000)
 ParOldGen       total 70656K, used 70349K [0x0000000080000000, 0x0000000084500000, 0x00000000d5580000)
  object space 70656K, 99% used [0x0000000080000000,0x00000000844b37a0,0x0000000084500000)
 Metaspace       used 25200K, committed 26240K, reserved 1114112K
  class space    used 2257K, committed 2688K, reserved 1048576K
}
Event: 1031.046 GC heap after
{Heap after GC invocations=90 (full 1):
 PSYoungGen      total 12800K, used 288K [0x00000000d5580000, 0x00000000d6400000, 0x0000000100000000)
  eden space 12288K, 0% used [0x00000000d5580000,0x00000000d5580000,0x00000000d6180000)
  from space 512K, 56% used [0x00000000d6300000,0x00000000d6348000,0x00000000d6380000)
  to   space 512K, 0% used [0x00000000d6380000,0x00000000d6380000,0x00000000d6400000)
 ParOldGen       total 70656K, used 70389K [0x0000000080000000, 0x0000000084500000, 0x00000000d5580000)
  object space 70656K, 99% used [0x0000000080000000,0x00000000844bd7a0,0x0000000084500000)
 Metaspace       used 25200K, committed 26240K, reserved 1114112K
  class space    used 2257K, committed 2688K, reserved 1048576K
}

