# JRE version: OpenJDK Runtime Environment Temurin-21.0.10+7 (21.0.10+7) (build 21.0.10+7-LTS)
# Java VM: OpenJDK 64-Bit Server VM Temurin-21.0.10+7 (21.0.10+7-LTS, mixed mode, sharing, tiered, compressed oops, compressed class ptrs, parallel gc, windows-amd64)
GC Precious Log:
 CardTable entry size: 512
 CPUs: 12 total, 12 available
 Memory: 7518M
 Large Page Support: Disabled
 NUMA Support: Disabled
 Compressed Oops: Enabled (32-bit)
 Alignments: Space 512K, Generation 512K, Heap 2M
 Heap Min Capacity: 100M
 Heap Initial Capacity: 100M
 Heap Max Capacity: 2G
 Pre-touch: Disabled
 Parallel Workers: 10
Heap:
 PSYoungGen      total 15360K, used 1563K [0x00000000d5580000, 0x00000000d6580000, 0x0000000100000000)
  eden space 14336K, 6% used [0x00000000d5580000,0x00000000d565acc8,0x00000000d6380000)
  from space 1024K, 67% used [0x00000000d6400000,0x00000000d64ac010,0x00000000d6500000)
  to   space 512K, 0% used [0x00000000d6500000,0x00000000d6500000,0x00000000d6580000)
 ParOldGen       total 76800K, used 76405K [0x0000000080000000, 0x0000000084b00000, 0x00000000d5580000)
  object space 76800K, 99% used [0x0000000080000000,0x0000000084a9d668,0x0000000084b00000)
 Metaspace       used 27401K, committed 28544K, reserved 1114112K
  class space    used 2552K, committed 3072K, reserved 1048576K
GC Heap History (20 events):
Event: 15.243 GC heap before
{Heap before GC invocations=67 (full 1):
 PSYoungGen      total 15872K, used 15328K [0x00000000d5580000, 0x00000000d6600000, 0x0000000100000000)
  eden space 14848K, 100% used [0x00000000d5580000,0x00000000d6400000,0x00000000d6400000)
  from space 1024K, 46% used [0x00000000d6400000,0x00000000d6478000,0x00000000d6500000)
  to   space 1024K, 0% used [0x00000000d6500000,0x00000000d6500000,0x00000000d6600000)
 ParOldGen       total 72192K, used 71773K [0x0000000080000000, 0x0000000084680000, 0x00000000d5580000)
  object space 72192K, 99% used [0x0000000080000000,0x0000000084617700,0x0000000084680000)
 Metaspace       used 26868K, committed 28032K, reserved 1114112K
  class space    used 2532K, committed 3008K, reserved 1048576K
}
Event: 15.244 GC heap after
{Heap after GC invocations=67 (full 1):
 PSYoungGen      total 15360K, used 480K [0x00000000d5580000, 0x00000000d6580000, 0x0000000100000000)
  eden space 14848K, 0% used [0x00000000d5580000,0x00000000d5580000,0x00000000d6400000)
  from space 512K, 93% used [0x00000000d6500000,0x00000000d6578000,0x00000000d6580000)
  to   space 512K, 0% used [0x00000000d6480000,0x00000000d6480000,0x00000000d6500000)
 ParOldGen       total 72192K, used 72154K [0x0000000080000000, 0x0000000084680000, 0x00000000d5580000)
  object space 72192K, 99% used [0x0000000080000000,0x0000000084676900,0x0000000084680000)
 Metaspace       used 26868K, committed 28032K, reserved 1114112K
  class space    used 2532K, committed 3008K, reserved 1048576K
}
Event: 15.272 GC heap before
{Heap before GC invocations=68 (full 1):
 PSYoungGen      total 15360K, used 15328K [0x00000000d5580000, 0x00000000d6580000, 0x0000000100000000)
  eden space 14848K, 100% used [0x00000000d5580000,0x00000000d6400000,0x00000000d6400000)
  from space 512K, 93% used [0x00000000d6500000,0x00000000d6578000,0x00000000d6580000)
  to   space 512K, 0% used [0x00000000d6480000,0x00000000d6480000,0x00000000d6500000)
 ParOldGen       total 72192K, used 72154K [0x0000000080000000, 0x0000000084680000, 0x00000000d5580000)
  object space 72192K, 99% used [0x0000000080000000,0x0000000084676900,0x0000000084680000)
 Metaspace       used 26878K, committed 28032K, reserved 1114112K
  class space    used 2532K, committed 3008K, reserved 1048576K
}
Event: 15.273 GC heap after
{Heap after GC invocations=68 (full 1):
 PSYoungGen      total 15360K, used 410K [0x00000000d5580000, 0x00000000d6580000, 0x0000000100000000)
  eden space 14848K, 0% used [0x00000000d5580000,0x00000000d5580000,0x00000000d6400000)
  from space 512K, 80% used [0x00000000d6480000,0x00000000d64e6900,0x00000000d6500000)
  to   space 512K, 0% used [0x00000000d6500000,0x00000000d6500000,0x00000000d6580000)
 ParOldGen       total 72704K, used 72402K [0x0000000080000000, 0x0000000084700000, 0x00000000d5580000)
  object space 72704K, 99% used [0x0000000080000000,0x00000000846b4900,0x0000000084700000)
 Metaspace       used 26878K, committed 28032K, reserved 1114112K
  class space    used 2532K, committed 3008K, reserved 1048576K
}
Event: 15.305 GC heap before
{Heap before GC invocations=69 (full 1):
 PSYoungGen      total 15360K, used 15258K [0x00000000d5580000, 0x00000000d6580000, 0x0000000100000000)
  eden space 14848K, 100% used [0x00000000d5580000,0x00000000d6400000,0x00000000d6400000)
  from space 512K, 80% used [0x00000000d6480000,0x00000000d64e6900,0x00000000d6500000)
  to   space 512K, 0% used [0x00000000d6500000,0x00000000d6500000,0x00000000d6580000)
 ParOldGen       total 72704K, used 72402K [0x0000000080000000, 0x0000000084700000, 0x00000000d5580000)
  object space 72704K, 99% used [0x0000000080000000,0x00000000846b4900,0x0000000084700000)
 Metaspace       used 26896K, committed 28032K, reserved 1114112K
  class space    used 2532K, committed 3008K, reserved 1048576K
}
Event: 15.306 GC heap after
{Heap after GC invocations=69 (full 1):
 PSYoungGen      total 15360K, used 352K [0x00000000d5580000, 0x00000000d6580000, 0x0000000100000000)
  eden space 14848K, 0% used [0x00000000d5580000,0x00000000d5580000,0x00000000d6400000)
  from space 512K, 68% used [0x00000000d6500000,0x00000000d6558000,0x00000000d6580000)
  to   space 512K, 0% used [0x00000000d6480000,0x00000000d6480000,0x00000000d6500000)
 ParOldGen       total 72704K, used 72686K [0x0000000080000000, 0x0000000084700000, 0x00000000d5580000)
  object space 72704K, 99% used [0x0000000080000000,0x00000000846fbb00,0x0000000084700000)
 Metaspace       used 26896K, committed 28032K, reserved 1114112K
  class space    used 2532K, committed 3008K, reserved 1048576K
}
Event: 15.340 GC heap before
{Heap before GC invocations=70 (full 1):
 PSYoungGen      total 15360K, used 15200K [0x00000000d5580000, 0x00000000d6580000, 0x0000000100000000)
  eden space 14848K, 100% used [0x00000000d5580000,0x00000000d6400000,0x00000000d6400000)
  from space 512K, 68% used [0x00000000d6500000,0x00000000d6558000,0x00000000d6580000)
  to   space 512K, 0% used [0x00000000d6480000,0x00000000d6480000,0x00000000d6500000)
 ParOldGen       total 72704K, used 72686K [0x0000000080000000, 0x0000000084700000, 0x00000000d5580000)
  object space 72704K, 99% used [0x0000000080000000,0x00000000846fbb00,0x0000000084700000)
 Metaspace       used 26934K, committed 28032K, reserved 1114112K
  class space    used 2534K, committed 3008K, reserved 1048576K
}
Event: 15.341 GC heap after
{Heap after GC invocations=70 (full 1):
 PSYoungGen      total 15360K, used 448K [0x00000000d5580000, 0x00000000d6580000, 0x0000000100000000)
  eden space 14848K, 0% used [0x00000000d5580000,0x00000000d5580000,0x00000000d6400000)
  from space 512K, 87% used [0x00000000d6480000,0x00000000d64f0000,0x00000000d6500000)
  to   space 512K, 0% used [0x00000000d6500000,0x00000000d6500000,0x00000000d6580000)
 ParOldGen       total 73216K, used 72934K [0x0000000080000000, 0x0000000084780000, 0x00000000d5580000)
  object space 73216K, 99% used [0x0000000080000000,0x0000000084739b00,0x0000000084780000)
 Metaspace       used 26934K, committed 28032K, reserved 1114112K
  class space    used 2534K, committed 3008K, reserved 1048576K
}
Event: 15.378 GC heap before
{Heap before GC invocations=71 (full 1):
 PSYoungGen      total 15360K, used 15296K [0x00000000d5580000, 0x00000000d6580000, 0x0000000100000000)
  eden space 14848K, 100% used [0x00000000d5580000,0x00000000d6400000,0x00000000d6400000)
  from space 512K, 87% used [0x00000000d6480000,0x00000000d64f0000,0x00000000d6500000)
  to   space 512K, 0% used [0x00000000d6500000,0x00000000d6500000,0x00000000d6580000)
 ParOldGen       total 73216K, used 72934K [0x0000000080000000, 0x0000000084780000, 0x00000000d5580000)
  object space 73216K, 99% used [0x0000000080000000,0x0000000084739b00,0x0000000084780000)
 Metaspace       used 26935K, committed 28096K, reserved 1114112K
  class space    used 2534K, committed 3008K, reserved 1048576K
}
Event: 15.380 GC heap after
{Heap after GC invocations=71 (full 1):
 PSYoungGen      total 15360K, used 497K [0x00000000d5580000, 0x00000000d6600000, 0x0000000100000000)
  eden space 14848K, 0% used [0x00000000d5580000,0x00000000d5580000,0x00000000d6400000)
  from space 512K, 97% used [0x00000000d6500000,0x00000000d657c400,0x00000000d6580000)
  to   space 1024K, 0% used [0x00000000d6400000,0x00000000d6400000,0x00000000d6500000)
 ParOldGen       total 73728K, used 73246K [0x0000000080000000, 0x0000000084800000, 0x00000000d5580000)
  object space 73728K, 99% used [0x0000000080000000,0x0000000084787b00,0x0000000084800000)
 Metaspace       used 26935K, committed 28096K, reserved 1114112K
  class space    used 2534K, committed 3008K, reserved 1048576K
}
Event: 15.412 GC heap before
{Heap before GC invocations=72 (full 1):
 PSYoungGen      total 15360K, used 15345K [0x00000000d5580000, 0x00000000d6600000, 0x0000000100000000)
  eden space 14848K, 100% used [0x00000000d5580000,0x00000000d6400000,0x00000000d6400000)
  from space 512K, 97% used [0x00000000d6500000,0x00000000d657c400,0x00000000d6580000)
  to   space 1024K, 0% used [0x00000000d6400000,0x00000000d6400000,0x00000000d6500000)
 ParOldGen       total 73728K, used 73246K [0x0000000080000000, 0x0000000084800000, 0x00000000d5580000)
  object space 73728K, 99% used [0x0000000080000000,0x0000000084787b00,0x0000000084800000)
 Metaspace       used 26936K, committed 28096K, reserved 1114112K
  class space    used 2534K, committed 3008K, reserved 1048576K
}
Event: 15.414 GC heap after
{Heap after GC invocations=72 (full 1):
 PSYoungGen      total 15872K, used 448K [0x00000000d5580000, 0x00000000d6600000, 0x0000000100000000)
  eden space 14848K, 0% used [0x00000000d5580000,0x00000000d5580000,0x00000000d6400000)
  from space 1024K, 43% used [0x00000000d6400000,0x00000000d6470000,0x00000000d6500000)
  to   space 1024K, 0% used [0x00000000d6500000,0x00000000d6500000,0x00000000d6600000)
 ParOldGen       total 73728K, used 73655K [0x0000000080000000, 0x0000000084800000, 0x00000000d5580000)
  object space 73728K, 99% used [0x0000000080000000,0x00000000847edf00,0x0000000084800000)
 Metaspace       used 26936K, committed 28096K, reserved 1114112K
  class space    used 2534K, committed 3008K, reserved 1048576K
}
Event: 15.458 GC heap before
{Heap before GC invocations=73 (full 1):
 PSYoungGen      total 15872K, used 15296K [0x00000000d5580000, 0x00000000d6600000, 0x0000000100000000)
  eden space 14848K, 100% used [0x00000000d5580000,0x00000000d6400000,0x00000000d6400000)
  from space 1024K, 43% used [0x00000000d6400000,0x00000000d6470000,0x00000000d6500000)
  to   space 1024K, 0% used [0x00000000d6500000,0x00000000d6500000,0x00000000d6600000)
 ParOldGen       total 73728K, used 73655K [0x0000000080000000, 0x0000000084800000, 0x00000000d5580000)
  object space 73728K, 99% used [0x0000000080000000,0x00000000847edf00,0x0000000084800000)
 Metaspace       used 26944K, committed 28096K, reserved 1114112K
  class space    used 2534K, committed 3008K, reserved 1048576K
}
Event: 15.460 GC heap after
{Heap after GC invocations=73 (full 1):
 PSYoungGen      total 15360K, used 999K [0x00000000d5580000, 0x00000000d6700000, 0x0000000100000000)
  eden space 14336K, 0% used [0x00000000d5580000,0x00000000d5580000,0x00000000d6380000)
  from space 1024K, 97% used [0x00000000d6500000,0x00000000d65f9de8,0x00000000d6600000)
  to   space 1536K, 0% used [0x00000000d6380000,0x00000000d6380000,0x00000000d6500000)
 ParOldGen       total 75264K, used 74744K [0x0000000080000000, 0x0000000084980000, 0x00000000d5580000)
  object space 75264K, 99% used [0x0000000080000000,0x00000000848fe008,0x0000000084980000)
 Metaspace       used 26944K, committed 28096K, reserved 1114112K
  class space    used 2534K, committed 3008K, reserved 1048576K
}
Event: 15.531 GC heap before
{Heap before GC invocations=74 (full 1):
 PSYoungGen      total 15360K, used 15335K [0x00000000d5580000, 0x00000000d6700000, 0x0000000100000000)
  eden space 14336K, 100% used [0x00000000d5580000,0x00000000d6380000,0x00000000d6380000)
  from space 1024K, 97% used [0x00000000d6500000,0x00000000d65f9de8,0x00000000d6600000)
  to   space 1536K, 0% used [0x00000000d6380000,0x00000000d6380000,0x00000000d6500000)
 ParOldGen       total 75264K, used 74744K [0x0000000080000000, 0x0000000084980000, 0x00000000d5580000)
  object space 75264K, 99% used [0x0000000080000000,0x00000000848fe008,0x0000000084980000)
 Metaspace       used 26997K, committed 28096K, reserved 1114112K
  class space    used 2543K, committed 3008K, reserved 1048576K
}
Event: 15.534 GC heap after
{Heap after GC invocations=74 (full 1):
 PSYoungGen      total 15872K, used 1252K [0x00000000d5580000, 0x00000000d6680000, 0x0000000100000000)
  eden space 14336K, 0% used [0x00000000d5580000,0x00000000d5580000,0x00000000d6380000)
  from space 1536K, 81% used [0x00000000d6380000,0x00000000d64b92a0,0x00000000d6500000)
  to   space 1536K, 0% used [0x00000000d6500000,0x00000000d6500000,0x00000000d6680000)
 ParOldGen       total 75776K, used 75623K [0x0000000080000000, 0x0000000084a00000, 0x00000000d5580000)
  object space 75776K, 99% used [0x0000000080000000,0x00000000849d9da8,0x0000000084a00000)
 Metaspace       used 26997K, committed 28096K, reserved 1114112K
  class space    used 2543K, committed 3008K, reserved 1048576K
}
Event: 15.785 GC heap before
{Heap before GC invocations=75 (full 1):
 PSYoungGen      total 15872K, used 15588K [0x00000000d5580000, 0x00000000d6680000, 0x0000000100000000)
  eden space 14336K, 100% used [0x00000000d5580000,0x00000000d6380000,0x00000000d6380000)
  from space 1536K, 81% used [0x00000000d6380000,0x00000000d64b92a0,0x00000000d6500000)
  to   space 1536K, 0% used [0x00000000d6500000,0x00000000d6500000,0x00000000d6680000)
 ParOldGen       total 75776K, used 75623K [0x0000000080000000, 0x0000000084a00000, 0x00000000d5580000)
  object space 75776K, 99% used [0x0000000080000000,0x00000000849d9da8,0x0000000084a00000)
 Metaspace       used 27259K, committed 28480K, reserved 1114112K
  class space    used 2551K, committed 3072K, reserved 1048576K
}
Event: 15.787 GC heap after
{Heap after GC invocations=75 (full 1):
 PSYoungGen      total 15360K, used 736K [0x00000000d5580000, 0x00000000d6600000, 0x0000000100000000)
  eden space 14336K, 0% used [0x00000000d5580000,0x00000000d5580000,0x00000000d6380000)
  from space 1024K, 71% used [0x00000000d6500000,0x00000000d65b8000,0x00000000d6600000)
  to   space 1024K, 0% used [0x00000000d6400000,0x00000000d6400000,0x00000000d6500000)
 ParOldGen       total 76288K, used 75975K [0x0000000080000000, 0x0000000084a80000, 0x00000000d5580000)
  object space 76288K, 99% used [0x0000000080000000,0x0000000084a31da8,0x0000000084a80000)
 Metaspace       used 27259K, committed 28480K, reserved 1114112K
  class space    used 2551K, committed 3072K, reserved 1048576K
}
Event: 15.920 GC heap before
{Heap before GC invocations=76 (full 1):
 PSYoungGen      total 15360K, used 15072K [0x00000000d5580000, 0x00000000d6600000, 0x0000000100000000)
  eden space 14336K, 100% used [0x00000000d5580000,0x00000000d6380000,0x00000000d6380000)
  from space 1024K, 71% used [0x00000000d6500000,0x00000000d65b8000,0x00000000d6600000)
  to   space 1024K, 0% used [0x00000000d6400000,0x00000000d6400000,0x00000000d6500000)
 ParOldGen       total 76288K, used 75975K [0x0000000080000000, 0x0000000084a80000, 0x00000000d5580000)
  object space 76288K, 99% used [0x0000000080000000,0x0000000084a31da8,0x0000000084a80000)
 Metaspace       used 27390K, committed 28544K, reserved 1114112K
  class space    used 2552K, committed 3072K, reserved 1048576K
}
Event: 15.923 GC heap after
{Heap after GC invocations=76 (full 1):
 PSYoungGen      total 15360K, used 688K [0x00000000d5580000, 0x00000000d6580000, 0x0000000100000000)
  eden space 14336K, 0% used [0x00000000d5580000,0x00000000d5580000,0x00000000d6380000)
  from space 1024K, 67% used [0x00000000d6400000,0x00000000d64ac010,0x00000000d6500000)
  to   space 512K, 0% used [0x00000000d6500000,0x00000000d6500000,0x00000000d6580000)
 ParOldGen       total 76800K, used 76405K [0x0000000080000000, 0x0000000084b00000, 0x00000000d5580000)
  object space 76800K, 99% used [0x0000000080000000,0x0000000084a9d668,0x0000000084b00000)
 Metaspace       used 27390K, committed 28544K, reserved 1114112K
  class space    used 2552K, committed 3072K, reserved 1048576K
}

