# JRE version: OpenJDK Runtime Environment Temurin-21.0.10+7 (21.0.10+7) (build 21.0.10+7-LTS)
# Java VM: OpenJDK 64-Bit Server VM Temurin-21.0.10+7 (21.0.10+7-LTS, mixed mode, sharing, tiered, compressed oops, compressed class ptrs, parallel gc, windows-amd64)
GC Precious Log:
 CardTable entry size: 512
 CPUs: 12 total, 12 available
 Memory: 7518M
 Large Page Support: Disabled
 NUMA Support: Disabled
 Compressed Oops: Enabled (32-bit)
 Alignments: Space 512K, Generation 512K, Heap 2M
 Heap Min Capacity: 100M
 Heap Initial Capacity: 100M
 Heap Max Capacity: 2G
 Pre-touch: Disabled
 Parallel Workers: 10
Heap:
 PSYoungGen      total 15360K, used 13676K [0x00000000d5580000, 0x00000000d6580000, 0x0000000100000000)
  eden space 14336K, 90% used [0x00000000d5580000,0x00000000d621de18,0x00000000d6380000)
  from space 1024K, 73% used [0x00000000d6380000,0x00000000d643d470,0x00000000d6480000)
  to   space 1024K, 0% used [0x00000000d6480000,0x00000000d6480000,0x00000000d6580000)
 ParOldGen       total 71168K, used 62551K [0x0000000080000000, 0x0000000084580000, 0x00000000d5580000)
  object space 71168K, 87% used [0x0000000080000000,0x0000000083d15c70,0x0000000084580000)
 Metaspace       used 22331K, committed 23232K, reserved 1114112K
  class space    used 2056K, committed 2432K, reserved 1048576K
GC Heap History (20 events):
Event: 18.440 GC heap before
{Heap before GC invocations=71 (full 0):
 PSYoungGen      total 15360K, used 15248K [0x00000000d5580000, 0x00000000d6600000, 0x0000000100000000)
  eden space 14336K, 100% used [0x00000000d5580000,0x00000000d6380000,0x00000000d6380000)
  from space 1024K, 89% used [0x00000000d6500000,0x00000000d65e4050,0x00000000d6600000)
  to   space 1024K, 0% used [0x00000000d6400000,0x00000000d6400000,0x00000000d6500000)
 ParOldGen       total 68608K, used 67360K [0x0000000080000000, 0x0000000084300000, 0x00000000d5580000)
  object space 68608K, 98% used [0x0000000080000000,0x00000000841c8140,0x0000000084300000)
 Metaspace       used 20120K, committed 21056K, reserved 1114112K
  class space    used 1857K, committed 2240K, reserved 1048576K
}
Event: 18.443 GC heap after
{Heap after GC invocations=71 (full 0):
 PSYoungGen      total 15360K, used 1008K [0x00000000d5580000, 0x00000000d6880000, 0x0000000100000000)
  eden space 14336K, 0% used [0x00000000d5580000,0x00000000d5580000,0x00000000d6380000)
  from space 1024K, 98% used [0x00000000d6400000,0x00000000d64fc010,0x00000000d6500000)
  to   space 2560K, 0% used [0x00000000d6600000,0x00000000d6600000,0x00000000d6880000)
 ParOldGen       total 68608K, used 68408K [0x0000000080000000, 0x0000000084300000, 0x00000000d5580000)
  object space 68608K, 99% used [0x0000000080000000,0x00000000842ce170,0x0000000084300000)
 Metaspace       used 20120K, committed 21056K, reserved 1114112K
  class space    used 1857K, committed 2240K, reserved 1048576K
}
Event: 18.570 GC heap before
{Heap before GC invocations=72 (full 0):
 PSYoungGen      total 15360K, used 15344K [0x00000000d5580000, 0x00000000d6880000, 0x0000000100000000)
  eden space 14336K, 100% used [0x00000000d5580000,0x00000000d6380000,0x00000000d6380000)
  from space 1024K, 98% used [0x00000000d6400000,0x00000000d64fc010,0x00000000d6500000)
  to   space 2560K, 0% used [0x00000000d6600000,0x00000000d6600000,0x00000000d6880000)
 ParOldGen       total 68608K, used 68408K [0x0000000080000000, 0x0000000084300000, 0x00000000d5580000)
  object space 68608K, 99% used [0x0000000080000000,0x00000000842ce170,0x0000000084300000)
 Metaspace       used 20355K, committed 21248K, reserved 1114112K
  class space    used 1872K, committed 2240K, reserved 1048576K
}
Event: 18.574 GC heap after
{Heap after GC invocations=72 (full 0):
 PSYoungGen      total 16384K, used 1552K [0x00000000d5580000, 0x00000000d6800000, 0x0000000100000000)
  eden space 14336K, 0% used [0x00000000d5580000,0x00000000d5580000,0x00000000d6380000)
  from space 2048K, 75% used [0x00000000d6600000,0x00000000d6784008,0x00000000d6800000)
  to   space 2048K, 0% used [0x00000000d6400000,0x00000000d6400000,0x00000000d6600000)
 ParOldGen       total 69120K, used 68944K [0x0000000080000000, 0x0000000084380000, 0x00000000d5580000)
  object space 69120K, 99% used [0x0000000080000000,0x0000000084354170,0x0000000084380000)
 Metaspace       used 20355K, committed 21248K, reserved 1114112K
  class space    used 1872K, committed 2240K, reserved 1048576K
}
Event: 18.652 GC heap before
{Heap before GC invocations=73 (full 0):
 PSYoungGen      total 16384K, used 15888K [0x00000000d5580000, 0x00000000d6800000, 0x0000000100000000)
  eden space 14336K, 100% used [0x00000000d5580000,0x00000000d6380000,0x00000000d6380000)
  from space 2048K, 75% used [0x00000000d6600000,0x00000000d6784008,0x00000000d6800000)
  to   space 2048K, 0% used [0x00000000d6400000,0x00000000d6400000,0x00000000d6600000)
 ParOldGen       total 69120K, used 68944K [0x0000000080000000, 0x0000000084380000, 0x00000000d5580000)
  object space 69120K, 99% used [0x0000000080000000,0x0000000084354170,0x0000000084380000)
 Metaspace       used 20481K, committed 21376K, reserved 1114112K
  class space    used 1874K, committed 2240K, reserved 1048576K
}
Event: 18.657 GC heap after
{Heap after GC invocations=73 (full 0):
 PSYoungGen      total 16384K, used 1568K [0x00000000d5580000, 0x00000000d6780000, 0x0000000100000000)
  eden space 14336K, 0% used [0x00000000d5580000,0x00000000d5580000,0x00000000d6380000)
  from space 2048K, 76% used [0x00000000d6400000,0x00000000d6588000,0x00000000d6600000)
  to   space 1536K, 0% used [0x00000000d6600000,0x00000000d6600000,0x00000000d6780000)
 ParOldGen       total 70144K, used 69894K [0x0000000080000000, 0x0000000084480000, 0x00000000d5580000)
  object space 70144K, 99% used [0x0000000080000000,0x0000000084441818,0x0000000084480000)
 Metaspace       used 20481K, committed 21376K, reserved 1114112K
  class space    used 1874K, committed 2240K, reserved 1048576K
}
Event: 18.709 GC heap before
{Heap before GC invocations=74 (full 0):
 PSYoungGen      total 16384K, used 6725K [0x00000000d5580000, 0x00000000d6780000, 0x0000000100000000)
  eden space 14336K, 35% used [0x00000000d5580000,0x00000000d5a89670,0x00000000d6380000)
  from space 2048K, 76% used [0x00000000d6400000,0x00000000d6588000,0x00000000d6600000)
  to   space 1536K, 0% used [0x00000000d6600000,0x00000000d6600000,0x00000000d6780000)
 ParOldGen       total 70144K, used 69894K [0x0000000080000000, 0x0000000084480000, 0x00000000d5580000)
  object space 70144K, 99% used [0x0000000080000000,0x0000000084441818,0x0000000084480000)
 Metaspace       used 20617K, committed 21504K, reserved 1114112K
  class space    used 1896K, committed 2240K, reserved 1048576K
}
Event: 18.711 GC heap after
{Heap after GC invocations=74 (full 0):
 PSYoungGen      total 14848K, used 448K [0x00000000d5580000, 0x00000000d6680000, 0x0000000100000000)
  eden space 14336K, 0% used [0x00000000d5580000,0x00000000d5580000,0x00000000d6380000)
  from space 512K, 87% used [0x00000000d6600000,0x00000000d6670000,0x00000000d6680000)
  to   space 1024K, 0% used [0x00000000d6480000,0x00000000d6480000,0x00000000d6580000)
 ParOldGen       total 71168K, used 70779K [0x0000000080000000, 0x0000000084580000, 0x00000000d5580000)
  object space 71168K, 99% used [0x0000000080000000,0x000000008451ee60,0x0000000084580000)
 Metaspace       used 20617K, committed 21504K, reserved 1114112K
  class space    used 1896K, committed 2240K, reserved 1048576K
}
Event: 18.711 GC heap before
{Heap before GC invocations=75 (full 1):
 PSYoungGen      total 14848K, used 448K [0x00000000d5580000, 0x00000000d6680000, 0x0000000100000000)
  eden space 14336K, 0% used [0x00000000d5580000,0x00000000d5580000,0x00000000d6380000)
  from space 512K, 87% used [0x00000000d6600000,0x00000000d6670000,0x00000000d6680000)
  to   space 1024K, 0% used [0x00000000d6480000,0x00000000d6480000,0x00000000d6580000)
 ParOldGen       total 71168K, used 70779K [0x0000000080000000, 0x0000000084580000, 0x00000000d5580000)
  object space 71168K, 99% used [0x0000000080000000,0x000000008451ee60,0x0000000084580000)
 Metaspace       used 20617K, committed 21504K, reserved 1114112K
  class space    used 1896K, committed 2240K, reserved 1048576K
}
Event: 18.859 GC heap after
{Heap after GC invocations=75 (full 1):
 PSYoungGen      total 14848K, used 0K [0x00000000d5580000, 0x00000000d6680000, 0x0000000100000000)
  eden space 14336K, 0% used [0x00000000d5580000,0x00000000d5580000,0x00000000d6380000)
  from space 512K, 0% used [0x00000000d6600000,0x00000000d6600000,0x00000000d6680000)
  to   space 1024K, 0% used [0x00000000d6480000,0x00000000d6480000,0x00000000d6580000)
 ParOldGen       total 71168K, used 60479K [0x0000000080000000, 0x0000000084580000, 0x00000000d5580000)
  object space 71168K, 84% used [0x0000000080000000,0x0000000083b0fda0,0x0000000084580000)
 Metaspace       used 20601K, committed 21504K, reserved 1114112K
  class space    used 1892K, committed 2240K, reserved 1048576K
}
Event: 18.920 GC heap before
{Heap before GC invocations=76 (full 1):
 PSYoungGen      total 14848K, used 14252K [0x00000000d5580000, 0x00000000d6680000, 0x0000000100000000)
  eden space 14336K, 99% used [0x00000000d5580000,0x00000000d636b140,0x00000000d6380000)
  from space 512K, 0% used [0x00000000d6600000,0x00000000d6600000,0x00000000d6680000)
  to   space 1024K, 0% used [0x00000000d6480000,0x00000000d6480000,0x00000000d6580000)
 ParOldGen       total 71168K, used 60479K [0x0000000080000000, 0x0000000084580000, 0x00000000d5580000)
  object space 71168K, 84% used [0x0000000080000000,0x0000000083b0fda0,0x0000000084580000)
 Metaspace       used 20729K, committed 21632K, reserved 1114112K
  class space    used 1916K, committed 2304K, reserved 1048576K
}
Event: 18.921 GC heap after
{Heap after GC invocations=76 (full 1):
 PSYoungGen      total 15360K, used 994K [0x00000000d5580000, 0x00000000d6680000, 0x0000000100000000)
  eden space 14336K, 0% used [0x00000000d5580000,0x00000000d5580000,0x00000000d6380000)
  from space 1024K, 97% used [0x00000000d6480000,0x00000000d6578890,0x00000000d6580000)
  to   space 1024K, 0% used [0x00000000d6580000,0x00000000d6580000,0x00000000d6680000)
 ParOldGen       total 71168K, used 60670K [0x0000000080000000, 0x0000000084580000, 0x00000000d5580000)
  object space 71168K, 85% used [0x0000000080000000,0x0000000083b3f8c8,0x0000000084580000)
 Metaspace       used 20729K, committed 21632K, reserved 1114112K
  class space    used 1916K, committed 2304K, reserved 1048576K
}
Event: 19.002 GC heap before
{Heap before GC invocations=77 (full 1):
 PSYoungGen      total 15360K, used 15330K [0x00000000d5580000, 0x00000000d6680000, 0x0000000100000000)
  eden space 14336K, 100% used [0x00000000d5580000,0x00000000d6380000,0x00000000d6380000)
  from space 1024K, 97% used [0x00000000d6480000,0x00000000d6578890,0x00000000d6580000)
  to   space 1024K, 0% used [0x00000000d6580000,0x00000000d6580000,0x00000000d6680000)
 ParOldGen       total 71168K, used 60670K [0x0000000080000000, 0x0000000084580000, 0x00000000d5580000)
  object space 71168K, 85% used [0x0000000080000000,0x0000000083b3f8c8,0x0000000084580000)
 Metaspace       used 20761K, committed 21696K, reserved 1114112K
  class space    used 1918K, committed 2304K, reserved 1048576K
}
Event: 19.005 GC heap after
{Heap after GC invocations=77 (full 1):
 PSYoungGen      total 15360K, used 1014K [0x00000000d5580000, 0x00000000d6780000, 0x0000000100000000)
  eden space 14336K, 0% used [0x00000000d5580000,0x00000000d5580000,0x00000000d6380000)
  from space 1024K, 99% used [0x00000000d6580000,0x00000000d667d9b8,0x00000000d6680000)
  to   space 2048K, 0% used [0x00000000d6380000,0x00000000d6380000,0x00000000d6580000)
 ParOldGen       total 71168K, used 61520K [0x0000000080000000, 0x0000000084580000, 0x00000000d5580000)
  object space 71168K, 86% used [0x0000000080000000,0x0000000083c140c0,0x0000000084580000)
 Metaspace       used 20761K, committed 21696K, reserved 1114112K
  class space    used 1918K, committed 2304K, reserved 1048576K
}
Event: 19.047 GC heap before
{Heap before GC invocations=78 (full 1):
 PSYoungGen      total 15360K, used 15350K [0x00000000d5580000, 0x00000000d6780000, 0x0000000100000000)
  eden space 14336K, 99% used [0x00000000d5580000,0x00000000d637fff0,0x00000000d6380000)
  from space 1024K, 99% used [0x00000000d6580000,0x00000000d667d9b8,0x00000000d6680000)
  to   space 2048K, 0% used [0x00000000d6380000,0x00000000d6380000,0x00000000d6580000)
 ParOldGen       total 71168K, used 61520K [0x0000000080000000, 0x0000000084580000, 0x00000000d5580000)
  object space 71168K, 86% used [0x0000000080000000,0x0000000083c140c0,0x0000000084580000)
 Metaspace       used 20801K, committed 21760K, reserved 1114112K
  class space    used 1919K, committed 2304K, reserved 1048576K
}
Event: 19.048 GC heap after
{Heap after GC invocations=78 (full 1):
 PSYoungGen      total 15360K, used 906K [0x00000000d5580000, 0x00000000d6680000, 0x0000000100000000)
  eden space 14336K, 0% used [0x00000000d5580000,0x00000000d5580000,0x00000000d6380000)
  from space 1024K, 88% used [0x00000000d6380000,0x00000000d6462b40,0x00000000d6480000)
  to   space 1536K, 0% used [0x00000000d6500000,0x00000000d6500000,0x00000000d6680000)
 ParOldGen       total 71168K, used 62042K [0x0000000080000000, 0x0000000084580000, 0x00000000d5580000)
  object space 71168K, 87% used [0x0000000080000000,0x0000000083c969c0,0x0000000084580000)
 Metaspace       used 20801K, committed 21760K, reserved 1114112K
  class space    used 1919K, committed 2304K, reserved 1048576K
}
Event: 19.233 GC heap before
{Heap before GC invocations=79 (full 1):
 PSYoungGen      total 15360K, used 15242K [0x00000000d5580000, 0x00000000d6680000, 0x0000000100000000)
  eden space 14336K, 100% used [0x00000000d5580000,0x00000000d6380000,0x00000000d6380000)
  from space 1024K, 88% used [0x00000000d6380000,0x00000000d6462b40,0x00000000d6480000)
  to   space 1536K, 0% used [0x00000000d6500000,0x00000000d6500000,0x00000000d6680000)
 ParOldGen       total 71168K, used 62042K [0x0000000080000000, 0x0000000084580000, 0x00000000d5580000)
  object space 71168K, 87% used [0x0000000080000000,0x0000000083c969c0,0x0000000084580000)
 Metaspace       used 22016K, committed 22976K, reserved 1114112K
  class space    used 2038K, committed 2432K, reserved 1048576K
}
Event: 19.235 GC heap after
{Heap after GC invocations=79 (full 1):
 PSYoungGen      total 15360K, used 608K [0x00000000d5580000, 0x00000000d6600000, 0x0000000100000000)
  eden space 14336K, 0% used [0x00000000d5580000,0x00000000d5580000,0x00000000d6380000)
  from space 1024K, 59% used [0x00000000d6500000,0x00000000d6598020,0x00000000d6600000)
  to   space 1024K, 0% used [0x00000000d6380000,0x00000000d6380000,0x00000000d6480000)
 ParOldGen       total 71168K, used 62210K [0x0000000080000000, 0x0000000084580000, 0x00000000d5580000)
  object space 71168K, 87% used [0x0000000080000000,0x0000000083cc09c0,0x0000000084580000)
 Metaspace       used 22016K, committed 22976K, reserved 1114112K
  class space    used 2038K, committed 2432K, reserved 1048576K
}
Event: 19.492 GC heap before
{Heap before GC invocations=80 (full 1):
 PSYoungGen      total 15360K, used 14938K [0x00000000d5580000, 0x00000000d6600000, 0x0000000100000000)
  eden space 14336K, 99% used [0x00000000d5580000,0x00000000d637ea58,0x00000000d6380000)
  from space 1024K, 59% used [0x00000000d6500000,0x00000000d6598020,0x00000000d6600000)
  to   space 1024K, 0% used [0x00000000d6380000,0x00000000d6380000,0x00000000d6480000)
 ParOldGen       total 71168K, used 62210K [0x0000000080000000, 0x0000000084580000, 0x00000000d5580000)
  object space 71168K, 87% used [0x0000000080000000,0x0000000083cc09c0,0x0000000084580000)
 Metaspace       used 22116K, committed 23104K, reserved 1114112K
  class space    used 2043K, committed 2432K, reserved 1048576K
}
Event: 19.494 GC heap after
{Heap after GC invocations=80 (full 1):
 PSYoungGen      total 15360K, used 757K [0x00000000d5580000, 0x00000000d6580000, 0x0000000100000000)
  eden space 14336K, 0% used [0x00000000d5580000,0x00000000d5580000,0x00000000d6380000)
  from space 1024K, 73% used [0x00000000d6380000,0x00000000d643d470,0x00000000d6480000)
  to   space 1024K, 0% used [0x00000000d6480000,0x00000000d6480000,0x00000000d6580000)
 ParOldGen       total 71168K, used 62551K [0x0000000080000000, 0x0000000084580000, 0x00000000d5580000)
  object space 71168K, 87% used [0x0000000080000000,0x0000000083d15c70,0x0000000084580000)
 Metaspace       used 22116K, committed 23104K, reserved 1114112K
  class space    used 2043K, committed 2432K, reserved 1048576K
}

