# JRE version: OpenJDK Runtime Environment Temurin-21.0.10+7 (21.0.10+7) (build 21.0.10+7-LTS)
# Java VM: OpenJDK 64-Bit Server VM Temurin-21.0.10+7 (21.0.10+7-LTS, mixed mode, sharing, tiered, compressed oops, compressed class ptrs, parallel gc, windows-amd64)
GC Precious Log:
 CardTable entry size: 512
 CPUs: 12 total, 12 available
 Memory: 7518M
 Large Page Support: Disabled
 NUMA Support: Disabled
 Compressed Oops: Enabled (32-bit)
 Alignments: Space 512K, Generation 512K, Heap 2M
 Heap Min Capacity: 100M
 Heap Initial Capacity: 100M
 Heap Max Capacity: 2G
 Pre-touch: Disabled
 Parallel Workers: 10
Heap:
 PSYoungGen      total 3072K, used 2934K [0x00000000d5580000, 0x00000000d5980000, 0x0000000100000000)
  eden space 2560K, 99% used [0x00000000d5580000,0x00000000d57fef68,0x00000000d5800000)
  from space 512K, 73% used [0x00000000d5900000,0x00000000d595e900,0x00000000d5980000)
  to   space 512K, 0% used [0x00000000d5880000,0x00000000d5880000,0x00000000d5900000)
 ParOldGen       total 331264K, used 331205K [0x0000000080000000, 0x0000000094380000, 0x00000000d5580000)
  object space 331264K, 99% used [0x0000000080000000,0x0000000094371630,0x0000000094380000)
 Metaspace       used 32711K, committed 33984K, reserved 1114112K
  class space    used 3071K, committed 3584K, reserved 1048576K
GC Heap History (20 events):
Event: 476.105 GC heap before
{Heap before GC invocations=418 (full 1):
 PSYoungGen      total 3072K, used 2848K [0x00000000d5580000, 0x00000000d5980000, 0x0000000100000000)
  eden space 2560K, 100% used [0x00000000d5580000,0x00000000d5800000,0x00000000d5800000)
  from space 512K, 56% used [0x00000000d5900000,0x00000000d5948000,0x00000000d5980000)
  to   space 512K, 0% used [0x00000000d5880000,0x00000000d5880000,0x00000000d5900000)
 ParOldGen       total 321024K, used 320589K [0x0000000080000000, 0x0000000093980000, 0x00000000d5580000)
  object space 321024K, 99% used [0x0000000080000000,0x00000000939136e0,0x0000000093980000)
 Metaspace       used 32685K, committed 33920K, reserved 1114112K
  class space    used 3071K, committed 3584K, reserved 1048576K
}
Event: 476.106 GC heap after
{Heap after GC invocations=418 (full 1):
 PSYoungGen      total 3072K, used 288K [0x00000000d5580000, 0x00000000d5980000, 0x0000000100000000)
  eden space 2560K, 0% used [0x00000000d5580000,0x00000000d5580000,0x00000000d5800000)
  from space 512K, 56% used [0x00000000d5880000,0x00000000d58c8000,0x00000000d5900000)
  to   space 512K, 0% used [0x00000000d5900000,0x00000000d5900000,0x00000000d5980000)
 ParOldGen       total 321024K, used 320645K [0x0000000080000000, 0x0000000093980000, 0x00000000d5580000)
  object space 321024K, 99% used [0x0000000080000000,0x00000000939216e0,0x0000000093980000)
 Metaspace       used 32685K, committed 33920K, reserved 1114112K
  class space    used 3071K, committed 3584K, reserved 1048576K
}
Event: 476.124 GC heap before
{Heap before GC invocations=419 (full 1):
 PSYoungGen      total 3072K, used 2848K [0x00000000d5580000, 0x00000000d5980000, 0x0000000100000000)
  eden space 2560K, 100% used [0x00000000d5580000,0x00000000d5800000,0x00000000d5800000)
  from space 512K, 56% used [0x00000000d5880000,0x00000000d58c8000,0x00000000d5900000)
  to   space 512K, 0% used [0x00000000d5900000,0x00000000d5900000,0x00000000d5980000)
 ParOldGen       total 321024K, used 320645K [0x0000000080000000, 0x0000000093980000, 0x00000000d5580000)
  object space 321024K, 99% used [0x0000000080000000,0x00000000939216e0,0x0000000093980000)
 Metaspace       used 32685K, committed 33920K, reserved 1114112K
  class space    used 3071K, committed 3584K, reserved 1048576K
}
Event: 476.126 GC heap after
{Heap after GC invocations=419 (full 1):
 PSYoungGen      total 3072K, used 308K [0x00000000d5580000, 0x00000000d5980000, 0x0000000100000000)
  eden space 2560K, 0% used [0x00000000d5580000,0x00000000d5580000,0x00000000d5800000)
  from space 512K, 60% used [0x00000000d5900000,0x00000000d594d200,0x00000000d5980000)
  to   space 512K, 0% used [0x00000000d5880000,0x00000000d5880000,0x00000000d5900000)
 ParOldGen       total 321024K, used 320709K [0x0000000080000000, 0x0000000093980000, 0x00000000d5580000)
  object space 321024K, 99% used [0x0000000080000000,0x00000000939316e0,0x0000000093980000)
 Metaspace       used 32685K, committed 33920K, reserved 1114112K
  class space    used 3071K, committed 3584K, reserved 1048576K
}
Event: 476.139 GC heap before
{Heap before GC invocations=420 (full 1):
 PSYoungGen      total 3072K, used 2868K [0x00000000d5580000, 0x00000000d5980000, 0x0000000100000000)
  eden space 2560K, 100% used [0x00000000d5580000,0x00000000d5800000,0x00000000d5800000)
  from space 512K, 60% used [0x00000000d5900000,0x00000000d594d200,0x00000000d5980000)
  to   space 512K, 0% used [0x00000000d5880000,0x00000000d5880000,0x00000000d5900000)
 ParOldGen       total 321024K, used 320709K [0x0000000080000000, 0x0000000093980000, 0x00000000d5580000)
  object space 321024K, 99% used [0x0000000080000000,0x00000000939316e0,0x0000000093980000)
 Metaspace       used 32685K, committed 33920K, reserved 1114112K
  class space    used 3071K, committed 3584K, reserved 1048576K
}
Event: 476.141 GC heap after
{Heap after GC invocations=420 (full 1):
 PSYoungGen      total 3072K, used 384K [0x00000000d5580000, 0x00000000d5980000, 0x0000000100000000)
  eden space 2560K, 0% used [0x00000000d5580000,0x00000000d5580000,0x00000000d5800000)
  from space 512K, 75% used [0x00000000d5880000,0x00000000d58e0000,0x00000000d5900000)
  to   space 512K, 0% used [0x00000000d5900000,0x00000000d5900000,0x00000000d5980000)
 ParOldGen       total 321024K, used 320834K [0x0000000080000000, 0x0000000093980000, 0x00000000d5580000)
  object space 321024K, 99% used [0x0000000080000000,0x00000000939508e0,0x0000000093980000)
 Metaspace       used 32685K, committed 33920K, reserved 1114112K
  class space    used 3071K, committed 3584K, reserved 1048576K
}
Event: 476.172 GC heap before
{Heap before GC invocations=421 (full 1):
 PSYoungGen      total 3072K, used 2944K [0x00000000d5580000, 0x00000000d5980000, 0x0000000100000000)
  eden space 2560K, 100% used [0x00000000d5580000,0x00000000d5800000,0x00000000d5800000)
  from space 512K, 75% used [0x00000000d5880000,0x00000000d58e0000,0x00000000d5900000)
  to   space 512K, 0% used [0x00000000d5900000,0x00000000d5900000,0x00000000d5980000)
 ParOldGen       total 325632K, used 325343K [0x0000000080000000, 0x0000000093e00000, 0x00000000d5580000)
  object space 325632K, 99% used [0x0000000080000000,0x0000000093db7d88,0x0000000093e00000)
 Metaspace       used 32687K, committed 33920K, reserved 1114112K
  class space    used 3071K, committed 3584K, reserved 1048576K
}
Event: 476.174 GC heap after
{Heap after GC invocations=421 (full 1):
 PSYoungGen      total 3072K, used 346K [0x00000000d5580000, 0x00000000d5980000, 0x0000000100000000)
  eden space 2560K, 0% used [0x00000000d5580000,0x00000000d5580000,0x00000000d5800000)
  from space 512K, 67% used [0x00000000d5900000,0x00000000d5956900,0x00000000d5980000)
  to   space 512K, 0% used [0x00000000d5880000,0x00000000d5880000,0x00000000d5900000)
 ParOldGen       total 325632K, used 325607K [0x0000000080000000, 0x0000000093e00000, 0x00000000d5580000)
  object space 325632K, 99% used [0x0000000080000000,0x0000000093df9d88,0x0000000093e00000)
 Metaspace       used 32687K, committed 33920K, reserved 1114112K
  class space    used 3071K, committed 3584K, reserved 1048576K
}
Event: 476.187 GC heap before
{Heap before GC invocations=422 (full 1):
 PSYoungGen      total 3072K, used 2906K [0x00000000d5580000, 0x00000000d5980000, 0x0000000100000000)
  eden space 2560K, 100% used [0x00000000d5580000,0x00000000d5800000,0x00000000d5800000)
  from space 512K, 67% used [0x00000000d5900000,0x00000000d5956900,0x00000000d5980000)
  to   space 512K, 0% used [0x00000000d5880000,0x00000000d5880000,0x00000000d5900000)
 ParOldGen       total 325632K, used 325607K [0x0000000080000000, 0x0000000093e00000, 0x00000000d5580000)
  object space 325632K, 99% used [0x0000000080000000,0x0000000093df9d88,0x0000000093e00000)
 Metaspace       used 32687K, committed 33920K, reserved 1114112K
  class space    used 3071K, committed 3584K, reserved 1048576K
}
Event: 476.189 GC heap after
{Heap after GC invocations=422 (full 1):
 PSYoungGen      total 3072K, used 512K [0x00000000d5580000, 0x00000000d5a00000, 0x0000000100000000)
  eden space 2560K, 0% used [0x00000000d5580000,0x00000000d5580000,0x00000000d5800000)
  from space 512K, 100% used [0x00000000d5880000,0x00000000d5900000,0x00000000d5900000)
  to   space 1024K, 0% used [0x00000000d5900000,0x00000000d5900000,0x00000000d5a00000)
 ParOldGen       total 326144K, used 325763K [0x0000000080000000, 0x0000000093e80000, 0x00000000d5580000)
  object space 326144K, 99% used [0x0000000080000000,0x0000000093e20f88,0x0000000093e80000)
 Metaspace       used 32687K, committed 33920K, reserved 1114112K
  class space    used 3071K, committed 3584K, reserved 1048576K
}
Event: 476.202 GC heap before
{Heap before GC invocations=423 (full 1):
 PSYoungGen      total 3072K, used 3047K [0x00000000d5580000, 0x00000000d5a00000, 0x0000000100000000)
  eden space 2560K, 99% used [0x00000000d5580000,0x00000000d57f9de8,0x00000000d5800000)
  from space 512K, 100% used [0x00000000d5880000,0x00000000d5900000,0x00000000d5900000)
  to   space 1024K, 0% used [0x00000000d5900000,0x00000000d5900000,0x00000000d5a00000)
 ParOldGen       total 327680K, used 327266K [0x0000000080000000, 0x0000000094000000, 0x00000000d5580000)
  object space 327680K, 99% used [0x0000000080000000,0x0000000093f98bc0,0x0000000094000000)
 Metaspace       used 32692K, committed 33920K, reserved 1114112K
  class space    used 3071K, committed 3584K, reserved 1048576K
}
Event: 476.204 GC heap after
{Heap after GC invocations=423 (full 1):
 PSYoungGen      total 3072K, used 463K [0x00000000d5580000, 0x00000000d5980000, 0x0000000100000000)
  eden space 2560K, 0% used [0x00000000d5580000,0x00000000d5580000,0x00000000d5800000)
  from space 512K, 90% used [0x00000000d5900000,0x00000000d5973c88,0x00000000d5980000)
  to   space 512K, 0% used [0x00000000d5880000,0x00000000d5880000,0x00000000d5900000)
 ParOldGen       total 327680K, used 327554K [0x0000000080000000, 0x0000000094000000, 0x00000000d5580000)
  object space 327680K, 99% used [0x0000000080000000,0x0000000093fe0bc0,0x0000000094000000)
 Metaspace       used 32692K, committed 33920K, reserved 1114112K
  class space    used 3071K, committed 3584K, reserved 1048576K
}
Event: 476.226 GC heap before
{Heap before GC invocations=424 (full 1):
 PSYoungGen      total 3072K, used 3023K [0x00000000d5580000, 0x00000000d5980000, 0x0000000100000000)
  eden space 2560K, 100% used [0x00000000d5580000,0x00000000d5800000,0x00000000d5800000)
  from space 512K, 90% used [0x00000000d5900000,0x00000000d5973c88,0x00000000d5980000)
  to   space 512K, 0% used [0x00000000d5880000,0x00000000d5880000,0x00000000d5900000)
 ParOldGen       total 329216K, used 329057K [0x0000000080000000, 0x0000000094180000, 0x00000000d5580000)
  object space 329216K, 99% used [0x0000000080000000,0x00000000941587f8,0x0000000094180000)
 Metaspace       used 32692K, committed 33920K, reserved 1114112K
  class space    used 3071K, committed 3584K, reserved 1048576K
}
Event: 476.227 GC heap after
{Heap after GC invocations=424 (full 1):
 PSYoungGen      total 3072K, used 314K [0x00000000d5580000, 0x00000000d5980000, 0x0000000100000000)
  eden space 2560K, 0% used [0x00000000d5580000,0x00000000d5580000,0x00000000d5800000)
  from space 512K, 61% used [0x00000000d5880000,0x00000000d58ce900,0x00000000d5900000)
  to   space 512K, 0% used [0x00000000d5900000,0x00000000d5900000,0x00000000d5980000)
 ParOldGen       total 329216K, used 329185K [0x0000000080000000, 0x0000000094180000, 0x00000000d5580000)
  object space 329216K, 99% used [0x0000000080000000,0x00000000941787f8,0x0000000094180000)
 Metaspace       used 32692K, committed 33920K, reserved 1114112K
  class space    used 3071K, committed 3584K, reserved 1048576K
}
Event: 476.235 GC heap before
{Heap before GC invocations=425 (full 1):
 PSYoungGen      total 3072K, used 2874K [0x00000000d5580000, 0x00000000d5980000, 0x0000000100000000)
  eden space 2560K, 100% used [0x00000000d5580000,0x00000000d5800000,0x00000000d5800000)
  from space 512K, 61% used [0x00000000d5880000,0x00000000d58ce900,0x00000000d5900000)
  to   space 512K, 0% used [0x00000000d5900000,0x00000000d5900000,0x00000000d5980000)
 ParOldGen       total 329216K, used 329185K [0x0000000080000000, 0x0000000094180000, 0x00000000d5580000)
  object space 329216K, 99% used [0x0000000080000000,0x00000000941787f8,0x0000000094180000)
 Metaspace       used 32692K, committed 33920K, reserved 1114112K
  class space    used 3071K, committed 3584K, reserved 1048576K
}
Event: 476.237 GC heap after
{Heap after GC invocations=425 (full 1):
 PSYoungGen      total 3072K, used 320K [0x00000000d5580000, 0x00000000d5980000, 0x0000000100000000)
  eden space 2560K, 0% used [0x00000000d5580000,0x00000000d5580000,0x00000000d5800000)
  from space 512K, 62% used [0x00000000d5900000,0x00000000d5950000,0x00000000d5980000)
  to   space 512K, 0% used [0x00000000d5880000,0x00000000d5880000,0x00000000d5900000)
 ParOldGen       total 329728K, used 329318K [0x0000000080000000, 0x0000000094200000, 0x00000000d5580000)
  object space 329728K, 99% used [0x0000000080000000,0x00000000941999f8,0x0000000094200000)
 Metaspace       used 32692K, committed 33920K, reserved 1114112K
  class space    used 3071K, committed 3584K, reserved 1048576K
}
Event: 476.247 GC heap before
{Heap before GC invocations=426 (full 1):
 PSYoungGen      total 3072K, used 2880K [0x00000000d5580000, 0x00000000d5980000, 0x0000000100000000)
  eden space 2560K, 100% used [0x00000000d5580000,0x00000000d5800000,0x00000000d5800000)
  from space 512K, 62% used [0x00000000d5900000,0x00000000d5950000,0x00000000d5980000)
  to   space 512K, 0% used [0x00000000d5880000,0x00000000d5880000,0x00000000d5900000)
 ParOldGen       total 329728K, used 329318K [0x0000000080000000, 0x0000000094200000, 0x00000000d5580000)
  object space 329728K, 99% used [0x0000000080000000,0x00000000941999f8,0x0000000094200000)
 Metaspace       used 32696K, committed 33920K, reserved 1114112K
  class space    used 3071K, committed 3584K, reserved 1048576K
}
Event: 476.249 GC heap after
{Heap after GC invocations=426 (full 1):
 PSYoungGen      total 3072K, used 416K [0x00000000d5580000, 0x00000000d5980000, 0x0000000100000000)
  eden space 2560K, 0% used [0x00000000d5580000,0x00000000d5580000,0x00000000d5800000)
  from space 512K, 81% used [0x00000000d5880000,0x00000000d58e8000,0x00000000d5900000)
  to   space 512K, 0% used [0x00000000d5900000,0x00000000d5900000,0x00000000d5980000)
 ParOldGen       total 329728K, used 329398K [0x0000000080000000, 0x0000000094200000, 0x00000000d5580000)
  object space 329728K, 99% used [0x0000000080000000,0x00000000941ad9f8,0x0000000094200000)
 Metaspace       used 32696K, committed 33920K, reserved 1114112K
  class space    used 3071K, committed 3584K, reserved 1048576K
}
Event: 476.270 GC heap before
{Heap before GC invocations=427 (full 1):
 PSYoungGen      total 3072K, used 2976K [0x00000000d5580000, 0x00000000d5980000, 0x0000000100000000)
  eden space 2560K, 100% used [0x00000000d5580000,0x00000000d5800000,0x00000000d5800000)
  from space 512K, 81% used [0x00000000d5880000,0x00000000d58e8000,0x00000000d5900000)
  to   space 512K, 0% used [0x00000000d5900000,0x00000000d5900000,0x00000000d5980000)
 ParOldGen       total 331264K, used 330901K [0x0000000080000000, 0x0000000094380000, 0x00000000d5580000)
  object space 331264K, 99% used [0x0000000080000000,0x0000000094325630,0x0000000094380000)
 Metaspace       used 32711K, committed 33984K, reserved 1114112K
  class space    used 3071K, committed 3584K, reserved 1048576K
}
Event: 476.271 GC heap after
{Heap after GC invocations=427 (full 1):
 PSYoungGen      total 3072K, used 378K [0x00000000d5580000, 0x00000000d5980000, 0x0000000100000000)
  eden space 2560K, 0% used [0x00000000d5580000,0x00000000d5580000,0x00000000d5800000)
  from space 512K, 73% used [0x00000000d5900000,0x00000000d595e900,0x00000000d5980000)
  to   space 512K, 0% used [0x00000000d5880000,0x00000000d5880000,0x00000000d5900000)
 ParOldGen       total 331264K, used 331205K [0x0000000080000000, 0x0000000094380000, 0x00000000d5580000)
  object space 331264K, 99% used [0x0000000080000000,0x0000000094371630,0x0000000094380000)
 Metaspace       used 32711K, committed 33984K, reserved 1114112K
  class space    used 3071K, committed 3584K, reserved 1048576K
}

