# JRE version: OpenJDK Runtime Environment Temurin-21.0.10+7 (21.0.10+7) (build 21.0.10+7-LTS)
# Java VM: OpenJDK 64-Bit Server VM Temurin-21.0.10+7 (21.0.10+7-LTS, mixed mode, sharing, tiered, compressed oops, compressed class ptrs, parallel gc, windows-amd64)
GC Precious Log:
 CardTable entry size: 512
 CPUs: 12 total, 12 available
 Memory: 7518M
 Large Page Support: Disabled
 NUMA Support: Disabled
 Compressed Oops: Enabled (32-bit)
 Alignments: Space 512K, Generation 512K, Heap 2M
 Heap Min Capacity: 100M
 Heap Initial Capacity: 100M
 Heap Max Capacity: 2G
 Pre-touch: Disabled
 Parallel Workers: 10
Heap:
 PSYoungGen      total 18944K, used 5247K [0x00000000d5580000, 0x00000000d6b80000, 0x0000000100000000)
  eden space 17920K, 24% used [0x00000000d5580000,0x00000000d59c53f8,0x00000000d6700000)
  from space 1024K, 85% used [0x00000000d6a80000,0x00000000d6b5a8d0,0x00000000d6b80000)
  to   space 1536K, 0% used [0x00000000d6880000,0x00000000d6880000,0x00000000d6a00000)
 ParOldGen       total 84480K, used 84151K [0x0000000080000000, 0x0000000085280000, 0x00000000d5580000)
  object space 84480K, 99% used [0x0000000080000000,0x000000008522ddd0,0x0000000085280000)
 Metaspace       used 23407K, committed 24320K, reserved 1114112K
  class space    used 2071K, committed 2432K, reserved 1048576K
GC Heap History (20 events):
Event: 20.010 GC heap before
{Heap before GC invocations=62 (full 1):
 PSYoungGen      total 18944K, used 18922K [0x00000000d5580000, 0x00000000d7080000, 0x0000000100000000)
  eden space 17920K, 100% used [0x00000000d5580000,0x00000000d6700000,0x00000000d6700000)
  from space 1024K, 97% used [0x00000000d6a80000,0x00000000d6b7aa30,0x00000000d6b80000)
  to   space 3584K, 0% used [0x00000000d6700000,0x00000000d6700000,0x00000000d6a80000)
 ParOldGen       total 74240K, used 74114K [0x0000000080000000, 0x0000000084880000, 0x00000000d5580000)
  object space 74240K, 99% used [0x0000000080000000,0x00000000848608f0,0x0000000084880000)
 Metaspace       used 21708K, committed 22592K, reserved 1114112K
  class space    used 1940K, committed 2304K, reserved 1048576K
}
Event: 20.012 GC heap after
{Heap after GC invocations=62 (full 1):
 PSYoungGen      total 18944K, used 543K [0x00000000d5580000, 0x00000000d6b00000, 0x0000000100000000)
  eden space 17920K, 0% used [0x00000000d5580000,0x00000000d5580000,0x00000000d6700000)
  from space 1024K, 53% used [0x00000000d6700000,0x00000000d6787e68,0x00000000d6800000)
  to   space 1536K, 0% used [0x00000000d6980000,0x00000000d6980000,0x00000000d6b00000)
 ParOldGen       total 74752K, used 74679K [0x0000000080000000, 0x0000000084900000, 0x00000000d5580000)
  object space 74752K, 99% used [0x0000000080000000,0x00000000848edfd8,0x0000000084900000)
 Metaspace       used 21708K, committed 22592K, reserved 1114112K
  class space    used 1940K, committed 2304K, reserved 1048576K
}
Event: 20.074 GC heap before
{Heap before GC invocations=63 (full 1):
 PSYoungGen      total 18944K, used 18463K [0x00000000d5580000, 0x00000000d6b00000, 0x0000000100000000)
  eden space 17920K, 100% used [0x00000000d5580000,0x00000000d6700000,0x00000000d6700000)
  from space 1024K, 53% used [0x00000000d6700000,0x00000000d6787e68,0x00000000d6800000)
  to   space 1536K, 0% used [0x00000000d6980000,0x00000000d6980000,0x00000000d6b00000)
 ParOldGen       total 74752K, used 74679K [0x0000000080000000, 0x0000000084900000, 0x00000000d5580000)
  object space 74752K, 99% used [0x0000000080000000,0x00000000848edfd8,0x0000000084900000)
 Metaspace       used 21718K, committed 22592K, reserved 1114112K
  class space    used 1940K, committed 2304K, reserved 1048576K
}
Event: 20.076 GC heap after
{Heap after GC invocations=63 (full 1):
 PSYoungGen      total 18432K, used 512K [0x00000000d5580000, 0x00000000d6a00000, 0x0000000100000000)
  eden space 17920K, 0% used [0x00000000d5580000,0x00000000d5580000,0x00000000d6700000)
  from space 512K, 100% used [0x00000000d6980000,0x00000000d6a00000,0x00000000d6a00000)
  to   space 1024K, 0% used [0x00000000d6800000,0x00000000d6800000,0x00000000d6900000)
 ParOldGen       total 75264K, used 75079K [0x0000000080000000, 0x0000000084980000, 0x00000000d5580000)
  object space 75264K, 99% used [0x0000000080000000,0x0000000084951e60,0x0000000084980000)
 Metaspace       used 21718K, committed 22592K, reserved 1114112K
  class space    used 1940K, committed 2304K, reserved 1048576K
}
Event: 20.160 GC heap before
{Heap before GC invocations=64 (full 1):
 PSYoungGen      total 18432K, used 18432K [0x00000000d5580000, 0x00000000d6a00000, 0x0000000100000000)
  eden space 17920K, 100% used [0x00000000d5580000,0x00000000d6700000,0x00000000d6700000)
  from space 512K, 100% used [0x00000000d6980000,0x00000000d6a00000,0x00000000d6a00000)
  to   space 1024K, 0% used [0x00000000d6800000,0x00000000d6800000,0x00000000d6900000)
 ParOldGen       total 75264K, used 75079K [0x0000000080000000, 0x0000000084980000, 0x00000000d5580000)
  object space 75264K, 99% used [0x0000000080000000,0x0000000084951e60,0x0000000084980000)
 Metaspace       used 21734K, committed 22592K, reserved 1114112K
  class space    used 1940K, committed 2304K, reserved 1048576K
}
Event: 20.162 GC heap after
{Heap after GC invocations=64 (full 1):
 PSYoungGen      total 18944K, used 576K [0x00000000d5580000, 0x00000000d6a00000, 0x0000000100000000)
  eden space 17920K, 0% used [0x00000000d5580000,0x00000000d5580000,0x00000000d6700000)
  from space 1024K, 56% used [0x00000000d6800000,0x00000000d6890000,0x00000000d6900000)
  to   space 1024K, 0% used [0x00000000d6900000,0x00000000d6900000,0x00000000d6a00000)
 ParOldGen       total 75776K, used 75447K [0x0000000080000000, 0x0000000084a00000, 0x00000000d5580000)
  object space 75776K, 99% used [0x0000000080000000,0x00000000849ade60,0x0000000084a00000)
 Metaspace       used 21734K, committed 22592K, reserved 1114112K
  class space    used 1940K, committed 2304K, reserved 1048576K
}
Event: 20.254 GC heap before
{Heap before GC invocations=65 (full 1):
 PSYoungGen      total 18944K, used 18496K [0x00000000d5580000, 0x00000000d6a00000, 0x0000000100000000)
  eden space 17920K, 100% used [0x00000000d5580000,0x00000000d6700000,0x00000000d6700000)
  from space 1024K, 56% used [0x00000000d6800000,0x00000000d6890000,0x00000000d6900000)
  to   space 1024K, 0% used [0x00000000d6900000,0x00000000d6900000,0x00000000d6a00000)
 ParOldGen       total 75776K, used 75447K [0x0000000080000000, 0x0000000084a00000, 0x00000000d5580000)
  object space 75776K, 99% used [0x0000000080000000,0x00000000849ade60,0x0000000084a00000)
 Metaspace       used 21745K, committed 22592K, reserved 1114112K
  class space    used 1940K, committed 2304K, reserved 1048576K
}
Event: 20.256 GC heap after
{Heap after GC invocations=65 (full 1):
 PSYoungGen      total 18944K, used 1016K [0x00000000d5580000, 0x00000000d6b00000, 0x0000000100000000)
  eden space 17920K, 0% used [0x00000000d5580000,0x00000000d5580000,0x00000000d6700000)
  from space 1024K, 99% used [0x00000000d6900000,0x00000000d69fe038,0x00000000d6a00000)
  to   space 2048K, 0% used [0x00000000d6700000,0x00000000d6700000,0x00000000d6900000)
 ParOldGen       total 76288K, used 76063K [0x0000000080000000, 0x0000000084a80000, 0x00000000d5580000)
  object space 76288K, 99% used [0x0000000080000000,0x0000000084a47e60,0x0000000084a80000)
 Metaspace       used 21745K, committed 22592K, reserved 1114112K
  class space    used 1940K, committed 2304K, reserved 1048576K
}
Event: 20.342 GC heap before
{Heap before GC invocations=66 (full 1):
 PSYoungGen      total 18944K, used 18936K [0x00000000d5580000, 0x00000000d6b00000, 0x0000000100000000)
  eden space 17920K, 100% used [0x00000000d5580000,0x00000000d6700000,0x00000000d6700000)
  from space 1024K, 99% used [0x00000000d6900000,0x00000000d69fe038,0x00000000d6a00000)
  to   space 2048K, 0% used [0x00000000d6700000,0x00000000d6700000,0x00000000d6900000)
 ParOldGen       total 76288K, used 76063K [0x0000000080000000, 0x0000000084a80000, 0x00000000d5580000)
  object space 76288K, 99% used [0x0000000080000000,0x0000000084a47e60,0x0000000084a80000)
 Metaspace       used 21763K, committed 22656K, reserved 1114112K
  class space    used 1940K, committed 2304K, reserved 1048576K
}
Event: 20.344 GC heap after
{Heap after GC invocations=66 (full 1):
 PSYoungGen      total 18944K, used 896K [0x00000000d5580000, 0x00000000d6a00000, 0x0000000100000000)
  eden space 17920K, 0% used [0x00000000d5580000,0x00000000d5580000,0x00000000d6700000)
  from space 1024K, 87% used [0x00000000d6700000,0x00000000d67e0020,0x00000000d6800000)
  to   space 1536K, 0% used [0x00000000d6880000,0x00000000d6880000,0x00000000d6a00000)
 ParOldGen       total 77312K, used 77049K [0x0000000080000000, 0x0000000084b80000, 0x00000000d5580000)
  object space 77312K, 99% used [0x0000000080000000,0x0000000084b3e640,0x0000000084b80000)
 Metaspace       used 21763K, committed 22656K, reserved 1114112K
  class space    used 1940K, committed 2304K, reserved 1048576K
}
Event: 20.500 GC heap before
{Heap before GC invocations=67 (full 1):
 PSYoungGen      total 18944K, used 18816K [0x00000000d5580000, 0x00000000d6a00000, 0x0000000100000000)
  eden space 17920K, 100% used [0x00000000d5580000,0x00000000d6700000,0x00000000d6700000)
  from space 1024K, 87% used [0x00000000d6700000,0x00000000d67e0020,0x00000000d6800000)
  to   space 1536K, 0% used [0x00000000d6880000,0x00000000d6880000,0x00000000d6a00000)
 ParOldGen       total 77312K, used 77049K [0x0000000080000000, 0x0000000084b80000, 0x00000000d5580000)
  object space 77312K, 99% used [0x0000000080000000,0x0000000084b3e640,0x0000000084b80000)
 Metaspace       used 21883K, committed 22720K, reserved 1114112K
  class space    used 1966K, committed 2304K, reserved 1048576K
}
Event: 20.503 GC heap after
{Heap after GC invocations=67 (full 1):
 PSYoungGen      total 19456K, used 1153K [0x00000000d5580000, 0x00000000d6a00000, 0x0000000100000000)
  eden space 17920K, 0% used [0x00000000d5580000,0x00000000d5580000,0x00000000d6700000)
  from space 1536K, 75% used [0x00000000d6880000,0x00000000d69a0770,0x00000000d6a00000)
  to   space 1536K, 0% used [0x00000000d6700000,0x00000000d6700000,0x00000000d6880000)
 ParOldGen       total 77824K, used 77766K [0x0000000080000000, 0x0000000084c00000, 0x00000000d5580000)
  object space 77824K, 99% used [0x0000000080000000,0x0000000084bf1858,0x0000000084c00000)
 Metaspace       used 21883K, committed 22720K, reserved 1114112K
  class space    used 1966K, committed 2304K, reserved 1048576K
}
Event: 20.709 GC heap before
{Heap before GC invocations=68 (full 1):
 PSYoungGen      total 19456K, used 19052K [0x00000000d5580000, 0x00000000d6a00000, 0x0000000100000000)
  eden space 17920K, 99% used [0x00000000d5580000,0x00000000d66fac18,0x00000000d6700000)
  from space 1536K, 75% used [0x00000000d6880000,0x00000000d69a0770,0x00000000d6a00000)
  to   space 1536K, 0% used [0x00000000d6700000,0x00000000d6700000,0x00000000d6880000)
 ParOldGen       total 77824K, used 77766K [0x0000000080000000, 0x0000000084c00000, 0x00000000d5580000)
  object space 77824K, 99% used [0x0000000080000000,0x0000000084bf1858,0x0000000084c00000)
 Metaspace       used 22079K, committed 23040K, reserved 1114112K
  class space    used 1981K, committed 2368K, reserved 1048576K
}
Event: 20.714 GC heap after
{Heap after GC invocations=68 (full 1):
 PSYoungGen      total 19456K, used 1514K [0x00000000d5580000, 0x00000000d7100000, 0x0000000100000000)
  eden space 17920K, 0% used [0x00000000d5580000,0x00000000d5580000,0x00000000d6700000)
  from space 1536K, 98% used [0x00000000d6700000,0x00000000d687ab38,0x00000000d6880000)
  to   space 5120K, 0% used [0x00000000d6c00000,0x00000000d6c00000,0x00000000d7100000)
 ParOldGen       total 80896K, used 80725K [0x0000000080000000, 0x0000000084f00000, 0x00000000d5580000)
  object space 80896K, 99% used [0x0000000080000000,0x0000000084ed5730,0x0000000084f00000)
 Metaspace       used 22079K, committed 23040K, reserved 1114112K
  class space    used 1981K, committed 2368K, reserved 1048576K
}
Event: 23.875 GC heap before
{Heap before GC invocations=69 (full 1):
 PSYoungGen      total 19456K, used 19434K [0x00000000d5580000, 0x00000000d7100000, 0x0000000100000000)
  eden space 17920K, 100% used [0x00000000d5580000,0x00000000d6700000,0x00000000d6700000)
  from space 1536K, 98% used [0x00000000d6700000,0x00000000d687ab38,0x00000000d6880000)
  to   space 5120K, 0% used [0x00000000d6c00000,0x00000000d6c00000,0x00000000d7100000)
 ParOldGen       total 80896K, used 80725K [0x0000000080000000, 0x0000000084f00000, 0x00000000d5580000)
  object space 80896K, 99% used [0x0000000080000000,0x0000000084ed5730,0x0000000084f00000)
 Metaspace       used 22560K, committed 23488K, reserved 1114112K
  class space    used 2008K, committed 2368K, reserved 1048576K
}
Event: 23.881 GC heap after
{Heap after GC invocations=69 (full 1):
 PSYoungGen      total 19968K, used 1664K [0x00000000d5580000, 0x00000000d6e00000, 0x0000000100000000)
  eden space 17920K, 0% used [0x00000000d5580000,0x00000000d5580000,0x00000000d6700000)
  from space 2048K, 81% used [0x00000000d6c00000,0x00000000d6da0380,0x00000000d6e00000)
  to   space 3072K, 0% used [0x00000000d6800000,0x00000000d6800000,0x00000000d6b00000)
 ParOldGen       total 81408K, used 81256K [0x0000000080000000, 0x0000000084f80000, 0x00000000d5580000)
  object space 81408K, 99% used [0x0000000080000000,0x0000000084f5a050,0x0000000084f80000)
 Metaspace       used 22560K, committed 23488K, reserved 1114112K
  class space    used 2008K, committed 2368K, reserved 1048576K
}
Event: 24.599 GC heap before
{Heap before GC invocations=70 (full 1):
 PSYoungGen      total 19968K, used 19584K [0x00000000d5580000, 0x00000000d6e00000, 0x0000000100000000)
  eden space 17920K, 100% used [0x00000000d5580000,0x00000000d6700000,0x00000000d6700000)
  from space 2048K, 81% used [0x00000000d6c00000,0x00000000d6da0380,0x00000000d6e00000)
  to   space 3072K, 0% used [0x00000000d6800000,0x00000000d6800000,0x00000000d6b00000)
 ParOldGen       total 81408K, used 81256K [0x0000000080000000, 0x0000000084f80000, 0x00000000d5580000)
  object space 81408K, 99% used [0x0000000080000000,0x0000000084f5a050,0x0000000084f80000)
 Metaspace       used 23048K, committed 23936K, reserved 1114112K
  class space    used 2067K, committed 2432K, reserved 1048576K
}
Event: 24.602 GC heap after
{Heap after GC invocations=70 (full 1):
 PSYoungGen      total 19968K, used 1838K [0x00000000d5580000, 0x00000000d6c80000, 0x0000000100000000)
  eden space 17920K, 0% used [0x00000000d5580000,0x00000000d5580000,0x00000000d6700000)
  from space 2048K, 89% used [0x00000000d6800000,0x00000000d69cb808,0x00000000d6a00000)
  to   space 2048K, 0% used [0x00000000d6a80000,0x00000000d6a80000,0x00000000d6c80000)
 ParOldGen       total 82944K, used 82831K [0x0000000080000000, 0x0000000085100000, 0x00000000d5580000)
  object space 82944K, 99% used [0x0000000080000000,0x00000000850e3e28,0x0000000085100000)
 Metaspace       used 23048K, committed 23936K, reserved 1114112K
  class space    used 2067K, committed 2432K, reserved 1048576K
}
Event: 24.926 GC heap before
{Heap before GC invocations=71 (full 1):
 PSYoungGen      total 19968K, used 19758K [0x00000000d5580000, 0x00000000d6c80000, 0x0000000100000000)
  eden space 17920K, 100% used [0x00000000d5580000,0x00000000d6700000,0x00000000d6700000)
  from space 2048K, 89% used [0x00000000d6800000,0x00000000d69cb808,0x00000000d6a00000)
  to   space 2048K, 0% used [0x00000000d6a80000,0x00000000d6a80000,0x00000000d6c80000)
 ParOldGen       total 82944K, used 82831K [0x0000000080000000, 0x0000000085100000, 0x00000000d5580000)
  object space 82944K, 99% used [0x0000000080000000,0x00000000850e3e28,0x0000000085100000)
 Metaspace       used 23343K, committed 24256K, reserved 1114112K
  class space    used 2070K, committed 2432K, reserved 1048576K
}
Event: 24.929 GC heap after
{Heap after GC invocations=71 (full 1):
 PSYoungGen      total 18944K, used 874K [0x00000000d5580000, 0x00000000d6b80000, 0x0000000100000000)
  eden space 17920K, 0% used [0x00000000d5580000,0x00000000d5580000,0x00000000d6700000)
  from space 1024K, 85% used [0x00000000d6a80000,0x00000000d6b5a8d0,0x00000000d6b80000)
  to   space 1536K, 0% used [0x00000000d6880000,0x00000000d6880000,0x00000000d6a00000)
 ParOldGen       total 84480K, used 84151K [0x0000000080000000, 0x0000000085280000, 0x00000000d5580000)
  object space 84480K, 99% used [0x0000000080000000,0x000000008522ddd0,0x0000000085280000)
 Metaspace       used 23343K, committed 24256K, reserved 1114112K
  class space    used 2070K, committed 2432K, reserved 1048576K
}

