# JRE version: OpenJDK Runtime Environment Temurin-21.0.10+7 (21.0.10+7) (build 21.0.10+7-LTS)
# Java VM: OpenJDK 64-Bit Server VM Temurin-21.0.10+7 (21.0.10+7-LTS, mixed mode, sharing, tiered, compressed oops, compressed class ptrs, parallel gc, windows-amd64)
GC Precious Log:
 CardTable entry size: 512
 CPUs: 12 total, 12 available
 Memory: 7518M
 Large Page Support: Disabled
 NUMA Support: Disabled
 Compressed Oops: Enabled (32-bit)
 Alignments: Space 512K, Generation 512K, Heap 2M
 Heap Min Capacity: 100M
 Heap Initial Capacity: 100M
 Heap Max Capacity: 2G
 Pre-touch: Disabled
 Parallel Workers: 10
Heap:
 PSYoungGen      total 22016K, used 4702K [0x00000000d5580000, 0x00000000d7000000, 0x0000000100000000)
  eden space 19456K, 12% used [0x00000000d5580000,0x00000000d57d4018,0x00000000d6880000)
  from space 2560K, 90% used [0x00000000d6880000,0x00000000d6ac3878,0x00000000d6b00000)
  to   space 3584K, 0% used [0x00000000d6c80000,0x00000000d6c80000,0x00000000d7000000)
 ParOldGen       total 117248K, used 116738K [0x0000000080000000, 0x0000000087280000, 0x00000000d5580000)
  object space 117248K, 99% used [0x0000000080000000,0x0000000087200b28,0x0000000087280000)
 Metaspace       used 31574K, committed 32768K, reserved 1114112K
  class space    used 3034K, committed 3520K, reserved 1048576K
GC Heap History (20 events):
Event: 163.954 GC heap before
{Heap before GC invocations=71 (full 1):
 PSYoungGen      total 19968K, used 19968K [0x00000000d5580000, 0x00000000d7080000, 0x0000000100000000)
  eden space 19456K, 100% used [0x00000000d5580000,0x00000000d6880000,0x00000000d6880000)
  from space 512K, 100% used [0x00000000d6f00000,0x00000000d6f80000,0x00000000d6f80000)
  to   space 1024K, 0% used [0x00000000d6f80000,0x00000000d6f80000,0x00000000d7080000)
 ParOldGen       total 111616K, used 111170K [0x0000000080000000, 0x0000000086d00000, 0x00000000d5580000)
  object space 111616K, 99% used [0x0000000080000000,0x0000000086c90bc8,0x0000000086d00000)
 Metaspace       used 30272K, committed 31424K, reserved 1114112K
  class space    used 2912K, committed 3392K, reserved 1048576K
}
Event: 163.956 GC heap after
{Heap after GC invocations=71 (full 1):
 PSYoungGen      total 20480K, used 864K [0x00000000d5580000, 0x00000000d7080000, 0x0000000100000000)
  eden space 19456K, 0% used [0x00000000d5580000,0x00000000d5580000,0x00000000d6880000)
  from space 1024K, 84% used [0x00000000d6f80000,0x00000000d7058000,0x00000000d7080000)
  to   space 1024K, 0% used [0x00000000d6e80000,0x00000000d6e80000,0x00000000d6f80000)
 ParOldGen       total 111616K, used 111250K [0x0000000080000000, 0x0000000086d00000, 0x00000000d5580000)
  object space 111616K, 99% used [0x0000000080000000,0x0000000086ca4bc8,0x0000000086d00000)
 Metaspace       used 30272K, committed 31424K, reserved 1114112K
  class space    used 2912K, committed 3392K, reserved 1048576K
}
Event: 164.080 GC heap before
{Heap before GC invocations=72 (full 1):
 PSYoungGen      total 20480K, used 20320K [0x00000000d5580000, 0x00000000d7080000, 0x0000000100000000)
  eden space 19456K, 100% used [0x00000000d5580000,0x00000000d6880000,0x00000000d6880000)
  from space 1024K, 84% used [0x00000000d6f80000,0x00000000d7058000,0x00000000d7080000)
  to   space 1024K, 0% used [0x00000000d6e80000,0x00000000d6e80000,0x00000000d6f80000)
 ParOldGen       total 111616K, used 111250K [0x0000000080000000, 0x0000000086d00000, 0x00000000d5580000)
  object space 111616K, 99% used [0x0000000080000000,0x0000000086ca4bc8,0x0000000086d00000)
 Metaspace       used 30283K, committed 31424K, reserved 1114112K
  class space    used 2913K, committed 3392K, reserved 1048576K
}
Event: 164.083 GC heap after
{Heap after GC invocations=72 (full 1):
 PSYoungGen      total 20480K, used 544K [0x00000000d5580000, 0x00000000d7000000, 0x0000000100000000)
  eden space 19456K, 0% used [0x00000000d5580000,0x00000000d5580000,0x00000000d6880000)
  from space 1024K, 53% used [0x00000000d6e80000,0x00000000d6f08000,0x00000000d6f80000)
  to   space 512K, 0% used [0x00000000d6f80000,0x00000000d6f80000,0x00000000d7000000)
 ParOldGen       total 111616K, used 111306K [0x0000000080000000, 0x0000000086d00000, 0x00000000d5580000)
  object space 111616K, 99% used [0x0000000080000000,0x0000000086cb2bc8,0x0000000086d00000)
 Metaspace       used 30283K, committed 31424K, reserved 1114112K
  class space    used 2913K, committed 3392K, reserved 1048576K
}
Event: 164.198 GC heap before
{Heap before GC invocations=73 (full 1):
 PSYoungGen      total 20480K, used 20000K [0x00000000d5580000, 0x00000000d7000000, 0x0000000100000000)
  eden space 19456K, 100% used [0x00000000d5580000,0x00000000d6880000,0x00000000d6880000)
  from space 1024K, 53% used [0x00000000d6e80000,0x00000000d6f08000,0x00000000d6f80000)
  to   space 512K, 0% used [0x00000000d6f80000,0x00000000d6f80000,0x00000000d7000000)
 ParOldGen       total 111616K, used 111306K [0x0000000080000000, 0x0000000086d00000, 0x00000000d5580000)
  object space 111616K, 99% used [0x0000000080000000,0x0000000086cb2bc8,0x0000000086d00000)
 Metaspace       used 30305K, committed 31424K, reserved 1114112K
  class space    used 2913K, committed 3392K, reserved 1048576K
}
Event: 164.201 GC heap after
{Heap after GC invocations=73 (full 1):
 PSYoungGen      total 19968K, used 512K [0x00000000d5580000, 0x00000000d7000000, 0x0000000100000000)
  eden space 19456K, 0% used [0x00000000d5580000,0x00000000d5580000,0x00000000d6880000)
  from space 512K, 100% used [0x00000000d6f80000,0x00000000d7000000,0x00000000d7000000)
  to   space 1024K, 0% used [0x00000000d6e00000,0x00000000d6e00000,0x00000000d6f00000)
 ParOldGen       total 111616K, used 111362K [0x0000000080000000, 0x0000000086d00000, 0x00000000d5580000)
  object space 111616K, 99% used [0x0000000080000000,0x0000000086cc0bc8,0x0000000086d00000)
 Metaspace       used 30305K, committed 31424K, reserved 1114112K
  class space    used 2913K, committed 3392K, reserved 1048576K
}
Event: 164.319 GC heap before
{Heap before GC invocations=74 (full 1):
 PSYoungGen      total 19968K, used 19968K [0x00000000d5580000, 0x00000000d7000000, 0x0000000100000000)
  eden space 19456K, 100% used [0x00000000d5580000,0x00000000d6880000,0x00000000d6880000)
  from space 512K, 100% used [0x00000000d6f80000,0x00000000d7000000,0x00000000d7000000)
  to   space 1024K, 0% used [0x00000000d6e00000,0x00000000d6e00000,0x00000000d6f00000)
 ParOldGen       total 111616K, used 111362K [0x0000000080000000, 0x0000000086d00000, 0x00000000d5580000)
  object space 111616K, 99% used [0x0000000080000000,0x0000000086cc0bc8,0x0000000086d00000)
 Metaspace       used 30312K, committed 31424K, reserved 1114112K
  class space    used 2913K, committed 3392K, reserved 1048576K
}
Event: 164.321 GC heap after
{Heap after GC invocations=74 (full 1):
 PSYoungGen      total 20480K, used 416K [0x00000000d5580000, 0x00000000d7000000, 0x0000000100000000)
  eden space 19456K, 0% used [0x00000000d5580000,0x00000000d5580000,0x00000000d6880000)
  from space 1024K, 40% used [0x00000000d6e00000,0x00000000d6e68000,0x00000000d6f00000)
  to   space 512K, 0% used [0x00000000d6f80000,0x00000000d6f80000,0x00000000d7000000)
 ParOldGen       total 111616K, used 111386K [0x0000000080000000, 0x0000000086d00000, 0x00000000d5580000)
  object space 111616K, 99% used [0x0000000080000000,0x0000000086cc6bc8,0x0000000086d00000)
 Metaspace       used 30312K, committed 31424K, reserved 1114112K
  class space    used 2913K, committed 3392K, reserved 1048576K
}
Event: 164.446 GC heap before
{Heap before GC invocations=75 (full 1):
 PSYoungGen      total 20480K, used 18811K [0x00000000d5580000, 0x00000000d7000000, 0x0000000100000000)
  eden space 19456K, 94% used [0x00000000d5580000,0x00000000d6776da0,0x00000000d6880000)
  from space 1024K, 40% used [0x00000000d6e00000,0x00000000d6e68000,0x00000000d6f00000)
  to   space 512K, 0% used [0x00000000d6f80000,0x00000000d6f80000,0x00000000d7000000)
 ParOldGen       total 111616K, used 111386K [0x0000000080000000, 0x0000000086d00000, 0x00000000d5580000)
  object space 111616K, 99% used [0x0000000080000000,0x0000000086cc6bc8,0x0000000086d00000)
 Metaspace       used 30358K, committed 31488K, reserved 1114112K
  class space    used 2913K, committed 3392K, reserved 1048576K
}
Event: 164.447 GC heap after
{Heap after GC invocations=75 (full 1):
 PSYoungGen      total 19968K, used 256K [0x00000000d5580000, 0x00000000d7000000, 0x0000000100000000)
  eden space 19456K, 0% used [0x00000000d5580000,0x00000000d5580000,0x00000000d6880000)
  from space 512K, 50% used [0x00000000d6f80000,0x00000000d6fc0000,0x00000000d7000000)
  to   space 512K, 0% used [0x00000000d6f00000,0x00000000d6f00000,0x00000000d6f80000)
 ParOldGen       total 111616K, used 111482K [0x0000000080000000, 0x0000000086d00000, 0x00000000d5580000)
  object space 111616K, 99% used [0x0000000080000000,0x0000000086cdebc8,0x0000000086d00000)
 Metaspace       used 30358K, committed 31488K, reserved 1114112K
  class space    used 2913K, committed 3392K, reserved 1048576K
}
Event: 164.997 GC heap before
{Heap before GC invocations=76 (full 1):
 PSYoungGen      total 19968K, used 19712K [0x00000000d5580000, 0x00000000d7000000, 0x0000000100000000)
  eden space 19456K, 100% used [0x00000000d5580000,0x00000000d6880000,0x00000000d6880000)
  from space 512K, 50% used [0x00000000d6f80000,0x00000000d6fc0000,0x00000000d7000000)
  to   space 512K, 0% used [0x00000000d6f00000,0x00000000d6f00000,0x00000000d6f80000)
 ParOldGen       total 111616K, used 111482K [0x0000000080000000, 0x0000000086d00000, 0x00000000d5580000)
  object space 111616K, 99% used [0x0000000080000000,0x0000000086cdebc8,0x0000000086d00000)
 Metaspace       used 30431K, committed 31616K, reserved 1114112K
  class space    used 2921K, committed 3392K, reserved 1048576K
}
Event: 165.003 GC heap after
{Heap after GC invocations=76 (full 1):
 PSYoungGen      total 19968K, used 416K [0x00000000d5580000, 0x00000000d7000000, 0x0000000100000000)
  eden space 19456K, 0% used [0x00000000d5580000,0x00000000d5580000,0x00000000d6880000)
  from space 512K, 81% used [0x00000000d6f00000,0x00000000d6f68000,0x00000000d6f80000)
  to   space 512K, 0% used [0x00000000d6f80000,0x00000000d6f80000,0x00000000d7000000)
 ParOldGen       total 112128K, used 111618K [0x0000000080000000, 0x0000000086d80000, 0x00000000d5580000)
  object space 112128K, 99% used [0x0000000080000000,0x0000000086d00bc8,0x0000000086d80000)
 Metaspace       used 30431K, committed 31616K, reserved 1114112K
  class space    used 2921K, committed 3392K, reserved 1048576K
}
Event: 165.229 GC heap before
{Heap before GC invocations=77 (full 1):
 PSYoungGen      total 19968K, used 19872K [0x00000000d5580000, 0x00000000d7000000, 0x0000000100000000)
  eden space 19456K, 100% used [0x00000000d5580000,0x00000000d6880000,0x00000000d6880000)
  from space 512K, 81% used [0x00000000d6f00000,0x00000000d6f68000,0x00000000d6f80000)
  to   space 512K, 0% used [0x00000000d6f80000,0x00000000d6f80000,0x00000000d7000000)
 ParOldGen       total 112128K, used 111618K [0x0000000080000000, 0x0000000086d80000, 0x00000000d5580000)
  object space 112128K, 99% used [0x0000000080000000,0x0000000086d00bc8,0x0000000086d80000)
 Metaspace       used 30446K, committed 31616K, reserved 1114112K
  class space    used 2921K, committed 3392K, reserved 1048576K
}
Event: 165.232 GC heap after
{Heap after GC invocations=77 (full 1):
 PSYoungGen      total 19968K, used 512K [0x00000000d5580000, 0x00000000d7000000, 0x0000000100000000)
  eden space 19456K, 0% used [0x00000000d5580000,0x00000000d5580000,0x00000000d6880000)
  from space 512K, 100% used [0x00000000d6f80000,0x00000000d7000000,0x00000000d7000000)
  to   space 1024K, 0% used [0x00000000d6e00000,0x00000000d6e00000,0x00000000d6f00000)
 ParOldGen       total 112128K, used 111841K [0x0000000080000000, 0x0000000086d80000, 0x00000000d5580000)
  object space 112128K, 99% used [0x0000000080000000,0x0000000086d384d8,0x0000000086d80000)
 Metaspace       used 30446K, committed 31616K, reserved 1114112K
  class space    used 2921K, committed 3392K, reserved 1048576K
}
Event: 165.444 GC heap before
{Heap before GC invocations=78 (full 1):
 PSYoungGen      total 19968K, used 19968K [0x00000000d5580000, 0x00000000d7000000, 0x0000000100000000)
  eden space 19456K, 100% used [0x00000000d5580000,0x00000000d6880000,0x00000000d6880000)
  from space 512K, 100% used [0x00000000d6f80000,0x00000000d7000000,0x00000000d7000000)
  to   space 1024K, 0% used [0x00000000d6e00000,0x00000000d6e00000,0x00000000d6f00000)
 ParOldGen       total 112128K, used 111841K [0x0000000080000000, 0x0000000086d80000, 0x00000000d5580000)
  object space 112128K, 99% used [0x0000000080000000,0x0000000086d384d8,0x0000000086d80000)
 Metaspace       used 30453K, committed 31616K, reserved 1114112K
  class space    used 2921K, committed 3392K, reserved 1048576K
}
Event: 165.446 GC heap after
{Heap after GC invocations=78 (full 1):
 PSYoungGen      total 20480K, used 288K [0x00000000d5580000, 0x00000000d7000000, 0x0000000100000000)
  eden space 19456K, 0% used [0x00000000d5580000,0x00000000d5580000,0x00000000d6880000)
  from space 1024K, 28% used [0x00000000d6e00000,0x00000000d6e48000,0x00000000d6f00000)
  to   space 512K, 0% used [0x00000000d6f80000,0x00000000d6f80000,0x00000000d7000000)
 ParOldGen       total 112128K, used 111881K [0x0000000080000000, 0x0000000086d80000, 0x00000000d5580000)
  object space 112128K, 99% used [0x0000000080000000,0x0000000086d424d8,0x0000000086d80000)
 Metaspace       used 30453K, committed 31616K, reserved 1114112K
  class space    used 2921K, committed 3392K, reserved 1048576K
}
Event: 398.738 GC heap before
{Heap before GC invocations=79 (full 1):
 PSYoungGen      total 20480K, used 19744K [0x00000000d5580000, 0x00000000d7000000, 0x0000000100000000)
  eden space 19456K, 100% used [0x00000000d5580000,0x00000000d6880000,0x00000000d6880000)
  from space 1024K, 28% used [0x00000000d6e00000,0x00000000d6e48000,0x00000000d6f00000)
  to   space 512K, 0% used [0x00000000d6f80000,0x00000000d6f80000,0x00000000d7000000)
 ParOldGen       total 112128K, used 111881K [0x0000000080000000, 0x0000000086d80000, 0x00000000d5580000)
  object space 112128K, 99% used [0x0000000080000000,0x0000000086d424d8,0x0000000086d80000)
 Metaspace       used 30756K, committed 31872K, reserved 1114112K
  class space    used 2946K, committed 3392K, reserved 1048576K
}
Event: 398.790 GC heap after
{Heap after GC invocations=79 (full 1):
 PSYoungGen      total 19968K, used 489K [0x00000000d5580000, 0x00000000d7480000, 0x0000000100000000)
  eden space 19456K, 0% used [0x00000000d5580000,0x00000000d5580000,0x00000000d6880000)
  from space 512K, 95% used [0x00000000d6f80000,0x00000000d6ffa578,0x00000000d7000000)
  to   space 6144K, 0% used [0x00000000d6880000,0x00000000d6880000,0x00000000d6e80000)
 ParOldGen       total 116736K, used 116490K [0x0000000080000000, 0x0000000087200000, 0x00000000d5580000)
  object space 116736K, 99% used [0x0000000080000000,0x00000000871c2b28,0x0000000087200000)
 Metaspace       used 30756K, committed 31872K, reserved 1114112K
  class space    used 2946K, committed 3392K, reserved 1048576K
}
Event: 400.284 GC heap before
{Heap before GC invocations=80 (full 1):
 PSYoungGen      total 19968K, used 19945K [0x00000000d5580000, 0x00000000d7480000, 0x0000000100000000)
  eden space 19456K, 100% used [0x00000000d5580000,0x00000000d6880000,0x00000000d6880000)
  from space 512K, 95% used [0x00000000d6f80000,0x00000000d6ffa578,0x00000000d7000000)
  to   space 6144K, 0% used [0x00000000d6880000,0x00000000d6880000,0x00000000d6e80000)
 ParOldGen       total 116736K, used 116490K [0x0000000080000000, 0x0000000087200000, 0x00000000d5580000)
  object space 116736K, 99% used [0x0000000080000000,0x00000000871c2b28,0x0000000087200000)
 Metaspace       used 31526K, committed 32704K, reserved 1114112K
  class space    used 3030K, committed 3456K, reserved 1048576K
}
Event: 400.294 GC heap after
{Heap after GC invocations=80 (full 1):
 PSYoungGen      total 22016K, used 2318K [0x00000000d5580000, 0x00000000d7000000, 0x0000000100000000)
  eden space 19456K, 0% used [0x00000000d5580000,0x00000000d5580000,0x00000000d6880000)
  from space 2560K, 90% used [0x00000000d6880000,0x00000000d6ac3878,0x00000000d6b00000)
  to   space 3584K, 0% used [0x00000000d6c80000,0x00000000d6c80000,0x00000000d7000000)
 ParOldGen       total 117248K, used 116738K [0x0000000080000000, 0x0000000087280000, 0x00000000d5580000)
  object space 117248K, 99% used [0x0000000080000000,0x0000000087200b28,0x0000000087280000)
 Metaspace       used 31526K, committed 32704K, reserved 1114112K
  class space    used 3030K, committed 3456K, reserved 1048576K
}

