# JRE version: OpenJDK Runtime Environment Temurin-21.0.10+7 (21.0.10+7) (build 21.0.10+7-LTS)
# Java VM: OpenJDK 64-Bit Server VM Temurin-21.0.10+7 (21.0.10+7-LTS, mixed mode, sharing, tiered, compressed oops, compressed class ptrs, parallel gc, windows-amd64)
GC Precious Log:
 CardTable entry size: 512
 CPUs: 12 total, 12 available
 Memory: 7518M
 Large Page Support: Disabled
 NUMA Support: Disabled
 Compressed Oops: Enabled (32-bit)
 Alignments: Space 512K, Generation 512K, Heap 2M
 Heap Min Capacity: 100M
 Heap Initial Capacity: 100M
 Heap Max Capacity: 2G
 Pre-touch: Disabled
 Parallel Workers: 10
Heap:
 PSYoungGen      total 8192K, used 3114K [0x00000000d5580000, 0x00000000d5f80000, 0x0000000100000000)
  eden space 7168K, 29% used [0x00000000d5580000,0x00000000d5792b38,0x00000000d5c80000)
  from space 1024K, 96% used [0x00000000d5d80000,0x00000000d5e78030,0x00000000d5e80000)
  to   space 1024K, 0% used [0x00000000d5e80000,0x00000000d5e80000,0x00000000d5f80000)
 ParOldGen       total 190464K, used 190151K [0x0000000080000000, 0x000000008ba00000, 0x00000000d5580000)
  object space 190464K, 99% used [0x0000000080000000,0x000000008b9b1c20,0x000000008ba00000)
 Metaspace       used 26704K, committed 27840K, reserved 1114112K
  class space    used 2441K, committed 2944K, reserved 1048576K
GC Heap History (20 events):
Event: 25.596 GC heap before
{Heap before GC invocations=185 (full 1):
 PSYoungGen      total 8704K, used 8182K [0x00000000d5580000, 0x00000000d5f00000, 0x0000000100000000)
  eden space 7680K, 99% used [0x00000000d5580000,0x00000000d5cfd840,0x00000000d5d00000)
  from space 1024K, 50% used [0x00000000d5d80000,0x00000000d5e00020,0x00000000d5e80000)
  to   space 512K, 0% used [0x00000000d5e80000,0x00000000d5e80000,0x00000000d5f00000)
 ParOldGen       total 185344K, used 185303K [0x0000000080000000, 0x000000008b500000, 0x00000000d5580000)
  object space 185344K, 99% used [0x0000000080000000,0x000000008b4f5e68,0x000000008b500000)
 Metaspace       used 26093K, committed 27200K, reserved 1114112K
  class space    used 2407K, committed 2880K, reserved 1048576K
}
Event: 25.599 GC heap after
{Heap after GC invocations=185 (full 1):
 PSYoungGen      total 8192K, used 224K [0x00000000d5580000, 0x00000000d5f00000, 0x0000000100000000)
  eden space 7680K, 0% used [0x00000000d5580000,0x00000000d5580000,0x00000000d5d00000)
  from space 512K, 43% used [0x00000000d5e80000,0x00000000d5eb8000,0x00000000d5f00000)
  to   space 512K, 0% used [0x00000000d5e00000,0x00000000d5e00000,0x00000000d5e80000)
 ParOldGen       total 185856K, used 185731K [0x0000000080000000, 0x000000008b580000, 0x00000000d5580000)
  object space 185856K, 99% used [0x0000000080000000,0x000000008b560e98,0x000000008b580000)
 Metaspace       used 26093K, committed 27200K, reserved 1114112K
  class space    used 2407K, committed 2880K, reserved 1048576K
}
Event: 26.404 GC heap before
{Heap before GC invocations=186 (full 1):
 PSYoungGen      total 8192K, used 7641K [0x00000000d5580000, 0x00000000d5f00000, 0x0000000100000000)
  eden space 7680K, 96% used [0x00000000d5580000,0x00000000d5cbe6e0,0x00000000d5d00000)
  from space 512K, 43% used [0x00000000d5e80000,0x00000000d5eb8000,0x00000000d5f00000)
  to   space 512K, 0% used [0x00000000d5e00000,0x00000000d5e00000,0x00000000d5e80000)
 ParOldGen       total 185856K, used 185731K [0x0000000080000000, 0x000000008b580000, 0x00000000d5580000)
  object space 185856K, 99% used [0x0000000080000000,0x000000008b560e98,0x000000008b580000)
 Metaspace       used 26163K, committed 27264K, reserved 1114112K
  class space    used 2410K, committed 2880K, reserved 1048576K
}
Event: 26.406 GC heap after
{Heap after GC invocations=186 (full 1):
 PSYoungGen      total 8192K, used 506K [0x00000000d5580000, 0x00000000d5f00000, 0x0000000100000000)
  eden space 7680K, 0% used [0x00000000d5580000,0x00000000d5580000,0x00000000d5d00000)
  from space 512K, 98% used [0x00000000d5e00000,0x00000000d5e7e900,0x00000000d5e80000)
  to   space 512K, 0% used [0x00000000d5e80000,0x00000000d5e80000,0x00000000d5f00000)
 ParOldGen       total 186368K, used 185869K [0x0000000080000000, 0x000000008b600000, 0x00000000d5580000)
  object space 186368K, 99% used [0x0000000080000000,0x000000008b5837b8,0x000000008b600000)
 Metaspace       used 26163K, committed 27264K, reserved 1114112K
  class space    used 2410K, committed 2880K, reserved 1048576K
}
Event: 26.463 GC heap before
{Heap before GC invocations=187 (full 1):
 PSYoungGen      total 8192K, used 8186K [0x00000000d5580000, 0x00000000d5f00000, 0x0000000100000000)
  eden space 7680K, 100% used [0x00000000d5580000,0x00000000d5d00000,0x00000000d5d00000)
  from space 512K, 98% used [0x00000000d5e00000,0x00000000d5e7e900,0x00000000d5e80000)
  to   space 512K, 0% used [0x00000000d5e80000,0x00000000d5e80000,0x00000000d5f00000)
 ParOldGen       total 186368K, used 185869K [0x0000000080000000, 0x000000008b600000, 0x00000000d5580000)
  object space 186368K, 99% used [0x0000000080000000,0x000000008b5837b8,0x000000008b600000)
 Metaspace       used 26180K, committed 27328K, reserved 1114112K
  class space    used 2410K, committed 2880K, reserved 1048576K
}
Event: 26.464 GC heap after
{Heap after GC invocations=187 (full 1):
 PSYoungGen      total 8192K, used 441K [0x00000000d5580000, 0x00000000d5f00000, 0x0000000100000000)
  eden space 7680K, 0% used [0x00000000d5580000,0x00000000d5580000,0x00000000d5d00000)
  from space 512K, 86% used [0x00000000d5e80000,0x00000000d5eee5c8,0x00000000d5f00000)
  to   space 1024K, 0% used [0x00000000d5d00000,0x00000000d5d00000,0x00000000d5e00000)
 ParOldGen       total 186368K, used 186185K [0x0000000080000000, 0x000000008b600000, 0x00000000d5580000)
  object space 186368K, 99% used [0x0000000080000000,0x000000008b5d27c8,0x000000008b600000)
 Metaspace       used 26180K, committed 27328K, reserved 1114112K
  class space    used 2410K, committed 2880K, reserved 1048576K
}
Event: 26.499 GC heap before
{Heap before GC invocations=188 (full 1):
 PSYoungGen      total 8192K, used 8121K [0x00000000d5580000, 0x00000000d5f00000, 0x0000000100000000)
  eden space 7680K, 100% used [0x00000000d5580000,0x00000000d5d00000,0x00000000d5d00000)
  from space 512K, 86% used [0x00000000d5e80000,0x00000000d5eee5c8,0x00000000d5f00000)
  to   space 1024K, 0% used [0x00000000d5d00000,0x00000000d5d00000,0x00000000d5e00000)
 ParOldGen       total 186368K, used 186185K [0x0000000080000000, 0x000000008b600000, 0x00000000d5580000)
  object space 186368K, 99% used [0x0000000080000000,0x000000008b5d27c8,0x000000008b600000)
 Metaspace       used 26182K, committed 27328K, reserved 1114112K
  class space    used 2410K, committed 2880K, reserved 1048576K
}
Event: 26.502 GC heap after
{Heap after GC invocations=188 (full 1):
 PSYoungGen      total 8704K, used 1005K [0x00000000d5580000, 0x00000000d6300000, 0x0000000100000000)
  eden space 7680K, 0% used [0x00000000d5580000,0x00000000d5580000,0x00000000d5d00000)
  from space 1024K, 98% used [0x00000000d5d00000,0x00000000d5dfb6c0,0x00000000d5e00000)
  to   space 3072K, 0% used [0x00000000d6000000,0x00000000d6000000,0x00000000d6300000)
 ParOldGen       total 187904K, used 187838K [0x0000000080000000, 0x000000008b780000, 0x00000000d5580000)
  object space 187904K, 99% used [0x0000000080000000,0x000000008b76f9c8,0x000000008b780000)
 Metaspace       used 26182K, committed 27328K, reserved 1114112K
  class space    used 2410K, committed 2880K, reserved 1048576K
}
Event: 26.548 GC heap before
{Heap before GC invocations=189 (full 1):
 PSYoungGen      total 8704K, used 8685K [0x00000000d5580000, 0x00000000d6300000, 0x0000000100000000)
  eden space 7680K, 100% used [0x00000000d5580000,0x00000000d5d00000,0x00000000d5d00000)
  from space 1024K, 98% used [0x00000000d5d00000,0x00000000d5dfb6c0,0x00000000d5e00000)
  to   space 3072K, 0% used [0x00000000d6000000,0x00000000d6000000,0x00000000d6300000)
 ParOldGen       total 187904K, used 187838K [0x0000000080000000, 0x000000008b780000, 0x00000000d5580000)
  object space 187904K, 99% used [0x0000000080000000,0x000000008b76f9c8,0x000000008b780000)
 Metaspace       used 26192K, committed 27328K, reserved 1114112K
  class space    used 2410K, committed 2880K, reserved 1048576K
}
Event: 26.550 GC heap after
{Heap after GC invocations=189 (full 1):
 PSYoungGen      total 8192K, used 192K [0x00000000d5580000, 0x00000000d6080000, 0x0000000100000000)
  eden space 7680K, 0% used [0x00000000d5580000,0x00000000d5580000,0x00000000d5d00000)
  from space 512K, 37% used [0x00000000d6000000,0x00000000d6030000,0x00000000d6080000)
  to   space 1536K, 0% used [0x00000000d5d80000,0x00000000d5d80000,0x00000000d5f00000)
 ParOldGen       total 187904K, used 187902K [0x0000000080000000, 0x000000008b780000, 0x00000000d5580000)
  object space 187904K, 99% used [0x0000000080000000,0x000000008b77f9c8,0x000000008b780000)
 Metaspace       used 26192K, committed 27328K, reserved 1114112K
  class space    used 2410K, committed 2880K, reserved 1048576K
}
Event: 27.193 GC heap before
{Heap before GC invocations=190 (full 1):
 PSYoungGen      total 8192K, used 7844K [0x00000000d5580000, 0x00000000d6080000, 0x0000000100000000)
  eden space 7680K, 99% used [0x00000000d5580000,0x00000000d5cf93d8,0x00000000d5d00000)
  from space 512K, 37% used [0x00000000d6000000,0x00000000d6030000,0x00000000d6080000)
  to   space 1536K, 0% used [0x00000000d5d80000,0x00000000d5d80000,0x00000000d5f00000)
 ParOldGen       total 187904K, used 187902K [0x0000000080000000, 0x000000008b780000, 0x00000000d5580000)
  object space 187904K, 99% used [0x0000000080000000,0x000000008b77f9c8,0x000000008b780000)
 Metaspace       used 26267K, committed 27392K, reserved 1114112K
  class space    used 2412K, committed 2880K, reserved 1048576K
}
Event: 27.194 GC heap after
{Heap after GC invocations=190 (full 1):
 PSYoungGen      total 9216K, used 480K [0x00000000d5580000, 0x00000000d6080000, 0x0000000100000000)
  eden space 7680K, 0% used [0x00000000d5580000,0x00000000d5580000,0x00000000d5d00000)
  from space 1536K, 31% used [0x00000000d5d80000,0x00000000d5df8000,0x00000000d5f00000)
  to   space 1024K, 0% used [0x00000000d5f80000,0x00000000d5f80000,0x00000000d6080000)
 ParOldGen       total 188416K, used 187966K [0x0000000080000000, 0x000000008b800000, 0x00000000d5580000)
  object space 188416K, 99% used [0x0000000080000000,0x000000008b78f9c8,0x000000008b800000)
 Metaspace       used 26267K, committed 27392K, reserved 1114112K
  class space    used 2412K, committed 2880K, reserved 1048576K
}
Event: 27.244 GC heap before
{Heap before GC invocations=191 (full 1):
 PSYoungGen      total 9216K, used 8159K [0x00000000d5580000, 0x00000000d6080000, 0x0000000100000000)
  eden space 7680K, 99% used [0x00000000d5580000,0x00000000d5cfffb8,0x00000000d5d00000)
  from space 1536K, 31% used [0x00000000d5d80000,0x00000000d5df8000,0x00000000d5f00000)
  to   space 1024K, 0% used [0x00000000d5f80000,0x00000000d5f80000,0x00000000d6080000)
 ParOldGen       total 188416K, used 187966K [0x0000000080000000, 0x000000008b800000, 0x00000000d5580000)
  object space 188416K, 99% used [0x0000000080000000,0x000000008b78f9c8,0x000000008b800000)
 Metaspace       used 26276K, committed 27392K, reserved 1114112K
  class space    used 2412K, committed 2880K, reserved 1048576K
}
Event: 27.246 GC heap after
{Heap after GC invocations=191 (full 1):
 PSYoungGen      total 8192K, used 1004K [0x00000000d5580000, 0x00000000d6300000, 0x0000000100000000)
  eden space 7168K, 0% used [0x00000000d5580000,0x00000000d5580000,0x00000000d5c80000)
  from space 1024K, 98% used [0x00000000d5f80000,0x00000000d607b260,0x00000000d6080000)
  to   space 3072K, 0% used [0x00000000d5c80000,0x00000000d5c80000,0x00000000d5f80000)
 ParOldGen       total 189952K, used 189623K [0x0000000080000000, 0x000000008b980000, 0x00000000d5580000)
  object space 189952K, 99% used [0x0000000080000000,0x000000008b92de48,0x000000008b980000)
 Metaspace       used 26276K, committed 27392K, reserved 1114112K
  class space    used 2412K, committed 2880K, reserved 1048576K
}
Event: 27.314 GC heap before
{Heap before GC invocations=192 (full 1):
 PSYoungGen      total 8192K, used 8172K [0x00000000d5580000, 0x00000000d6300000, 0x0000000100000000)
  eden space 7168K, 100% used [0x00000000d5580000,0x00000000d5c80000,0x00000000d5c80000)
  from space 1024K, 98% used [0x00000000d5f80000,0x00000000d607b260,0x00000000d6080000)
  to   space 3072K, 0% used [0x00000000d5c80000,0x00000000d5c80000,0x00000000d5f80000)
 ParOldGen       total 189952K, used 189623K [0x0000000080000000, 0x000000008b980000, 0x00000000d5580000)
  object space 189952K, 99% used [0x0000000080000000,0x000000008b92de48,0x000000008b980000)
 Metaspace       used 26276K, committed 27392K, reserved 1114112K
  class space    used 2412K, committed 2880K, reserved 1048576K
}
Event: 27.316 GC heap after
{Heap after GC invocations=192 (full 1):
 PSYoungGen      total 7680K, used 319K [0x00000000d5580000, 0x00000000d6000000, 0x0000000100000000)
  eden space 7168K, 0% used [0x00000000d5580000,0x00000000d5580000,0x00000000d5c80000)
  from space 512K, 62% used [0x00000000d5c80000,0x00000000d5ccffa0,0x00000000d5d00000)
  to   space 1536K, 0% used [0x00000000d5e80000,0x00000000d5e80000,0x00000000d6000000)
 ParOldGen       total 189952K, used 189727K [0x0000000080000000, 0x000000008b980000, 0x00000000d5580000)
  object space 189952K, 99% used [0x0000000080000000,0x000000008b947e68,0x000000008b980000)
 Metaspace       used 26276K, committed 27392K, reserved 1114112K
  class space    used 2412K, committed 2880K, reserved 1048576K
}
Event: 28.002 GC heap before
{Heap before GC invocations=193 (full 1):
 PSYoungGen      total 7680K, used 7367K [0x00000000d5580000, 0x00000000d6000000, 0x0000000100000000)
  eden space 7168K, 98% used [0x00000000d5580000,0x00000000d5c62020,0x00000000d5c80000)
  from space 512K, 62% used [0x00000000d5c80000,0x00000000d5ccffa0,0x00000000d5d00000)
  to   space 1536K, 0% used [0x00000000d5e80000,0x00000000d5e80000,0x00000000d6000000)
 ParOldGen       total 189952K, used 189727K [0x0000000080000000, 0x000000008b980000, 0x00000000d5580000)
  object space 189952K, 99% used [0x0000000080000000,0x000000008b947e68,0x000000008b980000)
 Metaspace       used 26424K, committed 27520K, reserved 1114112K
  class space    used 2420K, committed 2944K, reserved 1048576K
}
Event: 28.004 GC heap after
{Heap after GC invocations=193 (full 1):
 PSYoungGen      total 8192K, used 680K [0x00000000d5580000, 0x00000000d5f80000, 0x0000000100000000)
  eden space 7168K, 0% used [0x00000000d5580000,0x00000000d5580000,0x00000000d5c80000)
  from space 1024K, 66% used [0x00000000d5e80000,0x00000000d5f2a010,0x00000000d5f80000)
  to   space 1024K, 0% used [0x00000000d5d80000,0x00000000d5d80000,0x00000000d5e80000)
 ParOldGen       total 189952K, used 189767K [0x0000000080000000, 0x000000008b980000, 0x00000000d5580000)
  object space 189952K, 99% used [0x0000000080000000,0x000000008b951e68,0x000000008b980000)
 Metaspace       used 26424K, committed 27520K, reserved 1114112K
  class space    used 2420K, committed 2944K, reserved 1048576K
}
Event: 32.100 GC heap before
{Heap before GC invocations=194 (full 1):
 PSYoungGen      total 8192K, used 7848K [0x00000000d5580000, 0x00000000d5f80000, 0x0000000100000000)
  eden space 7168K, 100% used [0x00000000d5580000,0x00000000d5c80000,0x00000000d5c80000)
  from space 1024K, 66% used [0x00000000d5e80000,0x00000000d5f2a010,0x00000000d5f80000)
  to   space 1024K, 0% used [0x00000000d5d80000,0x00000000d5d80000,0x00000000d5e80000)
 ParOldGen       total 189952K, used 189767K [0x0000000080000000, 0x000000008b980000, 0x00000000d5580000)
  object space 189952K, 99% used [0x0000000080000000,0x000000008b951e68,0x000000008b980000)
 Metaspace       used 26597K, committed 27712K, reserved 1114112K
  class space    used 2438K, committed 2944K, reserved 1048576K
}
Event: 32.104 GC heap after
{Heap after GC invocations=194 (full 1):
 PSYoungGen      total 8192K, used 992K [0x00000000d5580000, 0x00000000d5f80000, 0x0000000100000000)
  eden space 7168K, 0% used [0x00000000d5580000,0x00000000d5580000,0x00000000d5c80000)
  from space 1024K, 96% used [0x00000000d5d80000,0x00000000d5e78030,0x00000000d5e80000)
  to   space 1024K, 0% used [0x00000000d5e80000,0x00000000d5e80000,0x00000000d5f80000)
 ParOldGen       total 190464K, used 190151K [0x0000000080000000, 0x000000008ba00000, 0x00000000d5580000)
  object space 190464K, 99% used [0x0000000080000000,0x000000008b9b1c20,0x000000008ba00000)
 Metaspace       used 26597K, committed 27712K, reserved 1114112K
  class space    used 2438K, committed 2944K, reserved 1048576K
}

