# JRE version: OpenJDK Runtime Environment Temurin-21.0.10+7 (21.0.10+7) (build 21.0.10+7-LTS)
# Java VM: OpenJDK 64-Bit Server VM Temurin-21.0.10+7 (21.0.10+7-LTS, mixed mode, sharing, tiered, compressed oops, compressed class ptrs, parallel gc, windows-amd64)
GC Precious Log:
 CardTable entry size: 512
 CPUs: 12 total, 12 available
 Memory: 7518M
 Large Page Support: Disabled
 NUMA Support: Disabled
 Compressed Oops: Enabled (32-bit)
 Alignments: Space 512K, Generation 512K, Heap 2M
 Heap Min Capacity: 100M
 Heap Initial Capacity: 100M
 Heap Max Capacity: 2G
 Pre-touch: Disabled
 Parallel Workers: 10
Heap:
 PSYoungGen      total 7680K, used 1902K [0x00000000d5580000, 0x00000000d6800000, 0x0000000100000000)
  eden space 6656K, 13% used [0x00000000d5580000,0x00000000d565c780,0x00000000d5c00000)
  from space 1024K, 99% used [0x00000000d5c00000,0x00000000d5cff280,0x00000000d5d00000)
  to   space 6144K, 0% used [0x00000000d6200000,0x00000000d6200000,0x00000000d6800000)
 ParOldGen       total 163328K, used 163039K [0x0000000080000000, 0x0000000089f80000, 0x00000000d5580000)
  object space 163328K, 99% used [0x0000000080000000,0x0000000089f37d88,0x0000000089f80000)
 Metaspace       used 27476K, committed 28672K, reserved 1114112K
  class space    used 2457K, committed 2944K, reserved 1048576K
GC Heap History (20 events):
Event: 2106.725 GC heap before
{Heap before GC invocations=101 (full 1):
 PSYoungGen      total 7680K, used 6976K [0x00000000d5580000, 0x00000000d5e00000, 0x0000000100000000)
  eden space 6656K, 100% used [0x00000000d5580000,0x00000000d5c00000,0x00000000d5c00000)
  from space 1024K, 31% used [0x00000000d5c00000,0x00000000d5c50000,0x00000000d5d00000)
  to   space 1024K, 0% used [0x00000000d5d00000,0x00000000d5d00000,0x00000000d5e00000)
 ParOldGen       total 155136K, used 154907K [0x0000000080000000, 0x0000000089780000, 0x00000000d5580000)
  object space 155136K, 99% used [0x0000000080000000,0x0000000089746c68,0x0000000089780000)
 Metaspace       used 27336K, committed 28480K, reserved 1114112K
  class space    used 2455K, committed 2944K, reserved 1048576K
}
Event: 2106.727 GC heap after
{Heap after GC invocations=101 (full 1):
 PSYoungGen      total 7168K, used 474K [0x00000000d5580000, 0x00000000d5d80000, 0x0000000100000000)
  eden space 6656K, 0% used [0x00000000d5580000,0x00000000d5580000,0x00000000d5c00000)
  from space 512K, 92% used [0x00000000d5d00000,0x00000000d5d76900,0x00000000d5d80000)
  to   space 512K, 0% used [0x00000000d5c80000,0x00000000d5c80000,0x00000000d5d00000)
 ParOldGen       total 155136K, used 155011K [0x0000000080000000, 0x0000000089780000, 0x00000000d5580000)
  object space 155136K, 99% used [0x0000000080000000,0x0000000089760c68,0x0000000089780000)
 Metaspace       used 27336K, committed 28480K, reserved 1114112K
  class space    used 2455K, committed 2944K, reserved 1048576K
}
Event: 2106.757 GC heap before
{Heap before GC invocations=102 (full 1):
 PSYoungGen      total 7168K, used 7130K [0x00000000d5580000, 0x00000000d5d80000, 0x0000000100000000)
  eden space 6656K, 100% used [0x00000000d5580000,0x00000000d5c00000,0x00000000d5c00000)
  from space 512K, 92% used [0x00000000d5d00000,0x00000000d5d76900,0x00000000d5d80000)
  to   space 512K, 0% used [0x00000000d5c80000,0x00000000d5c80000,0x00000000d5d00000)
 ParOldGen       total 155136K, used 155011K [0x0000000080000000, 0x0000000089780000, 0x00000000d5580000)
  object space 155136K, 99% used [0x0000000080000000,0x0000000089760c68,0x0000000089780000)
 Metaspace       used 27345K, committed 28480K, reserved 1114112K
  class space    used 2455K, committed 2944K, reserved 1048576K
}
Event: 2106.758 GC heap after
{Heap after GC invocations=102 (full 1):
 PSYoungGen      total 7168K, used 378K [0x00000000d5580000, 0x00000000d5d80000, 0x0000000100000000)
  eden space 6656K, 0% used [0x00000000d5580000,0x00000000d5580000,0x00000000d5c00000)
  from space 512K, 73% used [0x00000000d5c80000,0x00000000d5cde900,0x00000000d5d00000)
  to   space 512K, 0% used [0x00000000d5d00000,0x00000000d5d00000,0x00000000d5d80000)
 ParOldGen       total 155136K, used 155083K [0x0000000080000000, 0x0000000089780000, 0x00000000d5580000)
  object space 155136K, 99% used [0x0000000080000000,0x0000000089772c68,0x0000000089780000)
 Metaspace       used 27345K, committed 28480K, reserved 1114112K
  class space    used 2455K, committed 2944K, reserved 1048576K
}
Event: 2106.787 GC heap before
{Heap before GC invocations=103 (full 1):
 PSYoungGen      total 7168K, used 7034K [0x00000000d5580000, 0x00000000d5d80000, 0x0000000100000000)
  eden space 6656K, 100% used [0x00000000d5580000,0x00000000d5c00000,0x00000000d5c00000)
  from space 512K, 73% used [0x00000000d5c80000,0x00000000d5cde900,0x00000000d5d00000)
  to   space 512K, 0% used [0x00000000d5d00000,0x00000000d5d00000,0x00000000d5d80000)
 ParOldGen       total 155136K, used 155083K [0x0000000080000000, 0x0000000089780000, 0x00000000d5580000)
  object space 155136K, 99% used [0x0000000080000000,0x0000000089772c68,0x0000000089780000)
 Metaspace       used 27362K, committed 28480K, reserved 1114112K
  class space    used 2455K, committed 2944K, reserved 1048576K
}
Event: 2106.788 GC heap after
{Heap after GC invocations=103 (full 1):
 PSYoungGen      total 7168K, used 474K [0x00000000d5580000, 0x00000000d5d80000, 0x0000000100000000)
  eden space 6656K, 0% used [0x00000000d5580000,0x00000000d5580000,0x00000000d5c00000)
  from space 512K, 92% used [0x00000000d5d00000,0x00000000d5d76900,0x00000000d5d80000)
  to   space 512K, 0% used [0x00000000d5c80000,0x00000000d5c80000,0x00000000d5d00000)
 ParOldGen       total 155136K, used 155115K [0x0000000080000000, 0x0000000089780000, 0x00000000d5580000)
  object space 155136K, 99% used [0x0000000080000000,0x000000008977ac68,0x0000000089780000)
 Metaspace       used 27362K, committed 28480K, reserved 1114112K
  class space    used 2455K, committed 2944K, reserved 1048576K
}
Event: 2106.820 GC heap before
{Heap before GC invocations=104 (full 1):
 PSYoungGen      total 7168K, used 7130K [0x00000000d5580000, 0x00000000d5d80000, 0x0000000100000000)
  eden space 6656K, 100% used [0x00000000d5580000,0x00000000d5c00000,0x00000000d5c00000)
  from space 512K, 92% used [0x00000000d5d00000,0x00000000d5d76900,0x00000000d5d80000)
  to   space 512K, 0% used [0x00000000d5c80000,0x00000000d5c80000,0x00000000d5d00000)
 ParOldGen       total 155136K, used 155115K [0x0000000080000000, 0x0000000089780000, 0x00000000d5580000)
  object space 155136K, 99% used [0x0000000080000000,0x000000008977ac68,0x0000000089780000)
 Metaspace       used 27364K, committed 28480K, reserved 1114112K
  class space    used 2455K, committed 2944K, reserved 1048576K
}
Event: 2106.821 GC heap after
{Heap after GC invocations=104 (full 1):
 PSYoungGen      total 7168K, used 506K [0x00000000d5580000, 0x00000000d5e00000, 0x0000000100000000)
  eden space 6656K, 0% used [0x00000000d5580000,0x00000000d5580000,0x00000000d5c00000)
  from space 512K, 98% used [0x00000000d5c80000,0x00000000d5cfe900,0x00000000d5d00000)
  to   space 1024K, 0% used [0x00000000d5d00000,0x00000000d5d00000,0x00000000d5e00000)
 ParOldGen       total 155648K, used 155179K [0x0000000080000000, 0x0000000089800000, 0x00000000d5580000)
  object space 155648K, 99% used [0x0000000080000000,0x000000008978ac68,0x0000000089800000)
 Metaspace       used 27364K, committed 28480K, reserved 1114112K
  class space    used 2455K, committed 2944K, reserved 1048576K
}
Event: 2106.870 GC heap before
{Heap before GC invocations=105 (full 1):
 PSYoungGen      total 7168K, used 7071K [0x00000000d5580000, 0x00000000d5e00000, 0x0000000100000000)
  eden space 6656K, 98% used [0x00000000d5580000,0x00000000d5be9338,0x00000000d5c00000)
  from space 512K, 98% used [0x00000000d5c80000,0x00000000d5cfe900,0x00000000d5d00000)
  to   space 1024K, 0% used [0x00000000d5d00000,0x00000000d5d00000,0x00000000d5e00000)
 ParOldGen       total 155648K, used 155179K [0x0000000080000000, 0x0000000089800000, 0x00000000d5580000)
  object space 155648K, 99% used [0x0000000080000000,0x000000008978ac68,0x0000000089800000)
 Metaspace       used 27367K, committed 28480K, reserved 1114112K
  class space    used 2455K, committed 2944K, reserved 1048576K
}
Event: 2106.873 GC heap after
{Heap after GC invocations=105 (full 1):
 PSYoungGen      total 7168K, used 346K [0x00000000d5580000, 0x00000000d5d80000, 0x0000000100000000)
  eden space 6656K, 0% used [0x00000000d5580000,0x00000000d5580000,0x00000000d5c00000)
  from space 512K, 67% used [0x00000000d5d00000,0x00000000d5d56900,0x00000000d5d80000)
  to   space 512K, 0% used [0x00000000d5c80000,0x00000000d5c80000,0x00000000d5d00000)
 ParOldGen       total 158720K, used 158589K [0x0000000080000000, 0x0000000089b00000, 0x00000000d5580000)
  object space 158720K, 99% used [0x0000000080000000,0x0000000089adf6d8,0x0000000089b00000)
 Metaspace       used 27367K, committed 28480K, reserved 1114112K
  class space    used 2455K, committed 2944K, reserved 1048576K
}
Event: 2106.909 GC heap before
{Heap before GC invocations=106 (full 1):
 PSYoungGen      total 7168K, used 6760K [0x00000000d5580000, 0x00000000d5d80000, 0x0000000100000000)
  eden space 6656K, 96% used [0x00000000d5580000,0x00000000d5bc3810,0x00000000d5c00000)
  from space 512K, 67% used [0x00000000d5d00000,0x00000000d5d56900,0x00000000d5d80000)
  to   space 512K, 0% used [0x00000000d5c80000,0x00000000d5c80000,0x00000000d5d00000)
 ParOldGen       total 158720K, used 158589K [0x0000000080000000, 0x0000000089b00000, 0x00000000d5580000)
  object space 158720K, 99% used [0x0000000080000000,0x0000000089adf6d8,0x0000000089b00000)
 Metaspace       used 27381K, committed 28544K, reserved 1114112K
  class space    used 2455K, committed 2944K, reserved 1048576K
}
Event: 2106.910 GC heap after
{Heap after GC invocations=106 (full 1):
 PSYoungGen      total 7168K, used 320K [0x00000000d5580000, 0x00000000d5d80000, 0x0000000100000000)
  eden space 6656K, 0% used [0x00000000d5580000,0x00000000d5580000,0x00000000d5c00000)
  from space 512K, 62% used [0x00000000d5c80000,0x00000000d5cd0000,0x00000000d5d00000)
  to   space 512K, 0% used [0x00000000d5d00000,0x00000000d5d00000,0x00000000d5d80000)
 ParOldGen       total 158720K, used 158661K [0x0000000080000000, 0x0000000089b00000, 0x00000000d5580000)
  object space 158720K, 99% used [0x0000000080000000,0x0000000089af16d8,0x0000000089b00000)
 Metaspace       used 27381K, committed 28544K, reserved 1114112K
  class space    used 2455K, committed 2944K, reserved 1048576K
}
Event: 2106.924 GC heap before
{Heap before GC invocations=107 (full 1):
 PSYoungGen      total 7168K, used 5680K [0x00000000d5580000, 0x00000000d5d80000, 0x0000000100000000)
  eden space 6656K, 80% used [0x00000000d5580000,0x00000000d5abc370,0x00000000d5c00000)
  from space 512K, 62% used [0x00000000d5c80000,0x00000000d5cd0000,0x00000000d5d00000)
  to   space 512K, 0% used [0x00000000d5d00000,0x00000000d5d00000,0x00000000d5d80000)
 ParOldGen       total 158720K, used 158661K [0x0000000080000000, 0x0000000089b00000, 0x00000000d5580000)
  object space 158720K, 99% used [0x0000000080000000,0x0000000089af16d8,0x0000000089b00000)
 Metaspace       used 27390K, committed 28544K, reserved 1114112K
  class space    used 2455K, committed 2944K, reserved 1048576K
}
Event: 2106.925 GC heap after
{Heap after GC invocations=107 (full 1):
 PSYoungGen      total 7168K, used 224K [0x00000000d5580000, 0x00000000d5d80000, 0x0000000100000000)
  eden space 6656K, 0% used [0x00000000d5580000,0x00000000d5580000,0x00000000d5c00000)
  from space 512K, 43% used [0x00000000d5d00000,0x00000000d5d38000,0x00000000d5d80000)
  to   space 512K, 0% used [0x00000000d5c80000,0x00000000d5c80000,0x00000000d5d00000)
 ParOldGen       total 159232K, used 158757K [0x0000000080000000, 0x0000000089b80000, 0x00000000d5580000)
  object space 159232K, 99% used [0x0000000080000000,0x0000000089b096d8,0x0000000089b80000)
 Metaspace       used 27390K, committed 28544K, reserved 1114112K
  class space    used 2455K, committed 2944K, reserved 1048576K
}
Event: 2106.967 GC heap before
{Heap before GC invocations=108 (full 1):
 PSYoungGen      total 7168K, used 6880K [0x00000000d5580000, 0x00000000d5d80000, 0x0000000100000000)
  eden space 6656K, 100% used [0x00000000d5580000,0x00000000d5c00000,0x00000000d5c00000)
  from space 512K, 43% used [0x00000000d5d00000,0x00000000d5d38000,0x00000000d5d80000)
  to   space 512K, 0% used [0x00000000d5c80000,0x00000000d5c80000,0x00000000d5d00000)
 ParOldGen       total 159232K, used 158757K [0x0000000080000000, 0x0000000089b80000, 0x00000000d5580000)
  object space 159232K, 99% used [0x0000000080000000,0x0000000089b096d8,0x0000000089b80000)
 Metaspace       used 27395K, committed 28544K, reserved 1114112K
  class space    used 2455K, committed 2944K, reserved 1048576K
}
Event: 2106.968 GC heap after
{Heap after GC invocations=108 (full 1):
 PSYoungGen      total 7168K, used 346K [0x00000000d5580000, 0x00000000d5d80000, 0x0000000100000000)
  eden space 6656K, 0% used [0x00000000d5580000,0x00000000d5580000,0x00000000d5c00000)
  from space 512K, 67% used [0x00000000d5c80000,0x00000000d5cd6900,0x00000000d5d00000)
  to   space 512K, 0% used [0x00000000d5d00000,0x00000000d5d00000,0x00000000d5d80000)
 ParOldGen       total 159232K, used 158797K [0x0000000080000000, 0x0000000089b80000, 0x00000000d5580000)
  object space 159232K, 99% used [0x0000000080000000,0x0000000089b136d8,0x0000000089b80000)
 Metaspace       used 27395K, committed 28544K, reserved 1114112K
  class space    used 2455K, committed 2944K, reserved 1048576K
}
Event: 8766.364 GC heap before
{Heap before GC invocations=109 (full 1):
 PSYoungGen      total 7168K, used 7002K [0x00000000d5580000, 0x00000000d5d80000, 0x0000000100000000)
  eden space 6656K, 100% used [0x00000000d5580000,0x00000000d5c00000,0x00000000d5c00000)
  from space 512K, 67% used [0x00000000d5c80000,0x00000000d5cd6900,0x00000000d5d00000)
  to   space 512K, 0% used [0x00000000d5d00000,0x00000000d5d00000,0x00000000d5d80000)
 ParOldGen       total 159232K, used 158797K [0x0000000080000000, 0x0000000089b80000, 0x00000000d5580000)
  object space 159232K, 99% used [0x0000000080000000,0x0000000089b136d8,0x0000000089b80000)
 Metaspace       used 27432K, committed 28544K, reserved 1114112K
  class space    used 2457K, committed 2944K, reserved 1048576K
}
Event: 8766.417 GC heap after
{Heap after GC invocations=109 (full 1):
 PSYoungGen      total 7168K, used 506K [0x00000000d5580000, 0x00000000d5e00000, 0x0000000100000000)
  eden space 6656K, 0% used [0x00000000d5580000,0x00000000d5580000,0x00000000d5c00000)
  from space 512K, 98% used [0x00000000d5d00000,0x00000000d5d7e920,0x00000000d5d80000)
  to   space 1024K, 0% used [0x00000000d5c00000,0x00000000d5c00000,0x00000000d5d00000)
 ParOldGen       total 159232K, used 158911K [0x0000000080000000, 0x0000000089b80000, 0x00000000d5580000)
  object space 159232K, 99% used [0x0000000080000000,0x0000000089b2ffd8,0x0000000089b80000)
 Metaspace       used 27432K, committed 28544K, reserved 1114112K
  class space    used 2457K, committed 2944K, reserved 1048576K
}
Event: 8767.676 GC heap before
{Heap before GC invocations=110 (full 1):
 PSYoungGen      total 7168K, used 7162K [0x00000000d5580000, 0x00000000d5e00000, 0x0000000100000000)
  eden space 6656K, 100% used [0x00000000d5580000,0x00000000d5c00000,0x00000000d5c00000)
  from space 512K, 98% used [0x00000000d5d00000,0x00000000d5d7e920,0x00000000d5d80000)
  to   space 1024K, 0% used [0x00000000d5c00000,0x00000000d5c00000,0x00000000d5d00000)
 ParOldGen       total 159232K, used 158911K [0x0000000080000000, 0x0000000089b80000, 0x00000000d5580000)
  object space 159232K, 99% used [0x0000000080000000,0x0000000089b2ffd8,0x0000000089b80000)
 Metaspace       used 27447K, committed 28544K, reserved 1114112K
  class space    used 2457K, committed 2944K, reserved 1048576K
}
Event: 8767.695 GC heap after
{Heap after GC invocations=110 (full 1):
 PSYoungGen      total 7680K, used 1020K [0x00000000d5580000, 0x00000000d6800000, 0x0000000100000000)
  eden space 6656K, 0% used [0x00000000d5580000,0x00000000d5580000,0x00000000d5c00000)
  from space 1024K, 99% used [0x00000000d5c00000,0x00000000d5cff280,0x00000000d5d00000)
  to   space 6144K, 0% used [0x00000000d6200000,0x00000000d6200000,0x00000000d6800000)
 ParOldGen       total 163328K, used 163039K [0x0000000080000000, 0x0000000089f80000, 0x00000000d5580000)
  object space 163328K, 99% used [0x0000000080000000,0x0000000089f37d88,0x0000000089f80000)
 Metaspace       used 27447K, committed 28544K, reserved 1114112K
  class space    used 2457K, committed 2944K, reserved 1048576K
}

