# JRE version: OpenJDK Runtime Environment Temurin-21.0.10+7 (21.0.10+7) (build 21.0.10+7-LTS)
# Java VM: OpenJDK 64-Bit Server VM Temurin-21.0.10+7 (21.0.10+7-LTS, mixed mode, sharing, tiered, compressed oops, compressed class ptrs, parallel gc, windows-amd64)
GC Precious Log:
 CardTable entry size: 512
 CPUs: 12 total, 12 available
 Memory: 7518M
 Large Page Support: Disabled
 NUMA Support: Disabled
 Compressed Oops: Enabled (32-bit)
 Alignments: Space 512K, Generation 512K, Heap 2M
 Heap Min Capacity: 100M
 Heap Initial Capacity: 100M
 Heap Max Capacity: 2G
 Pre-touch: Disabled
 Parallel Workers: 10
Heap:
 PSYoungGen      total 15872K, used 11235K [0x00000000d5580000, 0x00000000d6700000, 0x0000000100000000)
  eden space 15360K, 70% used [0x00000000d5580000,0x00000000d6008e38,0x00000000d6480000)
  from space 512K, 87% used [0x00000000d6680000,0x00000000d66f0040,0x00000000d6700000)
  to   space 512K, 0% used [0x00000000d6600000,0x00000000d6600000,0x00000000d6680000)
 ParOldGen       total 84480K, used 84439K [0x0000000080000000, 0x0000000085280000, 0x00000000d5580000)
  object space 84480K, 99% used [0x0000000080000000,0x0000000085275e58,0x0000000085280000)
 Metaspace       used 26942K, committed 28032K, reserved 1114112K
  class space    used 2414K, committed 2880K, reserved 1048576K
GC Heap History (20 events):
Event: 22.247 GC heap before
{Heap before GC invocations=90 (full 1):
 PSYoungGen      total 17920K, used 17760K [0x00000000d5580000, 0x00000000d6b00000, 0x0000000100000000)
  eden space 16384K, 100% used [0x00000000d5580000,0x00000000d6580000,0x00000000d6580000)
  from space 1536K, 89% used [0x00000000d6980000,0x00000000d6ad8000,0x00000000d6b00000)
  to   space 2560K, 0% used [0x00000000d6600000,0x00000000d6600000,0x00000000d6880000)
 ParOldGen       total 79872K, used 79380K [0x0000000080000000, 0x0000000084e00000, 0x00000000d5580000)
  object space 79872K, 99% used [0x0000000080000000,0x0000000084d85280,0x0000000084e00000)
 Metaspace       used 25020K, committed 26048K, reserved 1114112K
  class space    used 2295K, committed 2688K, reserved 1048576K
}
Event: 22.251 GC heap after
{Heap after GC invocations=90 (full 1):
 PSYoungGen      total 18432K, used 1696K [0x00000000d5580000, 0x00000000d6a00000, 0x0000000100000000)
  eden space 16384K, 0% used [0x00000000d5580000,0x00000000d5580000,0x00000000d6580000)
  from space 2048K, 82% used [0x00000000d6600000,0x00000000d67a82d0,0x00000000d6800000)
  to   space 2048K, 0% used [0x00000000d6800000,0x00000000d6800000,0x00000000d6a00000)
 ParOldGen       total 80896K, used 80462K [0x0000000080000000, 0x0000000084f00000, 0x00000000d5580000)
  object space 80896K, 99% used [0x0000000080000000,0x0000000084e939c8,0x0000000084f00000)
 Metaspace       used 25020K, committed 26048K, reserved 1114112K
  class space    used 2295K, committed 2688K, reserved 1048576K
}
Event: 22.425 GC heap before
{Heap before GC invocations=91 (full 1):
 PSYoungGen      total 18432K, used 18080K [0x00000000d5580000, 0x00000000d6a00000, 0x0000000100000000)
  eden space 16384K, 100% used [0x00000000d5580000,0x00000000d6580000,0x00000000d6580000)
  from space 2048K, 82% used [0x00000000d6600000,0x00000000d67a82d0,0x00000000d6800000)
  to   space 2048K, 0% used [0x00000000d6800000,0x00000000d6800000,0x00000000d6a00000)
 ParOldGen       total 80896K, used 80462K [0x0000000080000000, 0x0000000084f00000, 0x00000000d5580000)
  object space 80896K, 99% used [0x0000000080000000,0x0000000084e939c8,0x0000000084f00000)
 Metaspace       used 25473K, committed 26432K, reserved 1114112K
  class space    used 2348K, committed 2752K, reserved 1048576K
}
Event: 22.429 GC heap after
{Heap after GC invocations=91 (full 1):
 PSYoungGen      total 17408K, used 2038K [0x00000000d5580000, 0x00000000d6c80000, 0x0000000100000000)
  eden space 15360K, 0% used [0x00000000d5580000,0x00000000d5580000,0x00000000d6480000)
  from space 2048K, 99% used [0x00000000d6800000,0x00000000d69fd938,0x00000000d6a00000)
  to   space 3584K, 0% used [0x00000000d6480000,0x00000000d6480000,0x00000000d6800000)
 ParOldGen       total 81920K, used 81615K [0x0000000080000000, 0x0000000085000000, 0x00000000d5580000)
  object space 81920K, 99% used [0x0000000080000000,0x0000000084fb3d20,0x0000000085000000)
 Metaspace       used 25473K, committed 26432K, reserved 1114112K
  class space    used 2348K, committed 2752K, reserved 1048576K
}
Event: 22.833 GC heap before
{Heap before GC invocations=92 (full 1):
 PSYoungGen      total 17408K, used 17398K [0x00000000d5580000, 0x00000000d6c80000, 0x0000000100000000)
  eden space 15360K, 99% used [0x00000000d5580000,0x00000000d647ffe8,0x00000000d6480000)
  from space 2048K, 99% used [0x00000000d6800000,0x00000000d69fd938,0x00000000d6a00000)
  to   space 3584K, 0% used [0x00000000d6480000,0x00000000d6480000,0x00000000d6800000)
 ParOldGen       total 81920K, used 81615K [0x0000000080000000, 0x0000000085000000, 0x00000000d5580000)
  object space 81920K, 99% used [0x0000000080000000,0x0000000084fb3d20,0x0000000085000000)
 Metaspace       used 25929K, committed 27072K, reserved 1114112K
  class space    used 2375K, committed 2880K, reserved 1048576K
}
Event: 22.836 GC heap after
{Heap after GC invocations=92 (full 1):
 PSYoungGen      total 16384K, used 928K [0x00000000d5580000, 0x00000000d6880000, 0x0000000100000000)
  eden space 15360K, 0% used [0x00000000d5580000,0x00000000d5580000,0x00000000d6480000)
  from space 1024K, 90% used [0x00000000d6480000,0x00000000d6568000,0x00000000d6580000)
  to   space 2048K, 0% used [0x00000000d6680000,0x00000000d6680000,0x00000000d6880000)
 ParOldGen       total 82944K, used 82727K [0x0000000080000000, 0x0000000085100000, 0x00000000d5580000)
  object space 82944K, 99% used [0x0000000080000000,0x00000000850c9f40,0x0000000085100000)
 Metaspace       used 25929K, committed 27072K, reserved 1114112K
  class space    used 2375K, committed 2880K, reserved 1048576K
}
Event: 23.264 GC heap before
{Heap before GC invocations=93 (full 1):
 PSYoungGen      total 16384K, used 16288K [0x00000000d5580000, 0x00000000d6880000, 0x0000000100000000)
  eden space 15360K, 100% used [0x00000000d5580000,0x00000000d6480000,0x00000000d6480000)
  from space 1024K, 90% used [0x00000000d6480000,0x00000000d6568000,0x00000000d6580000)
  to   space 2048K, 0% used [0x00000000d6680000,0x00000000d6680000,0x00000000d6880000)
 ParOldGen       total 82944K, used 82727K [0x0000000080000000, 0x0000000085100000, 0x00000000d5580000)
  object space 82944K, 99% used [0x0000000080000000,0x00000000850c9f40,0x0000000085100000)
 Metaspace       used 26021K, committed 27200K, reserved 1114112K
  class space    used 2380K, committed 2880K, reserved 1048576K
}
Event: 23.266 GC heap after
{Heap after GC invocations=93 (full 1):
 PSYoungGen      total 15872K, used 352K [0x00000000d5580000, 0x00000000d6700000, 0x0000000100000000)
  eden space 15360K, 0% used [0x00000000d5580000,0x00000000d5580000,0x00000000d6480000)
  from space 512K, 68% used [0x00000000d6680000,0x00000000d66d8020,0x00000000d6700000)
  to   space 1024K, 0% used [0x00000000d6500000,0x00000000d6500000,0x00000000d6600000)
 ParOldGen       total 83968K, used 83478K [0x0000000080000000, 0x0000000085200000, 0x00000000d5580000)
  object space 83968K, 99% used [0x0000000080000000,0x0000000085185960,0x0000000085200000)
 Metaspace       used 26021K, committed 27200K, reserved 1114112K
  class space    used 2380K, committed 2880K, reserved 1048576K
}
Event: 23.350 GC heap before
{Heap before GC invocations=94 (full 1):
 PSYoungGen      total 15872K, used 15712K [0x00000000d5580000, 0x00000000d6700000, 0x0000000100000000)
  eden space 15360K, 100% used [0x00000000d5580000,0x00000000d6480000,0x00000000d6480000)
  from space 512K, 68% used [0x00000000d6680000,0x00000000d66d8020,0x00000000d6700000)
  to   space 1024K, 0% used [0x00000000d6500000,0x00000000d6500000,0x00000000d6600000)
 ParOldGen       total 83968K, used 83478K [0x0000000080000000, 0x0000000085200000, 0x00000000d5580000)
  object space 83968K, 99% used [0x0000000080000000,0x0000000085185960,0x0000000085200000)
 Metaspace       used 26046K, committed 27200K, reserved 1114112K
  class space    used 2380K, committed 2880K, reserved 1048576K
}
Event: 23.351 GC heap after
{Heap after GC invocations=94 (full 1):
 PSYoungGen      total 16384K, used 404K [0x00000000d5580000, 0x00000000d6700000, 0x0000000100000000)
  eden space 15360K, 0% used [0x00000000d5580000,0x00000000d5580000,0x00000000d6480000)
  from space 1024K, 39% used [0x00000000d6500000,0x00000000d6565200,0x00000000d6600000)
  to   space 512K, 0% used [0x00000000d6680000,0x00000000d6680000,0x00000000d6700000)
 ParOldGen       total 83968K, used 83582K [0x0000000080000000, 0x0000000085200000, 0x00000000d5580000)
  object space 83968K, 99% used [0x0000000080000000,0x000000008519f980,0x0000000085200000)
 Metaspace       used 26046K, committed 27200K, reserved 1114112K
  class space    used 2380K, committed 2880K, reserved 1048576K
}
Event: 23.762 GC heap before
{Heap before GC invocations=95 (full 1):
 PSYoungGen      total 16384K, used 15764K [0x00000000d5580000, 0x00000000d6700000, 0x0000000100000000)
  eden space 15360K, 100% used [0x00000000d5580000,0x00000000d6480000,0x00000000d6480000)
  from space 1024K, 39% used [0x00000000d6500000,0x00000000d6565200,0x00000000d6600000)
  to   space 512K, 0% used [0x00000000d6680000,0x00000000d6680000,0x00000000d6700000)
 ParOldGen       total 83968K, used 83582K [0x0000000080000000, 0x0000000085200000, 0x00000000d5580000)
  object space 83968K, 99% used [0x0000000080000000,0x000000008519f980,0x0000000085200000)
 Metaspace       used 26088K, committed 27200K, reserved 1114112K
  class space    used 2380K, committed 2880K, reserved 1048576K
}
Event: 23.763 GC heap after
{Heap after GC invocations=95 (full 1):
 PSYoungGen      total 15872K, used 320K [0x00000000d5580000, 0x00000000d6700000, 0x0000000100000000)
  eden space 15360K, 0% used [0x00000000d5580000,0x00000000d5580000,0x00000000d6480000)
  from space 512K, 62% used [0x00000000d6680000,0x00000000d66d0000,0x00000000d6700000)
  to   space 512K, 0% used [0x00000000d6600000,0x00000000d6600000,0x00000000d6680000)
 ParOldGen       total 83968K, used 83734K [0x0000000080000000, 0x0000000085200000, 0x00000000d5580000)
  object space 83968K, 99% used [0x0000000080000000,0x00000000851c5980,0x0000000085200000)
 Metaspace       used 26088K, committed 27200K, reserved 1114112K
  class space    used 2380K, committed 2880K, reserved 1048576K
}
Event: 226.533 GC heap before
{Heap before GC invocations=96 (full 1):
 PSYoungGen      total 15872K, used 15680K [0x00000000d5580000, 0x00000000d6700000, 0x0000000100000000)
  eden space 15360K, 100% used [0x00000000d5580000,0x00000000d6480000,0x00000000d6480000)
  from space 512K, 62% used [0x00000000d6680000,0x00000000d66d0000,0x00000000d6700000)
  to   space 512K, 0% used [0x00000000d6600000,0x00000000d6600000,0x00000000d6680000)
 ParOldGen       total 83968K, used 83734K [0x0000000080000000, 0x0000000085200000, 0x00000000d5580000)
  object space 83968K, 99% used [0x0000000080000000,0x00000000851c5980,0x0000000085200000)
 Metaspace       used 26399K, committed 27520K, reserved 1114112K
  class space    used 2401K, committed 2880K, reserved 1048576K
}
Event: 226.643 GC heap after
{Heap after GC invocations=96 (full 1):
 PSYoungGen      total 15872K, used 512K [0x00000000d5580000, 0x00000000d6700000, 0x0000000100000000)
  eden space 15360K, 0% used [0x00000000d5580000,0x00000000d5580000,0x00000000d6480000)
  from space 512K, 100% used [0x00000000d6600000,0x00000000d6680000,0x00000000d6680000)
  to   space 512K, 0% used [0x00000000d6680000,0x00000000d6680000,0x00000000d6700000)
 ParOldGen       total 83968K, used 83814K [0x0000000080000000, 0x0000000085200000, 0x00000000d5580000)
  object space 83968K, 99% used [0x0000000080000000,0x00000000851d9980,0x0000000085200000)
 Metaspace       used 26399K, committed 27520K, reserved 1114112K
  class space    used 2401K, committed 2880K, reserved 1048576K
}
Event: 404.658 GC heap before
{Heap before GC invocations=97 (full 1):
 PSYoungGen      total 15872K, used 15872K [0x00000000d5580000, 0x00000000d6700000, 0x0000000100000000)
  eden space 15360K, 100% used [0x00000000d5580000,0x00000000d6480000,0x00000000d6480000)
  from space 512K, 100% used [0x00000000d6600000,0x00000000d6680000,0x00000000d6680000)
  to   space 512K, 0% used [0x00000000d6680000,0x00000000d6680000,0x00000000d6700000)
 ParOldGen       total 83968K, used 83814K [0x0000000080000000, 0x0000000085200000, 0x00000000d5580000)
  object space 83968K, 99% used [0x0000000080000000,0x00000000851d9980,0x0000000085200000)
 Metaspace       used 26575K, committed 27712K, reserved 1114112K
  class space    used 2403K, committed 2880K, reserved 1048576K
}
Event: 404.732 GC heap after
{Heap after GC invocations=97 (full 1):
 PSYoungGen      total 15872K, used 384K [0x00000000d5580000, 0x00000000d6700000, 0x0000000100000000)
  eden space 15360K, 0% used [0x00000000d5580000,0x00000000d5580000,0x00000000d6480000)
  from space 512K, 75% used [0x00000000d6680000,0x00000000d66e0020,0x00000000d6700000)
  to   space 512K, 0% used [0x00000000d6600000,0x00000000d6600000,0x00000000d6680000)
 ParOldGen       total 84480K, used 84191K [0x0000000080000000, 0x0000000085280000, 0x00000000d5580000)
  object space 84480K, 99% used [0x0000000080000000,0x0000000085237e18,0x0000000085280000)
 Metaspace       used 26575K, committed 27712K, reserved 1114112K
  class space    used 2403K, committed 2880K, reserved 1048576K
}
Event: 634.288 GC heap before
{Heap before GC invocations=98 (full 1):
 PSYoungGen      total 15872K, used 15744K [0x00000000d5580000, 0x00000000d6700000, 0x0000000100000000)
  eden space 15360K, 100% used [0x00000000d5580000,0x00000000d6480000,0x00000000d6480000)
  from space 512K, 75% used [0x00000000d6680000,0x00000000d66e0020,0x00000000d6700000)
  to   space 512K, 0% used [0x00000000d6600000,0x00000000d6600000,0x00000000d6680000)
 ParOldGen       total 84480K, used 84191K [0x0000000080000000, 0x0000000085280000, 0x00000000d5580000)
  object space 84480K, 99% used [0x0000000080000000,0x0000000085237e18,0x0000000085280000)
 Metaspace       used 26731K, committed 27840K, reserved 1114112K
  class space    used 2407K, committed 2880K, reserved 1048576K
}
Event: 634.347 GC heap after
{Heap after GC invocations=98 (full 1):
 PSYoungGen      total 15872K, used 384K [0x00000000d5580000, 0x00000000d6700000, 0x0000000100000000)
  eden space 15360K, 0% used [0x00000000d5580000,0x00000000d5580000,0x00000000d6480000)
  from space 512K, 75% used [0x00000000d6600000,0x00000000d6660020,0x00000000d6680000)
  to   space 512K, 0% used [0x00000000d6680000,0x00000000d6680000,0x00000000d6700000)
 ParOldGen       total 84480K, used 84327K [0x0000000080000000, 0x0000000085280000, 0x00000000d5580000)
  object space 84480K, 99% used [0x0000000080000000,0x0000000085259e38,0x0000000085280000)
 Metaspace       used 26731K, committed 27840K, reserved 1114112K
  class space    used 2407K, committed 2880K, reserved 1048576K
}
Event: 904.001 GC heap before
{Heap before GC invocations=99 (full 1):
 PSYoungGen      total 15872K, used 15744K [0x00000000d5580000, 0x00000000d6700000, 0x0000000100000000)
  eden space 15360K, 100% used [0x00000000d5580000,0x00000000d6480000,0x00000000d6480000)
  from space 512K, 75% used [0x00000000d6600000,0x00000000d6660020,0x00000000d6680000)
  to   space 512K, 0% used [0x00000000d6680000,0x00000000d6680000,0x00000000d6700000)
 ParOldGen       total 84480K, used 84327K [0x0000000080000000, 0x0000000085280000, 0x00000000d5580000)
  object space 84480K, 99% used [0x0000000080000000,0x0000000085259e38,0x0000000085280000)
 Metaspace       used 26831K, committed 27968K, reserved 1114112K
  class space    used 2412K, committed 2880K, reserved 1048576K
}
Event: 904.065 GC heap after
{Heap after GC invocations=99 (full 1):
 PSYoungGen      total 15872K, used 448K [0x00000000d5580000, 0x00000000d6700000, 0x0000000100000000)
  eden space 15360K, 0% used [0x00000000d5580000,0x00000000d5580000,0x00000000d6480000)
  from space 512K, 87% used [0x00000000d6680000,0x00000000d66f0040,0x00000000d6700000)
  to   space 512K, 0% used [0x00000000d6600000,0x00000000d6600000,0x00000000d6680000)
 ParOldGen       total 84480K, used 84439K [0x0000000080000000, 0x0000000085280000, 0x00000000d5580000)
  object space 84480K, 99% used [0x0000000080000000,0x0000000085275e58,0x0000000085280000)
 Metaspace       used 26831K, committed 27968K, reserved 1114112K
  class space    used 2412K, committed 2880K, reserved 1048576K
}

