# JRE version: OpenJDK Runtime Environment Temurin-21.0.10+7 (21.0.10+7) (build 21.0.10+7-LTS)
# Java VM: OpenJDK 64-Bit Server VM Temurin-21.0.10+7 (21.0.10+7-LTS, mixed mode, sharing, tiered, compressed oops, compressed class ptrs, parallel gc, windows-amd64)
GC Precious Log:
 CardTable entry size: 512
 CPUs: 12 total, 12 available
 Memory: 7518M
 Large Page Support: Disabled
 NUMA Support: Disabled
 Compressed Oops: Enabled (32-bit)
 Alignments: Space 512K, Generation 512K, Heap 2M
 Heap Min Capacity: 100M
 Heap Initial Capacity: 100M
 Heap Max Capacity: 2G
 Pre-touch: Disabled
 Parallel Workers: 10
Heap:
 PSYoungGen      total 7680K, used 5303K [0x00000000d5580000, 0x00000000d6280000, 0x0000000100000000)
  eden space 6656K, 67% used [0x00000000d5580000,0x00000000d59e5ff8,0x00000000d5c00000)
  from space 1024K, 78% used [0x00000000d6180000,0x00000000d6248000,0x00000000d6280000)
  to   space 2560K, 0% used [0x00000000d5d80000,0x00000000d5d80000,0x00000000d6000000)
 ParOldGen       total 181248K, used 181183K [0x0000000080000000, 0x000000008b100000, 0x00000000d5580000)
  object space 181248K, 99% used [0x0000000080000000,0x000000008b0eff18,0x000000008b100000)
 Metaspace       used 26999K, committed 28160K, reserved 1114112K
  class space    used 2403K, committed 2880K, reserved 1048576K
GC Heap History (20 events):
Event: 107.535 GC heap before
{Heap before GC invocations=110 (full 1):
 PSYoungGen      total 7168K, used 7121K [0x00000000d5580000, 0x00000000d6600000, 0x0000000100000000)
  eden space 6656K, 99% used [0x00000000d5580000,0x00000000d5bf5db0,0x00000000d5c00000)
  from space 512K, 98% used [0x00000000d6580000,0x00000000d65fe9e8,0x00000000d6600000)
  to   space 2048K, 0% used [0x00000000d6200000,0x00000000d6200000,0x00000000d6400000)
 ParOldGen       total 174592K, used 174250K [0x0000000080000000, 0x000000008aa80000, 0x00000000d5580000)
  object space 174592K, 99% used [0x0000000080000000,0x000000008aa2a970,0x000000008aa80000)
 Metaspace       used 26221K, committed 27392K, reserved 1114112K
  class space    used 2353K, committed 2816K, reserved 1048576K
}
Event: 107.536 GC heap after
{Heap after GC invocations=110 (full 1):
 PSYoungGen      total 8704K, used 385K [0x00000000d5580000, 0x00000000d6600000, 0x0000000100000000)
  eden space 6656K, 0% used [0x00000000d5580000,0x00000000d5580000,0x00000000d5c00000)
  from space 2048K, 18% used [0x00000000d6200000,0x00000000d6260670,0x00000000d6400000)
  to   space 1024K, 0% used [0x00000000d6500000,0x00000000d6500000,0x00000000d6600000)
 ParOldGen       total 174592K, used 174290K [0x0000000080000000, 0x000000008aa80000, 0x00000000d5580000)
  object space 174592K, 99% used [0x0000000080000000,0x000000008aa34970,0x000000008aa80000)
 Metaspace       used 26221K, committed 27392K, reserved 1114112K
  class space    used 2353K, committed 2816K, reserved 1048576K
}
Event: 108.167 GC heap before
{Heap before GC invocations=111 (full 1):
 PSYoungGen      total 8704K, used 7024K [0x00000000d5580000, 0x00000000d6600000, 0x0000000100000000)
  eden space 6656K, 99% used [0x00000000d5580000,0x00000000d5bfbae8,0x00000000d5c00000)
  from space 2048K, 18% used [0x00000000d6200000,0x00000000d6260670,0x00000000d6400000)
  to   space 1024K, 0% used [0x00000000d6500000,0x00000000d6500000,0x00000000d6600000)
 ParOldGen       total 174592K, used 174290K [0x0000000080000000, 0x000000008aa80000, 0x00000000d5580000)
  object space 174592K, 99% used [0x0000000080000000,0x000000008aa34970,0x000000008aa80000)
 Metaspace       used 26263K, committed 27392K, reserved 1114112K
  class space    used 2353K, committed 2816K, reserved 1048576K
}
Event: 108.173 GC heap after
{Heap after GC invocations=111 (full 1):
 PSYoungGen      total 7168K, used 288K [0x00000000d5580000, 0x00000000d6580000, 0x0000000100000000)
  eden space 6656K, 0% used [0x00000000d5580000,0x00000000d5580000,0x00000000d5c00000)
  from space 512K, 56% used [0x00000000d6500000,0x00000000d6548000,0x00000000d6580000)
  to   space 512K, 0% used [0x00000000d6480000,0x00000000d6480000,0x00000000d6500000)
 ParOldGen       total 174592K, used 174354K [0x0000000080000000, 0x000000008aa80000, 0x00000000d5580000)
  object space 174592K, 99% used [0x0000000080000000,0x000000008aa44970,0x000000008aa80000)
 Metaspace       used 26263K, committed 27392K, reserved 1114112K
  class space    used 2353K, committed 2816K, reserved 1048576K
}
Event: 108.434 GC heap before
{Heap before GC invocations=112 (full 1):
 PSYoungGen      total 7168K, used 6912K [0x00000000d5580000, 0x00000000d6580000, 0x0000000100000000)
  eden space 6656K, 99% used [0x00000000d5580000,0x00000000d5bf8070,0x00000000d5c00000)
  from space 512K, 56% used [0x00000000d6500000,0x00000000d6548000,0x00000000d6580000)
  to   space 512K, 0% used [0x00000000d6480000,0x00000000d6480000,0x00000000d6500000)
 ParOldGen       total 174592K, used 174354K [0x0000000080000000, 0x000000008aa80000, 0x00000000d5580000)
  object space 174592K, 99% used [0x0000000080000000,0x000000008aa44970,0x000000008aa80000)
 Metaspace       used 26276K, committed 27392K, reserved 1114112K
  class space    used 2353K, committed 2816K, reserved 1048576K
}
Event: 108.438 GC heap after
{Heap after GC invocations=112 (full 1):
 PSYoungGen      total 7168K, used 506K [0x00000000d5580000, 0x00000000d6580000, 0x0000000100000000)
  eden space 6656K, 0% used [0x00000000d5580000,0x00000000d5580000,0x00000000d5c00000)
  from space 512K, 98% used [0x00000000d6480000,0x00000000d64feb50,0x00000000d6500000)
  to   space 512K, 0% used [0x00000000d6500000,0x00000000d6500000,0x00000000d6580000)
 ParOldGen       total 174592K, used 174562K [0x0000000080000000, 0x000000008aa80000, 0x00000000d5580000)
  object space 174592K, 99% used [0x0000000080000000,0x000000008aa78990,0x000000008aa80000)
 Metaspace       used 26276K, committed 27392K, reserved 1114112K
  class space    used 2353K, committed 2816K, reserved 1048576K
}
Event: 108.500 GC heap before
{Heap before GC invocations=113 (full 1):
 PSYoungGen      total 7168K, used 7148K [0x00000000d5580000, 0x00000000d6580000, 0x0000000100000000)
  eden space 6656K, 99% used [0x00000000d5580000,0x00000000d5bfc898,0x00000000d5c00000)
  from space 512K, 98% used [0x00000000d6480000,0x00000000d64feb50,0x00000000d6500000)
  to   space 512K, 0% used [0x00000000d6500000,0x00000000d6500000,0x00000000d6580000)
 ParOldGen       total 174592K, used 174562K [0x0000000080000000, 0x000000008aa80000, 0x00000000d5580000)
  object space 174592K, 99% used [0x0000000080000000,0x000000008aa78990,0x000000008aa80000)
 Metaspace       used 26276K, committed 27392K, reserved 1114112K
  class space    used 2353K, committed 2816K, reserved 1048576K
}
Event: 108.504 GC heap after
{Heap after GC invocations=113 (full 1):
 PSYoungGen      total 7168K, used 506K [0x00000000d5580000, 0x00000000d6580000, 0x0000000100000000)
  eden space 6656K, 0% used [0x00000000d5580000,0x00000000d5580000,0x00000000d5c00000)
  from space 512K, 98% used [0x00000000d6500000,0x00000000d657ea78,0x00000000d6580000)
  to   space 3072K, 0% used [0x00000000d5f80000,0x00000000d5f80000,0x00000000d6280000)
 ParOldGen       total 177152K, used 176658K [0x0000000080000000, 0x000000008ad00000, 0x00000000d5580000)
  object space 177152K, 99% used [0x0000000080000000,0x000000008ac848b0,0x000000008ad00000)
 Metaspace       used 26276K, committed 27392K, reserved 1114112K
  class space    used 2353K, committed 2816K, reserved 1048576K
}
Event: 109.177 GC heap before
{Heap before GC invocations=114 (full 1):
 PSYoungGen      total 7168K, used 7162K [0x00000000d5580000, 0x00000000d6580000, 0x0000000100000000)
  eden space 6656K, 100% used [0x00000000d5580000,0x00000000d5c00000,0x00000000d5c00000)
  from space 512K, 98% used [0x00000000d6500000,0x00000000d657ea78,0x00000000d6580000)
  to   space 3072K, 0% used [0x00000000d5f80000,0x00000000d5f80000,0x00000000d6280000)
 ParOldGen       total 177152K, used 176658K [0x0000000080000000, 0x000000008ad00000, 0x00000000d5580000)
  object space 177152K, 99% used [0x0000000080000000,0x000000008ac848b0,0x000000008ad00000)
 Metaspace       used 26361K, committed 27456K, reserved 1114112K
  class space    used 2354K, committed 2816K, reserved 1048576K
}
Event: 109.179 GC heap after
{Heap after GC invocations=114 (full 1):
 PSYoungGen      total 9728K, used 320K [0x00000000d5580000, 0x00000000d6580000, 0x0000000100000000)
  eden space 6656K, 0% used [0x00000000d5580000,0x00000000d5580000,0x00000000d5c00000)
  from space 3072K, 10% used [0x00000000d5f80000,0x00000000d5fd0000,0x00000000d6280000)
  to   space 1536K, 0% used [0x00000000d6400000,0x00000000d6400000,0x00000000d6580000)
 ParOldGen       total 177152K, used 176698K [0x0000000080000000, 0x000000008ad00000, 0x00000000d5580000)
  object space 177152K, 99% used [0x0000000080000000,0x000000008ac8e8b0,0x000000008ad00000)
 Metaspace       used 26361K, committed 27456K, reserved 1114112K
  class space    used 2354K, committed 2816K, reserved 1048576K
}
Event: 135.157 GC heap before
{Heap before GC invocations=115 (full 1):
 PSYoungGen      total 9728K, used 6965K [0x00000000d5580000, 0x00000000d6580000, 0x0000000100000000)
  eden space 6656K, 99% used [0x00000000d5580000,0x00000000d5bfd428,0x00000000d5c00000)
  from space 3072K, 10% used [0x00000000d5f80000,0x00000000d5fd0000,0x00000000d6280000)
  to   space 1536K, 0% used [0x00000000d6400000,0x00000000d6400000,0x00000000d6580000)
 ParOldGen       total 177152K, used 176730K [0x0000000080000000, 0x000000008ad00000, 0x00000000d5580000)
  object space 177152K, 99% used [0x0000000080000000,0x000000008ac96858,0x000000008ad00000)
 Metaspace       used 26601K, committed 27712K, reserved 1114112K
  class space    used 2389K, committed 2880K, reserved 1048576K
}
Event: 135.200 GC heap after
{Heap after GC invocations=115 (full 1):
 PSYoungGen      total 7680K, used 543K [0x00000000d5580000, 0x00000000d6500000, 0x0000000100000000)
  eden space 6656K, 0% used [0x00000000d5580000,0x00000000d5580000,0x00000000d5c00000)
  from space 1024K, 53% used [0x00000000d6400000,0x00000000d6487ea8,0x00000000d6500000)
  to   space 1024K, 0% used [0x00000000d6300000,0x00000000d6300000,0x00000000d6400000)
 ParOldGen       total 177152K, used 176858K [0x0000000080000000, 0x000000008ad00000, 0x00000000d5580000)
  object space 177152K, 99% used [0x0000000080000000,0x000000008acb6858,0x000000008ad00000)
 Metaspace       used 26601K, committed 27712K, reserved 1114112K
  class space    used 2389K, committed 2880K, reserved 1048576K
}
Event: 2681.646 GC heap before
{Heap before GC invocations=116 (full 1):
 PSYoungGen      total 7680K, used 7199K [0x00000000d5580000, 0x00000000d6500000, 0x0000000100000000)
  eden space 6656K, 100% used [0x00000000d5580000,0x00000000d5c00000,0x00000000d5c00000)
  from space 1024K, 53% used [0x00000000d6400000,0x00000000d6487ea8,0x00000000d6500000)
  to   space 1024K, 0% used [0x00000000d6300000,0x00000000d6300000,0x00000000d6400000)
 ParOldGen       total 177152K, used 176859K [0x0000000080000000, 0x000000008ad00000, 0x00000000d5580000)
  object space 177152K, 99% used [0x0000000080000000,0x000000008acb6f98,0x000000008ad00000)
 Metaspace       used 26799K, committed 27904K, reserved 1114112K
  class space    used 2398K, committed 2880K, reserved 1048576K
}
Event: 2681.787 GC heap after
{Heap after GC invocations=116 (full 1):
 PSYoungGen      total 7680K, used 448K [0x00000000d5580000, 0x00000000d6480000, 0x0000000100000000)
  eden space 6656K, 0% used [0x00000000d5580000,0x00000000d5580000,0x00000000d5c00000)
  from space 1024K, 43% used [0x00000000d6300000,0x00000000d6370040,0x00000000d6400000)
  to   space 512K, 0% used [0x00000000d6400000,0x00000000d6400000,0x00000000d6480000)
 ParOldGen       total 177152K, used 177055K [0x0000000080000000, 0x000000008ad00000, 0x00000000d5580000)
  object space 177152K, 99% used [0x0000000080000000,0x000000008ace7e70,0x000000008ad00000)
 Metaspace       used 26799K, committed 27904K, reserved 1114112K
  class space    used 2398K, committed 2880K, reserved 1048576K
}
Event: 2687.187 GC heap before
{Heap before GC invocations=117 (full 1):
 PSYoungGen      total 7680K, used 7100K [0x00000000d5580000, 0x00000000d6480000, 0x0000000100000000)
  eden space 6656K, 99% used [0x00000000d5580000,0x00000000d5bff260,0x00000000d5c00000)
  from space 1024K, 43% used [0x00000000d6300000,0x00000000d6370040,0x00000000d6400000)
  to   space 512K, 0% used [0x00000000d6400000,0x00000000d6400000,0x00000000d6480000)
 ParOldGen       total 177152K, used 177055K [0x0000000080000000, 0x000000008ad00000, 0x00000000d5580000)
  object space 177152K, 99% used [0x0000000080000000,0x000000008ace7e70,0x000000008ad00000)
 Metaspace       used 26827K, committed 27968K, reserved 1114112K
  class space    used 2400K, committed 2880K, reserved 1048576K
}
Event: 2687.197 GC heap after
{Heap after GC invocations=117 (full 1):
 PSYoungGen      total 7168K, used 510K [0x00000000d5580000, 0x00000000d6480000, 0x0000000100000000)
  eden space 6656K, 0% used [0x00000000d5580000,0x00000000d5580000,0x00000000d5c00000)
  from space 512K, 99% used [0x00000000d6400000,0x00000000d647f880,0x00000000d6480000)
  to   space 4096K, 0% used [0x00000000d5c80000,0x00000000d5c80000,0x00000000d6080000)
 ParOldGen       total 180224K, used 179863K [0x0000000080000000, 0x000000008b000000, 0x00000000d5580000)
  object space 180224K, 99% used [0x0000000080000000,0x000000008afa5cb0,0x000000008b000000)
 Metaspace       used 26827K, committed 27968K, reserved 1114112K
  class space    used 2400K, committed 2880K, reserved 1048576K
}
Event: 2689.484 GC heap before
{Heap before GC invocations=118 (full 1):
 PSYoungGen      total 7168K, used 7166K [0x00000000d5580000, 0x00000000d6480000, 0x0000000100000000)
  eden space 6656K, 100% used [0x00000000d5580000,0x00000000d5c00000,0x00000000d5c00000)
  from space 512K, 99% used [0x00000000d6400000,0x00000000d647f880,0x00000000d6480000)
  to   space 4096K, 0% used [0x00000000d5c80000,0x00000000d5c80000,0x00000000d6080000)
 ParOldGen       total 180224K, used 179863K [0x0000000080000000, 0x000000008b000000, 0x00000000d5580000)
  object space 180224K, 99% used [0x0000000080000000,0x000000008afa5cb0,0x000000008b000000)
 Metaspace       used 26846K, committed 27968K, reserved 1114112K
  class space    used 2400K, committed 2880K, reserved 1048576K
}
Event: 2689.502 GC heap after
{Heap after GC invocations=118 (full 1):
 PSYoungGen      total 10752K, used 4090K [0x00000000d5580000, 0x00000000d6700000, 0x0000000100000000)
  eden space 6656K, 0% used [0x00000000d5580000,0x00000000d5580000,0x00000000d5c00000)
  from space 4096K, 99% used [0x00000000d5c80000,0x00000000d607eaa8,0x00000000d6080000)
  to   space 5632K, 0% used [0x00000000d6180000,0x00000000d6180000,0x00000000d6700000)
 ParOldGen       total 180736K, used 180615K [0x0000000080000000, 0x000000008b080000, 0x00000000d5580000)
  object space 180736K, 99% used [0x0000000080000000,0x000000008b061ee8,0x000000008b080000)
 Metaspace       used 26846K, committed 27968K, reserved 1114112K
  class space    used 2400K, committed 2880K, reserved 1048576K
}
Event: 2796.003 GC heap before
{Heap before GC invocations=119 (full 1):
 PSYoungGen      total 10752K, used 10746K [0x00000000d5580000, 0x00000000d6700000, 0x0000000100000000)
  eden space 6656K, 100% used [0x00000000d5580000,0x00000000d5c00000,0x00000000d5c00000)
  from space 4096K, 99% used [0x00000000d5c80000,0x00000000d607eaa8,0x00000000d6080000)
  to   space 5632K, 0% used [0x00000000d6180000,0x00000000d6180000,0x00000000d6700000)
 ParOldGen       total 180736K, used 180615K [0x0000000080000000, 0x000000008b080000, 0x00000000d5580000)
  object space 180736K, 99% used [0x0000000080000000,0x000000008b061ee8,0x000000008b080000)
 Metaspace       used 26930K, committed 28096K, reserved 1114112K
  class space    used 2401K, committed 2880K, reserved 1048576K
}
Event: 2796.040 GC heap after
{Heap after GC invocations=119 (full 1):
 PSYoungGen      total 7680K, used 800K [0x00000000d5580000, 0x00000000d6280000, 0x0000000100000000)
  eden space 6656K, 0% used [0x00000000d5580000,0x00000000d5580000,0x00000000d5c00000)
  from space 1024K, 78% used [0x00000000d6180000,0x00000000d6248000,0x00000000d6280000)
  to   space 2560K, 0% used [0x00000000d5d80000,0x00000000d5d80000,0x00000000d6000000)
 ParOldGen       total 181248K, used 181183K [0x0000000080000000, 0x000000008b100000, 0x00000000d5580000)
  object space 181248K, 99% used [0x0000000080000000,0x000000008b0eff18,0x000000008b100000)
 Metaspace       used 26930K, committed 28096K, reserved 1114112K
  class space    used 2401K, committed 2880K, reserved 1048576K
}

