# JRE version: OpenJDK Runtime Environment Temurin-21.0.10+7 (21.0.10+7) (build 21.0.10+7-LTS)
# Java VM: OpenJDK 64-Bit Server VM Temurin-21.0.10+7 (21.0.10+7-LTS, mixed mode, sharing, tiered, compressed oops, compressed class ptrs, parallel gc, windows-amd64)
GC Precious Log:
 CardTable entry size: 512
 CPUs: 12 total, 12 available
 Memory: 7518M
 Large Page Support: Disabled
 NUMA Support: Disabled
 Compressed Oops: Enabled (32-bit)
 Alignments: Space 512K, Generation 512K, Heap 2M
 Heap Min Capacity: 100M
 Heap Initial Capacity: 100M
 Heap Max Capacity: 2G
 Pre-touch: Disabled
 Parallel Workers: 10
Heap:
 PSYoungGen      total 2048K, used 413K [0x00000000d5580000, 0x00000000d5980000, 0x0000000100000000)
  eden space 1536K, 12% used [0x00000000d5580000,0x00000000d55af460,0x00000000d5700000)
  from space 512K, 43% used [0x00000000d5880000,0x00000000d58b8000,0x00000000d5900000)
  to   space 512K, 0% used [0x00000000d5900000,0x00000000d5900000,0x00000000d5980000)
 ParOldGen       total 367104K, used 366973K [0x0000000080000000, 0x0000000096680000, 0x00000000d5580000)
  object space 367104K, 99% used [0x0000000080000000,0x000000009665f6a0,0x0000000096680000)
 Metaspace       used 41659K, committed 43072K, reserved 1114112K
  class space    used 3839K, committed 4416K, reserved 1048576K
GC Heap History (20 events):
Event: 7688.375 GC heap before
{Heap before GC invocations=990 (full 2):
 PSYoungGen      total 4096K, used 3456K [0x00000000d5580000, 0x00000000d5a80000, 0x0000000100000000)
  eden space 3072K, 100% used [0x00000000d5580000,0x00000000d5880000,0x00000000d5880000)
  from space 1024K, 37% used [0x00000000d5880000,0x00000000d58e0000,0x00000000d5980000)
  to   space 512K, 0% used [0x00000000d5a00000,0x00000000d5a00000,0x00000000d5a80000)
 ParOldGen       total 361472K, used 361006K [0x0000000080000000, 0x0000000096100000, 0x00000000d5580000)
  object space 361472K, 99% used [0x0000000080000000,0x000000009608ba18,0x0000000096100000)
 Metaspace       used 41611K, committed 43008K, reserved 1114112K
  class space    used 3836K, committed 4416K, reserved 1048576K
}
Event: 7688.378 GC heap after
{Heap after GC invocations=990 (full 2):
 PSYoungGen      total 2560K, used 481K [0x00000000d5580000, 0x00000000d5e80000, 0x0000000100000000)
  eden space 2048K, 0% used [0x00000000d5580000,0x00000000d5580000,0x00000000d5780000)
  from space 512K, 93% used [0x00000000d5a00000,0x00000000d5a78428,0x00000000d5a80000)
  to   space 2560K, 0% used [0x00000000d5780000,0x00000000d5780000,0x00000000d5a00000)
 ParOldGen       total 363008K, used 362755K [0x0000000080000000, 0x0000000096280000, 0x00000000d5580000)
  object space 363008K, 99% used [0x0000000080000000,0x0000000096240e50,0x0000000096280000)
 Metaspace       used 41611K, committed 43008K, reserved 1114112K
  class space    used 3836K, committed 4416K, reserved 1048576K
}
Event: 7688.385 GC heap before
{Heap before GC invocations=991 (full 2):
 PSYoungGen      total 2560K, used 2494K [0x00000000d5580000, 0x00000000d5e80000, 0x0000000100000000)
  eden space 2048K, 98% used [0x00000000d5580000,0x00000000d57775b8,0x00000000d5780000)
  from space 512K, 93% used [0x00000000d5a00000,0x00000000d5a78428,0x00000000d5a80000)
  to   space 2560K, 0% used [0x00000000d5780000,0x00000000d5780000,0x00000000d5a00000)
 ParOldGen       total 363008K, used 362755K [0x0000000080000000, 0x0000000096280000, 0x00000000d5580000)
  object space 363008K, 99% used [0x0000000080000000,0x0000000096240e50,0x0000000096280000)
 Metaspace       used 41611K, committed 43008K, reserved 1114112K
  class space    used 3836K, committed 4416K, reserved 1048576K
}
Event: 7688.388 GC heap after
{Heap after GC invocations=991 (full 2):
 PSYoungGen      total 3072K, used 609K [0x00000000d5580000, 0x00000000d5b00000, 0x0000000100000000)
  eden space 2048K, 0% used [0x00000000d5580000,0x00000000d5580000,0x00000000d5780000)
  from space 1024K, 59% used [0x00000000d5780000,0x00000000d5818428,0x00000000d5880000)
  to   space 1536K, 0% used [0x00000000d5980000,0x00000000d5980000,0x00000000d5b00000)
 ParOldGen       total 363008K, used 362899K [0x0000000080000000, 0x0000000096280000, 0x00000000d5580000)
  object space 363008K, 99% used [0x0000000080000000,0x0000000096264e50,0x0000000096280000)
 Metaspace       used 41611K, committed 43008K, reserved 1114112K
  class space    used 3836K, committed 4416K, reserved 1048576K
}
Event: 7688.393 GC heap before
{Heap before GC invocations=992 (full 2):
 PSYoungGen      total 3072K, used 2657K [0x00000000d5580000, 0x00000000d5b00000, 0x0000000100000000)
  eden space 2048K, 100% used [0x00000000d5580000,0x00000000d5780000,0x00000000d5780000)
  from space 1024K, 59% used [0x00000000d5780000,0x00000000d5818428,0x00000000d5880000)
  to   space 1536K, 0% used [0x00000000d5980000,0x00000000d5980000,0x00000000d5b00000)
 ParOldGen       total 363008K, used 362899K [0x0000000080000000, 0x0000000096280000, 0x00000000d5580000)
  object space 363008K, 99% used [0x0000000080000000,0x0000000096264e50,0x0000000096280000)
 Metaspace       used 41611K, committed 43008K, reserved 1114112K
  class space    used 3836K, committed 4416K, reserved 1048576K
}
Event: 7688.396 GC heap after
{Heap after GC invocations=992 (full 2):
 PSYoungGen      total 2560K, used 1505K [0x00000000d5580000, 0x00000000d5e00000, 0x0000000100000000)
  eden space 1024K, 0% used [0x00000000d5580000,0x00000000d5580000,0x00000000d5680000)
  from space 1536K, 97% used [0x00000000d5980000,0x00000000d5af8428,0x00000000d5b00000)
  to   space 3072K, 0% used [0x00000000d5680000,0x00000000d5680000,0x00000000d5980000)
 ParOldGen       total 364032K, used 363924K [0x0000000080000000, 0x0000000096380000, 0x00000000d5580000)
  object space 364032K, 99% used [0x0000000080000000,0x0000000096365278,0x0000000096380000)
 Metaspace       used 41611K, committed 43008K, reserved 1114112K
  class space    used 3836K, committed 4416K, reserved 1048576K
}
Event: 7688.400 GC heap before
{Heap before GC invocations=993 (full 2):
 PSYoungGen      total 2560K, used 2529K [0x00000000d5580000, 0x00000000d5e00000, 0x0000000100000000)
  eden space 1024K, 100% used [0x00000000d5580000,0x00000000d5680000,0x00000000d5680000)
  from space 1536K, 97% used [0x00000000d5980000,0x00000000d5af8428,0x00000000d5b00000)
  to   space 3072K, 0% used [0x00000000d5680000,0x00000000d5680000,0x00000000d5980000)
 ParOldGen       total 364032K, used 363924K [0x0000000080000000, 0x0000000096380000, 0x00000000d5580000)
  object space 364032K, 99% used [0x0000000080000000,0x0000000096365278,0x0000000096380000)
 Metaspace       used 41611K, committed 43008K, reserved 1114112K
  class space    used 3836K, committed 4416K, reserved 1048576K
}
Event: 7688.403 GC heap after
{Heap after GC invocations=993 (full 2):
 PSYoungGen      total 2560K, used 1152K [0x00000000d5580000, 0x00000000d5b00000, 0x0000000100000000)
  eden space 1024K, 0% used [0x00000000d5580000,0x00000000d5580000,0x00000000d5680000)
  from space 1536K, 75% used [0x00000000d5680000,0x00000000d57a0000,0x00000000d5800000)
  to   space 2048K, 0% used [0x00000000d5900000,0x00000000d5900000,0x00000000d5b00000)
 ParOldGen       total 365568K, used 365477K [0x0000000080000000, 0x0000000096500000, 0x00000000d5580000)
  object space 365568K, 99% used [0x0000000080000000,0x00000000964e96a0,0x0000000096500000)
 Metaspace       used 41611K, committed 43008K, reserved 1114112K
  class space    used 3836K, committed 4416K, reserved 1048576K
}
Event: 7689.338 GC heap before
{Heap before GC invocations=994 (full 2):
 PSYoungGen      total 2560K, used 2175K [0x00000000d5580000, 0x00000000d5b00000, 0x0000000100000000)
  eden space 1024K, 99% used [0x00000000d5580000,0x00000000d567ffe0,0x00000000d5680000)
  from space 1536K, 75% used [0x00000000d5680000,0x00000000d57a0000,0x00000000d5800000)
  to   space 2048K, 0% used [0x00000000d5900000,0x00000000d5900000,0x00000000d5b00000)
 ParOldGen       total 365568K, used 365477K [0x0000000080000000, 0x0000000096500000, 0x00000000d5580000)
  object space 365568K, 99% used [0x0000000080000000,0x00000000964e96a0,0x0000000096500000)
 Metaspace       used 41614K, committed 43008K, reserved 1114112K
  class space    used 3836K, committed 4416K, reserved 1048576K
}
Event: 7689.342 GC heap after
{Heap after GC invocations=994 (full 2):
 PSYoungGen      total 2560K, used 544K [0x00000000d5580000, 0x00000000d5a00000, 0x0000000100000000)
  eden space 1536K, 0% used [0x00000000d5580000,0x00000000d5580000,0x00000000d5700000)
  from space 1024K, 53% used [0x00000000d5900000,0x00000000d5988000,0x00000000d5a00000)
  to   space 1024K, 0% used [0x00000000d5800000,0x00000000d5800000,0x00000000d5900000)
 ParOldGen       total 366592K, used 366509K [0x0000000080000000, 0x0000000096600000, 0x00000000d5580000)
  object space 366592K, 99% used [0x0000000080000000,0x00000000965eb6a0,0x0000000096600000)
 Metaspace       used 41614K, committed 43008K, reserved 1114112K
  class space    used 3836K, committed 4416K, reserved 1048576K
}
Event: 7689.489 GC heap before
{Heap before GC invocations=995 (full 2):
 PSYoungGen      total 2560K, used 2079K [0x00000000d5580000, 0x00000000d5a00000, 0x0000000100000000)
  eden space 1536K, 99% used [0x00000000d5580000,0x00000000d56ffff0,0x00000000d5700000)
  from space 1024K, 53% used [0x00000000d5900000,0x00000000d5988000,0x00000000d5a00000)
  to   space 1024K, 0% used [0x00000000d5800000,0x00000000d5800000,0x00000000d5900000)
 ParOldGen       total 366592K, used 366509K [0x0000000080000000, 0x0000000096600000, 0x00000000d5580000)
  object space 366592K, 99% used [0x0000000080000000,0x00000000965eb6a0,0x0000000096600000)
 Metaspace       used 41631K, committed 43008K, reserved 1114112K
  class space    used 3838K, committed 4416K, reserved 1048576K
}
Event: 7689.492 GC heap after
{Heap after GC invocations=995 (full 2):
 PSYoungGen      total 2560K, used 192K [0x00000000d5580000, 0x00000000d5980000, 0x0000000100000000)
  eden space 1536K, 0% used [0x00000000d5580000,0x00000000d5580000,0x00000000d5700000)
  from space 1024K, 18% used [0x00000000d5800000,0x00000000d5830000,0x00000000d5900000)
  to   space 512K, 0% used [0x00000000d5900000,0x00000000d5900000,0x00000000d5980000)
 ParOldGen       total 367104K, used 366877K [0x0000000080000000, 0x0000000096680000, 0x00000000d5580000)
  object space 367104K, 99% used [0x0000000080000000,0x00000000966476a0,0x0000000096680000)
 Metaspace       used 41631K, committed 43008K, reserved 1114112K
  class space    used 3838K, committed 4416K, reserved 1048576K
}
Event: 7692.212 GC heap before
{Heap before GC invocations=996 (full 2):
 PSYoungGen      total 2560K, used 1728K [0x00000000d5580000, 0x00000000d5980000, 0x0000000100000000)
  eden space 1536K, 100% used [0x00000000d5580000,0x00000000d5700000,0x00000000d5700000)
  from space 1024K, 18% used [0x00000000d5800000,0x00000000d5830000,0x00000000d5900000)
  to   space 512K, 0% used [0x00000000d5900000,0x00000000d5900000,0x00000000d5980000)
 ParOldGen       total 367104K, used 366877K [0x0000000080000000, 0x0000000096680000, 0x00000000d5580000)
  object space 367104K, 99% used [0x0000000080000000,0x00000000966476a0,0x0000000096680000)
 Metaspace       used 41644K, committed 43008K, reserved 1114112K
  class space    used 3839K, committed 4416K, reserved 1048576K
}
Event: 7692.214 GC heap after
{Heap after GC invocations=996 (full 2):
 PSYoungGen      total 2048K, used 256K [0x00000000d5580000, 0x00000000d5980000, 0x0000000100000000)
  eden space 1536K, 0% used [0x00000000d5580000,0x00000000d5580000,0x00000000d5700000)
  from space 512K, 50% used [0x00000000d5900000,0x00000000d5940000,0x00000000d5980000)
  to   space 512K, 0% used [0x00000000d5880000,0x00000000d5880000,0x00000000d5900000)
 ParOldGen       total 367104K, used 366901K [0x0000000080000000, 0x0000000096680000, 0x00000000d5580000)
  object space 367104K, 99% used [0x0000000080000000,0x000000009664d6a0,0x0000000096680000)
 Metaspace       used 41644K, committed 43008K, reserved 1114112K
  class space    used 3839K, committed 4416K, reserved 1048576K
}
Event: 7692.351 GC heap before
{Heap before GC invocations=997 (full 2):
 PSYoungGen      total 2048K, used 1792K [0x00000000d5580000, 0x00000000d5980000, 0x0000000100000000)
  eden space 1536K, 100% used [0x00000000d5580000,0x00000000d5700000,0x00000000d5700000)
  from space 512K, 50% used [0x00000000d5900000,0x00000000d5940000,0x00000000d5980000)
  to   space 512K, 0% used [0x00000000d5880000,0x00000000d5880000,0x00000000d5900000)
 ParOldGen       total 367104K, used 366901K [0x0000000080000000, 0x0000000096680000, 0x00000000d5580000)
  object space 367104K, 99% used [0x0000000080000000,0x000000009664d6a0,0x0000000096680000)
 Metaspace       used 41645K, committed 43008K, reserved 1114112K
  class space    used 3839K, committed 4416K, reserved 1048576K
}
Event: 7692.352 GC heap after
{Heap after GC invocations=997 (full 2):
 PSYoungGen      total 2048K, used 224K [0x00000000d5580000, 0x00000000d5980000, 0x0000000100000000)
  eden space 1536K, 0% used [0x00000000d5580000,0x00000000d5580000,0x00000000d5700000)
  from space 512K, 43% used [0x00000000d5880000,0x00000000d58b8000,0x00000000d5900000)
  to   space 512K, 0% used [0x00000000d5900000,0x00000000d5900000,0x00000000d5980000)
 ParOldGen       total 367104K, used 366949K [0x0000000080000000, 0x0000000096680000, 0x00000000d5580000)
  object space 367104K, 99% used [0x0000000080000000,0x00000000966596a0,0x0000000096680000)
 Metaspace       used 41645K, committed 43008K, reserved 1114112K
  class space    used 3839K, committed 4416K, reserved 1048576K
}
Event: 7733.818 GC heap before
{Heap before GC invocations=998 (full 2):
 PSYoungGen      total 2048K, used 1760K [0x00000000d5580000, 0x00000000d5980000, 0x0000000100000000)
  eden space 1536K, 100% used [0x00000000d5580000,0x00000000d5700000,0x00000000d5700000)
  from space 512K, 43% used [0x00000000d5880000,0x00000000d58b8000,0x00000000d5900000)
  to   space 512K, 0% used [0x00000000d5900000,0x00000000d5900000,0x00000000d5980000)
 ParOldGen       total 367104K, used 366949K [0x0000000080000000, 0x0000000096680000, 0x00000000d5580000)
  object space 367104K, 99% used [0x0000000080000000,0x00000000966596a0,0x0000000096680000)
 Metaspace       used 41646K, committed 43008K, reserved 1114112K
  class space    used 3839K, committed 4416K, reserved 1048576K
}
Event: 7733.820 GC heap after
{Heap after GC invocations=998 (full 2):
 PSYoungGen      total 2048K, used 308K [0x00000000d5580000, 0x00000000d5980000, 0x0000000100000000)
  eden space 1536K, 0% used [0x00000000d5580000,0x00000000d5580000,0x00000000d5700000)
  from space 512K, 60% used [0x00000000d5900000,0x00000000d594d200,0x00000000d5980000)
  to   space 512K, 0% used [0x00000000d5880000,0x00000000d5880000,0x00000000d5900000)
 ParOldGen       total 367104K, used 366949K [0x0000000080000000, 0x0000000096680000, 0x00000000d5580000)
  object space 367104K, 99% used [0x0000000080000000,0x00000000966596a0,0x0000000096680000)
 Metaspace       used 41646K, committed 43008K, reserved 1114112K
  class space    used 3839K, committed 4416K, reserved 1048576K
}
Event: 7735.176 GC heap before
{Heap before GC invocations=999 (full 2):
 PSYoungGen      total 2048K, used 1844K [0x00000000d5580000, 0x00000000d5980000, 0x0000000100000000)
  eden space 1536K, 100% used [0x00000000d5580000,0x00000000d5700000,0x00000000d5700000)
  from space 512K, 60% used [0x00000000d5900000,0x00000000d594d200,0x00000000d5980000)
  to   space 512K, 0% used [0x00000000d5880000,0x00000000d5880000,0x00000000d5900000)
 ParOldGen       total 367104K, used 366949K [0x0000000080000000, 0x0000000096680000, 0x00000000d5580000)
  object space 367104K, 99% used [0x0000000080000000,0x00000000966596a0,0x0000000096680000)
 Metaspace       used 41649K, committed 43008K, reserved 1114112K
  class space    used 3839K, committed 4416K, reserved 1048576K
}
Event: 7735.178 GC heap after
{Heap after GC invocations=999 (full 2):
 PSYoungGen      total 2048K, used 224K [0x00000000d5580000, 0x00000000d5980000, 0x0000000100000000)
  eden space 1536K, 0% used [0x00000000d5580000,0x00000000d5580000,0x00000000d5700000)
  from space 512K, 43% used [0x00000000d5880000,0x00000000d58b8000,0x00000000d5900000)
  to   space 512K, 0% used [0x00000000d5900000,0x00000000d5900000,0x00000000d5980000)
 ParOldGen       total 367104K, used 366973K [0x0000000080000000, 0x0000000096680000, 0x00000000d5580000)
  object space 367104K, 99% used [0x0000000080000000,0x000000009665f6a0,0x0000000096680000)
 Metaspace       used 41649K, committed 43008K, reserved 1114112K
  class space    used 3839K, committed 4416K, reserved 1048576K
}

