# JRE version: OpenJDK Runtime Environment Temurin-21.0.10+7 (21.0.10+7) (build 21.0.10+7-LTS)
# Java VM: OpenJDK 64-Bit Server VM Temurin-21.0.10+7 (21.0.10+7-LTS, mixed mode, sharing, tiered, compressed oops, compressed class ptrs, parallel gc, windows-amd64)
GC Precious Log:
 CardTable entry size: 512
 CPUs: 12 total, 12 available
 Memory: 7518M
 Large Page Support: Disabled
 NUMA Support: Disabled
 Compressed Oops: Enabled (32-bit)
 Alignments: Space 512K, Generation 512K, Heap 2M
 Heap Min Capacity: 100M
 Heap Initial Capacity: 100M
 Heap Max Capacity: 2G
 Pre-touch: Disabled
 Parallel Workers: 10
Heap:
 PSYoungGen      total 5120K, used 4175K [0x00000000d5580000, 0x00000000d5b80000, 0x0000000100000000)
  eden space 4096K, 93% used [0x00000000d5580000,0x00000000d593bef0,0x00000000d5980000)
  from space 1024K, 34% used [0x00000000d5a80000,0x00000000d5ad8000,0x00000000d5b80000)
  to   space 1024K, 0% used [0x00000000d5980000,0x00000000d5980000,0x00000000d5a80000)
 ParOldGen       total 241152K, used 141907K [0x0000000080000000, 0x000000008eb80000, 0x00000000d5580000)
  object space 241152K, 58% used [0x0000000080000000,0x0000000088a94c28,0x000000008eb80000)
 Metaspace       used 35973K, committed 37312K, reserved 1114112K
  class space    used 3412K, committed 3968K, reserved 1048576K
GC Heap History (20 events):
Event: 164.019 GC heap before
{Heap before GC invocations=601 (full 2):
 PSYoungGen      total 4608K, used 4352K [0x00000000d5580000, 0x00000000d5a80000, 0x0000000100000000)
  eden space 4096K, 100% used [0x00000000d5580000,0x00000000d5980000,0x00000000d5980000)
  from space 512K, 50% used [0x00000000d5a00000,0x00000000d5a40000,0x00000000d5a80000)
  to   space 512K, 0% used [0x00000000d5980000,0x00000000d5980000,0x00000000d5a00000)
 ParOldGen       total 241152K, used 139547K [0x0000000080000000, 0x000000008eb80000, 0x00000000d5580000)
  object space 241152K, 57% used [0x0000000080000000,0x0000000088846ca8,0x000000008eb80000)
 Metaspace       used 35761K, committed 37056K, reserved 1114112K
  class space    used 3389K, committed 3904K, reserved 1048576K
}
Event: 164.022 GC heap after
{Heap after GC invocations=601 (full 2):
 PSYoungGen      total 4608K, used 320K [0x00000000d5580000, 0x00000000d5a80000, 0x0000000100000000)
  eden space 4096K, 0% used [0x00000000d5580000,0x00000000d5580000,0x00000000d5980000)
  from space 512K, 62% used [0x00000000d5980000,0x00000000d59d0000,0x00000000d5a00000)
  to   space 512K, 0% used [0x00000000d5a00000,0x00000000d5a00000,0x00000000d5a80000)
 ParOldGen       total 241152K, used 139675K [0x0000000080000000, 0x000000008eb80000, 0x00000000d5580000)
  object space 241152K, 57% used [0x0000000080000000,0x0000000088866ca8,0x000000008eb80000)
 Metaspace       used 35761K, committed 37056K, reserved 1114112K
  class space    used 3389K, committed 3904K, reserved 1048576K
}
Event: 164.050 GC heap before
{Heap before GC invocations=602 (full 2):
 PSYoungGen      total 4608K, used 4416K [0x00000000d5580000, 0x00000000d5a80000, 0x0000000100000000)
  eden space 4096K, 100% used [0x00000000d5580000,0x00000000d5980000,0x00000000d5980000)
  from space 512K, 62% used [0x00000000d5980000,0x00000000d59d0000,0x00000000d5a00000)
  to   space 512K, 0% used [0x00000000d5a00000,0x00000000d5a00000,0x00000000d5a80000)
 ParOldGen       total 241152K, used 139675K [0x0000000080000000, 0x000000008eb80000, 0x00000000d5580000)
  object space 241152K, 57% used [0x0000000080000000,0x0000000088866ca8,0x000000008eb80000)
 Metaspace       used 35761K, committed 37056K, reserved 1114112K
  class space    used 3389K, committed 3904K, reserved 1048576K
}
Event: 164.055 GC heap after
{Heap after GC invocations=602 (full 2):
 PSYoungGen      total 4608K, used 416K [0x00000000d5580000, 0x00000000d5a80000, 0x0000000100000000)
  eden space 4096K, 0% used [0x00000000d5580000,0x00000000d5580000,0x00000000d5980000)
  from space 512K, 81% used [0x00000000d5a00000,0x00000000d5a68000,0x00000000d5a80000)
  to   space 512K, 0% used [0x00000000d5980000,0x00000000d5980000,0x00000000d5a00000)
 ParOldGen       total 241152K, used 139803K [0x0000000080000000, 0x000000008eb80000, 0x00000000d5580000)
  object space 241152K, 57% used [0x0000000080000000,0x0000000088886ca8,0x000000008eb80000)
 Metaspace       used 35761K, committed 37056K, reserved 1114112K
  class space    used 3389K, committed 3904K, reserved 1048576K
}
Event: 164.136 GC heap before
{Heap before GC invocations=603 (full 2):
 PSYoungGen      total 4608K, used 4512K [0x00000000d5580000, 0x00000000d5a80000, 0x0000000100000000)
  eden space 4096K, 100% used [0x00000000d5580000,0x00000000d5980000,0x00000000d5980000)
  from space 512K, 81% used [0x00000000d5a00000,0x00000000d5a68000,0x00000000d5a80000)
  to   space 512K, 0% used [0x00000000d5980000,0x00000000d5980000,0x00000000d5a00000)
 ParOldGen       total 241152K, used 139803K [0x0000000080000000, 0x000000008eb80000, 0x00000000d5580000)
  object space 241152K, 57% used [0x0000000080000000,0x0000000088886ca8,0x000000008eb80000)
 Metaspace       used 35765K, committed 37056K, reserved 1114112K
  class space    used 3389K, committed 3904K, reserved 1048576K
}
Event: 164.146 GC heap after
{Heap after GC invocations=603 (full 2):
 PSYoungGen      total 4608K, used 334K [0x00000000d5580000, 0x00000000d5a80000, 0x0000000100000000)
  eden space 4096K, 0% used [0x00000000d5580000,0x00000000d5580000,0x00000000d5980000)
  from space 512K, 65% used [0x00000000d5980000,0x00000000d59d3b00,0x00000000d5a00000)
  to   space 512K, 0% used [0x00000000d5a00000,0x00000000d5a00000,0x00000000d5a80000)
 ParOldGen       total 241152K, used 140091K [0x0000000080000000, 0x000000008eb80000, 0x00000000d5580000)
  object space 241152K, 58% used [0x0000000080000000,0x00000000888ceca8,0x000000008eb80000)
 Metaspace       used 35765K, committed 37056K, reserved 1114112K
  class space    used 3389K, committed 3904K, reserved 1048576K
}
Event: 164.285 GC heap before
{Heap before GC invocations=604 (full 2):
 PSYoungGen      total 4608K, used 4315K [0x00000000d5580000, 0x00000000d5a80000, 0x0000000100000000)
  eden space 4096K, 97% used [0x00000000d5580000,0x00000000d59634c0,0x00000000d5980000)
  from space 512K, 65% used [0x00000000d5980000,0x00000000d59d3b00,0x00000000d5a00000)
  to   space 512K, 0% used [0x00000000d5a00000,0x00000000d5a00000,0x00000000d5a80000)
 ParOldGen       total 241152K, used 140091K [0x0000000080000000, 0x000000008eb80000, 0x00000000d5580000)
  object space 241152K, 58% used [0x0000000080000000,0x00000000888ceca8,0x000000008eb80000)
 Metaspace       used 35766K, committed 37056K, reserved 1114112K
  class space    used 3389K, committed 3904K, reserved 1048576K
}
Event: 164.288 GC heap after
{Heap after GC invocations=604 (full 2):
 PSYoungGen      total 4608K, used 256K [0x00000000d5580000, 0x00000000d5a80000, 0x0000000100000000)
  eden space 4096K, 0% used [0x00000000d5580000,0x00000000d5580000,0x00000000d5980000)
  from space 512K, 50% used [0x00000000d5a00000,0x00000000d5a40000,0x00000000d5a80000)
  to   space 512K, 0% used [0x00000000d5980000,0x00000000d5980000,0x00000000d5a00000)
 ParOldGen       total 241152K, used 140231K [0x0000000080000000, 0x000000008eb80000, 0x00000000d5580000)
  object space 241152K, 58% used [0x0000000080000000,0x00000000888f1ea8,0x000000008eb80000)
 Metaspace       used 35766K, committed 37056K, reserved 1114112K
  class space    used 3389K, committed 3904K, reserved 1048576K
}
Event: 164.356 GC heap before
{Heap before GC invocations=605 (full 2):
 PSYoungGen      total 4608K, used 4352K [0x00000000d5580000, 0x00000000d5a80000, 0x0000000100000000)
  eden space 4096K, 100% used [0x00000000d5580000,0x00000000d5980000,0x00000000d5980000)
  from space 512K, 50% used [0x00000000d5a00000,0x00000000d5a40000,0x00000000d5a80000)
  to   space 512K, 0% used [0x00000000d5980000,0x00000000d5980000,0x00000000d5a00000)
 ParOldGen       total 241152K, used 140231K [0x0000000080000000, 0x000000008eb80000, 0x00000000d5580000)
  object space 241152K, 58% used [0x0000000080000000,0x00000000888f1ea8,0x000000008eb80000)
 Metaspace       used 35767K, committed 37056K, reserved 1114112K
  class space    used 3389K, committed 3904K, reserved 1048576K
}
Event: 164.359 GC heap after
{Heap after GC invocations=605 (full 2):
 PSYoungGen      total 4608K, used 256K [0x00000000d5580000, 0x00000000d5a80000, 0x0000000100000000)
  eden space 4096K, 0% used [0x00000000d5580000,0x00000000d5580000,0x00000000d5980000)
  from space 512K, 50% used [0x00000000d5980000,0x00000000d59c0000,0x00000000d5a00000)
  to   space 512K, 0% used [0x00000000d5a00000,0x00000000d5a00000,0x00000000d5a80000)
 ParOldGen       total 241152K, used 140311K [0x0000000080000000, 0x000000008eb80000, 0x00000000d5580000)
  object space 241152K, 58% used [0x0000000080000000,0x0000000088905ea8,0x000000008eb80000)
 Metaspace       used 35767K, committed 37056K, reserved 1114112K
  class space    used 3389K, committed 3904K, reserved 1048576K
}
Event: 167.111 GC heap before
{Heap before GC invocations=606 (full 2):
 PSYoungGen      total 4608K, used 4352K [0x00000000d5580000, 0x00000000d5a80000, 0x0000000100000000)
  eden space 4096K, 100% used [0x00000000d5580000,0x00000000d5980000,0x00000000d5980000)
  from space 512K, 50% used [0x00000000d5980000,0x00000000d59c0000,0x00000000d5a00000)
  to   space 512K, 0% used [0x00000000d5a00000,0x00000000d5a00000,0x00000000d5a80000)
 ParOldGen       total 241152K, used 140311K [0x0000000080000000, 0x000000008eb80000, 0x00000000d5580000)
  object space 241152K, 58% used [0x0000000080000000,0x0000000088905ea8,0x000000008eb80000)
 Metaspace       used 35839K, committed 37056K, reserved 1114112K
  class space    used 3399K, committed 3904K, reserved 1048576K
}
Event: 167.112 GC heap after
{Heap after GC invocations=606 (full 2):
 PSYoungGen      total 4608K, used 356K [0x00000000d5580000, 0x00000000d5a80000, 0x0000000100000000)
  eden space 4096K, 0% used [0x00000000d5580000,0x00000000d5580000,0x00000000d5980000)
  from space 512K, 69% used [0x00000000d5a00000,0x00000000d5a59290,0x00000000d5a80000)
  to   space 512K, 0% used [0x00000000d5980000,0x00000000d5980000,0x00000000d5a00000)
 ParOldGen       total 241152K, used 140383K [0x0000000080000000, 0x000000008eb80000, 0x00000000d5580000)
  object space 241152K, 58% used [0x0000000080000000,0x0000000088917ea8,0x000000008eb80000)
 Metaspace       used 35839K, committed 37056K, reserved 1114112K
  class space    used 3399K, committed 3904K, reserved 1048576K
}
Event: 167.186 GC heap before
{Heap before GC invocations=607 (full 2):
 PSYoungGen      total 4608K, used 4426K [0x00000000d5580000, 0x00000000d5a80000, 0x0000000100000000)
  eden space 4096K, 99% used [0x00000000d5580000,0x00000000d5979838,0x00000000d5980000)
  from space 512K, 69% used [0x00000000d5a00000,0x00000000d5a59290,0x00000000d5a80000)
  to   space 512K, 0% used [0x00000000d5980000,0x00000000d5980000,0x00000000d5a00000)
 ParOldGen       total 241152K, used 140383K [0x0000000080000000, 0x000000008eb80000, 0x00000000d5580000)
  object space 241152K, 58% used [0x0000000080000000,0x0000000088917ea8,0x000000008eb80000)
 Metaspace       used 35852K, committed 37120K, reserved 1114112K
  class space    used 3400K, committed 3904K, reserved 1048576K
}
Event: 167.188 GC heap after
{Heap after GC invocations=607 (full 2):
 PSYoungGen      total 4608K, used 488K [0x00000000d5580000, 0x00000000d5b80000, 0x0000000100000000)
  eden space 4096K, 0% used [0x00000000d5580000,0x00000000d5580000,0x00000000d5980000)
  from space 512K, 95% used [0x00000000d5980000,0x00000000d59fa3c0,0x00000000d5a00000)
  to   space 1024K, 0% used [0x00000000d5a80000,0x00000000d5a80000,0x00000000d5b80000)
 ParOldGen       total 241152K, used 140544K [0x0000000080000000, 0x000000008eb80000, 0x00000000d5580000)
  object space 241152K, 58% used [0x0000000080000000,0x0000000088940340,0x000000008eb80000)
 Metaspace       used 35852K, committed 37120K, reserved 1114112K
  class space    used 3400K, committed 3904K, reserved 1048576K
}
Event: 167.278 GC heap before
{Heap before GC invocations=608 (full 2):
 PSYoungGen      total 4608K, used 4584K [0x00000000d5580000, 0x00000000d5b80000, 0x0000000100000000)
  eden space 4096K, 100% used [0x00000000d5580000,0x00000000d5980000,0x00000000d5980000)
  from space 512K, 95% used [0x00000000d5980000,0x00000000d59fa3c0,0x00000000d5a00000)
  to   space 1024K, 0% used [0x00000000d5a80000,0x00000000d5a80000,0x00000000d5b80000)
 ParOldGen       total 241152K, used 140544K [0x0000000080000000, 0x000000008eb80000, 0x00000000d5580000)
  object space 241152K, 58% used [0x0000000080000000,0x0000000088940340,0x000000008eb80000)
 Metaspace       used 35856K, committed 37120K, reserved 1114112K
  class space    used 3400K, committed 3904K, reserved 1048576K
}
Event: 167.281 GC heap after
{Heap after GC invocations=608 (full 2):
 PSYoungGen      total 5120K, used 774K [0x00000000d5580000, 0x00000000d5b80000, 0x0000000100000000)
  eden space 4096K, 0% used [0x00000000d5580000,0x00000000d5580000,0x00000000d5980000)
  from space 1024K, 75% used [0x00000000d5a80000,0x00000000d5b41928,0x00000000d5b80000)
  to   space 1024K, 0% used [0x00000000d5980000,0x00000000d5980000,0x00000000d5a80000)
 ParOldGen       total 241152K, used 140779K [0x0000000080000000, 0x000000008eb80000, 0x00000000d5580000)
  object space 241152K, 58% used [0x0000000080000000,0x000000008897ad80,0x000000008eb80000)
 Metaspace       used 35856K, committed 37120K, reserved 1114112K
  class space    used 3400K, committed 3904K, reserved 1048576K
}
Event: 167.409 GC heap before
{Heap before GC invocations=609 (full 2):
 PSYoungGen      total 5120K, used 4870K [0x00000000d5580000, 0x00000000d5b80000, 0x0000000100000000)
  eden space 4096K, 99% used [0x00000000d5580000,0x00000000d597ffe8,0x00000000d5980000)
  from space 1024K, 75% used [0x00000000d5a80000,0x00000000d5b41928,0x00000000d5b80000)
  to   space 1024K, 0% used [0x00000000d5980000,0x00000000d5980000,0x00000000d5a80000)
 ParOldGen       total 241152K, used 140779K [0x0000000080000000, 0x000000008eb80000, 0x00000000d5580000)
  object space 241152K, 58% used [0x0000000080000000,0x000000008897ad80,0x000000008eb80000)
 Metaspace       used 35860K, committed 37120K, reserved 1114112K
  class space    used 3400K, committed 3904K, reserved 1048576K
}
Event: 167.412 GC heap after
{Heap after GC invocations=609 (full 2):
 PSYoungGen      total 5120K, used 931K [0x00000000d5580000, 0x00000000d5b80000, 0x0000000100000000)
  eden space 4096K, 0% used [0x00000000d5580000,0x00000000d5580000,0x00000000d5980000)
  from space 1024K, 90% used [0x00000000d5980000,0x00000000d5a68c18,0x00000000d5a80000)
  to   space 1024K, 0% used [0x00000000d5a80000,0x00000000d5a80000,0x00000000d5b80000)
 ParOldGen       total 241152K, used 141342K [0x0000000080000000, 0x000000008eb80000, 0x00000000d5580000)
  object space 241152K, 58% used [0x0000000080000000,0x0000000088a07938,0x000000008eb80000)
 Metaspace       used 35860K, committed 37120K, reserved 1114112K
  class space    used 3400K, committed 3904K, reserved 1048576K
}
Event: 167.458 GC heap before
{Heap before GC invocations=610 (full 2):
 PSYoungGen      total 5120K, used 5014K [0x00000000d5580000, 0x00000000d5b80000, 0x0000000100000000)
  eden space 4096K, 99% used [0x00000000d5580000,0x00000000d597cd58,0x00000000d5980000)
  from space 1024K, 90% used [0x00000000d5980000,0x00000000d5a68c18,0x00000000d5a80000)
  to   space 1024K, 0% used [0x00000000d5a80000,0x00000000d5a80000,0x00000000d5b80000)
 ParOldGen       total 241152K, used 141342K [0x0000000080000000, 0x000000008eb80000, 0x00000000d5580000)
  object space 241152K, 58% used [0x0000000080000000,0x0000000088a07938,0x000000008eb80000)
 Metaspace       used 35868K, committed 37120K, reserved 1114112K
  class space    used 3400K, committed 3904K, reserved 1048576K
}
Event: 167.460 GC heap after
{Heap after GC invocations=610 (full 2):
 PSYoungGen      total 5120K, used 352K [0x00000000d5580000, 0x00000000d5b80000, 0x0000000100000000)
  eden space 4096K, 0% used [0x00000000d5580000,0x00000000d5580000,0x00000000d5980000)
  from space 1024K, 34% used [0x00000000d5a80000,0x00000000d5ad8000,0x00000000d5b80000)
  to   space 1024K, 0% used [0x00000000d5980000,0x00000000d5980000,0x00000000d5a80000)
 ParOldGen       total 241152K, used 141907K [0x0000000080000000, 0x000000008eb80000, 0x00000000d5580000)
  object space 241152K, 58% used [0x0000000080000000,0x0000000088a94c28,0x000000008eb80000)
 Metaspace       used 35868K, committed 37120K, reserved 1114112K
  class space    used 3400K, committed 3904K, reserved 1048576K
}

