# JRE version: OpenJDK Runtime Environment Temurin-21.0.10+7 (21.0.10+7) (build 21.0.10+7-LTS)
# Java VM: OpenJDK 64-Bit Server VM Temurin-21.0.10+7 (21.0.10+7-LTS, mixed mode, sharing, tiered, compressed oops, compressed class ptrs, parallel gc, windows-amd64)
GC Precious Log:
 CardTable entry size: 512
 CPUs: 12 total, 12 available
 Memory: 7518M
 Large Page Support: Disabled
 NUMA Support: Disabled
 Compressed Oops: Enabled (32-bit)
 Alignments: Space 512K, Generation 512K, Heap 2M
 Heap Min Capacity: 100M
 Heap Initial Capacity: 100M
 Heap Max Capacity: 2G
 Pre-touch: Disabled
 Parallel Workers: 10
Heap:
 PSYoungGen      total 14848K, used 6802K [0x00000000d5580000, 0x00000000d6700000, 0x0000000100000000)
  eden space 13824K, 45% used [0x00000000d5580000,0x00000000d5b94810,0x00000000d6300000)
  from space 1024K, 56% used [0x00000000d6600000,0x00000000d6690000,0x00000000d6700000)
  to   space 1536K, 0% used [0x00000000d6400000,0x00000000d6400000,0x00000000d6580000)
 ParOldGen       total 103424K, used 103413K [0x0000000080000000, 0x0000000086500000, 0x00000000d5580000)
  object space 103424K, 99% used [0x0000000080000000,0x00000000864fd6d8,0x0000000086500000)
 Metaspace       used 29032K, committed 30272K, reserved 1114112K
  class space    used 2664K, committed 3200K, reserved 1048576K
GC Heap History (20 events):
Event: 22.215 GC heap before
{Heap before GC invocations=112 (full 1):
 PSYoungGen      total 14336K, used 14208K [0x00000000d5580000, 0x00000000d6480000, 0x0000000100000000)
  eden space 13824K, 100% used [0x00000000d5580000,0x00000000d6300000,0x00000000d6300000)
  from space 512K, 75% used [0x00000000d6400000,0x00000000d6460000,0x00000000d6480000)
  to   space 512K, 0% used [0x00000000d6380000,0x00000000d6380000,0x00000000d6400000)
 ParOldGen       total 95744K, used 95507K [0x0000000080000000, 0x0000000085d80000, 0x00000000d5580000)
  object space 95744K, 99% used [0x0000000080000000,0x0000000085d44e08,0x0000000085d80000)
 Metaspace       used 26261K, committed 27392K, reserved 1114112K
  class space    used 2447K, committed 2944K, reserved 1048576K
}
Event: 22.216 GC heap after
{Heap after GC invocations=112 (full 1):
 PSYoungGen      total 14336K, used 384K [0x00000000d5580000, 0x00000000d6480000, 0x0000000100000000)
  eden space 13824K, 0% used [0x00000000d5580000,0x00000000d5580000,0x00000000d6300000)
  from space 512K, 75% used [0x00000000d6380000,0x00000000d63e0000,0x00000000d6400000)
  to   space 512K, 0% used [0x00000000d6400000,0x00000000d6400000,0x00000000d6480000)
 ParOldGen       total 95744K, used 95675K [0x0000000080000000, 0x0000000085d80000, 0x00000000d5580000)
  object space 95744K, 99% used [0x0000000080000000,0x0000000085d6ee08,0x0000000085d80000)
 Metaspace       used 26261K, committed 27392K, reserved 1114112K
  class space    used 2447K, committed 2944K, reserved 1048576K
}
Event: 22.244 GC heap before
{Heap before GC invocations=113 (full 1):
 PSYoungGen      total 14336K, used 14208K [0x00000000d5580000, 0x00000000d6480000, 0x0000000100000000)
  eden space 13824K, 100% used [0x00000000d5580000,0x00000000d6300000,0x00000000d6300000)
  from space 512K, 75% used [0x00000000d6380000,0x00000000d63e0000,0x00000000d6400000)
  to   space 512K, 0% used [0x00000000d6400000,0x00000000d6400000,0x00000000d6480000)
 ParOldGen       total 95744K, used 95675K [0x0000000080000000, 0x0000000085d80000, 0x00000000d5580000)
  object space 95744K, 99% used [0x0000000080000000,0x0000000085d6ee08,0x0000000085d80000)
 Metaspace       used 26266K, committed 27392K, reserved 1114112K
  class space    used 2448K, committed 2944K, reserved 1048576K
}
Event: 22.246 GC heap after
{Heap after GC invocations=113 (full 1):
 PSYoungGen      total 14336K, used 448K [0x00000000d5580000, 0x00000000d6480000, 0x0000000100000000)
  eden space 13824K, 0% used [0x00000000d5580000,0x00000000d5580000,0x00000000d6300000)
  from space 512K, 87% used [0x00000000d6400000,0x00000000d6470000,0x00000000d6480000)
  to   space 512K, 0% used [0x00000000d6380000,0x00000000d6380000,0x00000000d6400000)
 ParOldGen       total 96256K, used 95843K [0x0000000080000000, 0x0000000085e00000, 0x00000000d5580000)
  object space 96256K, 99% used [0x0000000080000000,0x0000000085d98e08,0x0000000085e00000)
 Metaspace       used 26266K, committed 27392K, reserved 1114112K
  class space    used 2448K, committed 2944K, reserved 1048576K
}
Event: 22.284 GC heap before
{Heap before GC invocations=114 (full 1):
 PSYoungGen      total 14336K, used 14272K [0x00000000d5580000, 0x00000000d6480000, 0x0000000100000000)
  eden space 13824K, 100% used [0x00000000d5580000,0x00000000d6300000,0x00000000d6300000)
  from space 512K, 87% used [0x00000000d6400000,0x00000000d6470000,0x00000000d6480000)
  to   space 512K, 0% used [0x00000000d6380000,0x00000000d6380000,0x00000000d6400000)
 ParOldGen       total 96256K, used 95843K [0x0000000080000000, 0x0000000085e00000, 0x00000000d5580000)
  object space 96256K, 99% used [0x0000000080000000,0x0000000085d98e08,0x0000000085e00000)
 Metaspace       used 26271K, committed 27456K, reserved 1114112K
  class space    used 2448K, committed 2944K, reserved 1048576K
}
Event: 22.287 GC heap after
{Heap after GC invocations=114 (full 1):
 PSYoungGen      total 14336K, used 480K [0x00000000d5580000, 0x00000000d6480000, 0x0000000100000000)
  eden space 13824K, 0% used [0x00000000d5580000,0x00000000d5580000,0x00000000d6300000)
  from space 512K, 93% used [0x00000000d6380000,0x00000000d63f8000,0x00000000d6400000)
  to   space 512K, 0% used [0x00000000d6400000,0x00000000d6400000,0x00000000d6480000)
 ParOldGen       total 96256K, used 96128K [0x0000000080000000, 0x0000000085e00000, 0x00000000d5580000)
  object space 96256K, 99% used [0x0000000080000000,0x0000000085de0160,0x0000000085e00000)
 Metaspace       used 26271K, committed 27456K, reserved 1114112K
  class space    used 2448K, committed 2944K, reserved 1048576K
}
Event: 22.307 GC heap before
{Heap before GC invocations=115 (full 1):
 PSYoungGen      total 14336K, used 14304K [0x00000000d5580000, 0x00000000d6480000, 0x0000000100000000)
  eden space 13824K, 100% used [0x00000000d5580000,0x00000000d6300000,0x00000000d6300000)
  from space 512K, 93% used [0x00000000d6380000,0x00000000d63f8000,0x00000000d6400000)
  to   space 512K, 0% used [0x00000000d6400000,0x00000000d6400000,0x00000000d6480000)
 ParOldGen       total 96256K, used 96128K [0x0000000080000000, 0x0000000085e00000, 0x00000000d5580000)
  object space 96256K, 99% used [0x0000000080000000,0x0000000085de0160,0x0000000085e00000)
 Metaspace       used 26286K, committed 27456K, reserved 1114112K
  class space    used 2451K, committed 2944K, reserved 1048576K
}
Event: 22.309 GC heap after
{Heap after GC invocations=115 (full 1):
 PSYoungGen      total 14336K, used 448K [0x00000000d5580000, 0x00000000d6480000, 0x0000000100000000)
  eden space 13824K, 0% used [0x00000000d5580000,0x00000000d5580000,0x00000000d6300000)
  from space 512K, 87% used [0x00000000d6400000,0x00000000d6470000,0x00000000d6480000)
  to   space 512K, 0% used [0x00000000d6380000,0x00000000d6380000,0x00000000d6400000)
 ParOldGen       total 96768K, used 96424K [0x0000000080000000, 0x0000000085e80000, 0x00000000d5580000)
  object space 96768K, 99% used [0x0000000080000000,0x0000000085e2a160,0x0000000085e80000)
 Metaspace       used 26286K, committed 27456K, reserved 1114112K
  class space    used 2451K, committed 2944K, reserved 1048576K
}
Event: 22.402 GC heap before
{Heap before GC invocations=116 (full 1):
 PSYoungGen      total 14336K, used 14272K [0x00000000d5580000, 0x00000000d6480000, 0x0000000100000000)
  eden space 13824K, 100% used [0x00000000d5580000,0x00000000d6300000,0x00000000d6300000)
  from space 512K, 87% used [0x00000000d6400000,0x00000000d6470000,0x00000000d6480000)
  to   space 512K, 0% used [0x00000000d6380000,0x00000000d6380000,0x00000000d6400000)
 ParOldGen       total 96768K, used 96424K [0x0000000080000000, 0x0000000085e80000, 0x00000000d5580000)
  object space 96768K, 99% used [0x0000000080000000,0x0000000085e2a160,0x0000000085e80000)
 Metaspace       used 26363K, committed 27456K, reserved 1114112K
  class space    used 2464K, committed 2944K, reserved 1048576K
}
Event: 22.405 GC heap after
{Heap after GC invocations=116 (full 1):
 PSYoungGen      total 14336K, used 512K [0x00000000d5580000, 0x00000000d6600000, 0x0000000100000000)
  eden space 13824K, 0% used [0x00000000d5580000,0x00000000d5580000,0x00000000d6300000)
  from space 512K, 100% used [0x00000000d6380000,0x00000000d6400000,0x00000000d6400000)
  to   space 1536K, 0% used [0x00000000d6480000,0x00000000d6480000,0x00000000d6600000)
 ParOldGen       total 97280K, used 97184K [0x0000000080000000, 0x0000000085f00000, 0x00000000d5580000)
  object space 97280K, 99% used [0x0000000080000000,0x0000000085ee8170,0x0000000085f00000)
 Metaspace       used 26363K, committed 27456K, reserved 1114112K
  class space    used 2464K, committed 2944K, reserved 1048576K
}
Event: 22.560 GC heap before
{Heap before GC invocations=117 (full 1):
 PSYoungGen      total 14336K, used 14336K [0x00000000d5580000, 0x00000000d6600000, 0x0000000100000000)
  eden space 13824K, 100% used [0x00000000d5580000,0x00000000d6300000,0x00000000d6300000)
  from space 512K, 100% used [0x00000000d6380000,0x00000000d6400000,0x00000000d6400000)
  to   space 1536K, 0% used [0x00000000d6480000,0x00000000d6480000,0x00000000d6600000)
 ParOldGen       total 97280K, used 97184K [0x0000000080000000, 0x0000000085f00000, 0x00000000d5580000)
  object space 97280K, 99% used [0x0000000080000000,0x0000000085ee8170,0x0000000085f00000)
 Metaspace       used 26483K, committed 27712K, reserved 1114112K
  class space    used 2475K, committed 3008K, reserved 1048576K
}
Event: 22.563 GC heap after
{Heap after GC invocations=117 (full 1):
 PSYoungGen      total 15360K, used 992K [0x00000000d5580000, 0x00000000d6600000, 0x0000000100000000)
  eden space 13824K, 0% used [0x00000000d5580000,0x00000000d5580000,0x00000000d6300000)
  from space 1536K, 64% used [0x00000000d6480000,0x00000000d6578000,0x00000000d6600000)
  to   space 1536K, 0% used [0x00000000d6300000,0x00000000d6300000,0x00000000d6480000)
 ParOldGen       total 97792K, used 97645K [0x0000000080000000, 0x0000000085f80000, 0x00000000d5580000)
  object space 97792K, 99% used [0x0000000080000000,0x0000000085f5b438,0x0000000085f80000)
 Metaspace       used 26483K, committed 27712K, reserved 1114112K
  class space    used 2475K, committed 3008K, reserved 1048576K
}
Event: 22.824 GC heap before
{Heap before GC invocations=118 (full 1):
 PSYoungGen      total 15360K, used 14816K [0x00000000d5580000, 0x00000000d6600000, 0x0000000100000000)
  eden space 13824K, 100% used [0x00000000d5580000,0x00000000d6300000,0x00000000d6300000)
  from space 1536K, 64% used [0x00000000d6480000,0x00000000d6578000,0x00000000d6600000)
  to   space 1536K, 0% used [0x00000000d6300000,0x00000000d6300000,0x00000000d6480000)
 ParOldGen       total 97792K, used 97645K [0x0000000080000000, 0x0000000085f80000, 0x00000000d5580000)
  object space 97792K, 99% used [0x0000000080000000,0x0000000085f5b438,0x0000000085f80000)
 Metaspace       used 26723K, committed 27968K, reserved 1114112K
  class space    used 2484K, committed 3008K, reserved 1048576K
}
Event: 22.828 GC heap after
{Heap after GC invocations=118 (full 1):
 PSYoungGen      total 15360K, used 1524K [0x00000000d5580000, 0x00000000d6900000, 0x0000000100000000)
  eden space 13824K, 0% used [0x00000000d5580000,0x00000000d5580000,0x00000000d6300000)
  from space 1536K, 99% used [0x00000000d6300000,0x00000000d647d210,0x00000000d6480000)
  to   space 3072K, 0% used [0x00000000d6600000,0x00000000d6600000,0x00000000d6900000)
 ParOldGen       total 98816K, used 98757K [0x0000000080000000, 0x0000000086080000, 0x00000000d5580000)
  object space 98816K, 99% used [0x0000000080000000,0x00000000860714c8,0x0000000086080000)
 Metaspace       used 26723K, committed 27968K, reserved 1114112K
  class space    used 2484K, committed 3008K, reserved 1048576K
}
Event: 22.993 GC heap before
{Heap before GC invocations=119 (full 1):
 PSYoungGen      total 15360K, used 15337K [0x00000000d5580000, 0x00000000d6900000, 0x0000000100000000)
  eden space 13824K, 99% used [0x00000000d5580000,0x00000000d62fd498,0x00000000d6300000)
  from space 1536K, 99% used [0x00000000d6300000,0x00000000d647d210,0x00000000d6480000)
  to   space 3072K, 0% used [0x00000000d6600000,0x00000000d6600000,0x00000000d6900000)
 ParOldGen       total 98816K, used 98757K [0x0000000080000000, 0x0000000086080000, 0x00000000d5580000)
  object space 98816K, 99% used [0x0000000080000000,0x00000000860714c8,0x0000000086080000)
 Metaspace       used 27362K, committed 28608K, reserved 1114112K
  class space    used 2527K, committed 3072K, reserved 1048576K
}
Event: 22.997 GC heap after
{Heap after GC invocations=119 (full 1):
 PSYoungGen      total 16384K, used 2171K [0x00000000d5580000, 0x00000000d6880000, 0x0000000100000000)
  eden space 13824K, 0% used [0x00000000d5580000,0x00000000d5580000,0x00000000d6300000)
  from space 2560K, 84% used [0x00000000d6600000,0x00000000d681ecd8,0x00000000d6880000)
  to   space 2560K, 0% used [0x00000000d6380000,0x00000000d6380000,0x00000000d6600000)
 ParOldGen       total 100352K, used 100223K [0x0000000080000000, 0x0000000086200000, 0x00000000d5580000)
  object space 100352K, 99% used [0x0000000080000000,0x00000000861dffe0,0x0000000086200000)
 Metaspace       used 27362K, committed 28608K, reserved 1114112K
  class space    used 2527K, committed 3072K, reserved 1048576K
}
Event: 23.278 GC heap before
{Heap before GC invocations=120 (full 1):
 PSYoungGen      total 16384K, used 15995K [0x00000000d5580000, 0x00000000d6880000, 0x0000000100000000)
  eden space 13824K, 100% used [0x00000000d5580000,0x00000000d6300000,0x00000000d6300000)
  from space 2560K, 84% used [0x00000000d6600000,0x00000000d681ecd8,0x00000000d6880000)
  to   space 2560K, 0% used [0x00000000d6380000,0x00000000d6380000,0x00000000d6600000)
 ParOldGen       total 100352K, used 100223K [0x0000000080000000, 0x0000000086200000, 0x00000000d5580000)
  object space 100352K, 99% used [0x0000000080000000,0x00000000861dffe0,0x0000000086200000)
 Metaspace       used 28311K, committed 29568K, reserved 1114112K
  class space    used 2591K, committed 3136K, reserved 1048576K
}
Event: 23.282 GC heap after
{Heap after GC invocations=120 (full 1):
 PSYoungGen      total 16384K, used 2311K [0x00000000d5580000, 0x00000000d6800000, 0x0000000100000000)
  eden space 13824K, 0% used [0x00000000d5580000,0x00000000d5580000,0x00000000d6300000)
  from space 2560K, 90% used [0x00000000d6380000,0x00000000d65c1f28,0x00000000d6600000)
  to   space 2048K, 0% used [0x00000000d6600000,0x00000000d6600000,0x00000000d6800000)
 ParOldGen       total 101888K, used 101764K [0x0000000080000000, 0x0000000086380000, 0x00000000d5580000)
  object space 101888K, 99% used [0x0000000080000000,0x0000000086361178,0x0000000086380000)
 Metaspace       used 28311K, committed 29568K, reserved 1114112K
  class space    used 2591K, committed 3136K, reserved 1048576K
}
Event: 33.081 GC heap before
{Heap before GC invocations=121 (full 1):
 PSYoungGen      total 16384K, used 16135K [0x00000000d5580000, 0x00000000d6800000, 0x0000000100000000)
  eden space 13824K, 100% used [0x00000000d5580000,0x00000000d6300000,0x00000000d6300000)
  from space 2560K, 90% used [0x00000000d6380000,0x00000000d65c1f28,0x00000000d6600000)
  to   space 2048K, 0% used [0x00000000d6600000,0x00000000d6600000,0x00000000d6800000)
 ParOldGen       total 101888K, used 101764K [0x0000000080000000, 0x0000000086380000, 0x00000000d5580000)
  object space 101888K, 99% used [0x0000000080000000,0x0000000086361178,0x0000000086380000)
 Metaspace       used 28834K, committed 30016K, reserved 1114112K
  class space    used 2649K, committed 3136K, reserved 1048576K
}
Event: 33.084 GC heap after
{Heap after GC invocations=121 (full 1):
 PSYoungGen      total 14848K, used 576K [0x00000000d5580000, 0x00000000d6700000, 0x0000000100000000)
  eden space 13824K, 0% used [0x00000000d5580000,0x00000000d5580000,0x00000000d6300000)
  from space 1024K, 56% used [0x00000000d6600000,0x00000000d6690000,0x00000000d6700000)
  to   space 1536K, 0% used [0x00000000d6400000,0x00000000d6400000,0x00000000d6580000)
 ParOldGen       total 103424K, used 103413K [0x0000000080000000, 0x0000000086500000, 0x00000000d5580000)
  object space 103424K, 99% used [0x0000000080000000,0x00000000864fd6d8,0x0000000086500000)
 Metaspace       used 28834K, committed 30016K, reserved 1114112K
  class space    used 2649K, committed 3136K, reserved 1048576K
}

