# JRE version: OpenJDK Runtime Environment Temurin-21.0.10+7 (21.0.10+7) (build 21.0.10+7-LTS)
# Java VM: OpenJDK 64-Bit Server VM Temurin-21.0.10+7 (21.0.10+7-LTS, mixed mode, sharing, tiered, compressed oops, compressed class ptrs, parallel gc, windows-amd64)
GC Precious Log:
 CardTable entry size: 512
 CPUs: 12 total, 12 available
 Memory: 7518M
 Large Page Support: Disabled
 NUMA Support: Disabled
 Compressed Oops: Enabled (32-bit)
 Alignments: Space 512K, Generation 512K, Heap 2M
 Heap Min Capacity: 100M
 Heap Initial Capacity: 100M
 Heap Max Capacity: 2G
 Pre-touch: Disabled
 Parallel Workers: 10
Heap:
 PSYoungGen      total 3584K, used 391K [0x00000000d5580000, 0x00000000d5b00000, 0x0000000100000000)
  eden space 3072K, 4% used [0x00000000d5580000,0x00000000d55a1db8,0x00000000d5880000)
  from space 512K, 50% used [0x00000000d5a00000,0x00000000d5a40000,0x00000000d5a80000)
  to   space 512K, 0% used [0x00000000d5a80000,0x00000000d5a80000,0x00000000d5b00000)
 ParOldGen       total 110592K, used 110350K [0x0000000080000000, 0x0000000086c00000, 0x00000000d5580000)
  object space 110592K, 99% used [0x0000000080000000,0x0000000086bc3b40,0x0000000086c00000)
 Metaspace       used 24304K, committed 25344K, reserved 1114112K
  class space    used 2165K, committed 2624K, reserved 1048576K
GC Heap History (20 events):
Event: 74.493 GC heap before
{Heap before GC invocations=187 (full 1):
 PSYoungGen      total 3584K, used 3296K [0x00000000d5580000, 0x00000000d5b00000, 0x0000000100000000)
  eden space 3072K, 100% used [0x00000000d5580000,0x00000000d5880000,0x00000000d5880000)
  from space 512K, 43% used [0x00000000d5a00000,0x00000000d5a38000,0x00000000d5a80000)
  to   space 512K, 0% used [0x00000000d5a80000,0x00000000d5a80000,0x00000000d5b00000)
 ParOldGen       total 109568K, used 109318K [0x0000000080000000, 0x0000000086b00000, 0x00000000d5580000)
  object space 109568K, 99% used [0x0000000080000000,0x0000000086ac1b40,0x0000000086b00000)
 Metaspace       used 24219K, committed 25280K, reserved 1114112K
  class space    used 2163K, committed 2624K, reserved 1048576K
}
Event: 74.494 GC heap after
{Heap after GC invocations=187 (full 1):
 PSYoungGen      total 3584K, used 288K [0x00000000d5580000, 0x00000000d5b00000, 0x0000000100000000)
  eden space 3072K, 0% used [0x00000000d5580000,0x00000000d5580000,0x00000000d5880000)
  from space 512K, 56% used [0x00000000d5a80000,0x00000000d5ac8000,0x00000000d5b00000)
  to   space 512K, 0% used [0x00000000d5a00000,0x00000000d5a00000,0x00000000d5a80000)
 ParOldGen       total 109568K, used 109342K [0x0000000080000000, 0x0000000086b00000, 0x00000000d5580000)
  object space 109568K, 99% used [0x0000000080000000,0x0000000086ac7b40,0x0000000086b00000)
 Metaspace       used 24219K, committed 25280K, reserved 1114112K
  class space    used 2163K, committed 2624K, reserved 1048576K
}
Event: 74.527 GC heap before
{Heap before GC invocations=188 (full 1):
 PSYoungGen      total 3584K, used 3072K [0x00000000d5580000, 0x00000000d5b00000, 0x0000000100000000)
  eden space 3072K, 90% used [0x00000000d5580000,0x00000000d5838110,0x00000000d5880000)
  from space 512K, 56% used [0x00000000d5a80000,0x00000000d5ac8000,0x00000000d5b00000)
  to   space 512K, 0% used [0x00000000d5a00000,0x00000000d5a00000,0x00000000d5a80000)
 ParOldGen       total 109568K, used 109342K [0x0000000080000000, 0x0000000086b00000, 0x00000000d5580000)
  object space 109568K, 99% used [0x0000000080000000,0x0000000086ac7b40,0x0000000086b00000)
 Metaspace       used 24220K, committed 25280K, reserved 1114112K
  class space    used 2163K, committed 2624K, reserved 1048576K
}
Event: 74.529 GC heap after
{Heap after GC invocations=188 (full 1):
 PSYoungGen      total 3584K, used 352K [0x00000000d5580000, 0x00000000d5b00000, 0x0000000100000000)
  eden space 3072K, 0% used [0x00000000d5580000,0x00000000d5580000,0x00000000d5880000)
  from space 512K, 68% used [0x00000000d5a00000,0x00000000d5a58000,0x00000000d5a80000)
  to   space 512K, 0% used [0x00000000d5a80000,0x00000000d5a80000,0x00000000d5b00000)
 ParOldGen       total 109568K, used 109534K [0x0000000080000000, 0x0000000086b00000, 0x00000000d5580000)
  object space 109568K, 99% used [0x0000000080000000,0x0000000086af7b40,0x0000000086b00000)
 Metaspace       used 24220K, committed 25280K, reserved 1114112K
  class space    used 2163K, committed 2624K, reserved 1048576K
}
Event: 74.539 GC heap before
{Heap before GC invocations=189 (full 1):
 PSYoungGen      total 3584K, used 2185K [0x00000000d5580000, 0x00000000d5b00000, 0x0000000100000000)
  eden space 3072K, 59% used [0x00000000d5580000,0x00000000d574a5b8,0x00000000d5880000)
  from space 512K, 68% used [0x00000000d5a00000,0x00000000d5a58000,0x00000000d5a80000)
  to   space 512K, 0% used [0x00000000d5a80000,0x00000000d5a80000,0x00000000d5b00000)
 ParOldGen       total 109568K, used 109534K [0x0000000080000000, 0x0000000086b00000, 0x00000000d5580000)
  object space 109568K, 99% used [0x0000000080000000,0x0000000086af7b40,0x0000000086b00000)
 Metaspace       used 24220K, committed 25280K, reserved 1114112K
  class space    used 2163K, committed 2624K, reserved 1048576K
}
Event: 74.541 GC heap after
{Heap after GC invocations=189 (full 1):
 PSYoungGen      total 3584K, used 128K [0x00000000d5580000, 0x00000000d5b00000, 0x0000000100000000)
  eden space 3072K, 0% used [0x00000000d5580000,0x00000000d5580000,0x00000000d5880000)
  from space 512K, 25% used [0x00000000d5a80000,0x00000000d5aa0000,0x00000000d5b00000)
  to   space 512K, 0% used [0x00000000d5a00000,0x00000000d5a00000,0x00000000d5a80000)
 ParOldGen       total 110080K, used 109806K [0x0000000080000000, 0x0000000086b80000, 0x00000000d5580000)
  object space 110080K, 99% used [0x0000000080000000,0x0000000086b3bb40,0x0000000086b80000)
 Metaspace       used 24220K, committed 25280K, reserved 1114112K
  class space    used 2163K, committed 2624K, reserved 1048576K
}
Event: 74.549 GC heap before
{Heap before GC invocations=190 (full 1):
 PSYoungGen      total 3584K, used 1961K [0x00000000d5580000, 0x00000000d5b00000, 0x0000000100000000)
  eden space 3072K, 59% used [0x00000000d5580000,0x00000000d574a738,0x00000000d5880000)
  from space 512K, 25% used [0x00000000d5a80000,0x00000000d5aa0000,0x00000000d5b00000)
  to   space 512K, 0% used [0x00000000d5a00000,0x00000000d5a00000,0x00000000d5a80000)
 ParOldGen       total 110080K, used 109806K [0x0000000080000000, 0x0000000086b80000, 0x00000000d5580000)
  object space 110080K, 99% used [0x0000000080000000,0x0000000086b3bb40,0x0000000086b80000)
 Metaspace       used 24220K, committed 25280K, reserved 1114112K
  class space    used 2163K, committed 2624K, reserved 1048576K
}
Event: 74.550 GC heap after
{Heap after GC invocations=190 (full 1):
 PSYoungGen      total 3584K, used 256K [0x00000000d5580000, 0x00000000d5b00000, 0x0000000100000000)
  eden space 3072K, 0% used [0x00000000d5580000,0x00000000d5580000,0x00000000d5880000)
  from space 512K, 50% used [0x00000000d5a00000,0x00000000d5a40000,0x00000000d5a80000)
  to   space 512K, 0% used [0x00000000d5a80000,0x00000000d5a80000,0x00000000d5b00000)
 ParOldGen       total 110080K, used 109830K [0x0000000080000000, 0x0000000086b80000, 0x00000000d5580000)
  object space 110080K, 99% used [0x0000000080000000,0x0000000086b41b40,0x0000000086b80000)
 Metaspace       used 24220K, committed 25280K, reserved 1114112K
  class space    used 2163K, committed 2624K, reserved 1048576K
}
Event: 74.555 GC heap before
{Heap before GC invocations=191 (full 1):
 PSYoungGen      total 3584K, used 2089K [0x00000000d5580000, 0x00000000d5b00000, 0x0000000100000000)
  eden space 3072K, 59% used [0x00000000d5580000,0x00000000d574a4a0,0x00000000d5880000)
  from space 512K, 50% used [0x00000000d5a00000,0x00000000d5a40000,0x00000000d5a80000)
  to   space 512K, 0% used [0x00000000d5a80000,0x00000000d5a80000,0x00000000d5b00000)
 ParOldGen       total 110080K, used 109830K [0x0000000080000000, 0x0000000086b80000, 0x00000000d5580000)
  object space 110080K, 99% used [0x0000000080000000,0x0000000086b41b40,0x0000000086b80000)
 Metaspace       used 24220K, committed 25280K, reserved 1114112K
  class space    used 2163K, committed 2624K, reserved 1048576K
}
Event: 74.557 GC heap after
{Heap after GC invocations=191 (full 1):
 PSYoungGen      total 3584K, used 192K [0x00000000d5580000, 0x00000000d5b00000, 0x0000000100000000)
  eden space 3072K, 0% used [0x00000000d5580000,0x00000000d5580000,0x00000000d5880000)
  from space 512K, 37% used [0x00000000d5a80000,0x00000000d5ab0000,0x00000000d5b00000)
  to   space 512K, 0% used [0x00000000d5a00000,0x00000000d5a00000,0x00000000d5a80000)
 ParOldGen       total 110080K, used 109846K [0x0000000080000000, 0x0000000086b80000, 0x00000000d5580000)
  object space 110080K, 99% used [0x0000000080000000,0x0000000086b45b40,0x0000000086b80000)
 Metaspace       used 24220K, committed 25280K, reserved 1114112K
  class space    used 2163K, committed 2624K, reserved 1048576K
}
Event: 74.662 GC heap before
{Heap before GC invocations=192 (full 1):
 PSYoungGen      total 3584K, used 2828K [0x00000000d5580000, 0x00000000d5b00000, 0x0000000100000000)
  eden space 3072K, 85% used [0x00000000d5580000,0x00000000d5813388,0x00000000d5880000)
  from space 512K, 37% used [0x00000000d5a80000,0x00000000d5ab0000,0x00000000d5b00000)
  to   space 512K, 0% used [0x00000000d5a00000,0x00000000d5a00000,0x00000000d5a80000)
 ParOldGen       total 110080K, used 109846K [0x0000000080000000, 0x0000000086b80000, 0x00000000d5580000)
  object space 110080K, 99% used [0x0000000080000000,0x0000000086b45b40,0x0000000086b80000)
 Metaspace       used 24224K, committed 25280K, reserved 1114112K
  class space    used 2163K, committed 2624K, reserved 1048576K
}
Event: 74.664 GC heap after
{Heap after GC invocations=192 (full 1):
 PSYoungGen      total 3584K, used 224K [0x00000000d5580000, 0x00000000d5b00000, 0x0000000100000000)
  eden space 3072K, 0% used [0x00000000d5580000,0x00000000d5580000,0x00000000d5880000)
  from space 512K, 43% used [0x00000000d5a00000,0x00000000d5a38000,0x00000000d5a80000)
  to   space 512K, 0% used [0x00000000d5a80000,0x00000000d5a80000,0x00000000d5b00000)
 ParOldGen       total 110080K, used 109862K [0x0000000080000000, 0x0000000086b80000, 0x00000000d5580000)
  object space 110080K, 99% used [0x0000000080000000,0x0000000086b49b40,0x0000000086b80000)
 Metaspace       used 24224K, committed 25280K, reserved 1114112K
  class space    used 2163K, committed 2624K, reserved 1048576K
}
Event: 74.685 GC heap before
{Heap before GC invocations=193 (full 1):
 PSYoungGen      total 3584K, used 3296K [0x00000000d5580000, 0x00000000d5b00000, 0x0000000100000000)
  eden space 3072K, 100% used [0x00000000d5580000,0x00000000d5880000,0x00000000d5880000)
  from space 512K, 43% used [0x00000000d5a00000,0x00000000d5a38000,0x00000000d5a80000)
  to   space 512K, 0% used [0x00000000d5a80000,0x00000000d5a80000,0x00000000d5b00000)
 ParOldGen       total 110080K, used 109862K [0x0000000080000000, 0x0000000086b80000, 0x00000000d5580000)
  object space 110080K, 99% used [0x0000000080000000,0x0000000086b49b40,0x0000000086b80000)
 Metaspace       used 24225K, committed 25280K, reserved 1114112K
  class space    used 2163K, committed 2624K, reserved 1048576K
}
Event: 74.686 GC heap after
{Heap after GC invocations=193 (full 1):
 PSYoungGen      total 3584K, used 288K [0x00000000d5580000, 0x00000000d5b00000, 0x0000000100000000)
  eden space 3072K, 0% used [0x00000000d5580000,0x00000000d5580000,0x00000000d5880000)
  from space 512K, 56% used [0x00000000d5a80000,0x00000000d5ac8000,0x00000000d5b00000)
  to   space 512K, 0% used [0x00000000d5a00000,0x00000000d5a00000,0x00000000d5a80000)
 ParOldGen       total 110080K, used 109942K [0x0000000080000000, 0x0000000086b80000, 0x00000000d5580000)
  object space 110080K, 99% used [0x0000000080000000,0x0000000086b5db40,0x0000000086b80000)
 Metaspace       used 24225K, committed 25280K, reserved 1114112K
  class space    used 2163K, committed 2624K, reserved 1048576K
}
Event: 74.775 GC heap before
{Heap before GC invocations=194 (full 1):
 PSYoungGen      total 3584K, used 3360K [0x00000000d5580000, 0x00000000d5b00000, 0x0000000100000000)
  eden space 3072K, 100% used [0x00000000d5580000,0x00000000d5880000,0x00000000d5880000)
  from space 512K, 56% used [0x00000000d5a80000,0x00000000d5ac8000,0x00000000d5b00000)
  to   space 512K, 0% used [0x00000000d5a00000,0x00000000d5a00000,0x00000000d5a80000)
 ParOldGen       total 110080K, used 109942K [0x0000000080000000, 0x0000000086b80000, 0x00000000d5580000)
  object space 110080K, 99% used [0x0000000080000000,0x0000000086b5db40,0x0000000086b80000)
 Metaspace       used 24227K, committed 25280K, reserved 1114112K
  class space    used 2163K, committed 2624K, reserved 1048576K
}
Event: 74.777 GC heap after
{Heap after GC invocations=194 (full 1):
 PSYoungGen      total 3584K, used 256K [0x00000000d5580000, 0x00000000d5b00000, 0x0000000100000000)
  eden space 3072K, 0% used [0x00000000d5580000,0x00000000d5580000,0x00000000d5880000)
  from space 512K, 50% used [0x00000000d5a00000,0x00000000d5a40000,0x00000000d5a80000)
  to   space 512K, 0% used [0x00000000d5a80000,0x00000000d5a80000,0x00000000d5b00000)
 ParOldGen       total 110592K, used 110126K [0x0000000080000000, 0x0000000086c00000, 0x00000000d5580000)
  object space 110592K, 99% used [0x0000000080000000,0x0000000086b8bb40,0x0000000086c00000)
 Metaspace       used 24227K, committed 25280K, reserved 1114112K
  class space    used 2163K, committed 2624K, reserved 1048576K
}
Event: 74.802 GC heap before
{Heap before GC invocations=195 (full 1):
 PSYoungGen      total 3584K, used 3328K [0x00000000d5580000, 0x00000000d5b00000, 0x0000000100000000)
  eden space 3072K, 100% used [0x00000000d5580000,0x00000000d5880000,0x00000000d5880000)
  from space 512K, 50% used [0x00000000d5a00000,0x00000000d5a40000,0x00000000d5a80000)
  to   space 512K, 0% used [0x00000000d5a80000,0x00000000d5a80000,0x00000000d5b00000)
 ParOldGen       total 110592K, used 110126K [0x0000000080000000, 0x0000000086c00000, 0x00000000d5580000)
  object space 110592K, 99% used [0x0000000080000000,0x0000000086b8bb40,0x0000000086c00000)
 Metaspace       used 24230K, committed 25280K, reserved 1114112K
  class space    used 2163K, committed 2624K, reserved 1048576K
}
Event: 74.805 GC heap after
{Heap after GC invocations=195 (full 1):
 PSYoungGen      total 3584K, used 224K [0x00000000d5580000, 0x00000000d5b00000, 0x0000000100000000)
  eden space 3072K, 0% used [0x00000000d5580000,0x00000000d5580000,0x00000000d5880000)
  from space 512K, 43% used [0x00000000d5a80000,0x00000000d5ab8000,0x00000000d5b00000)
  to   space 512K, 0% used [0x00000000d5a00000,0x00000000d5a00000,0x00000000d5a80000)
 ParOldGen       total 110592K, used 110302K [0x0000000080000000, 0x0000000086c00000, 0x00000000d5580000)
  object space 110592K, 99% used [0x0000000080000000,0x0000000086bb7b40,0x0000000086c00000)
 Metaspace       used 24230K, committed 25280K, reserved 1114112K
  class space    used 2163K, committed 2624K, reserved 1048576K
}
Event: 6724.419 GC heap before
{Heap before GC invocations=196 (full 1):
 PSYoungGen      total 3584K, used 3296K [0x00000000d5580000, 0x00000000d5b00000, 0x0000000100000000)
  eden space 3072K, 100% used [0x00000000d5580000,0x00000000d5880000,0x00000000d5880000)
  from space 512K, 43% used [0x00000000d5a80000,0x00000000d5ab8000,0x00000000d5b00000)
  to   space 512K, 0% used [0x00000000d5a00000,0x00000000d5a00000,0x00000000d5a80000)
 ParOldGen       total 110592K, used 110302K [0x0000000080000000, 0x0000000086c00000, 0x00000000d5580000)
  object space 110592K, 99% used [0x0000000080000000,0x0000000086bb7b40,0x0000000086c00000)
 Metaspace       used 24277K, committed 25280K, reserved 1114112K
  class space    used 2165K, committed 2624K, reserved 1048576K
}
Event: 6724.544 GC heap after
{Heap after GC invocations=196 (full 1):
 PSYoungGen      total 3584K, used 256K [0x00000000d5580000, 0x00000000d5b00000, 0x0000000100000000)
  eden space 3072K, 0% used [0x00000000d5580000,0x00000000d5580000,0x00000000d5880000)
  from space 512K, 50% used [0x00000000d5a00000,0x00000000d5a40000,0x00000000d5a80000)
  to   space 512K, 0% used [0x00000000d5a80000,0x00000000d5a80000,0x00000000d5b00000)
 ParOldGen       total 110592K, used 110350K [0x0000000080000000, 0x0000000086c00000, 0x00000000d5580000)
  object space 110592K, 99% used [0x0000000080000000,0x0000000086bc3b40,0x0000000086c00000)
 Metaspace       used 24277K, committed 25280K, reserved 1114112K
  class space    used 2165K, committed 2624K, reserved 1048576K
}

